[TIME]2022-02-11T23:26:41.740267700[MSG][INFO]Log file created
[TIME]2022-02-11T23:26:41.672263800[MSG][INFO][APPNOW]Gui create JPanel for main frame[APPNEXTWAYVAR][LA_GUI_JPANEL_CENTER]
[THREAD][COUNT]24[THREADGROUPNAME]main[ACTIVE][COUNT]24[ACTIVE][GROUP][COUNT]0
[CLASSLOADER][CANONICALNAME]jdk.internal.loader.ClassLoaders.AppClassLoader
[THREAD][TOSTRING]Thread[pool-4-thread-1,5,main]
[THREAD][NAME]pool-4-thread-1
[THREAD][CANONICALNAME]java.lang.Thread
[THREAD][ID]35
[THREAD][STATE][NAME]RUNNABLE
[ELEMENTNUM]0[FILENAME]Thread.java[CLASSNAME]java.lang.Thread[METHODNAME]getStackTrace[LINENUM]1610
[ELEMENTNUM]1[FILENAME]ZPINcAppHelper.java[CLASSNAME]gui.pkgfor.some.projects.ZPINcAppHelper[METHODNAME]outMessageToAppLogFile[LINENUM]304
[ELEMENTNUM]2[FILENAME]ZPINcAppHelper.java[CLASSNAME]gui.pkgfor.some.projects.ZPINcAppHelper[METHODNAME]outMessage[LINENUM]258
[ELEMENTNUM]3[FILENAME]GUIinterfaceNamesFA.java[CLASSNAME]gui.pkgfor.some.projects.GUIinterfaceNamesFA$OldGUIReconstruction[METHODNAME]toLALRcreateGuiPanel[LINENUM]200
[ELEMENTNUM]4[FILENAME]GUIinterfaceNamesFA.java[CLASSNAME]gui.pkgfor.some.projects.GUIinterfaceNamesFA$OldGUIReconstruction[METHODNAME]createGui[LINENUM]158
[ELEMENTNUM]5[FILENAME]GUIinterfaceNamesFA.java[CLASSNAME]gui.pkgfor.some.projects.GUIinterfaceNamesFA$OldGUIReconstruction[METHODNAME]ZPINcRunSIMAchanged[LINENUM]101
[ELEMENTNUM]6[FILENAME]GUIinterfaceNamesFA.java[CLASSNAME]gui.pkgfor.some.projects.GUIinterfaceNamesFA$OldGUIReconstruction$3[METHODNAME]call[LINENUM]218
[ELEMENTNUM]7[FILENAME]FutureTask.java[CLASSNAME]java.util.concurrent.FutureTask[METHODNAME]run[LINENUM]264
[ELEMENTNUM]8[FILENAME]ThreadPoolExecutor.java[CLASSNAME]java.util.concurrent.ThreadPoolExecutor[METHODNAME]runWorker[LINENUM]1136
[ELEMENTNUM]9[FILENAME]ThreadPoolExecutor.java[CLASSNAME]java.util.concurrent.ThreadPoolExecutor$Worker[METHODNAME]run[LINENUM]635
[ELEMENTNUM]10[FILENAME]Thread.java[CLASSNAME]java.lang.Thread[METHODNAME]run[LINENUM]833
