[TIME]2022-02-11T23:28:36.023804400[MSG][INFO]Log file created
[TIME]2022-02-11T23:28:35.997802900[MSG][INFO][APPNOW][LA_GUI_JPANEL_PAGEEND][APPNEXTWAYVAR][LA_GUI_JPANEL_LINESTART]
[THREAD][COUNT]38[THREADGROUPNAME]main[ACTIVE][COUNT]38[ACTIVE][GROUP][COUNT]0
[CLASSLOADER][CANONICALNAME]jdk.internal.loader.ClassLoaders.AppClassLoader
[THREAD][TOSTRING]Thread[pool-4-thread-1,5,main]
[THREAD][NAME]pool-4-thread-1
[THREAD][CANONICALNAME]java.lang.Thread
[THREAD][ID]35
[THREAD][STATE][NAME]RUNNABLE
[ELEMENTNUM]0[FILENAME]Thread.java[CLASSNAME]java.lang.Thread[METHODNAME]getStackTrace[LINENUM]1610
[ELEMENTNUM]1[FILENAME]ZPINcAppHelper.java[CLASSNAME]gui.pkgfor.some.projects.ZPINcAppHelper[METHODNAME]outMessageToAppLogFile[LINENUM]304
[ELEMENTNUM]2[FILENAME]ZPINcAppHelper.java[CLASSNAME]gui.pkgfor.some.projects.ZPINcAppHelper[METHODNAME]outMessage[LINENUM]258
[ELEMENTNUM]3[FILENAME]ZPINcSwPanelPageEnd.java[CLASSNAME]gui.pkgfor.some.projects.ZPINcSwPanelPageEnd[METHODNAME]toLALRgetPanel[LINENUM]80
[ELEMENTNUM]4[FILENAME]ZPINcSwPanelPageEnd.java[CLASSNAME]gui.pkgfor.some.projects.ZPINcSwPanelPageEnd[METHODNAME]getPanel[LINENUM]62
[ELEMENTNUM]5[FILENAME]GUIinterfaceNamesFA.java[CLASSNAME]gui.pkgfor.some.projects.GUIinterfaceNamesFA$OldGUIReconstruction[METHODNAME]createGui[LINENUM]160
[ELEMENTNUM]6[FILENAME]GUIinterfaceNamesFA.java[CLASSNAME]gui.pkgfor.some.projects.GUIinterfaceNamesFA$OldGUIReconstruction[METHODNAME]ZPINcRunSIMAchanged[LINENUM]101
[ELEMENTNUM]7[FILENAME]GUIinterfaceNamesFA.java[CLASSNAME]gui.pkgfor.some.projects.GUIinterfaceNamesFA$OldGUIReconstruction$3[METHODNAME]call[LINENUM]218
[ELEMENTNUM]8[FILENAME]FutureTask.java[CLASSNAME]java.util.concurrent.FutureTask[METHODNAME]run[LINENUM]264
[ELEMENTNUM]9[FILENAME]ThreadPoolExecutor.java[CLASSNAME]java.util.concurrent.ThreadPoolExecutor[METHODNAME]runWorker[LINENUM]1136
[ELEMENTNUM]10[FILENAME]ThreadPoolExecutor.java[CLASSNAME]java.util.concurrent.ThreadPoolExecutor$Worker[METHODNAME]run[LINENUM]635
[ELEMENTNUM]11[FILENAME]Thread.java[CLASSNAME]java.lang.Thread[METHODNAME]run[LINENUM]833
