#
# There is insufficient memory for the Java Runtime Environment to continue.
# Native memory allocation (malloc) failed to allocate 32744 bytes for ChunkPool::allocate
# Possible reasons:
#   The system is out of physical RAM or swap space
#   The process is running with CompressedOops enabled, and the Java Heap may be blocking the growth of the native heap
# Possible solutions:
#   Reduce memory load on the system
#   Increase physical memory or swap space
#   Check if swap backing store is full
#   Decrease Java heap size (-Xmx/-Xms)
#   Decrease number of Java threads
#   Decrease Java thread stack sizes (-Xss)
#   Set larger code cache with -XX:ReservedCodeCacheSize=
#   JVM is running with Unscaled Compressed Oops mode in which the Java heap is
#     placed in the first 4GB address space. The Java Heap base address is the
#     maximum limit for the native heap growth. Please use -XX:HeapBaseMinAddress
#     to set the Java Heap base and to place the Java Heap above 4GB virtual address.
# This output file may be truncated or incomplete.
#
#  Out of Memory Error (arena.cpp:78), pid=6492, tid=6452
#
# JRE version: Java(TM) SE Runtime Environment (17.0.1+12) (build 17.0.1+12-LTS-39)
# Java VM: Java HotSpot(TM) 64-Bit Server VM (17.0.1+12-LTS-39, mixed mode, sharing, tiered, compressed oops, compressed class ptrs, g1 gc, windows-amd64)
# No core dump will be written. Minidumps are not enabled by default on client versions of Windows
#

---------------  S U M M A R Y ------------

Command Line: -Dapplication.home=C:\_bmv\download\jdk-17_windows-x64_bin\jdk-17.0.1 --add-modules=ALL-DEFAULT -Xms8m -Djdk.module.main=jdk.compiler jdk.compiler/com.sun.tools.javac.Main @C:\Temp\files11856258695589198936

Host: Intel(R) Core(TM) i3-2330M CPU @ 2.20GHz, 4 cores, 3G,  Windows 7 , 64 bit Build 7601 (6.1.7601.18229)
Time: Wed Dec  1 00:12:58 2021 Северная Центр. Азия (зима) elapsed time: 9.419499 seconds (0d 0h 0m 9s)

---------------  T H R E A D  ---------------

Current thread (0x000000001e0eab40):  JavaThread "C2 CompilerThread0" daemon [_thread_in_native, id=6452, stack(0x000000001f940000,0x000000001fa40000)]


Current CompileTask:
C2:   9419  422 %     4       java.lang.StringLatin1::inflate @ 3 (34 bytes)

Stack: [0x000000001f940000,0x000000001fa40000]
Native frames: (J=compiled Java code, j=interpreted, Vv=VM code, C=native code)
V  [jvm.dll+0x66fa1a]
V  [jvm.dll+0x7ce5a4]
V  [jvm.dll+0x7cfd4e]
V  [jvm.dll+0x7d03b3]
V  [jvm.dll+0x242b05]
V  [jvm.dll+0xaa2a0]
V  [jvm.dll+0xaa5ec]
V  [jvm.dll+0x6ba672]
V  [jvm.dll+0x1b9821]
V  [jvm.dll+0x215d49]
V  [jvm.dll+0x215011]
V  [jvm.dll+0x1a168d]
V  [jvm.dll+0x224848]
V  [jvm.dll+0x2229ac]
V  [jvm.dll+0x78435b]
V  [jvm.dll+0x77e91a]
V  [jvm.dll+0x66e845]
C  [ucrtbase.DLL+0x1d912]
C  [kernel32.dll+0x1652d]
C  [ntdll.dll+0x2c541]


---------------  P R O C E S S  ---------------

Threads class SMR info:
_java_thread_list=0x00000000200f6ca0, length=12, elements={
0x000000000042c180, 0x000000001e0bbc00, 0x000000001e0c3620, 0x000000001e0d3260,
0x000000001e0d3f20, 0x000000001e0d63e0, 0x000000001e0e8e60, 0x000000001e0eab40,
0x000000001e0f7450, 0x000000001e107d30, 0x000000000049a6b0, 0x000000001e5ee8f0
}

Java Threads: ( => current thread )
  0x000000000042c180 JavaThread "main" [_thread_in_vm, id=5648, stack(0x0000000001c90000,0x0000000001d90000)]
  0x000000001e0bbc00 JavaThread "Reference Handler" daemon [_thread_blocked, id=3772, stack(0x000000001f170000,0x000000001f270000)]
  0x000000001e0c3620 JavaThread "Finalizer" daemon [_thread_blocked, id=5744, stack(0x000000001f2c0000,0x000000001f3c0000)]
  0x000000001e0d3260 JavaThread "Signal Dispatcher" daemon [_thread_blocked, id=7132, stack(0x000000001e6f0000,0x000000001e7f0000)]
  0x000000001e0d3f20 JavaThread "Attach Listener" daemon [_thread_blocked, id=1260, stack(0x000000001f4a0000,0x000000001f5a0000)]
  0x000000001e0d63e0 JavaThread "Service Thread" daemon [_thread_blocked, id=5076, stack(0x000000001f740000,0x000000001f840000)]
  0x000000001e0e8e60 JavaThread "Monitor Deflation Thread" daemon [_thread_blocked, id=6080, stack(0x000000001f5c0000,0x000000001f6c0000)]
=>0x000000001e0eab40 JavaThread "C2 CompilerThread0" daemon [_thread_in_native, id=6452, stack(0x000000001f940000,0x000000001fa40000)]
  0x000000001e0f7450 JavaThread "C1 CompilerThread0" daemon [_thread_in_native, id=4384, stack(0x000000001faf0000,0x000000001fbf0000)]
  0x000000001e107d30 JavaThread "Sweeper thread" daemon [_thread_blocked, id=3092, stack(0x000000001fc70000,0x000000001fd70000)]
  0x000000000049a6b0 JavaThread "Common-Cleaner" daemon [_thread_blocked, id=1224, stack(0x000000001fef0000,0x000000001fff0000)]
  0x000000001e5ee8f0 JavaThread "Notification Thread" daemon [_thread_blocked, id=6736, stack(0x0000000020520000,0x0000000020620000)]

Other Threads:
  0x000000001e0b6820 VMThread "VM Thread" [stack: 0x000000001f060000,0x000000001f160000] [id=3636]
  0x000000001e5ef5c0 WatcherThread [stack: 0x00000000203f0000,0x00000000204f0000] [id=6540]
  0x0000000000461400 GCTaskThread "GC Thread#0" [stack: 0x000000000c720000,0x000000000c820000] [id=6676]
  0x0000000000469fd0 ConcurrentGCThread "G1 Main Marker" [stack: 0x000000000ca00000,0x000000000cb00000] [id=3712]
  0x000000000046b930 ConcurrentGCThread "G1 Conc#0" [stack: 0x000000000cb50000,0x000000000cc50000] [id=3792]
  0x00000000004864b0 ConcurrentGCThread "G1 Refine#0" [stack: 0x000000001e140000,0x000000001e240000] [id=3832]
  0x0000000000487de0 ConcurrentGCThread "G1 Service" [stack: 0x000000001e2f0000,0x000000001e3f0000] [id=3552]

Threads with active compile tasks:
C2 CompilerThread0    10429  422 %     4       java.lang.StringLatin1::inflate @ 3 (34 bytes)
C1 CompilerThread0    10429  424       3       sun.nio.fs.WindowsPathParser::parse (384 bytes)

VM state: not at safepoint (normal execution)

VM Mutex/Monitor currently owned by a thread: None

Heap address: 0x00000000c1400000, size: 1004 MB, Compressed Oops mode: 32-bit

CDS archive(s) mapped at: [0x0000000800000000-0x0000000800bc0000-0x0000000800bc0000), size 12320768, SharedBaseAddress: 0x0000000800000000, ArchiveRelocationMode: 0.
Compressed class space mapped at: 0x0000000800c00000-0x0000000840c00000, reserved size: 1073741824
Narrow klass base: 0x0000000800000000, Narrow klass shift: 0, Narrow klass range: 0x100000000

GC Precious Log:
 CPUs: 4 total, 4 available
 Memory: 4009M
 Large Page Support: Disabled
 NUMA Support: Disabled
 Compressed Oops: Enabled (32-bit)
 Heap Region Size: 1M
 Heap Min Capacity: 8M
 Heap Initial Capacity: 8M
 Heap Max Capacity: 1004M
 Pre-touch: Disabled
 Parallel Workers: 4
 Concurrent Workers: 1
 Concurrent Refinement Workers: 4
 Periodic GC: Disabled

Heap:
 garbage-first heap   total 8192K, used 2048K [0x00000000c1400000, 0x0000000100000000)
  region size 1024K, 3 young (3072K), 0 survivors (0K)
 Metaspace       used 1959K, committed 2112K, reserved 1056768K
  class space    used 223K, committed 320K, reserved 1048576K

Heap Regions: E=young(eden), S=young(survivor), O=old, HS=humongous(starts), HC=humongous(continues), CS=collection set, F=free, OA=open archive, CA=closed archive, TAMS=top-at-mark-start (previous, next)
|   0|0x00000000c1400000, 0x00000000c1400000, 0x00000000c1500000|  0%| F|  |TAMS 0x00000000c1400000, 0x00000000c1400000| Untracked 
|   1|0x00000000c1500000, 0x00000000c1500000, 0x00000000c1600000|  0%| F|  |TAMS 0x00000000c1500000, 0x00000000c1500000| Untracked 
|   2|0x00000000c1600000, 0x00000000c1600000, 0x00000000c1700000|  0%| F|  |TAMS 0x00000000c1600000, 0x00000000c1600000| Untracked 
|   3|0x00000000c1700000, 0x00000000c1700000, 0x00000000c1800000|  0%| F|  |TAMS 0x00000000c1700000, 0x00000000c1700000| Untracked 
|   4|0x00000000c1800000, 0x00000000c1800000, 0x00000000c1900000|  0%| F|  |TAMS 0x00000000c1800000, 0x00000000c1800000| Untracked 
|   5|0x00000000c1900000, 0x00000000c19b9208, 0x00000000c1a00000| 72%| E|  |TAMS 0x00000000c1900000, 0x00000000c1900000| Complete 
|   6|0x00000000c1a00000, 0x00000000c1b00000, 0x00000000c1b00000|100%| E|CS|TAMS 0x00000000c1a00000, 0x00000000c1a00000| Complete 
|   7|0x00000000c1b00000, 0x00000000c1c00000, 0x00000000c1c00000|100%| E|CS|TAMS 0x00000000c1b00000, 0x00000000c1b00000| Complete 

Card table byte_map: [0x000000000a380000,0x000000000a580000] _byte_map_base: 0x0000000009d76000

Marking Bits (Prev, Next): (CMBitMap*) 0x0000000000461920, (CMBitMap*) 0x0000000000461960
 Prev Bits: [0x000000000a780000, 0x000000000b730000)
 Next Bits: [0x000000000b730000, 0x000000000c6e0000)

Polling page: 0x0000000000120000

Metaspace:

Usage:
  Non-class:      1.70 MB used.
      Class:    223.98 KB used.
       Both:      1.91 MB used.

Virtual space:
  Non-class space:        8.00 MB reserved,       1.75 MB ( 22%) committed,  1 nodes.
      Class space:        1.00 GB reserved,     320.00 KB ( <1%) committed,  1 nodes.
             Both:        1.01 GB reserved,       2.06 MB ( <1%) committed. 

Chunk freelists:
   Non-Class:  3.08 MB
       Class:  3.60 MB
        Both:  6.67 MB

MaxMetaspaceSize: unlimited
CompressedClassSpaceSize: 1.00 GB
Initial GC threshold: 21.00 MB
Current GC threshold: 21.00 MB
CDS: on
MetaspaceReclaimPolicy: balanced
 - commit_granule_bytes: 65536.
 - commit_granule_words: 8192.
 - virtual_space_node_default_size: 1048576.
 - enlarge_chunks_in_place: 1.
 - new_chunks_are_fully_committed: 0.
 - uncommit_free_chunks: 1.
 - use_allocation_guard: 0.
 - handle_deallocations: 1.


Internal statistics:

num_allocs_failed_limit: 0.
num_arena_births: 12.
num_arena_deaths: 0.
num_vsnodes_births: 2.
num_vsnodes_deaths: 0.
num_space_committed: 33.
num_space_uncommitted: 0.
num_chunks_returned_to_freelist: 0.
num_chunks_taken_from_freelist: 71.
num_chunk_merges: 0.
num_chunk_splits: 42.
num_chunks_enlarged: 29.
num_purges: 0.
num_inconsistent_stats: 0.

CodeHeap 'non-profiled nmethods': size=120000Kb used=133Kb max_used=133Kb free=119866Kb
 bounds [0x0000000016ae0000, 0x0000000016d50000, 0x000000001e010000]
CodeHeap 'profiled nmethods': size=120000Kb used=542Kb max_used=542Kb free=119457Kb
 bounds [0x000000000f5b0000, 0x000000000f820000, 0x0000000016ae0000]
CodeHeap 'non-nmethods': size=5760Kb used=1102Kb max_used=1116Kb free=4657Kb
 bounds [0x000000000f010000, 0x000000000f280000, 0x000000000f5b0000]
 total_blobs=801 nmethods=423 adapters=291
 compilation: enabled
              stopped_count=0, restarted_count=0
 full_count=0

Compilation events (20 events):
Event: 9.291 Thread 0x000000001e0f7450  414       3       sun.nio.fs.WindowsPath::isAbsolute (26 bytes)
Event: 9.292 Thread 0x000000001e0f7450 nmethod 414 0x000000000f633310 code [0x000000000f6334a0, 0x000000000f633658]
Event: 9.332 Thread 0x000000001e0f7450  415       3       jdk.internal.ref.PhantomCleanable::clean (16 bytes)
Event: 9.332 Thread 0x000000001e0f7450 nmethod 415 0x000000000f633710 code [0x000000000f6338e0, 0x000000000f633ba8]
Event: 9.332 Thread 0x000000001e0f7450  416       3       java.util.ArrayList$Itr::next (66 bytes)
Event: 9.332 Thread 0x000000001e0f7450 nmethod 416 0x000000000f633c90 code [0x000000000f633e80, 0x000000000f6342a8]
Event: 9.332 Thread 0x000000001e0f7450  417       3       java.util.ArrayList$Itr::checkForComodification (23 bytes)
Event: 9.333 Thread 0x000000001e0f7450 nmethod 417 0x000000000f634490 code [0x000000000f634640, 0x000000000f634808]
Event: 9.334 Thread 0x000000001e0f7450  418       3       java.lang.ref.Cleaner::register (25 bytes)
Event: 9.334 Thread 0x000000001e0f7450 nmethod 418 0x000000000f634910 code [0x000000000f634b00, 0x000000000f635048]
Event: 9.334 Thread 0x000000001e0f7450  419       3       jdk.internal.ref.CleanerImpl$PhantomCleanableRef::<init> (12 bytes)
Event: 9.334 Thread 0x000000001e0f7450 nmethod 419 0x000000000f635290 code [0x000000000f635440, 0x000000000f6355e8]
Event: 9.334 Thread 0x000000001e0f7450  420       3       java.util.LinkedHashMap::afterNodeInsertion (40 bytes)
Event: 9.335 Thread 0x000000001e0f7450 nmethod 420 0x000000000f635690 code [0x000000000f635840, 0x000000000f635a38]
Event: 9.339 Thread 0x000000001e0f7450  421       3       com.sun.tools.javac.main.Option::handleOption (126 bytes)
Event: 9.340 Thread 0x000000001e0f7450 nmethod 421 0x000000000f635b10 code [0x000000000f635e40, 0x000000000f6371a8]
Event: 9.340 Thread 0x000000001e0eab40  422 %     4       java.lang.StringLatin1::inflate @ 3 (34 bytes)
Event: 9.340 Thread 0x000000001e0f7450  423       3       sun.nio.fs.WindowsPathParser::parse (6 bytes)
Event: 9.340 Thread 0x000000001e0f7450 nmethod 423 0x000000000f637810 code [0x000000000f6379a0, 0x000000000f637ac8]
Event: 9.340 Thread 0x000000001e0f7450  424       3       sun.nio.fs.WindowsPathParser::parse (384 bytes)

GC Heap History (0 events):
No events

Deoptimization events (20 events):
Event: 6.238 Thread 0x000000000042c180 Uncommon trap: trap_request=0xffffffde fr.pc=0x0000000016aecdf0 relative=0x0000000000000790
Event: 6.238 Thread 0x000000000042c180 Uncommon trap: reason=class_check action=maybe_recompile pc=0x0000000016aecdf0 method=java.util.HashMap.putVal(ILjava/lang/Object;Ljava/lang/Object;ZZ)Ljava/lang/Object; @ 152 c2
Event: 6.238 Thread 0x000000000042c180 DEOPT PACKING pc=0x0000000016aecdf0 sp=0x0000000001d8dcd0
Event: 6.238 Thread 0x000000000042c180 DEOPT UNPACKING pc=0x000000000f0623a3 sp=0x0000000001d8dc50 mode 2
Event: 6.238 Thread 0x000000000042c180 Uncommon trap: trap_request=0xffffffde fr.pc=0x0000000016aecdf0 relative=0x0000000000000790
Event: 6.238 Thread 0x000000000042c180 Uncommon trap: reason=class_check action=maybe_recompile pc=0x0000000016aecdf0 method=java.util.HashMap.putVal(ILjava/lang/Object;Ljava/lang/Object;ZZ)Ljava/lang/Object; @ 152 c2
Event: 6.238 Thread 0x000000000042c180 DEOPT PACKING pc=0x0000000016aecdf0 sp=0x0000000001d8dcd0
Event: 6.238 Thread 0x000000000042c180 DEOPT UNPACKING pc=0x000000000f0623a3 sp=0x0000000001d8dc50 mode 2
Event: 6.238 Thread 0x000000000042c180 Uncommon trap: trap_request=0xffffffde fr.pc=0x0000000016aecdf0 relative=0x0000000000000790
Event: 6.238 Thread 0x000000000042c180 Uncommon trap: reason=class_check action=maybe_recompile pc=0x0000000016aecdf0 method=java.util.HashMap.putVal(ILjava/lang/Object;Ljava/lang/Object;ZZ)Ljava/lang/Object; @ 152 c2
Event: 6.238 Thread 0x000000000042c180 DEOPT PACKING pc=0x0000000016aecdf0 sp=0x0000000001d8dcd0
Event: 6.238 Thread 0x000000000042c180 DEOPT UNPACKING pc=0x000000000f0623a3 sp=0x0000000001d8dc50 mode 2
Event: 8.605 Thread 0x000000000042c180 Uncommon trap: trap_request=0xffffffde fr.pc=0x0000000016af516c relative=0x000000000000048c
Event: 8.605 Thread 0x000000000042c180 Uncommon trap: reason=class_check action=maybe_recompile pc=0x0000000016af516c method=java.util.HashMap.putVal(ILjava/lang/Object;Ljava/lang/Object;ZZ)Ljava/lang/Object; @ 253 c2
Event: 8.605 Thread 0x000000000042c180 DEOPT PACKING pc=0x0000000016af516c sp=0x0000000001d8f160
Event: 8.605 Thread 0x000000000042c180 DEOPT UNPACKING pc=0x000000000f0623a3 sp=0x0000000001d8f110 mode 2
Event: 8.605 Thread 0x000000000042c180 Uncommon trap: trap_request=0xffffff45 fr.pc=0x0000000016af556c relative=0x000000000000088c
Event: 8.605 Thread 0x000000000042c180 Uncommon trap: reason=unstable_if action=reinterpret pc=0x0000000016af556c method=java.util.HashMap.putVal(ILjava/lang/Object;Ljava/lang/Object;ZZ)Ljava/lang/Object; @ 181 c2
Event: 8.605 Thread 0x000000000042c180 DEOPT PACKING pc=0x0000000016af556c sp=0x0000000001d8f160
Event: 8.605 Thread 0x000000000042c180 DEOPT UNPACKING pc=0x000000000f0623a3 sp=0x0000000001d8f110 mode 2

Classes unloaded (0 events):
No events

Classes redefined (0 events):
No events

Internal exceptions (1 events):
Event: 7.098 Thread 0x000000000042c180 Exception <a 'java/lang/NoSuchMethodError'{0x00000000c1ae51a0}: 'void java.lang.invoke.DirectMethodHandle$Holder.invokeSpecial(java.lang.Object, java.lang.Object, java.lang.Object)'> (0x00000000c1ae51a0) 
thrown [t:\workspace\open\src\hotspot\share\interpreter\linkResolver.cpp, line 766]

VM Operations (12 events):
Event: 3.839 Executing VM operation: HandshakeAllThreads
Event: 3.839 Executing VM operation: HandshakeAllThreads done
Event: 3.839 Executing VM operation: Cleanup
Event: 3.839 Executing VM operation: Cleanup done
Event: 5.838 Executing VM operation: Cleanup
Event: 6.047 Executing VM operation: Cleanup done
Event: 7.102 Executing VM operation: HandshakeAllThreads
Event: 7.103 Executing VM operation: HandshakeAllThreads done
Event: 7.103 Executing VM operation: Cleanup
Event: 7.103 Executing VM operation: Cleanup done
Event: 9.102 Executing VM operation: Cleanup
Event: 9.103 Executing VM operation: Cleanup done

Events (20 events):
Event: 8.655 loading class jdk/internal/reflect/ByteVector done
Event: 8.655 loading class jdk/internal/reflect/ByteVectorImpl done
Event: 8.655 loading class jdk/internal/reflect/ClassFileAssembler
Event: 8.655 loading class jdk/internal/reflect/ClassFileAssembler done
Event: 8.655 loading class jdk/internal/reflect/UTF8
Event: 8.655 loading class jdk/internal/reflect/UTF8 done
Event: 8.656 loading class jdk/internal/reflect/Label
Event: 8.656 loading class jdk/internal/reflect/Label done
Event: 8.656 loading class jdk/internal/reflect/Label$PatchInfo
Event: 8.656 loading class jdk/internal/reflect/Label$PatchInfo done
Event: 8.656 loading class jdk/internal/reflect/MethodAccessorGenerator$1
Event: 8.656 loading class jdk/internal/reflect/MethodAccessorGenerator$1 done
Event: 8.656 loading class jdk/internal/reflect/ClassDefiner
Event: 8.656 loading class jdk/internal/reflect/ClassDefiner done
Event: 8.656 loading class jdk/internal/reflect/ClassDefiner$1
Event: 8.656 loading class jdk/internal/reflect/ClassDefiner$1 done
Event: 8.657 loading class jdk/internal/reflect/BootstrapConstructorAccessorImpl
Event: 8.657 loading class jdk/internal/reflect/BootstrapConstructorAccessorImpl done
Event: 8.658 loading class java/nio/file/AccessMode
Event: 8.658 loading class java/nio/file/AccessMode done


Dynamic libraries:
0x000000013fbb0000 - 0x000000013fbb8000 	C:\_bmv\download\jdk-17_windows-x64_bin\jdk-17.0.1\bin\javac.exe
0x0000000076fc0000 - 0x0000000077169000 	C:\Windows\SYSTEM32\ntdll.dll
0x0000000076ea0000 - 0x0000000076fbf000 	C:\Windows\system32\kernel32.dll
0x000007fefcff0000 - 0x000007fefd05b000 	C:\Windows\system32\KERNELBASE.dll
0x000007fef8af0000 - 0x000007fef8b08000 	C:\_bmv\download\jdk-17_windows-x64_bin\jdk-17.0.1\bin\jli.dll
0x000007fefee50000 - 0x000007fefef2b000 	C:\Windows\system32\ADVAPI32.dll
0x000007fefedb0000 - 0x000007fefee4f000 	C:\Windows\system32\msvcrt.dll
0x000007feff250000 - 0x000007feff26f000 	C:\Windows\SYSTEM32\sechost.dll
0x000007fefd410000 - 0x000007fefd53d000 	C:\Windows\system32\RPCRT4.dll
0x000007fefc140000 - 0x000007fefc334000 	C:\Windows\WinSxS\amd64_microsoft.windows.common-controls_6595b64144ccf1df_6.0.7601.17514_none_fa396087175ac9ac\COMCTL32.dll
0x000007fefed40000 - 0x000007fefeda7000 	C:\Windows\system32\GDI32.dll
0x0000000076da0000 - 0x0000000076e9a000 	C:\Windows\system32\USER32.dll
0x000007feff240000 - 0x000007feff24e000 	C:\Windows\system32\LPK.dll
0x000007fefebd0000 - 0x000007fefec99000 	C:\Windows\system32\USP10.dll
0x000007fefef30000 - 0x000007fefefa1000 	C:\Windows\system32\SHLWAPI.dll
0x000007fefcd20000 - 0x000007fefcd2c000 	C:\Windows\system32\VERSION.dll
0x000007fed44a0000 - 0x000007fed44ba000 	C:\_bmv\download\jdk-17_windows-x64_bin\jdk-17.0.1\bin\VCRUNTIME140.dll
0x000007fedc8b0000 - 0x000007fedc8b4000 	C:\_bmv\download\jdk-17_windows-x64_bin\jdk-17.0.1\bin\api-ms-win-crt-runtime-l1-1-0.dll
0x000007fedf440000 - 0x000007fedf53a000 	C:\_bmv\download\jdk-17_windows-x64_bin\jdk-17.0.1\bin\ucrtbase.DLL
0x000007fef8ac0000 - 0x000007fef8ac3000 	C:\_bmv\download\jdk-17_windows-x64_bin\jdk-17.0.1\bin\api-ms-win-core-localization-l1-2-0.dll
0x000007fef8ab0000 - 0x000007fef8ab3000 	C:\_bmv\download\jdk-17_windows-x64_bin\jdk-17.0.1\bin\api-ms-win-core-processthreads-l1-1-1.dll
0x000007fef8aa0000 - 0x000007fef8aa3000 	C:\_bmv\download\jdk-17_windows-x64_bin\jdk-17.0.1\bin\api-ms-win-core-file-l1-2-0.dll
0x000007fef8a90000 - 0x000007fef8a93000 	C:\_bmv\download\jdk-17_windows-x64_bin\jdk-17.0.1\bin\api-ms-win-core-timezone-l1-1-0.dll
0x000007fef5890000 - 0x000007fef5893000 	C:\_bmv\download\jdk-17_windows-x64_bin\jdk-17.0.1\bin\api-ms-win-core-file-l2-1-0.dll
0x000007fef5880000 - 0x000007fef5883000 	C:\_bmv\download\jdk-17_windows-x64_bin\jdk-17.0.1\bin\api-ms-win-core-synch-l1-2-0.dll
0x000007fefab70000 - 0x000007fefab73000 	C:\_bmv\download\jdk-17_windows-x64_bin\jdk-17.0.1\bin\api-ms-win-crt-heap-l1-1-0.dll
0x000007fed44f0000 - 0x000007fed44f4000 	C:\_bmv\download\jdk-17_windows-x64_bin\jdk-17.0.1\bin\api-ms-win-crt-string-l1-1-0.dll
0x000007fed44e0000 - 0x000007fed44e4000 	C:\_bmv\download\jdk-17_windows-x64_bin\jdk-17.0.1\bin\api-ms-win-crt-stdio-l1-1-0.dll
0x000007fed4490000 - 0x000007fed4494000 	C:\_bmv\download\jdk-17_windows-x64_bin\jdk-17.0.1\bin\api-ms-win-crt-convert-l1-1-0.dll
0x000007fed4450000 - 0x000007fed4453000 	C:\_bmv\download\jdk-17_windows-x64_bin\jdk-17.0.1\bin\api-ms-win-crt-environment-l1-1-0.dll
0x000007fed4440000 - 0x000007fed4443000 	C:\_bmv\download\jdk-17_windows-x64_bin\jdk-17.0.1\bin\api-ms-win-crt-filesystem-l1-1-0.dll
0x000007fed4470000 - 0x000007fed4475000 	C:\_bmv\download\jdk-17_windows-x64_bin\jdk-17.0.1\bin\api-ms-win-crt-math-l1-1-0.dll
0x000007fed4030000 - 0x000007fed4033000 	C:\_bmv\download\jdk-17_windows-x64_bin\jdk-17.0.1\bin\api-ms-win-crt-locale-l1-1-0.dll
0x000007fefd830000 - 0x000007fefd85e000 	C:\Windows\system32\IMM32.DLL
0x000007fefd540000 - 0x000007fefd649000 	C:\Windows\system32\MSCTF.dll
0x000007fefcd30000 - 0x000007fefcd61000 	C:\Windows\system32\nvinitx.dll
0x000000000f000000 - 0x000000000f006000 	C:\Program Files\NVIDIA Corporation\CoProcManager\detoured.dll
0x000007fefa0d0000 - 0x000007fefa101000 	C:\Program Files\NVIDIA Corporation\CoProcManager\nvd3d9wrapx.dll
0x000007fefd650000 - 0x000007fefd827000 	C:\Windows\system32\SETUPAPI.dll
0x000007fefcfb0000 - 0x000007fefcfe6000 	C:\Windows\system32\CFGMGR32.dll
0x000007fefd330000 - 0x000007fefd407000 	C:\Windows\system32\OLEAUT32.dll
0x000007fefefb0000 - 0x000007feff1b3000 	C:\Windows\system32\ole32.dll
0x000007fefd0e0000 - 0x000007fefd0fa000 	C:\Windows\system32\DEVOBJ.dll
0x000007fefa0a0000 - 0x000007fefa0c2000 	C:\Program Files\NVIDIA Corporation\CoProcManager\nvdxgiwrapx.dll
0x000007fed4480000 - 0x000007fed448c000 	C:\_bmv\download\jdk-17_windows-x64_bin\jdk-17.0.1\bin\vcruntime140_1.dll
0x000007fed4040000 - 0x000007fed40cd000 	C:\_bmv\download\jdk-17_windows-x64_bin\jdk-17.0.1\bin\msvcp140.dll
0x000007fed4430000 - 0x000007fed4433000 	C:\_bmv\download\jdk-17_windows-x64_bin\jdk-17.0.1\bin\api-ms-win-crt-time-l1-1-0.dll
0x000007fed4460000 - 0x000007fed4463000 	C:\_bmv\download\jdk-17_windows-x64_bin\jdk-17.0.1\bin\api-ms-win-crt-utility-l1-1-0.dll
0x000007fed2d40000 - 0x000007fed38fe000 	C:\_bmv\download\jdk-17_windows-x64_bin\jdk-17.0.1\bin\server\jvm.dll
0x000007feddc40000 - 0x000007feddc49000 	C:\Windows\system32\WSOCK32.dll
0x000007fefe830000 - 0x000007fefe87d000 	C:\Windows\system32\WS2_32.dll
0x000007fefd1c0000 - 0x000007fefd1c8000 	C:\Windows\system32\NSI.dll
0x000007fefa060000 - 0x000007fefa09b000 	C:\Windows\system32\WINMM.dll
0x0000000077180000 - 0x0000000077187000 	C:\Windows\system32\PSAPI.DLL
0x000007fed43b0000 - 0x000007fed43ba000 	C:\_bmv\download\jdk-17_windows-x64_bin\jdk-17.0.1\bin\jimage.dll
0x000007fef64f0000 - 0x000007fef6615000 	C:\Windows\system32\DBGHELP.DLL
0x000007fed43c0000 - 0x000007fed43e5000 	C:\_bmv\download\jdk-17_windows-x64_bin\jdk-17.0.1\bin\java.dll
0x000007fed42d0000 - 0x000007fed43a6000 	C:\_bmv\download\jdk-17_windows-x64_bin\jdk-17.0.1\bin\svml.dll
0x000007fefdaa0000 - 0x000007fefe828000 	C:\Windows\system32\SHELL32.dll
0x000007fefcd70000 - 0x000007fefcd7f000 	C:\Windows\system32\profapi.dll
0x000007fed42b0000 - 0x000007fed42c9000 	C:\_bmv\download\jdk-17_windows-x64_bin\jdk-17.0.1\bin\net.dll
0x000007fef57c0000 - 0x000007fef5831000 	C:\Windows\system32\WINHTTP.dll
0x000007fef5750000 - 0x000007fef57b5000 	C:\Windows\system32\webio.dll
0x000007fefc550000 - 0x000007fefc5a5000 	C:\Windows\system32\mswsock.dll
0x000007fefc540000 - 0x000007fefc547000 	C:\Windows\System32\wship6.dll
0x000007fed4290000 - 0x000007fed42a5000 	C:\_bmv\download\jdk-17_windows-x64_bin\jdk-17.0.1\bin\nio.dll

dbghelp: loaded successfully - version: 4.0.5 - missing functions: none
symbol engine: initialized successfully - sym options: 0x614 - pdb path: .;C:\_bmv\download\jdk-17_windows-x64_bin\jdk-17.0.1\bin;C:\Windows\SYSTEM32;C:\Windows\WinSxS\amd64_microsoft.windows.common-controls_6595b64144ccf1df_6.0.7601.17514_none_fa396087175ac9ac;C:\Program Files\NVIDIA Corporation\CoProcManager;C:\_bmv\download\jdk-17_windows-x64_bin\jdk-17.0.1\bin\server

VM Arguments:
jvm_args: -Dapplication.home=C:\_bmv\download\jdk-17_windows-x64_bin\jdk-17.0.1 --add-modules=ALL-DEFAULT -Xms8m -Djdk.module.main=jdk.compiler 
java_command: jdk.compiler/com.sun.tools.javac.Main @C:\Temp\files11856258695589198936
java_class_path (initial): <not set>
Launcher Type: SUN_STANDARD

[Global flags]
     intx CICompilerCount                          = 3                                         {product} {ergonomic}
     uint ConcGCThreads                            = 1                                         {product} {ergonomic}
     uint G1ConcRefinementThreads                  = 4                                         {product} {ergonomic}
   size_t G1HeapRegionSize                         = 1048576                                   {product} {ergonomic}
    uintx GCDrainStackTargetSize                   = 64                                        {product} {ergonomic}
   size_t InitialHeapSize                          = 8388608                                   {product} {command line}
   size_t MarkStackSize                            = 4194304                                   {product} {ergonomic}
   size_t MaxHeapSize                              = 1052770304                                {product} {ergonomic}
   size_t MaxNewSize                               = 631242752                                 {product} {ergonomic}
   size_t MinHeapDeltaBytes                        = 1048576                                   {product} {ergonomic}
   size_t MinHeapSize                              = 8388608                                   {product} {command line}
    uintx NonNMethodCodeHeapSize                   = 5832780                                {pd product} {ergonomic}
    uintx NonProfiledCodeHeapSize                  = 122912730                              {pd product} {ergonomic}
    uintx ProfiledCodeHeapSize                     = 122912730                              {pd product} {ergonomic}
    uintx ReservedCodeCacheSize                    = 251658240                              {pd product} {ergonomic}
     bool SegmentedCodeCache                       = true                                      {product} {ergonomic}
   size_t SoftMaxHeapSize                          = 1052770304                             {manageable} {ergonomic}
     bool UseCompressedClassPointers               = true                           {product lp64_product} {ergonomic}
     bool UseCompressedOops                        = true                           {product lp64_product} {ergonomic}
     bool UseG1GC                                  = true                                      {product} {ergonomic}
     bool UseLargePagesIndividualAllocation        = false                                  {pd product} {ergonomic}

Logging:
Log output configuration:
 #0: stdout all=warning uptime,level,tags
 #1: stderr all=off uptime,level,tags

Environment Variables:
PATH=C:\Program Files\Common Files\Oracle\Java\javapath;C:\Program Files (x86)\Common Files\Oracle\Java\javapath;C:\ProgramData\Oracle\Java\javapath;C:\Windows\system32;C:\Windows;C:\Windows\System32\Wbem;C:\Windows\System32\WindowsPowerShell\v1.0\;C:\Program Files (x86)\NVIDIA Corporation\PhysX\Common;C:\Program Files\LLVM\bin
USERNAME=Администратор
OS=Windows_NT
PROCESSOR_IDENTIFIER=Intel64 Family 6 Model 42 Stepping 7, GenuineIntel



---------------  S Y S T E M  ---------------

OS:
 Windows 7 , 64 bit Build 7601 (6.1.7601.18229)
OS uptime: 2 days 0:44 hours

CPU: total 4 (initial active 4) (2 cores per cpu, 2 threads per core) family 6 model 42 stepping 7 microcode 0x0, cx8, cmov, fxsr, ht, mmx, sse, sse2, sse3, ssse3, sse4.1, sse4.2, popcnt, tsc, tscinvbit, avx, clmul, vzeroupper, clflush

Memory: 4k page, system-wide physical 4009M (796M free)
TotalPageFile size 7007M (AvailPageFile size 5M)
current process WorkingSet (physical memory assigned to process): 40M, peak: 40M
current process commit charge ("private bytes"): 86M, peak: 86M

vm_info: Java HotSpot(TM) 64-Bit Server VM (17.0.1+12-LTS-39) for windows-amd64 JRE (17.0.1+12-LTS-39), built on Sep 27 2021 18:41:35 by "mach5one" with MS VC++ 16.8 (VS2019)

END.
