#
# There is insufficient memory for the Java Runtime Environment to continue.
# Native memory allocation (mmap) failed to map 67108864 bytes for G1 virtual space
# Possible reasons:
#   The system is out of physical RAM or swap space
#   The process is running with CompressedOops enabled, and the Java Heap may be blocking the growth of the native heap
# Possible solutions:
#   Reduce memory load on the system
#   Increase physical memory or swap space
#   Check if swap backing store is full
#   Decrease Java heap size (-Xmx/-Xms)
#   Decrease number of Java threads
#   Decrease Java thread stack sizes (-Xss)
#   Set larger code cache with -XX:ReservedCodeCacheSize=
#   JVM is running with Unscaled Compressed Oops mode in which the Java heap is
#     placed in the first 4GB address space. The Java Heap base address is the
#     maximum limit for the native heap growth. Please use -XX:HeapBaseMinAddress
#     to set the Java Heap base and to place the Java Heap above 4GB virtual address.
# This output file may be truncated or incomplete.
#
#  Out of Memory Error (os_windows.cpp:3469), pid=8156, tid=7268
#
# JRE version: Java(TM) SE Runtime Environment (17.0.1+12) (build 17.0.1+12-LTS-39)
# Java VM: Java HotSpot(TM) 64-Bit Server VM (17.0.1+12-LTS-39, mixed mode, sharing, tiered, compressed oops, compressed class ptrs, g1 gc, windows-amd64)
# No core dump will be written. Minidumps are not enabled by default on client versions of Windows
#

---------------  S U M M A R Y ------------

Command Line: -Dfile.encoding=UTF-8 --module-path=C:\_bmv\nb-learn\java\GUI-for-some-projects\build\classes gui.pkgfor.some.projects.GUIForSomeProjects

Host: Intel(R) Core(TM) i3-2330M CPU @ 2.20GHz, 4 cores, 3G,  Windows 7 , 64 bit Build 7601 (6.1.7601.18229)
Time: Sun Dec 12 13:41:47 2021 Северная Центр. Азия (зима) elapsed time: 7.725139 seconds (0d 0h 0m 7s)

---------------  T H R E A D  ---------------

Current thread (0x000000001e1f4f50):  VMThread "VM Thread" [stack: 0x000000001f180000,0x000000001f280000] [id=7268]

Stack: [0x000000001f180000,0x000000001f280000]
Native frames: (J=compiled Java code, j=interpreted, Vv=VM code, C=native code)
V  [jvm.dll+0x66fa1a]
V  [jvm.dll+0x7ce5a4]
V  [jvm.dll+0x7cfd4e]
V  [jvm.dll+0x7d03b3]
V  [jvm.dll+0x242b05]
V  [jvm.dll+0x66ca39]
V  [jvm.dll+0x661502]
V  [jvm.dll+0x30081b]
V  [jvm.dll+0x307da6]
V  [jvm.dll+0x357a1e]
V  [jvm.dll+0x357c4f]
V  [jvm.dll+0x2d7ad8]
V  [jvm.dll+0x2d5da4]
V  [jvm.dll+0x2d53ac]
V  [jvm.dll+0x318d0b]
V  [jvm.dll+0x7d484b]
V  [jvm.dll+0x7d5584]
V  [jvm.dll+0x7d5a9c]
V  [jvm.dll+0x7d5e74]
V  [jvm.dll+0x7d5f40]
V  [jvm.dll+0x77e91a]
V  [jvm.dll+0x66e845]
C  [ucrtbase.DLL+0x1d912]
C  [kernel32.dll+0x1652d]
C  [ntdll.dll+0x2c541]

VM_Operation (0x000000002014b2f0): G1CollectForAllocation, mode: safepoint, requested by thread 0x00000000203f6fd0


---------------  P R O C E S S  ---------------

Threads class SMR info:
_java_thread_list=0x0000000021ce8320, length=18, elements={
0x00000000004cf2e0, 0x000000001e1fa330, 0x000000001e202190, 0x000000001e2137d0,
0x000000001e214090, 0x000000001e215990, 0x000000001e21b7d0, 0x000000001e21d430,
0x000000001e21dde0, 0x000000001e21fa80, 0x000000001e664010, 0x000000001e6df370,
0x00000000203f6fd0, 0x0000000020416710, 0x0000000020420cb0, 0x0000000020421cd0,
0x0000000020447740, 0x0000000021b35340
}

Java Threads: ( => current thread )
  0x00000000004cf2e0 JavaThread "main" [_thread_blocked, id=7900, stack(0x00000000020a0000,0x00000000021a0000)]
  0x000000001e1fa330 JavaThread "Reference Handler" daemon [_thread_blocked, id=4848, stack(0x000000001e700000,0x000000001e800000)]
  0x000000001e202190 JavaThread "Finalizer" daemon [_thread_blocked, id=7240, stack(0x000000001f390000,0x000000001f490000)]
  0x000000001e2137d0 JavaThread "Signal Dispatcher" daemon [_thread_blocked, id=7340, stack(0x000000001f5d0000,0x000000001f6d0000)]
  0x000000001e214090 JavaThread "Attach Listener" daemon [_thread_blocked, id=660, stack(0x000000001f030000,0x000000001f130000)]
  0x000000001e215990 JavaThread "Service Thread" daemon [_thread_blocked, id=772, stack(0x000000001f810000,0x000000001f910000)]
  0x000000001e21b7d0 JavaThread "Monitor Deflation Thread" daemon [_thread_blocked, id=7936, stack(0x000000001f9c0000,0x000000001fac0000)]
  0x000000001e21d430 JavaThread "C2 CompilerThread0" daemon [_thread_blocked, id=6244, stack(0x000000001fb80000,0x000000001fc80000)]
  0x000000001e21dde0 JavaThread "C1 CompilerThread0" daemon [_thread_blocked, id=4988, stack(0x000000001f280000,0x000000001f380000)]
  0x000000001e21fa80 JavaThread "Sweeper thread" daemon [_thread_blocked, id=6724, stack(0x000000001fd30000,0x000000001fe30000)]
  0x000000001e664010 JavaThread "Common-Cleaner" daemon [_thread_blocked, id=7864, stack(0x000000001ff50000,0x0000000020050000)]
  0x000000001e6df370 JavaThread "Notification Thread" daemon [_thread_blocked, id=4316, stack(0x00000000206a0000,0x00000000207a0000)]
  0x00000000203f6fd0 JavaThread "pool-1-thread-1" [_thread_blocked, id=5808, stack(0x0000000020080000,0x0000000020180000)]
  0x0000000020416710 JavaThread "Java2D Disposer" daemon [_thread_blocked, id=7876, stack(0x0000000020820000,0x0000000020920000)]
  0x0000000020420cb0 JavaThread "AWT-Shutdown" [_thread_blocked, id=7208, stack(0x00000000209b0000,0x0000000020ab0000)]
  0x0000000020421cd0 JavaThread "AWT-Windows" daemon [_thread_in_native, id=8108, stack(0x0000000020b60000,0x0000000020c60000)]
  0x0000000020447740 JavaThread "AWT-EventQueue-0" [_thread_blocked, id=7772, stack(0x0000000020f80000,0x0000000021080000)]
  0x0000000021b35340 JavaThread "C2 CompilerThread1" daemon [_thread_blocked, id=6688, stack(0x00000000230e0000,0x00000000231e0000)]

Other Threads:
=>0x000000001e1f4f50 VMThread "VM Thread" [stack: 0x000000001f180000,0x000000001f280000] [id=7268]
  0x000000001e6df840 WatcherThread [stack: 0x000000001f700000,0x000000001f800000] [id=7000]
  0x0000000000501fb0 GCTaskThread "GC Thread#0" [stack: 0x000000000c890000,0x000000000c990000] [id=6428]
  0x0000000021b805f0 GCTaskThread "GC Thread#1" [stack: 0x00000000231f0000,0x00000000232f0000] [id=328]
  0x0000000021b28320 GCTaskThread "GC Thread#2" [stack: 0x0000000020c90000,0x0000000020d90000] [id=7464]
  0x0000000021b285d0 GCTaskThread "GC Thread#3" [stack: 0x0000000023350000,0x0000000023450000] [id=6068]
  0x000000000050ab80 ConcurrentGCThread "G1 Main Marker" [stack: 0x000000000c9a0000,0x000000000caa0000] [id=1812]
  0x000000000050c4e0 ConcurrentGCThread "G1 Conc#0" [stack: 0x000000000caf0000,0x000000000cbf0000] [id=2096]
  0x0000000000537920 ConcurrentGCThread "G1 Refine#0" [stack: 0x000000001e240000,0x000000001e340000] [id=6784]
  0x0000000021a2d360 ConcurrentGCThread "G1 Refine#1" [stack: 0x0000000020e60000,0x0000000020f60000] [id=6152]
  0x000000001e140470 ConcurrentGCThread "G1 Service" [stack: 0x000000001e3e0000,0x000000001e4e0000] [id=7660]

Threads with active compile tasks:
C2 CompilerThread0     8013  967 %     4       gui.pkgfor.some.projects.ZPINcAppHelper::outMessageToAppLogFile @ 461 (642 bytes)
C2 CompilerThread1     8013  983       4       java.io.WinNTFileSystem::normalize (224 bytes)

VM state: at safepoint (normal execution)

VM Mutex/Monitor currently owned by a thread:  ([mutex/lock_event])
[0x00000000004c6a10] Threads_lock - owner thread: 0x000000001e1f4f50
[0x00000000004c7040] Heap_lock - owner thread: 0x00000000203f6fd0

Heap address: 0x00000000c1400000, size: 1004 MB, Compressed Oops mode: 32-bit

CDS archive(s) mapped at: [0x0000000800000000-0x0000000800bc0000-0x0000000800bc0000), size 12320768, SharedBaseAddress: 0x0000000800000000, ArchiveRelocationMode: 0.
Compressed class space mapped at: 0x0000000800c00000-0x0000000840c00000, reserved size: 1073741824
Narrow klass base: 0x0000000800000000, Narrow klass shift: 0, Narrow klass range: 0x100000000

GC Precious Log:
 CPUs: 4 total, 4 available
 Memory: 4009M
 Large Page Support: Disabled
 NUMA Support: Disabled
 Compressed Oops: Enabled (32-bit)
 Heap Region Size: 1M
 Heap Min Capacity: 8M
 Heap Initial Capacity: 64M
 Heap Max Capacity: 1004M
 Pre-touch: Disabled
 Parallel Workers: 4
 Concurrent Workers: 1
 Concurrent Refinement Workers: 4
 Periodic GC: Disabled

Heap:
 garbage-first heap   total 65536K, used 38783K [0x00000000c1400000, 0x0000000100000000)
  region size 1024K, 2 young (2048K), 2 survivors (2048K)
 Metaspace       used 5892K, committed 6208K, reserved 1056768K
  class space    used 659K, committed 832K, reserved 1048576K

Heap Regions: E=young(eden), S=young(survivor), O=old, HS=humongous(starts), HC=humongous(continues), CS=collection set, F=free, OA=open archive, CA=closed archive, TAMS=top-at-mark-start (previous, next)
|   0|0x00000000c1400000, 0x00000000c1500000, 0x00000000c1500000|100%| O|  |TAMS 0x00000000c1400000, 0x00000000c1500000| Untracked 
|   1|0x00000000c1500000, 0x00000000c1600000, 0x00000000c1600000|100%| O|  |TAMS 0x00000000c1500000, 0x00000000c1600000| Untracked 
|   2|0x00000000c1600000, 0x00000000c1700000, 0x00000000c1700000|100%| O|  |TAMS 0x00000000c1600000, 0x00000000c1700000| Untracked 
|   3|0x00000000c1700000, 0x00000000c1800000, 0x00000000c1800000|100%| O|  |TAMS 0x00000000c1700000, 0x00000000c1800000| Untracked 
|   4|0x00000000c1800000, 0x00000000c1900000, 0x00000000c1900000|100%| O|  |TAMS 0x00000000c1800000, 0x00000000c1900000| Untracked 
|   5|0x00000000c1900000, 0x00000000c1a00000, 0x00000000c1a00000|100%| O|  |TAMS 0x00000000c1900000, 0x00000000c1a00000| Untracked 
|   6|0x00000000c1a00000, 0x00000000c1b00000, 0x00000000c1b00000|100%| O|  |TAMS 0x00000000c1a00000, 0x00000000c1b00000| Untracked 
|   7|0x00000000c1b00000, 0x00000000c1c00000, 0x00000000c1c00000|100%| O|  |TAMS 0x00000000c1b00000, 0x00000000c1c00000| Untracked 
|   8|0x00000000c1c00000, 0x00000000c1d00000, 0x00000000c1d00000|100%| O|  |TAMS 0x00000000c1c00000, 0x00000000c1d00000| Untracked 
|   9|0x00000000c1d00000, 0x00000000c1e00000, 0x00000000c1e00000|100%| O|  |TAMS 0x00000000c1d00000, 0x00000000c1e00000| Untracked 
|  10|0x00000000c1e00000, 0x00000000c1f00000, 0x00000000c1f00000|100%| O|  |TAMS 0x00000000c1e00000, 0x00000000c1f00000| Untracked 
|  11|0x00000000c1f00000, 0x00000000c2000000, 0x00000000c2000000|100%| O|  |TAMS 0x00000000c1f00000, 0x00000000c2000000| Untracked 
|  12|0x00000000c2000000, 0x00000000c2100000, 0x00000000c2100000|100%| O|  |TAMS 0x00000000c2000000, 0x00000000c2100000| Untracked 
|  13|0x00000000c2100000, 0x00000000c2200000, 0x00000000c2200000|100%| O|  |TAMS 0x00000000c2100000, 0x00000000c2200000| Untracked 
|  14|0x00000000c2200000, 0x00000000c2300000, 0x00000000c2300000|100%| O|  |TAMS 0x00000000c2200000, 0x00000000c2300000| Untracked 
|  15|0x00000000c2300000, 0x00000000c2400000, 0x00000000c2400000|100%| O|  |TAMS 0x00000000c2300000, 0x00000000c2400000| Untracked 
|  16|0x00000000c2400000, 0x00000000c2500000, 0x00000000c2500000|100%| O|  |TAMS 0x00000000c2400000, 0x00000000c2500000| Untracked 
|  17|0x00000000c2500000, 0x00000000c2600000, 0x00000000c2600000|100%| O|  |TAMS 0x00000000c2500000, 0x00000000c2600000| Untracked 
|  18|0x00000000c2600000, 0x00000000c2700000, 0x00000000c2700000|100%| O|  |TAMS 0x00000000c2600000, 0x00000000c2700000| Untracked 
|  19|0x00000000c2700000, 0x00000000c2800000, 0x00000000c2800000|100%| O|  |TAMS 0x00000000c2700000, 0x00000000c2800000| Untracked 
|  20|0x00000000c2800000, 0x00000000c2900000, 0x00000000c2900000|100%| O|  |TAMS 0x00000000c2800000, 0x00000000c2900000| Untracked 
|  21|0x00000000c2900000, 0x00000000c2a00000, 0x00000000c2a00000|100%| O|  |TAMS 0x00000000c2900000, 0x00000000c2a00000| Untracked 
|  22|0x00000000c2a00000, 0x00000000c2b00000, 0x00000000c2b00000|100%| O|  |TAMS 0x00000000c2a00000, 0x00000000c2b00000| Untracked 
|  23|0x00000000c2b00000, 0x00000000c2c00000, 0x00000000c2c00000|100%| O|  |TAMS 0x00000000c2b00000, 0x00000000c2c00000| Untracked 
|  24|0x00000000c2c00000, 0x00000000c2d00000, 0x00000000c2d00000|100%| O|  |TAMS 0x00000000c2c00000, 0x00000000c2d00000| Untracked 
|  25|0x00000000c2d00000, 0x00000000c2e00000, 0x00000000c2e00000|100%| O|  |TAMS 0x00000000c2d00000, 0x00000000c2e00000| Untracked 
|  26|0x00000000c2e00000, 0x00000000c2f00000, 0x00000000c2f00000|100%| O|  |TAMS 0x00000000c2e00000, 0x00000000c2f00000| Untracked 
|  27|0x00000000c2f00000, 0x00000000c3000000, 0x00000000c3000000|100%| O|  |TAMS 0x00000000c2f00000, 0x00000000c3000000| Untracked 
|  28|0x00000000c3000000, 0x00000000c3100000, 0x00000000c3100000|100%| O|  |TAMS 0x00000000c3000000, 0x00000000c3100000| Untracked 
|  29|0x00000000c3100000, 0x00000000c3200000, 0x00000000c3200000|100%| O|  |TAMS 0x00000000c3100000, 0x00000000c3200000| Untracked 
|  30|0x00000000c3200000, 0x00000000c3300000, 0x00000000c3300000|100%| O|  |TAMS 0x00000000c3200000, 0x00000000c3254800| Untracked 
|  31|0x00000000c3300000, 0x00000000c3400000, 0x00000000c3400000|100%| O|  |TAMS 0x00000000c3300000, 0x00000000c3300000| Untracked 
|  32|0x00000000c3400000, 0x00000000c3500000, 0x00000000c3500000|100%| O|  |TAMS 0x00000000c3400000, 0x00000000c3400000| Untracked 
|  33|0x00000000c3500000, 0x00000000c3600000, 0x00000000c3600000|100%| O|  |TAMS 0x00000000c3500000, 0x00000000c3500000| Untracked 
|  34|0x00000000c3600000, 0x00000000c3700000, 0x00000000c3700000|100%| O|  |TAMS 0x00000000c3600000, 0x00000000c3600000| Untracked 
|  35|0x00000000c3700000, 0x00000000c37dfe00, 0x00000000c3800000| 87%| O|  |TAMS 0x00000000c3700000, 0x00000000c3700000| Untracked 
|  36|0x00000000c3800000, 0x00000000c3800000, 0x00000000c3900000|  0%| F|  |TAMS 0x00000000c3800000, 0x00000000c3800000| Untracked 
|  37|0x00000000c3900000, 0x00000000c3900000, 0x00000000c3a00000|  0%| F|  |TAMS 0x00000000c3900000, 0x00000000c3900000| Untracked 
|  38|0x00000000c3a00000, 0x00000000c3a00000, 0x00000000c3b00000|  0%| F|  |TAMS 0x00000000c3a00000, 0x00000000c3a00000| Untracked 
|  39|0x00000000c3b00000, 0x00000000c3b00000, 0x00000000c3c00000|  0%| F|  |TAMS 0x00000000c3b00000, 0x00000000c3b00000| Untracked 
|  40|0x00000000c3c00000, 0x00000000c3c00000, 0x00000000c3d00000|  0%| F|  |TAMS 0x00000000c3c00000, 0x00000000c3c00000| Untracked 
|  41|0x00000000c3d00000, 0x00000000c3d00000, 0x00000000c3e00000|  0%| F|  |TAMS 0x00000000c3d00000, 0x00000000c3d00000| Untracked 
|  42|0x00000000c3e00000, 0x00000000c3e00000, 0x00000000c3f00000|  0%| F|  |TAMS 0x00000000c3e00000, 0x00000000c3e00000| Untracked 
|  43|0x00000000c3f00000, 0x00000000c3f00000, 0x00000000c4000000|  0%| F|  |TAMS 0x00000000c3f00000, 0x00000000c3f00000| Untracked 
|  44|0x00000000c4000000, 0x00000000c4000000, 0x00000000c4100000|  0%| F|  |TAMS 0x00000000c4000000, 0x00000000c4000000| Untracked 
|  45|0x00000000c4100000, 0x00000000c4100000, 0x00000000c4200000|  0%| F|  |TAMS 0x00000000c4100000, 0x00000000c4100000| Untracked 
|  46|0x00000000c4200000, 0x00000000c4200000, 0x00000000c4300000|  0%| F|  |TAMS 0x00000000c4200000, 0x00000000c4200000| Untracked 
|  47|0x00000000c4300000, 0x00000000c4300000, 0x00000000c4400000|  0%| F|  |TAMS 0x00000000c4300000, 0x00000000c4300000| Untracked 
|  48|0x00000000c4400000, 0x00000000c4400000, 0x00000000c4500000|  0%| F|  |TAMS 0x00000000c4400000, 0x00000000c4400000| Untracked 
|  49|0x00000000c4500000, 0x00000000c4500000, 0x00000000c4600000|  0%| F|  |TAMS 0x00000000c4500000, 0x00000000c4500000| Untracked 
|  50|0x00000000c4600000, 0x00000000c4600000, 0x00000000c4700000|  0%| F|  |TAMS 0x00000000c4600000, 0x00000000c4600000| Untracked 
|  51|0x00000000c4700000, 0x00000000c4700000, 0x00000000c4800000|  0%| F|  |TAMS 0x00000000c4700000, 0x00000000c4700000| Untracked 
|  52|0x00000000c4800000, 0x00000000c4900000, 0x00000000c4900000|100%| S|CS|TAMS 0x00000000c4800000, 0x00000000c4800000| Complete 
|  53|0x00000000c4900000, 0x00000000c4a00000, 0x00000000c4a00000|100%| S|CS|TAMS 0x00000000c4900000, 0x00000000c4900000| Complete 
|  54|0x00000000c4a00000, 0x00000000c4a00000, 0x00000000c4b00000|  0%| F|  |TAMS 0x00000000c4a00000, 0x00000000c4a00000| Untracked 
|  55|0x00000000c4b00000, 0x00000000c4b00000, 0x00000000c4c00000|  0%| F|  |TAMS 0x00000000c4b00000, 0x00000000c4b00000| Untracked 
|  56|0x00000000c4c00000, 0x00000000c4c00000, 0x00000000c4d00000|  0%| F|  |TAMS 0x00000000c4c00000, 0x00000000c4c00000| Untracked 
|  57|0x00000000c4d00000, 0x00000000c4d00000, 0x00000000c4e00000|  0%| F|  |TAMS 0x00000000c4d00000, 0x00000000c4d00000| Untracked 
|  58|0x00000000c4e00000, 0x00000000c4e00000, 0x00000000c4f00000|  0%| F|  |TAMS 0x00000000c4e00000, 0x00000000c4e00000| Untracked 
|  59|0x00000000c4f00000, 0x00000000c4f00000, 0x00000000c5000000|  0%| F|  |TAMS 0x00000000c4f00000, 0x00000000c4f00000| Untracked 
|  60|0x00000000c5000000, 0x00000000c5000000, 0x00000000c5100000|  0%| F|  |TAMS 0x00000000c5000000, 0x00000000c5000000| Untracked 
|  61|0x00000000c5100000, 0x00000000c5100000, 0x00000000c5200000|  0%| F|  |TAMS 0x00000000c5100000, 0x00000000c5100000| Untracked 
|  62|0x00000000c5200000, 0x00000000c5200000, 0x00000000c5300000|  0%| F|  |TAMS 0x00000000c5200000, 0x00000000c5200000| Untracked 
|  63|0x00000000c5300000, 0x00000000c5300000, 0x00000000c5400000|  0%| F|  |TAMS 0x00000000c5300000, 0x00000000c5300000| Untracked 

Card table byte_map: [0x000000000a510000,0x000000000a710000] _byte_map_base: 0x0000000009f06000

Marking Bits (Prev, Next): (CMBitMap*) 0x00000000005024d0, (CMBitMap*) 0x0000000000502510
 Prev Bits: [0x000000000a910000, 0x000000000b8c0000)
 Next Bits: [0x000000000b8c0000, 0x000000000c870000)

Polling page: 0x0000000000120000

Metaspace:

Usage:
  Non-class:      5.11 MB used.
      Class:    659.51 KB used.
       Both:      5.75 MB used.

Virtual space:
  Non-class space:        8.00 MB reserved,       5.25 MB ( 66%) committed,  1 nodes.
      Class space:        1.00 GB reserved,     832.00 KB ( <1%) committed,  1 nodes.
             Both:        1.01 GB reserved,       6.06 MB ( <1%) committed. 

Chunk freelists:
   Non-Class:  2.44 MB
       Class:  3.14 MB
        Both:  5.58 MB

MaxMetaspaceSize: unlimited
CompressedClassSpaceSize: 1.00 GB
Initial GC threshold: 21.00 MB
Current GC threshold: 21.00 MB
CDS: on
MetaspaceReclaimPolicy: balanced
 - commit_granule_bytes: 65536.
 - commit_granule_words: 8192.
 - virtual_space_node_default_size: 1048576.
 - enlarge_chunks_in_place: 1.
 - new_chunks_are_fully_committed: 0.
 - uncommit_free_chunks: 1.
 - use_allocation_guard: 0.
 - handle_deallocations: 1.


Internal statistics:

num_allocs_failed_limit: 0.
num_arena_births: 398.
num_arena_deaths: 0.
num_vsnodes_births: 2.
num_vsnodes_deaths: 0.
num_space_committed: 97.
num_space_uncommitted: 0.
num_chunks_returned_to_freelist: 0.
num_chunks_taken_from_freelist: 458.
num_chunk_merges: 0.
num_chunk_splits: 322.
num_chunks_enlarged: 199.
num_purges: 0.
num_inconsistent_stats: 0.

CodeHeap 'non-profiled nmethods': size=120000Kb used=433Kb max_used=433Kb free=119566Kb
 bounds [0x0000000016ae0000, 0x0000000016d50000, 0x000000001e010000]
CodeHeap 'profiled nmethods': size=120000Kb used=1502Kb max_used=1502Kb free=118497Kb
 bounds [0x000000000f5b0000, 0x000000000f820000, 0x0000000016ae0000]
CodeHeap 'non-nmethods': size=5760Kb used=1242Kb max_used=1262Kb free=4517Kb
 bounds [0x000000000f010000, 0x000000000f280000, 0x000000000f5b0000]
 total_blobs=1551 nmethods=991 adapters=473
 compilation: enabled
              stopped_count=0, restarted_count=0
 full_count=0

Compilation events (20 events):
Event: 7.622 Thread 0x000000001e21dde0  985       3       java.lang.StringUTF16::checkIndex (9 bytes)
Event: 7.622 Thread 0x000000001e21dde0 nmethod 985 0x000000000f723810 code [0x000000000f7239c0, 0x000000000f723b48]
Event: 7.622 Thread 0x000000001e21dde0  986       3       java.lang.String::checkIndex (48 bytes)
Event: 7.623 Thread 0x000000001e21dde0 nmethod 986 0x000000000f723c90 code [0x000000000f723ee0, 0x000000000f724658]
Event: 7.636 Thread 0x000000001e21dde0  987       3       java.nio.charset.CharsetDecoder::<init> (10 bytes)
Event: 7.636 Thread 0x000000001e21dde0 nmethod 987 0x000000000f724990 code [0x000000000f724b40, 0x000000000f724c88]
Event: 7.636 Thread 0x000000001e21dde0  988       3       java.nio.charset.CharsetDecoder::replaceWith (68 bytes)
Event: 7.637 Thread 0x0000000021b35340 nmethod 982 0x0000000016b4b490 code [0x0000000016b4b660, 0x0000000016b4c128]
Event: 7.637 Thread 0x0000000021b35340  983       4       java.io.WinNTFileSystem::normalize (224 bytes)
Event: 7.637 Thread 0x000000001e21dde0 nmethod 988 0x000000000f724d10 code [0x000000000f724f20, 0x000000000f725578]
Event: 7.638 Thread 0x000000001e21dde0  989       3       java.lang.String::<init> (13 bytes)
Event: 7.640 Thread 0x000000001e21dde0 nmethod 989 0x000000000f725790 code [0x000000000f7259a0, 0x000000000f725f68]
Event: 7.658 Thread 0x000000001e21dde0  990       3       sun.nio.cs.MS1251::newDecoder (14 bytes)
Event: 7.659 Thread 0x000000001e21dde0 nmethod 990 0x000000000f726210 code [0x000000000f7263e0, 0x000000000f726688]
Event: 7.659 Thread 0x000000001e21dde0  991       3       sun.nio.cs.SingleByte$Decoder::implReplaceWith (10 bytes)
Event: 7.660 Thread 0x000000001e21dde0 nmethod 991 0x000000000f726790 code [0x000000000f726980, 0x000000000f726ed8]
Event: 7.660 Thread 0x000000001e21dde0  992       3       java.lang.String::<init> (10 bytes)
Event: 7.661 Thread 0x000000001e21dde0 nmethod 992 0x000000000f727110 code [0x000000000f7272c0, 0x000000000f727408]
Event: 7.661 Thread 0x000000001e21dde0  993       3       java.io.File::getAbsolutePath (8 bytes)
Event: 7.661 Thread 0x000000001e21dde0 nmethod 993 0x000000000f727510 code [0x000000000f7276c0, 0x000000000f727828]

GC Heap History (11 events):
Event: 7.157 GC heap before
{Heap before GC invocations=0 (full 0):
 garbage-first heap   total 65536K, used 13312K [0x00000000c1400000, 0x0000000100000000)
  region size 1024K, 13 young (13312K), 0 survivors (0K)
 Metaspace       used 5632K, committed 5888K, reserved 1056768K
  class space    used 637K, committed 768K, reserved 1048576K
}
Event: 7.179 GC heap after
{Heap after GC invocations=1 (full 0):
 garbage-first heap   total 65536K, used 5025K [0x00000000c1400000, 0x0000000100000000)
  region size 1024K, 2 young (2048K), 2 survivors (2048K)
 Metaspace       used 5632K, committed 5888K, reserved 1056768K
  class space    used 637K, committed 768K, reserved 1048576K
}
Event: 7.320 GC heap before
{Heap before GC invocations=1 (full 0):
 garbage-first heap   total 65536K, used 16289K [0x00000000c1400000, 0x0000000100000000)
  region size 1024K, 13 young (13312K), 2 survivors (2048K)
 Metaspace       used 5750K, committed 6016K, reserved 1056768K
  class space    used 649K, committed 768K, reserved 1048576K
}
Event: 7.334 GC heap after
{Heap after GC invocations=2 (full 0):
 garbage-first heap   total 65536K, used 11835K [0x00000000c1400000, 0x0000000100000000)
  region size 1024K, 2 young (2048K), 2 survivors (2048K)
 Metaspace       used 5750K, committed 6016K, reserved 1056768K
  class space    used 649K, committed 768K, reserved 1048576K
}
Event: 7.411 GC heap before
{Heap before GC invocations=2 (full 0):
 garbage-first heap   total 65536K, used 25147K [0x00000000c1400000, 0x0000000100000000)
  region size 1024K, 15 young (15360K), 2 survivors (2048K)
 Metaspace       used 5792K, committed 6080K, reserved 1056768K
  class space    used 650K, committed 768K, reserved 1048576K
}
Event: 7.419 GC heap after
{Heap after GC invocations=3 (full 0):
 garbage-first heap   total 65536K, used 19192K [0x00000000c1400000, 0x0000000100000000)
  region size 1024K, 2 young (2048K), 2 survivors (2048K)
 Metaspace       used 5792K, committed 6080K, reserved 1056768K
  class space    used 650K, committed 768K, reserved 1048576K
}
Event: 7.522 GC heap before
{Heap before GC invocations=3 (full 0):
 garbage-first heap   total 65536K, used 33528K [0x00000000c1400000, 0x0000000100000000)
  region size 1024K, 16 young (16384K), 2 survivors (2048K)
 Metaspace       used 5871K, committed 6208K, reserved 1056768K
  class space    used 659K, committed 832K, reserved 1048576K
}
Event: 7.531 GC heap after
{Heap after GC invocations=4 (full 0):
 garbage-first heap   total 65536K, used 26573K [0x00000000c1400000, 0x0000000100000000)
  region size 1024K, 2 young (2048K), 2 survivors (2048K)
 Metaspace       used 5871K, committed 6208K, reserved 1056768K
  class space    used 659K, committed 832K, reserved 1048576K
}
Event: 7.603 GC heap before
{Heap before GC invocations=4 (full 0):
 garbage-first heap   total 65536K, used 38861K [0x00000000c1400000, 0x0000000100000000)
  region size 1024K, 14 young (14336K), 2 survivors (2048K)
 Metaspace       used 5889K, committed 6208K, reserved 1056768K
  class space    used 659K, committed 832K, reserved 1048576K
}
Event: 7.612 GC heap after
{Heap after GC invocations=5 (full 0):
 garbage-first heap   total 65536K, used 33106K [0x00000000c1400000, 0x0000000100000000)
  region size 1024K, 2 young (2048K), 2 survivors (2048K)
 Metaspace       used 5889K, committed 6208K, reserved 1056768K
  class space    used 659K, committed 832K, reserved 1048576K
}
Event: 7.674 GC heap before
{Heap before GC invocations=5 (full 0):
 garbage-first heap   total 65536K, used 43346K [0x00000000c1400000, 0x0000000100000000)
  region size 1024K, 12 young (12288K), 2 survivors (2048K)
 Metaspace       used 5892K, committed 6208K, reserved 1056768K
  class space    used 659K, committed 832K, reserved 1048576K
}

Deoptimization events (20 events):
Event: 7.531 Thread 0x0000000020447740 DEOPT PACKING pc=0x0000000016b46780 sp=0x000000002107e440
Event: 7.531 Thread 0x0000000020447740 DEOPT UNPACKING pc=0x000000000f0623a3 sp=0x000000002107e2a0 mode 2
Event: 7.531 Thread 0x0000000020447740 Uncommon trap: trap_request=0xffffff45 fr.pc=0x0000000016b359e4 relative=0x0000000000000424
Event: 7.531 Thread 0x0000000020447740 Uncommon trap: reason=unstable_if action=reinterpret pc=0x0000000016b359e4 method=java.lang.Module.getLayer()Ljava/lang/ModuleLayer; @ 13 c2
Event: 7.531 Thread 0x0000000020447740 DEOPT PACKING pc=0x0000000016b359e4 sp=0x000000002107e3d0
Event: 7.531 Thread 0x0000000020447740 DEOPT UNPACKING pc=0x000000000f0623a3 sp=0x000000002107e298 mode 2
Event: 7.543 Thread 0x00000000203f6fd0 DEOPT PACKING pc=0x000000000f719d22 sp=0x0000000020152f10
Event: 7.543 Thread 0x00000000203f6fd0 DEOPT UNPACKING pc=0x000000000f062b43 sp=0x00000000201523c0 mode 0
Event: 7.557 Thread 0x00000000203f6fd0 DEOPT PACKING pc=0x000000000f719cfc sp=0x0000000020151cb0
Event: 7.557 Thread 0x00000000203f6fd0 DEOPT UNPACKING pc=0x000000000f062b43 sp=0x0000000020151160 mode 0
Event: 7.571 Thread 0x0000000020447740 DEOPT PACKING pc=0x000000000f719d22 sp=0x00000000210732b0
Event: 7.571 Thread 0x0000000020447740 DEOPT UNPACKING pc=0x000000000f062b43 sp=0x0000000021072760 mode 0
Event: 7.590 Thread 0x0000000020447740 DEOPT PACKING pc=0x000000000f719cfc sp=0x00000000210701b0
Event: 7.590 Thread 0x0000000020447740 DEOPT UNPACKING pc=0x000000000f062b43 sp=0x000000002106f660 mode 0
Event: 7.613 Thread 0x00000000203f6fd0 DEOPT PACKING pc=0x000000000f719cfc sp=0x000000002014f1d0
Event: 7.613 Thread 0x00000000203f6fd0 DEOPT UNPACKING pc=0x000000000f062b43 sp=0x000000002014e680 mode 0
Event: 7.620 Thread 0x0000000020447740 DEOPT PACKING pc=0x000000000f703d4b sp=0x000000002106cdb0
Event: 7.620 Thread 0x0000000020447740 DEOPT UNPACKING pc=0x000000000f062b43 sp=0x000000002106c2d0 mode 0
Event: 7.624 Thread 0x0000000020447740 DEOPT PACKING pc=0x000000000f719d22 sp=0x000000002106ca90
Event: 7.624 Thread 0x0000000020447740 DEOPT UNPACKING pc=0x000000000f062b43 sp=0x000000002106bf40 mode 0

Classes unloaded (0 events):
No events

Classes redefined (0 events):
No events

Internal exceptions (20 events):
Event: 7.627 Thread 0x00000000203f6fd0 Exception <a 'java/io/IOException'{0x00000000c518b088}> (0x00000000c518b088) 
thrown [t:\workspace\open\src\hotspot\share\prims\jni.cpp, line 516]
Event: 7.628 Thread 0x0000000020447740 Exception <a 'java/io/IOException'{0x00000000c51e0f58}> (0x00000000c51e0f58) 
thrown [t:\workspace\open\src\hotspot\share\prims\jni.cpp, line 516]
Event: 7.631 Thread 0x0000000020447740 Exception <a 'java/io/IOException'{0x00000000c507aae8}> (0x00000000c507aae8) 
thrown [t:\workspace\open\src\hotspot\share\prims\jni.cpp, line 516]
Event: 7.632 Thread 0x00000000203f6fd0 Exception <a 'java/io/IOException'{0x00000000c508cc78}> (0x00000000c508cc78) 
thrown [t:\workspace\open\src\hotspot\share\prims\jni.cpp, line 516]
Event: 7.633 Thread 0x0000000020447740 Exception <a 'java/io/IOException'{0x00000000c50de210}> (0x00000000c50de210) 
thrown [t:\workspace\open\src\hotspot\share\prims\jni.cpp, line 516]
Event: 7.637 Thread 0x00000000203f6fd0 Exception <a 'java/io/IOException'{0x00000000c4f830b8}> (0x00000000c4f830b8) 
thrown [t:\workspace\open\src\hotspot\share\prims\jni.cpp, line 516]
Event: 7.639 Thread 0x0000000020447740 Exception <a 'java/io/IOException'{0x00000000c4f856c0}> (0x00000000c4f856c0) 
thrown [t:\workspace\open\src\hotspot\share\prims\jni.cpp, line 516]
Event: 7.642 Thread 0x0000000020447740 Exception <a 'java/io/IOException'{0x00000000c4ff6198}> (0x00000000c4ff6198) 
thrown [t:\workspace\open\src\hotspot\share\prims\jni.cpp, line 516]
Event: 7.645 Thread 0x00000000203f6fd0 Exception <a 'java/io/IOException'{0x00000000c4e8fc08}> (0x00000000c4e8fc08) 
thrown [t:\workspace\open\src\hotspot\share\prims\jni.cpp, line 516]
Event: 7.651 Thread 0x00000000203f6fd0 Exception <a 'java/io/IOException'{0x00000000c4d287e0}> (0x00000000c4d287e0) 
thrown [t:\workspace\open\src\hotspot\share\prims\jni.cpp, line 516]
Event: 7.655 Thread 0x0000000020447740 Exception <a 'java/io/IOException'{0x00000000c4eb3650}> (0x00000000c4eb3650) 
thrown [t:\workspace\open\src\hotspot\share\prims\jni.cpp, line 516]
Event: 7.658 Thread 0x0000000020447740 Exception <a 'java/io/IOException'{0x00000000c4de0fd0}> (0x00000000c4de0fd0) 
thrown [t:\workspace\open\src\hotspot\share\prims\jni.cpp, line 516]
Event: 7.660 Thread 0x0000000020447740 Exception <a 'java/io/IOException'{0x00000000c4c3d1c8}> (0x00000000c4c3d1c8) 
thrown [t:\workspace\open\src\hotspot\share\prims\jni.cpp, line 516]
Event: 7.661 Thread 0x00000000203f6fd0 Exception <a 'java/io/IOException'{0x00000000c4defd80}> (0x00000000c4defd80) 
thrown [t:\workspace\open\src\hotspot\share\prims\jni.cpp, line 516]
Event: 7.663 Thread 0x0000000020447740 Exception <a 'java/io/IOException'{0x00000000c4ca73e0}> (0x00000000c4ca73e0) 
thrown [t:\workspace\open\src\hotspot\share\prims\jni.cpp, line 516]
Event: 7.666 Thread 0x0000000020447740 Exception <a 'java/io/IOException'{0x00000000c4b50b38}> (0x00000000c4b50b38) 
thrown [t:\workspace\open\src\hotspot\share\prims\jni.cpp, line 516]
Event: 7.666 Thread 0x00000000203f6fd0 Exception <a 'java/io/IOException'{0x00000000c4b210f8}> (0x00000000c4b210f8) 
thrown [t:\workspace\open\src\hotspot\share\prims\jni.cpp, line 516]
Event: 7.669 Thread 0x0000000020447740 Exception <a 'java/io/IOException'{0x00000000c4bbcdb8}> (0x00000000c4bbcdb8) 
thrown [t:\workspace\open\src\hotspot\share\prims\jni.cpp, line 516]
Event: 7.671 Thread 0x00000000203f6fd0 Exception <a 'java/io/IOException'{0x00000000c4a17348}> (0x00000000c4a17348) 
thrown [t:\workspace\open\src\hotspot\share\prims\jni.cpp, line 516]
Event: 7.672 Thread 0x0000000020447740 Exception <a 'java/io/IOException'{0x00000000c4a61bd0}> (0x00000000c4a61bd0) 
thrown [t:\workspace\open\src\hotspot\share\prims\jni.cpp, line 516]

VM Operations (20 events):
Event: 1.560 Executing VM operation: HandshakeAllThreads done
Event: 2.560 Executing VM operation: Cleanup
Event: 2.560 Executing VM operation: Cleanup done
Event: 4.560 Executing VM operation: Cleanup
Event: 4.571 Executing VM operation: Cleanup done
Event: 6.571 Executing VM operation: Cleanup
Event: 6.673 Executing VM operation: Cleanup done
Event: 6.994 Executing VM operation: HandshakeAllThreads
Event: 6.994 Executing VM operation: HandshakeAllThreads done
Event: 7.037 Executing VM operation: G1CollectForAllocation
Event: 7.182 Executing VM operation: G1CollectForAllocation done
Event: 7.308 Executing VM operation: G1CollectForAllocation
Event: 7.334 Executing VM operation: G1CollectForAllocation done
Event: 7.410 Executing VM operation: G1CollectForAllocation
Event: 7.419 Executing VM operation: G1CollectForAllocation done
Event: 7.511 Executing VM operation: G1CollectForAllocation
Event: 7.531 Executing VM operation: G1CollectForAllocation done
Event: 7.603 Executing VM operation: G1CollectForAllocation
Event: 7.612 Executing VM operation: G1CollectForAllocation done
Event: 7.674 Executing VM operation: G1CollectForAllocation

Events (20 events):
Event: 7.480 loading class javax/swing/plaf/ComponentInputMapUIResource done
Event: 7.480 loading class javax/swing/plaf/basic/BasicRootPaneUI$RootPaneInputMap done
Event: 7.481 loading class javax/swing/plaf/InputMapUIResource
Event: 7.481 loading class javax/swing/plaf/InputMapUIResource done
Event: 7.482 loading class java/awt/VKCollection
Event: 7.483 loading class java/awt/VKCollection done
Event: 7.483 loading class java/awt/event/KeyEvent
Event: 7.483 loading class java/awt/event/KeyEvent done
Event: 7.485 loading class java/awt/event/KeyEvent$1
Event: 7.485 loading class sun/awt/AWTAccessor$KeyEventAccessor
Event: 7.485 loading class sun/awt/AWTAccessor$KeyEventAccessor done
Event: 7.485 loading class java/awt/event/KeyEvent$1 done
Event: 7.485 loading class jdk/internal/reflect/UnsafeQualifiedStaticIntegerFieldAccessorImpl
Event: 7.491 loading class jdk/internal/reflect/UnsafeQualifiedStaticIntegerFieldAccessorImpl done
Event: 7.491 loading class javax/swing/plaf/basic/LazyActionMap
Event: 7.511 loading class javax/swing/plaf/ActionMapUIResource
Event: 7.521 loading class javax/swing/ActionMap
Event: 7.521 loading class javax/swing/ActionMap done
Event: 7.521 loading class javax/swing/plaf/ActionMapUIResource done
Event: 7.521 loading class javax/swing/plaf/basic/LazyActionMap done


Dynamic libraries:
0x000000013fbf0000 - 0x000000013fc00000 	C:\Program Files\Java\jdk-17.0.1\bin\java.exe
0x00000000775f0000 - 0x0000000077799000 	C:\Windows\SYSTEM32\ntdll.dll
0x00000000773d0000 - 0x00000000774ef000 	C:\Windows\system32\kernel32.dll
0x000007fefd750000 - 0x000007fefd7bb000 	C:\Windows\system32\KERNELBASE.dll
0x000007fefad40000 - 0x000007fefad58000 	C:\Program Files\Java\jdk-17.0.1\bin\jli.dll
0x000007fefef10000 - 0x000007fefefeb000 	C:\Windows\system32\ADVAPI32.dll
0x000007feff3a0000 - 0x000007feff43f000 	C:\Windows\system32\msvcrt.dll
0x000007fefed80000 - 0x000007fefed9f000 	C:\Windows\SYSTEM32\sechost.dll
0x000007feff720000 - 0x000007feff84d000 	C:\Windows\system32\RPCRT4.dll
0x000007fefc7b0000 - 0x000007fefc9a4000 	C:\Windows\WinSxS\amd64_microsoft.windows.common-controls_6595b64144ccf1df_6.0.7601.17514_none_fa396087175ac9ac\COMCTL32.dll
0x000007fefebf0000 - 0x000007fefec57000 	C:\Windows\system32\GDI32.dll
0x00000000774f0000 - 0x00000000775ea000 	C:\Windows\system32\USER32.dll
0x000007fefdb40000 - 0x000007fefdb4e000 	C:\Windows\system32\LPK.dll
0x000007fefee40000 - 0x000007fefef09000 	C:\Windows\system32\USP10.dll
0x000007fefec60000 - 0x000007fefecd1000 	C:\Windows\system32\SHLWAPI.dll
0x000007fefd350000 - 0x000007fefd35c000 	C:\Windows\system32\VERSION.dll
0x000007fefad20000 - 0x000007fefad3a000 	C:\Program Files\Java\jdk-17.0.1\bin\VCRUNTIME140.dll
0x000007fefadb0000 - 0x000007fefadb4000 	C:\Program Files\Java\jdk-17.0.1\bin\api-ms-win-crt-runtime-l1-1-0.dll
0x000007fed0150000 - 0x000007fed024a000 	C:\Program Files\Java\jdk-17.0.1\bin\ucrtbase.DLL
0x000007fefad80000 - 0x000007fefad83000 	C:\Program Files\Java\jdk-17.0.1\bin\api-ms-win-core-localization-l1-2-0.dll
0x000007fefad90000 - 0x000007fefad93000 	C:\Program Files\Java\jdk-17.0.1\bin\api-ms-win-core-processthreads-l1-1-1.dll
0x000007fed1900000 - 0x000007fed1903000 	C:\Program Files\Java\jdk-17.0.1\bin\api-ms-win-core-file-l1-2-0.dll
0x000007fed2080000 - 0x000007fed2083000 	C:\Program Files\Java\jdk-17.0.1\bin\api-ms-win-core-timezone-l1-1-0.dll
0x000007fed15c0000 - 0x000007fed15c3000 	C:\Program Files\Java\jdk-17.0.1\bin\api-ms-win-core-file-l2-1-0.dll
0x000007fed15d0000 - 0x000007fed15d3000 	C:\Program Files\Java\jdk-17.0.1\bin\api-ms-win-core-synch-l1-2-0.dll
0x000007fefad60000 - 0x000007fefad63000 	C:\Program Files\Java\jdk-17.0.1\bin\api-ms-win-crt-heap-l1-1-0.dll
0x000007fefad00000 - 0x000007fefad04000 	C:\Program Files\Java\jdk-17.0.1\bin\api-ms-win-crt-string-l1-1-0.dll
0x000007fefad10000 - 0x000007fefad14000 	C:\Program Files\Java\jdk-17.0.1\bin\api-ms-win-crt-stdio-l1-1-0.dll
0x000007feface0000 - 0x000007feface4000 	C:\Program Files\Java\jdk-17.0.1\bin\api-ms-win-crt-convert-l1-1-0.dll
0x000007fee4830000 - 0x000007fee4833000 	C:\Program Files\Java\jdk-17.0.1\bin\api-ms-win-crt-environment-l1-1-0.dll
0x000007feef8e0000 - 0x000007feef8e3000 	C:\Program Files\Java\jdk-17.0.1\bin\api-ms-win-crt-filesystem-l1-1-0.dll
0x000007fef97d0000 - 0x000007fef97d5000 	C:\Program Files\Java\jdk-17.0.1\bin\api-ms-win-crt-math-l1-1-0.dll
0x000007fee39f0000 - 0x000007fee39f3000 	C:\Program Files\Java\jdk-17.0.1\bin\api-ms-win-crt-locale-l1-1-0.dll
0x000007feff440000 - 0x000007feff46e000 	C:\Windows\system32\IMM32.DLL
0x000007fefdb50000 - 0x000007fefdc59000 	C:\Windows\system32\MSCTF.dll
0x000007fefd360000 - 0x000007fefd391000 	C:\Windows\system32\nvinitx.dll
0x000000000f000000 - 0x000000000f006000 	C:\Program Files\NVIDIA Corporation\CoProcManager\detoured.dll
0x000007fefa700000 - 0x000007fefa731000 	C:\Program Files\NVIDIA Corporation\CoProcManager\nvd3d9wrapx.dll
0x000007fefea10000 - 0x000007fefebe7000 	C:\Windows\system32\SETUPAPI.dll
0x000007fefd470000 - 0x000007fefd4a6000 	C:\Windows\system32\CFGMGR32.dll
0x000007feff080000 - 0x000007feff157000 	C:\Windows\system32\OLEAUT32.dll
0x000007fefd7d0000 - 0x000007fefd9d3000 	C:\Windows\system32\ole32.dll
0x000007fefd450000 - 0x000007fefd46a000 	C:\Windows\system32\DEVOBJ.dll
0x000007fefa6d0000 - 0x000007fefa6f2000 	C:\Program Files\NVIDIA Corporation\CoProcManager\nvdxgiwrapx.dll
0x000007fefacf0000 - 0x000007fefacfc000 	C:\Program Files\Java\jdk-17.0.1\bin\vcruntime140_1.dll
0x000007fed1a30000 - 0x000007fed1abd000 	C:\Program Files\Java\jdk-17.0.1\bin\msvcp140.dll
0x000007fee3bc0000 - 0x000007fee3bc3000 	C:\Program Files\Java\jdk-17.0.1\bin\api-ms-win-crt-time-l1-1-0.dll
0x000007fefacd0000 - 0x000007fefacd3000 	C:\Program Files\Java\jdk-17.0.1\bin\api-ms-win-crt-utility-l1-1-0.dll
0x000007fecd760000 - 0x000007fece31e000 	C:\Program Files\Java\jdk-17.0.1\bin\server\jvm.dll
0x000007fefad70000 - 0x000007fefad79000 	C:\Windows\system32\WSOCK32.dll
0x000007feff8b0000 - 0x000007feff8fd000 	C:\Windows\system32\WS2_32.dll
0x000007feff070000 - 0x000007feff078000 	C:\Windows\system32\NSI.dll
0x000007fefa690000 - 0x000007fefa6cb000 	C:\Windows\system32\WINMM.dll
0x00000000777b0000 - 0x00000000777b7000 	C:\Windows\system32\PSAPI.DLL
0x000007fee3bd0000 - 0x000007fee3bda000 	C:\Program Files\Java\jdk-17.0.1\bin\jimage.dll
0x000007fef6b20000 - 0x000007fef6c45000 	C:\Windows\system32\DBGHELP.DLL
0x000007fee3b20000 - 0x000007fee3b45000 	C:\Program Files\Java\jdk-17.0.1\bin\java.dll
0x000007fee3a40000 - 0x000007fee3b16000 	C:\Program Files\Java\jdk-17.0.1\bin\svml.dll
0x000007fefdc80000 - 0x000007fefea08000 	C:\Windows\system32\SHELL32.dll
0x000007fefd3a0000 - 0x000007fefd3af000 	C:\Windows\system32\profapi.dll
0x000007fee0120000 - 0x000007fee0139000 	C:\Program Files\Java\jdk-17.0.1\bin\net.dll
0x000007fef5df0000 - 0x000007fef5e61000 	C:\Windows\system32\WINHTTP.dll
0x000007fef5d80000 - 0x000007fef5de5000 	C:\Windows\system32\webio.dll
0x000007fefcbc0000 - 0x000007fefcc15000 	C:\Windows\system32\mswsock.dll
0x000007fefcbb0000 - 0x000007fefcbb7000 	C:\Windows\System32\wship6.dll
0x000007fee3950000 - 0x000007fee3965000 	C:\Program Files\Java\jdk-17.0.1\bin\nio.dll
0x000007fedfe40000 - 0x000007fedfe58000 	C:\Program Files\Java\jdk-17.0.1\bin\zip.dll
0x000007fed1630000 - 0x000007fed17bf000 	C:\Program Files\Java\jdk-17.0.1\bin\awt.dll
0x000007fefb960000 - 0x000007fefb9b6000 	C:\Windows\system32\uxtheme.dll
0x000007fefb580000 - 0x000007fefb598000 	C:\Windows\system32\dwmapi.dll
0x000007fefd280000 - 0x000007fefd28f000 	C:\Windows\system32\CRYPTBASE.dll
0x000007fed03c0000 - 0x000007fed04dd000 	C:\Windows\system32\opengl32.dll
0x000007fed2090000 - 0x000007fed20bd000 	C:\Windows\system32\GLU32.dll
0x000007fee46d0000 - 0x000007fee47c1000 	C:\Windows\system32\DDRAW.dll
0x000007fee46c0000 - 0x000007fee46c8000 	C:\Windows\system32\DCIMAN32.dll
0x000007fed19a0000 - 0x000007fed1a29000 	C:\Program Files\Java\jdk-17.0.1\bin\freetype.dll
0x000007fecfd70000 - 0x000007fecfe18000 	C:\Program Files\Java\jdk-17.0.1\bin\fontmanager.dll

dbghelp: loaded successfully - version: 4.0.5 - missing functions: none
symbol engine: initialized successfully - sym options: 0x614 - pdb path: .;C:\Program Files\Java\jdk-17.0.1\bin;C:\Windows\SYSTEM32;C:\Windows\WinSxS\amd64_microsoft.windows.common-controls_6595b64144ccf1df_6.0.7601.17514_none_fa396087175ac9ac;C:\Program Files\NVIDIA Corporation\CoProcManager;C:\Program Files\Java\jdk-17.0.1\bin\server

VM Arguments:
jvm_args: -Dfile.encoding=UTF-8 --module-path=C:\_bmv\nb-learn\java\GUI-for-some-projects\build\classes 
java_command: gui.pkgfor.some.projects.GUIForSomeProjects
java_class_path (initial): C:\_bmv\doc\java_examples\poi-bin-5.1.0-20211024\poi-bin-5.1.0;C:\_bmv\doc\java_examples\poi-bin-5.1.0-20211024\poi-bin-5.1.0\poi-5.1.0.jar;C:\Program Files\NetBeans-12.6\netbeans\enterprise\modules\ext\jakarta.jakartaee-api-9.0.0.jar;C:\_bmv\nb-learn\java\GUI-for-some-projects\build\classes
Launcher Type: SUN_STANDARD

[Global flags]
     intx CICompilerCount                          = 3                                         {product} {ergonomic}
     uint ConcGCThreads                            = 1                                         {product} {ergonomic}
     uint G1ConcRefinementThreads                  = 4                                         {product} {ergonomic}
   size_t G1HeapRegionSize                         = 1048576                                   {product} {ergonomic}
    uintx GCDrainStackTargetSize                   = 64                                        {product} {ergonomic}
   size_t InitialHeapSize                          = 67108864                                  {product} {ergonomic}
   size_t MarkStackSize                            = 4194304                                   {product} {ergonomic}
   size_t MaxHeapSize                              = 1052770304                                {product} {ergonomic}
   size_t MaxNewSize                               = 631242752                                 {product} {ergonomic}
   size_t MinHeapDeltaBytes                        = 1048576                                   {product} {ergonomic}
   size_t MinHeapSize                              = 8388608                                   {product} {ergonomic}
    uintx NonNMethodCodeHeapSize                   = 5832780                                {pd product} {ergonomic}
    uintx NonProfiledCodeHeapSize                  = 122912730                              {pd product} {ergonomic}
    uintx ProfiledCodeHeapSize                     = 122912730                              {pd product} {ergonomic}
    uintx ReservedCodeCacheSize                    = 251658240                              {pd product} {ergonomic}
     bool SegmentedCodeCache                       = true                                      {product} {ergonomic}
   size_t SoftMaxHeapSize                          = 1052770304                             {manageable} {ergonomic}
     bool UseCompressedClassPointers               = true                           {product lp64_product} {ergonomic}
     bool UseCompressedOops                        = true                           {product lp64_product} {ergonomic}
     bool UseG1GC                                  = true                                      {product} {ergonomic}
     bool UseLargePagesIndividualAllocation        = false                                  {pd product} {ergonomic}

Logging:
Log output configuration:
 #0: stdout all=warning uptime,level,tags
 #1: stderr all=off uptime,level,tags

Environment Variables:
PATH=C:\Program Files\Common Files\Oracle\Java\javapath;C:\Program Files (x86)\Common Files\Oracle\Java\javapath;C:\ProgramData\Oracle\Java\javapath;C:\Windows\system32;C:\Windows;C:\Windows\System32\Wbem;C:\Windows\System32\WindowsPowerShell\v1.0\;C:\Program Files (x86)\NVIDIA Corporation\PhysX\Common;C:\Program Files\LLVM\bin
USERNAME=Администратор
OS=Windows_NT
PROCESSOR_IDENTIFIER=Intel64 Family 6 Model 42 Stepping 7, GenuineIntel



---------------  S Y S T E M  ---------------

OS:
 Windows 7 , 64 bit Build 7601 (6.1.7601.18229)
OS uptime: 6 days 19:03 hours

CPU: total 4 (initial active 4) (2 cores per cpu, 2 threads per core) family 6 model 42 stepping 7 microcode 0x0, cx8, cmov, fxsr, ht, mmx, sse, sse2, sse3, ssse3, sse4.1, sse4.2, popcnt, tsc, tscinvbit, avx, clmul, vzeroupper, clflush

Memory: 4k page, system-wide physical 4009M (848M free)
TotalPageFile size 7007M (AvailPageFile size 30M)
current process WorkingSet (physical memory assigned to process): 107M, peak: 107M
current process commit charge ("private bytes"): 161M, peak: 222M

vm_info: Java HotSpot(TM) 64-Bit Server VM (17.0.1+12-LTS-39) for windows-amd64 JRE (17.0.1+12-LTS-39), built on Sep 27 2021 18:41:35 by "mach5one" with MS VC++ 16.8 (VS2019)

END.
