#
# There is insufficient memory for the Java Runtime Environment to continue.
# Native memory allocation (mmap) failed to map 3588096 bytes for G1 virtual space
# Possible reasons:
#   The system is out of physical RAM or swap space
#   The process is running with CompressedOops enabled, and the Java Heap may be blocking the growth of the native heap
# Possible solutions:
#   Reduce memory load on the system
#   Increase physical memory or swap space
#   Check if swap backing store is full
#   Decrease Java heap size (-Xmx/-Xms)
#   Decrease number of Java threads
#   Decrease Java thread stack sizes (-Xss)
#   Set larger code cache with -XX:ReservedCodeCacheSize=
#   JVM is running with Unscaled Compressed Oops mode in which the Java heap is
#     placed in the first 4GB address space. The Java Heap base address is the
#     maximum limit for the native heap growth. Please use -XX:HeapBaseMinAddress
#     to set the Java Heap base and to place the Java Heap above 4GB virtual address.
# This output file may be truncated or incomplete.
#
#  Out of Memory Error (os_windows.cpp:3469), pid=3968, tid=5692
#
# JRE version: Java(TM) SE Runtime Environment (17.0.1+12) (build 17.0.1+12-LTS-39)
# Java VM: Java HotSpot(TM) 64-Bit Server VM (17.0.1+12-LTS-39, mixed mode, sharing, tiered, compressed oops, compressed class ptrs, g1 gc, windows-amd64)
# No core dump will be written. Minidumps are not enabled by default on client versions of Windows
#

---------------  S U M M A R Y ------------

Command Line: -Dfile.encoding=UTF-8 --module-path=C:\_bmv\nb-learn\java\GUI for some projects\build\classes gui.pkgfor.some.projects.GUIForSomeProjects

Host: Intel(R) Core(TM) i3-2330M CPU @ 2.20GHz, 4 cores, 3G,  Windows 7 , 64 bit Build 7601 (6.1.7601.18229)
Time: Tue Nov  2 19:24:41 2021 Северная Центр. Азия (зима) elapsed time: 20.440728 seconds (0d 0h 0m 20s)

---------------  T H R E A D  ---------------

Current thread (0x000000001e0ee500):  VMThread "VM Thread" [stack: 0x000000001e130000,0x000000001e230000] [id=5692]

Stack: [0x000000001e130000,0x000000001e230000]
Native frames: (J=compiled Java code, j=interpreted, Vv=VM code, C=native code)
V  [jvm.dll+0x66fa1a]
V  [jvm.dll+0x7ce5a4]
V  [jvm.dll+0x7cfd4e]
V  [jvm.dll+0x7d03b3]
V  [jvm.dll+0x242b05]
V  [jvm.dll+0x66ca39]
V  [jvm.dll+0x661502]
V  [jvm.dll+0x30081b]
V  [jvm.dll+0x307da6]
V  [jvm.dll+0x357a48]
V  [jvm.dll+0x357c4f]
V  [jvm.dll+0x2d7ad8]
V  [jvm.dll+0x2d5da4]
V  [jvm.dll+0x2d53ac]
V  [jvm.dll+0x318d0b]
V  [jvm.dll+0x7d484b]
V  [jvm.dll+0x7d5584]
V  [jvm.dll+0x7d5a9c]
V  [jvm.dll+0x7d5e74]
V  [jvm.dll+0x7d5f40]
V  [jvm.dll+0x77e91a]
V  [jvm.dll+0x66e845]
C  [ucrtbase.DLL+0x1d912]
C  [kernel32.dll+0x1652d]
C  [ntdll.dll+0x2c541]

VM_Operation (0x0000000020acdb40): G1CollectForAllocation, mode: safepoint, requested by thread 0x000000002018ba60


---------------  P R O C E S S  ---------------

Threads class SMR info:
_java_thread_list=0x0000000022458310, length=18, elements={
0x000000001e0f4d00, 0x000000001e0f95c0, 0x000000001e10e980, 0x000000001e6326b0,
0x000000001e633fb0, 0x000000001e638db0, 0x000000001e639da0, 0x000000001e63a6a0,
0x000000001e6abeb0, 0x000000001e0e1860, 0x000000001ffc80b0, 0x0000000020169250,
0x0000000020169720, 0x0000000020169bf0, 0x000000002018ba60, 0x00000000003e5be0,
0x00000000200cefe0, 0x0000000020315340
}

Java Threads: ( => current thread )
  0x000000001e0f4d00 JavaThread "Reference Handler" daemon [_thread_blocked, id=4124, stack(0x000000001f040000,0x000000001f140000)]
  0x000000001e0f95c0 JavaThread "Finalizer" daemon [_thread_blocked, id=4520, stack(0x000000001f1b0000,0x000000001f2b0000)]
  0x000000001e10e980 JavaThread "Signal Dispatcher" daemon [_thread_blocked, id=2104, stack(0x000000001f3d0000,0x000000001f4d0000)]
  0x000000001e6326b0 JavaThread "Attach Listener" daemon [_thread_blocked, id=3328, stack(0x000000001f4f0000,0x000000001f5f0000)]
  0x000000001e633fb0 JavaThread "Service Thread" daemon [_thread_blocked, id=1624, stack(0x000000001f620000,0x000000001f720000)]
  0x000000001e638db0 JavaThread "Monitor Deflation Thread" daemon [_thread_blocked, id=1640, stack(0x000000001f760000,0x000000001f860000)]
  0x000000001e639da0 JavaThread "C2 CompilerThread0" daemon [_thread_blocked, id=5512, stack(0x000000001f9b0000,0x000000001fab0000)]
  0x000000001e63a6a0 JavaThread "C1 CompilerThread0" daemon [_thread_blocked, id=3848, stack(0x000000001fb40000,0x000000001fc40000)]
  0x000000001e6abeb0 JavaThread "Sweeper thread" daemon [_thread_blocked, id=5152, stack(0x000000001fc90000,0x000000001fd90000)]
  0x000000001e0e1860 JavaThread "Common-Cleaner" daemon [_thread_blocked, id=1952, stack(0x000000001fea0000,0x000000001ffa0000)]
  0x000000001ffc80b0 JavaThread "Notification Thread" daemon [_thread_blocked, id=3472, stack(0x00000000203c0000,0x00000000204c0000)]
  0x0000000020169250 JavaThread "Java2D Disposer" daemon [_thread_blocked, id=2500, stack(0x0000000020610000,0x0000000020710000)]
  0x0000000020169720 JavaThread "AWT-Shutdown" [_thread_blocked, id=1464, stack(0x00000000204e0000,0x00000000205e0000)]
  0x0000000020169bf0 JavaThread "AWT-Windows" daemon [_thread_in_native, id=5992, stack(0x00000000208a0000,0x00000000209a0000)]
  0x000000002018ba60 JavaThread "AWT-EventQueue-0" [_thread_blocked, id=5000, stack(0x00000000209d0000,0x0000000020ad0000)]
  0x00000000003e5be0 JavaThread "DestroyJavaVM" [_thread_blocked, id=4548, stack(0x0000000001c90000,0x0000000001d90000)]
  0x00000000200cefe0 JavaThread "TimerQueue" daemon [_thread_blocked, id=2412, stack(0x0000000022330000,0x0000000022430000)]
  0x0000000020315340 JavaThread "SwingWorker-pool-1-thread-1" daemon [_thread_blocked, id=4460, stack(0x0000000022d50000,0x0000000022e50000)]

Other Threads:
=>0x000000001e0ee500 VMThread "VM Thread" [stack: 0x000000001e130000,0x000000001e230000] [id=5692]
  0x000000001ffc8580 WatcherThread [stack: 0x000000001f2c0000,0x000000001f3c0000] [id=2024]
  0x000000000041a910 GCTaskThread "GC Thread#0" [stack: 0x000000000c7e0000,0x000000000c8e0000] [id=4224]
  0x0000000020082970 GCTaskThread "GC Thread#1" [stack: 0x0000000023170000,0x0000000023270000] [id=4156]
  0x0000000020082c20 GCTaskThread "GC Thread#2" [stack: 0x0000000023c90000,0x0000000023d90000] [id=5872]
  0x000000002013f880 GCTaskThread "GC Thread#3" [stack: 0x00000000232a0000,0x00000000233a0000] [id=5216]
  0x00000000004232a0 ConcurrentGCThread "G1 Main Marker" [stack: 0x000000000c9f0000,0x000000000caf0000] [id=1468]
  0x0000000000423bc0 ConcurrentGCThread "G1 Conc#0" [stack: 0x000000000ccb0000,0x000000000cdb0000] [id=4492]
  0x000000001e030080 ConcurrentGCThread "G1 Refine#0" [stack: 0x000000001e250000,0x000000001e350000] [id=5392]
  0x000000001e6ff5f0 ConcurrentGCThread "G1 Refine#1" [stack: 0x0000000023e40000,0x0000000023f40000] [id=5900]
  0x000000001e767950 ConcurrentGCThread "G1 Refine#2" [stack: 0x0000000022fe0000,0x00000000230e0000] [id=3200]
  0x000000001e032c70 ConcurrentGCThread "G1 Service" [stack: 0x000000001e4b0000,0x000000001e5b0000] [id=452]

Threads with active compile tasks:

VM state: at safepoint (normal execution)

VM Mutex/Monitor currently owned by a thread:  ([mutex/lock_event])
[0x00000000003cc560] Threads_lock - owner thread: 0x000000001e0ee500
[0x00000000003ccb90] Heap_lock - owner thread: 0x000000002018ba60

Heap address: 0x00000000c1400000, size: 1004 MB, Compressed Oops mode: 32-bit

CDS archive(s) mapped at: [0x0000000800000000-0x0000000800bc0000-0x0000000800bc0000), size 12320768, SharedBaseAddress: 0x0000000800000000, ArchiveRelocationMode: 0.
Compressed class space mapped at: 0x0000000800c00000-0x0000000840c00000, reserved size: 1073741824
Narrow klass base: 0x0000000800000000, Narrow klass shift: 0, Narrow klass range: 0x100000000

GC Precious Log:
 CPUs: 4 total, 4 available
 Memory: 4009M
 Large Page Support: Disabled
 NUMA Support: Disabled
 Compressed Oops: Enabled (32-bit)
 Heap Region Size: 1M
 Heap Min Capacity: 8M
 Heap Initial Capacity: 64M
 Heap Max Capacity: 1004M
 Pre-touch: Disabled
 Parallel Workers: 4
 Concurrent Workers: 1
 Concurrent Refinement Workers: 4
 Periodic GC: Disabled

Heap:
 garbage-first heap   total 196608K, used 45568K [0x00000000c1400000, 0x0000000100000000)
  region size 1024K, 1 young (1024K), 1 survivors (1024K)
 Metaspace       used 8422K, committed 8640K, reserved 1064960K
  class space    used 932K, committed 1024K, reserved 1048576K

Heap Regions: E=young(eden), S=young(survivor), O=old, HS=humongous(starts), HC=humongous(continues), CS=collection set, F=free, OA=open archive, CA=closed archive, TAMS=top-at-mark-start (previous, next)
|   0|0x00000000c1400000, 0x00000000c1500000, 0x00000000c1500000|100%| O|  |TAMS 0x00000000c1500000, 0x00000000c1400000| Untracked 
|   1|0x00000000c1500000, 0x00000000c1600000, 0x00000000c1600000|100%| O|  |TAMS 0x00000000c1600000, 0x00000000c1500000| Untracked 
|   2|0x00000000c1600000, 0x00000000c1700000, 0x00000000c1700000|100%| O|  |TAMS 0x00000000c1700000, 0x00000000c1600000| Untracked 
|   3|0x00000000c1700000, 0x00000000c1800000, 0x00000000c1800000|100%| O|  |TAMS 0x00000000c1800000, 0x00000000c1700000| Untracked 
|   4|0x00000000c1800000, 0x00000000c1900000, 0x00000000c1900000|100%|HS|  |TAMS 0x00000000c1800000, 0x00000000c1800000| Complete 
|   5|0x00000000c1900000, 0x00000000c1a00000, 0x00000000c1a00000|100%|HS|  |TAMS 0x00000000c1900000, 0x00000000c1900000| Complete 
|   6|0x00000000c1a00000, 0x00000000c1b00000, 0x00000000c1b00000|100%| O|  |TAMS 0x00000000c1b00000, 0x00000000c1a00000| Untracked 
|   7|0x00000000c1b00000, 0x00000000c1b00000, 0x00000000c1c00000|  0%| F|  |TAMS 0x00000000c1b00000, 0x00000000c1b00000| Untracked 
|   8|0x00000000c1c00000, 0x00000000c1d00000, 0x00000000c1d00000|100%| O|  |TAMS 0x00000000c1d00000, 0x00000000c1c00000| Untracked 
|   9|0x00000000c1d00000, 0x00000000c1e00000, 0x00000000c1e00000|100%| O|  |TAMS 0x00000000c1d00000, 0x00000000c1d00000| Untracked 
|  10|0x00000000c1e00000, 0x00000000c1f00000, 0x00000000c1f00000|100%| O|  |TAMS 0x00000000c1e00000, 0x00000000c1e00000| Untracked 
|  11|0x00000000c1f00000, 0x00000000c2000000, 0x00000000c2000000|100%| O|  |TAMS 0x00000000c1f00000, 0x00000000c1f00000| Untracked 
|  12|0x00000000c2000000, 0x00000000c2100000, 0x00000000c2100000|100%| O|  |TAMS 0x00000000c2000000, 0x00000000c2000000| Untracked 
|  13|0x00000000c2100000, 0x00000000c2200000, 0x00000000c2200000|100%| O|  |TAMS 0x00000000c2100000, 0x00000000c2100000| Untracked 
|  14|0x00000000c2200000, 0x00000000c2300000, 0x00000000c2300000|100%| O|  |TAMS 0x00000000c2200000, 0x00000000c2200000| Untracked 
|  15|0x00000000c2300000, 0x00000000c2400000, 0x00000000c2400000|100%| O|  |TAMS 0x00000000c2300000, 0x00000000c2300000| Untracked 
|  16|0x00000000c2400000, 0x00000000c2500000, 0x00000000c2500000|100%| O|  |TAMS 0x00000000c2400000, 0x00000000c2400000| Untracked 
|  17|0x00000000c2500000, 0x00000000c2600000, 0x00000000c2600000|100%| O|  |TAMS 0x00000000c2500000, 0x00000000c2500000| Untracked 
|  18|0x00000000c2600000, 0x00000000c2700000, 0x00000000c2700000|100%| O|  |TAMS 0x00000000c2600000, 0x00000000c2600000| Untracked 
|  19|0x00000000c2700000, 0x00000000c2800000, 0x00000000c2800000|100%| O|  |TAMS 0x00000000c2700000, 0x00000000c2700000| Untracked 
|  20|0x00000000c2800000, 0x00000000c2900000, 0x00000000c2900000|100%| O|  |TAMS 0x00000000c2800000, 0x00000000c2800000| Untracked 
|  21|0x00000000c2900000, 0x00000000c2a00000, 0x00000000c2a00000|100%| O|  |TAMS 0x00000000c2900000, 0x00000000c2900000| Untracked 
|  22|0x00000000c2a00000, 0x00000000c2b00000, 0x00000000c2b00000|100%| O|  |TAMS 0x00000000c2a00000, 0x00000000c2a00000| Untracked 
|  23|0x00000000c2b00000, 0x00000000c2c00000, 0x00000000c2c00000|100%| O|  |TAMS 0x00000000c2b00000, 0x00000000c2b00000| Untracked 
|  24|0x00000000c2c00000, 0x00000000c2c00000, 0x00000000c2d00000|  0%| F|  |TAMS 0x00000000c2c00000, 0x00000000c2c00000| Untracked 
|  25|0x00000000c2d00000, 0x00000000c2e00000, 0x00000000c2e00000|100%| O|  |TAMS 0x00000000c2d00000, 0x00000000c2d00000| Untracked 
|  26|0x00000000c2e00000, 0x00000000c2e00000, 0x00000000c2f00000|  0%| F|  |TAMS 0x00000000c2e00000, 0x00000000c2e00000| Untracked 
|  27|0x00000000c2f00000, 0x00000000c3000000, 0x00000000c3000000|100%| O|  |TAMS 0x00000000c2f00000, 0x00000000c2f00000| Untracked 
|  28|0x00000000c3000000, 0x00000000c3100000, 0x00000000c3100000|100%| O|  |TAMS 0x00000000c3000000, 0x00000000c3000000| Untracked 
|  29|0x00000000c3100000, 0x00000000c3100000, 0x00000000c3200000|  0%| F|  |TAMS 0x00000000c3100000, 0x00000000c3100000| Untracked 
|  30|0x00000000c3200000, 0x00000000c3300000, 0x00000000c3300000|100%| O|  |TAMS 0x00000000c3300000, 0x00000000c3200000| Untracked 
|  31|0x00000000c3300000, 0x00000000c3300000, 0x00000000c3400000|  0%| F|  |TAMS 0x00000000c3300000, 0x00000000c3300000| Untracked 
|  32|0x00000000c3400000, 0x00000000c3400000, 0x00000000c3500000|  0%| F|  |TAMS 0x00000000c3400000, 0x00000000c3400000| Untracked 
|  33|0x00000000c3500000, 0x00000000c3600000, 0x00000000c3600000|100%| O|  |TAMS 0x00000000c3500000, 0x00000000c3500000| Untracked 
|  34|0x00000000c3600000, 0x00000000c3700000, 0x00000000c3700000|100%| O|  |TAMS 0x00000000c3600000, 0x00000000c3600000| Untracked 
|  35|0x00000000c3700000, 0x00000000c3800000, 0x00000000c3800000|100%| O|  |TAMS 0x00000000c3700000, 0x00000000c3700000| Untracked 
|  36|0x00000000c3800000, 0x00000000c3880000, 0x00000000c3900000| 50%| O|  |TAMS 0x00000000c3800000, 0x00000000c3800000| Untracked 
|  37|0x00000000c3900000, 0x00000000c3900000, 0x00000000c3a00000|  0%| F|  |TAMS 0x00000000c3900000, 0x00000000c3900000| Untracked 
|  38|0x00000000c3a00000, 0x00000000c3a00000, 0x00000000c3b00000|  0%| F|  |TAMS 0x00000000c3a00000, 0x00000000c3a00000| Untracked 
|  39|0x00000000c3b00000, 0x00000000c3b00000, 0x00000000c3c00000|  0%| F|  |TAMS 0x00000000c3b00000, 0x00000000c3b00000| Untracked 
|  40|0x00000000c3c00000, 0x00000000c3c00000, 0x00000000c3d00000|  0%| F|  |TAMS 0x00000000c3c00000, 0x00000000c3c00000| Untracked 
|  41|0x00000000c3d00000, 0x00000000c3d00000, 0x00000000c3e00000|  0%| F|  |TAMS 0x00000000c3d00000, 0x00000000c3d00000| Untracked 
|  42|0x00000000c3e00000, 0x00000000c3e00000, 0x00000000c3f00000|  0%| F|  |TAMS 0x00000000c3e00000, 0x00000000c3e00000| Untracked 
|  43|0x00000000c3f00000, 0x00000000c3f00000, 0x00000000c4000000|  0%| F|  |TAMS 0x00000000c3f00000, 0x00000000c3f00000| Untracked 
|  44|0x00000000c4000000, 0x00000000c4000000, 0x00000000c4100000|  0%| F|  |TAMS 0x00000000c4000000, 0x00000000c4000000| Untracked 
|  45|0x00000000c4100000, 0x00000000c4100000, 0x00000000c4200000|  0%| F|  |TAMS 0x00000000c4100000, 0x00000000c4100000| Untracked 
|  46|0x00000000c4200000, 0x00000000c4200000, 0x00000000c4300000|  0%| F|  |TAMS 0x00000000c4200000, 0x00000000c4200000| Untracked 
|  47|0x00000000c4300000, 0x00000000c4300000, 0x00000000c4400000|  0%| F|  |TAMS 0x00000000c4300000, 0x00000000c4300000| Untracked 
|  48|0x00000000c4400000, 0x00000000c4400000, 0x00000000c4500000|  0%| F|  |TAMS 0x00000000c4400000, 0x00000000c4400000| Untracked 
|  49|0x00000000c4500000, 0x00000000c4500000, 0x00000000c4600000|  0%| F|  |TAMS 0x00000000c4500000, 0x00000000c4500000| Untracked 
|  50|0x00000000c4600000, 0x00000000c4600000, 0x00000000c4700000|  0%| F|  |TAMS 0x00000000c4600000, 0x00000000c4600000| Untracked 
|  51|0x00000000c4700000, 0x00000000c4700000, 0x00000000c4800000|  0%| F|  |TAMS 0x00000000c4700000, 0x00000000c4700000| Untracked 
|  52|0x00000000c4800000, 0x00000000c4800000, 0x00000000c4900000|  0%| F|  |TAMS 0x00000000c4800000, 0x00000000c4800000| Untracked 
|  53|0x00000000c4900000, 0x00000000c4900000, 0x00000000c4a00000|  0%| F|  |TAMS 0x00000000c4900000, 0x00000000c4900000| Untracked 
|  54|0x00000000c4a00000, 0x00000000c4a00000, 0x00000000c4b00000|  0%| F|  |TAMS 0x00000000c4a00000, 0x00000000c4a00000| Untracked 
|  55|0x00000000c4b00000, 0x00000000c4b00000, 0x00000000c4c00000|  0%| F|  |TAMS 0x00000000c4b00000, 0x00000000c4b00000| Untracked 
|  56|0x00000000c4c00000, 0x00000000c4c00000, 0x00000000c4d00000|  0%| F|  |TAMS 0x00000000c4c00000, 0x00000000c4c00000| Untracked 
|  57|0x00000000c4d00000, 0x00000000c4d00000, 0x00000000c4e00000|  0%| F|  |TAMS 0x00000000c4d00000, 0x00000000c4d00000| Untracked 
|  58|0x00000000c4e00000, 0x00000000c4e00000, 0x00000000c4f00000|  0%| F|  |TAMS 0x00000000c4e00000, 0x00000000c4e00000| Untracked 
|  59|0x00000000c4f00000, 0x00000000c4f00000, 0x00000000c5000000|  0%| F|  |TAMS 0x00000000c4f00000, 0x00000000c4f00000| Untracked 
|  60|0x00000000c5000000, 0x00000000c5000000, 0x00000000c5100000|  0%| F|  |TAMS 0x00000000c5000000, 0x00000000c5000000| Untracked 
|  61|0x00000000c5100000, 0x00000000c5100000, 0x00000000c5200000|  0%| F|  |TAMS 0x00000000c5100000, 0x00000000c5100000| Untracked 
|  62|0x00000000c5200000, 0x00000000c5200000, 0x00000000c5300000|  0%| F|  |TAMS 0x00000000c5200000, 0x00000000c5200000| Untracked 
|  63|0x00000000c5300000, 0x00000000c5300000, 0x00000000c5400000|  0%| F|  |TAMS 0x00000000c5300000, 0x00000000c5300000| Untracked 
|  64|0x00000000c5400000, 0x00000000c5400000, 0x00000000c5500000|  0%| F|  |TAMS 0x00000000c5400000, 0x00000000c5400000| Untracked 
|  65|0x00000000c5500000, 0x00000000c5500000, 0x00000000c5600000|  0%| F|  |TAMS 0x00000000c5500000, 0x00000000c5500000| Untracked 
|  66|0x00000000c5600000, 0x00000000c5600000, 0x00000000c5700000|  0%| F|  |TAMS 0x00000000c5600000, 0x00000000c5600000| Untracked 
|  67|0x00000000c5700000, 0x00000000c5700000, 0x00000000c5800000|  0%| F|  |TAMS 0x00000000c5700000, 0x00000000c5700000| Untracked 
|  68|0x00000000c5800000, 0x00000000c5800000, 0x00000000c5900000|  0%| F|  |TAMS 0x00000000c5800000, 0x00000000c5800000| Untracked 
|  69|0x00000000c5900000, 0x00000000c5900000, 0x00000000c5a00000|  0%| F|  |TAMS 0x00000000c5900000, 0x00000000c5900000| Untracked 
|  70|0x00000000c5a00000, 0x00000000c5a00000, 0x00000000c5b00000|  0%| F|  |TAMS 0x00000000c5a00000, 0x00000000c5a00000| Untracked 
|  71|0x00000000c5b00000, 0x00000000c5b00000, 0x00000000c5c00000|  0%| F|  |TAMS 0x00000000c5b00000, 0x00000000c5b00000| Untracked 
|  72|0x00000000c5c00000, 0x00000000c5d00000, 0x00000000c5d00000|100%| O|  |TAMS 0x00000000c5d00000, 0x00000000c5c00000| Untracked 
|  73|0x00000000c5d00000, 0x00000000c5d00000, 0x00000000c5e00000|  0%| F|  |TAMS 0x00000000c5d00000, 0x00000000c5d00000| Untracked 
|  74|0x00000000c5e00000, 0x00000000c5e00000, 0x00000000c5f00000|  0%| F|  |TAMS 0x00000000c5e00000, 0x00000000c5e00000| Untracked 
|  75|0x00000000c5f00000, 0x00000000c5f00000, 0x00000000c6000000|  0%| F|  |TAMS 0x00000000c5f00000, 0x00000000c5f00000| Untracked 
|  76|0x00000000c6000000, 0x00000000c6000000, 0x00000000c6100000|  0%| F|  |TAMS 0x00000000c6000000, 0x00000000c6000000| Untracked 
|  77|0x00000000c6100000, 0x00000000c6100000, 0x00000000c6200000|  0%| F|  |TAMS 0x00000000c6100000, 0x00000000c6100000| Untracked 
|  78|0x00000000c6200000, 0x00000000c6200000, 0x00000000c6300000|  0%| F|  |TAMS 0x00000000c6200000, 0x00000000c6200000| Untracked 
|  79|0x00000000c6300000, 0x00000000c6300000, 0x00000000c6400000|  0%| F|  |TAMS 0x00000000c6300000, 0x00000000c6300000| Untracked 
|  80|0x00000000c6400000, 0x00000000c6400000, 0x00000000c6500000|  0%| F|  |TAMS 0x00000000c6400000, 0x00000000c6400000| Untracked 
|  81|0x00000000c6500000, 0x00000000c6500000, 0x00000000c6600000|  0%| F|  |TAMS 0x00000000c6500000, 0x00000000c6500000| Untracked 
|  82|0x00000000c6600000, 0x00000000c6600000, 0x00000000c6700000|  0%| F|  |TAMS 0x00000000c6600000, 0x00000000c6600000| Untracked 
|  83|0x00000000c6700000, 0x00000000c6700000, 0x00000000c6800000|  0%| F|  |TAMS 0x00000000c6700000, 0x00000000c6700000| Untracked 
|  84|0x00000000c6800000, 0x00000000c6800000, 0x00000000c6900000|  0%| F|  |TAMS 0x00000000c6800000, 0x00000000c6800000| Untracked 
|  85|0x00000000c6900000, 0x00000000c6900000, 0x00000000c6a00000|  0%| F|  |TAMS 0x00000000c6900000, 0x00000000c6900000| Untracked 
|  86|0x00000000c6a00000, 0x00000000c6a00000, 0x00000000c6b00000|  0%| F|  |TAMS 0x00000000c6a00000, 0x00000000c6a00000| Untracked 
|  87|0x00000000c6b00000, 0x00000000c6b00000, 0x00000000c6c00000|  0%| F|  |TAMS 0x00000000c6b00000, 0x00000000c6b00000| Untracked 
|  88|0x00000000c6c00000, 0x00000000c6c00000, 0x00000000c6d00000|  0%| F|  |TAMS 0x00000000c6c00000, 0x00000000c6c00000| Untracked 
|  89|0x00000000c6d00000, 0x00000000c6d00000, 0x00000000c6e00000|  0%| F|  |TAMS 0x00000000c6d00000, 0x00000000c6d00000| Untracked 
|  90|0x00000000c6e00000, 0x00000000c6e00000, 0x00000000c6f00000|  0%| F|  |TAMS 0x00000000c6e00000, 0x00000000c6e00000| Untracked 
|  91|0x00000000c6f00000, 0x00000000c6f00000, 0x00000000c7000000|  0%| F|  |TAMS 0x00000000c6f00000, 0x00000000c6f00000| Untracked 
|  92|0x00000000c7000000, 0x00000000c7000000, 0x00000000c7100000|  0%| F|  |TAMS 0x00000000c7000000, 0x00000000c7000000| Untracked 
|  93|0x00000000c7100000, 0x00000000c7100000, 0x00000000c7200000|  0%| F|  |TAMS 0x00000000c7100000, 0x00000000c7100000| Untracked 
|  94|0x00000000c7200000, 0x00000000c7200000, 0x00000000c7300000|  0%| F|  |TAMS 0x00000000c7200000, 0x00000000c7200000| Untracked 
|  95|0x00000000c7300000, 0x00000000c7300000, 0x00000000c7400000|  0%| F|  |TAMS 0x00000000c7300000, 0x00000000c7300000| Untracked 
|  96|0x00000000c7400000, 0x00000000c7400000, 0x00000000c7500000|  0%| F|  |TAMS 0x00000000c7400000, 0x00000000c7400000| Untracked 
|  97|0x00000000c7500000, 0x00000000c7500000, 0x00000000c7600000|  0%| F|  |TAMS 0x00000000c7500000, 0x00000000c7500000| Untracked 
|  98|0x00000000c7600000, 0x00000000c7600000, 0x00000000c7700000|  0%| F|  |TAMS 0x00000000c7600000, 0x00000000c7600000| Untracked 
|  99|0x00000000c7700000, 0x00000000c7700000, 0x00000000c7800000|  0%| F|  |TAMS 0x00000000c7700000, 0x00000000c7700000| Untracked 
| 100|0x00000000c7800000, 0x00000000c7800000, 0x00000000c7900000|  0%| F|  |TAMS 0x00000000c7800000, 0x00000000c7800000| Untracked 
| 101|0x00000000c7900000, 0x00000000c7900000, 0x00000000c7a00000|  0%| F|  |TAMS 0x00000000c7900000, 0x00000000c7900000| Untracked 
| 102|0x00000000c7a00000, 0x00000000c7a00000, 0x00000000c7b00000|  0%| F|  |TAMS 0x00000000c7a00000, 0x00000000c7a00000| Untracked 
| 103|0x00000000c7b00000, 0x00000000c7b00000, 0x00000000c7c00000|  0%| F|  |TAMS 0x00000000c7b00000, 0x00000000c7b00000| Untracked 
| 104|0x00000000c7c00000, 0x00000000c7d00000, 0x00000000c7d00000|100%| O|  |TAMS 0x00000000c7c56000, 0x00000000c7c00000| Untracked 
| 105|0x00000000c7d00000, 0x00000000c7e00000, 0x00000000c7e00000|100%| O|  |TAMS 0x00000000c7d00000, 0x00000000c7d00000| Untracked 
| 106|0x00000000c7e00000, 0x00000000c7f00000, 0x00000000c7f00000|100%| O|  |TAMS 0x00000000c7e00000, 0x00000000c7e00000| Untracked 
| 107|0x00000000c7f00000, 0x00000000c8000000, 0x00000000c8000000|100%| O|  |TAMS 0x00000000c7f00000, 0x00000000c7f00000| Untracked 
| 108|0x00000000c8000000, 0x00000000c8100000, 0x00000000c8100000|100%| O|  |TAMS 0x00000000c8000000, 0x00000000c8000000| Untracked 
| 109|0x00000000c8100000, 0x00000000c8200000, 0x00000000c8200000|100%| O|  |TAMS 0x00000000c8100000, 0x00000000c8100000| Untracked 
| 110|0x00000000c8200000, 0x00000000c8300000, 0x00000000c8300000|100%| O|  |TAMS 0x00000000c8200000, 0x00000000c8200000| Untracked 
| 111|0x00000000c8300000, 0x00000000c8400000, 0x00000000c8400000|100%| O|  |TAMS 0x00000000c8300000, 0x00000000c8300000| Untracked 
| 112|0x00000000c8400000, 0x00000000c8500000, 0x00000000c8500000|100%| O|  |TAMS 0x00000000c8400000, 0x00000000c8400000| Untracked 
| 113|0x00000000c8500000, 0x00000000c8600000, 0x00000000c8600000|100%|HS|  |TAMS 0x00000000c8500000, 0x00000000c8500000| Complete 
| 114|0x00000000c8600000, 0x00000000c8700000, 0x00000000c8700000|100%|HS|  |TAMS 0x00000000c8600000, 0x00000000c8600000| Complete 
| 115|0x00000000c8700000, 0x00000000c8800000, 0x00000000c8800000|100%|HS|  |TAMS 0x00000000c8700000, 0x00000000c8700000| Complete 
| 116|0x00000000c8800000, 0x00000000c8800000, 0x00000000c8900000|  0%| F|  |TAMS 0x00000000c8800000, 0x00000000c8800000| Untracked 
| 117|0x00000000c8900000, 0x00000000c8900000, 0x00000000c8a00000|  0%| F|  |TAMS 0x00000000c8900000, 0x00000000c8900000| Untracked 
| 118|0x00000000c8a00000, 0x00000000c8a00000, 0x00000000c8b00000|  0%| F|  |TAMS 0x00000000c8a00000, 0x00000000c8a00000| Untracked 
| 119|0x00000000c8b00000, 0x00000000c8b00000, 0x00000000c8c00000|  0%| F|  |TAMS 0x00000000c8b00000, 0x00000000c8b00000| Untracked 
| 120|0x00000000c8c00000, 0x00000000c8c00000, 0x00000000c8d00000|  0%| F|  |TAMS 0x00000000c8c00000, 0x00000000c8c00000| Untracked 
| 121|0x00000000c8d00000, 0x00000000c8d00000, 0x00000000c8e00000|  0%| F|  |TAMS 0x00000000c8d00000, 0x00000000c8d00000| Untracked 
| 122|0x00000000c8e00000, 0x00000000c8e00000, 0x00000000c8f00000|  0%| F|  |TAMS 0x00000000c8e00000, 0x00000000c8e00000| Untracked 
| 123|0x00000000c8f00000, 0x00000000c8f00000, 0x00000000c9000000|  0%| F|  |TAMS 0x00000000c8f00000, 0x00000000c8f00000| Untracked 
| 124|0x00000000c9000000, 0x00000000c9000000, 0x00000000c9100000|  0%| F|  |TAMS 0x00000000c9000000, 0x00000000c9000000| Untracked 
| 125|0x00000000c9100000, 0x00000000c9100000, 0x00000000c9200000|  0%| F|  |TAMS 0x00000000c9100000, 0x00000000c9100000| Untracked 
| 126|0x00000000c9200000, 0x00000000c9200000, 0x00000000c9300000|  0%| F|  |TAMS 0x00000000c9200000, 0x00000000c9200000| Untracked 
| 127|0x00000000c9300000, 0x00000000c9300000, 0x00000000c9400000|  0%| F|  |TAMS 0x00000000c9300000, 0x00000000c9300000| Untracked 
| 128|0x00000000c9400000, 0x00000000c9400000, 0x00000000c9500000|  0%| F|  |TAMS 0x00000000c9400000, 0x00000000c9400000| Untracked 
| 129|0x00000000c9500000, 0x00000000c9500000, 0x00000000c9600000|  0%| F|  |TAMS 0x00000000c9500000, 0x00000000c9500000| Untracked 
| 130|0x00000000c9600000, 0x00000000c9600000, 0x00000000c9700000|  0%| F|  |TAMS 0x00000000c9600000, 0x00000000c9600000| Untracked 
| 131|0x00000000c9700000, 0x00000000c9700000, 0x00000000c9800000|  0%| F|  |TAMS 0x00000000c9700000, 0x00000000c9700000| Untracked 
| 132|0x00000000c9800000, 0x00000000c9800000, 0x00000000c9900000|  0%| F|  |TAMS 0x00000000c9800000, 0x00000000c9800000| Untracked 
| 133|0x00000000c9900000, 0x00000000c9900000, 0x00000000c9a00000|  0%| F|  |TAMS 0x00000000c9900000, 0x00000000c9900000| Untracked 
| 134|0x00000000c9a00000, 0x00000000c9a00000, 0x00000000c9b00000|  0%| F|  |TAMS 0x00000000c9a00000, 0x00000000c9a00000| Untracked 
| 135|0x00000000c9b00000, 0x00000000c9b00000, 0x00000000c9c00000|  0%| F|  |TAMS 0x00000000c9b00000, 0x00000000c9b00000| Untracked 
| 136|0x00000000c9c00000, 0x00000000c9c00000, 0x00000000c9d00000|  0%| F|  |TAMS 0x00000000c9c00000, 0x00000000c9c00000| Untracked 
| 137|0x00000000c9d00000, 0x00000000c9d00000, 0x00000000c9e00000|  0%| F|  |TAMS 0x00000000c9d00000, 0x00000000c9d00000| Untracked 
| 138|0x00000000c9e00000, 0x00000000c9e00000, 0x00000000c9f00000|  0%| F|  |TAMS 0x00000000c9e00000, 0x00000000c9e00000| Untracked 
| 139|0x00000000c9f00000, 0x00000000c9f00000, 0x00000000ca000000|  0%| F|  |TAMS 0x00000000c9f00000, 0x00000000c9f00000| Untracked 
| 140|0x00000000ca000000, 0x00000000ca000000, 0x00000000ca100000|  0%| F|  |TAMS 0x00000000ca000000, 0x00000000ca000000| Untracked 
| 141|0x00000000ca100000, 0x00000000ca100000, 0x00000000ca200000|  0%| F|  |TAMS 0x00000000ca100000, 0x00000000ca100000| Untracked 
| 142|0x00000000ca200000, 0x00000000ca200000, 0x00000000ca300000|  0%| F|  |TAMS 0x00000000ca200000, 0x00000000ca200000| Untracked 
| 143|0x00000000ca300000, 0x00000000ca300000, 0x00000000ca400000|  0%| F|  |TAMS 0x00000000ca300000, 0x00000000ca300000| Untracked 
| 144|0x00000000ca400000, 0x00000000ca400000, 0x00000000ca500000|  0%| F|  |TAMS 0x00000000ca400000, 0x00000000ca400000| Untracked 
| 145|0x00000000ca500000, 0x00000000ca500000, 0x00000000ca600000|  0%| F|  |TAMS 0x00000000ca500000, 0x00000000ca500000| Untracked 
| 146|0x00000000ca600000, 0x00000000ca600000, 0x00000000ca700000|  0%| F|  |TAMS 0x00000000ca600000, 0x00000000ca600000| Untracked 
| 147|0x00000000ca700000, 0x00000000ca700000, 0x00000000ca800000|  0%| F|  |TAMS 0x00000000ca700000, 0x00000000ca700000| Untracked 
| 148|0x00000000ca800000, 0x00000000ca800000, 0x00000000ca900000|  0%| F|  |TAMS 0x00000000ca800000, 0x00000000ca800000| Untracked 
| 149|0x00000000ca900000, 0x00000000ca900000, 0x00000000caa00000|  0%| F|  |TAMS 0x00000000ca900000, 0x00000000ca900000| Untracked 
| 150|0x00000000caa00000, 0x00000000caa00000, 0x00000000cab00000|  0%| F|  |TAMS 0x00000000caa00000, 0x00000000caa00000| Untracked 
| 151|0x00000000cab00000, 0x00000000cab00000, 0x00000000cac00000|  0%| F|  |TAMS 0x00000000cab00000, 0x00000000cab00000| Untracked 
| 152|0x00000000cac00000, 0x00000000cac00000, 0x00000000cad00000|  0%| F|  |TAMS 0x00000000cac00000, 0x00000000cac00000| Untracked 
| 153|0x00000000cad00000, 0x00000000cad00000, 0x00000000cae00000|  0%| F|  |TAMS 0x00000000cad00000, 0x00000000cad00000| Untracked 
| 154|0x00000000cae00000, 0x00000000cae00000, 0x00000000caf00000|  0%| F|  |TAMS 0x00000000cae00000, 0x00000000cae00000| Untracked 
| 155|0x00000000caf00000, 0x00000000caf00000, 0x00000000cb000000|  0%| F|  |TAMS 0x00000000caf00000, 0x00000000caf00000| Untracked 
| 156|0x00000000cb000000, 0x00000000cb000000, 0x00000000cb100000|  0%| F|  |TAMS 0x00000000cb000000, 0x00000000cb000000| Untracked 
| 157|0x00000000cb100000, 0x00000000cb100000, 0x00000000cb200000|  0%| F|  |TAMS 0x00000000cb100000, 0x00000000cb100000| Untracked 
| 158|0x00000000cb200000, 0x00000000cb200000, 0x00000000cb300000|  0%| F|  |TAMS 0x00000000cb200000, 0x00000000cb200000| Untracked 
| 159|0x00000000cb300000, 0x00000000cb300000, 0x00000000cb400000|  0%| F|  |TAMS 0x00000000cb300000, 0x00000000cb300000| Untracked 
| 160|0x00000000cb400000, 0x00000000cb400000, 0x00000000cb500000|  0%| F|  |TAMS 0x00000000cb400000, 0x00000000cb400000| Untracked 
| 161|0x00000000cb500000, 0x00000000cb500000, 0x00000000cb600000|  0%| F|  |TAMS 0x00000000cb500000, 0x00000000cb500000| Untracked 
| 162|0x00000000cb600000, 0x00000000cb600000, 0x00000000cb700000|  0%| F|  |TAMS 0x00000000cb600000, 0x00000000cb600000| Untracked 
| 163|0x00000000cb700000, 0x00000000cb700000, 0x00000000cb800000|  0%| F|  |TAMS 0x00000000cb700000, 0x00000000cb700000| Untracked 
| 164|0x00000000cb800000, 0x00000000cb800000, 0x00000000cb900000|  0%| F|  |TAMS 0x00000000cb800000, 0x00000000cb800000| Untracked 
| 165|0x00000000cb900000, 0x00000000cb900000, 0x00000000cba00000|  0%| F|  |TAMS 0x00000000cb900000, 0x00000000cb900000| Untracked 
| 166|0x00000000cba00000, 0x00000000cba00000, 0x00000000cbb00000|  0%| F|  |TAMS 0x00000000cba00000, 0x00000000cba00000| Untracked 
| 167|0x00000000cbb00000, 0x00000000cbb00000, 0x00000000cbc00000|  0%| F|  |TAMS 0x00000000cbb00000, 0x00000000cbb00000| Untracked 
| 168|0x00000000cbc00000, 0x00000000cbc00000, 0x00000000cbd00000|  0%| F|  |TAMS 0x00000000cbc00000, 0x00000000cbc00000| Untracked 
| 169|0x00000000cbd00000, 0x00000000cbd00000, 0x00000000cbe00000|  0%| F|  |TAMS 0x00000000cbd00000, 0x00000000cbd00000| Untracked 
| 170|0x00000000cbe00000, 0x00000000cbe00000, 0x00000000cbf00000|  0%| F|  |TAMS 0x00000000cbe00000, 0x00000000cbe00000| Untracked 
| 171|0x00000000cbf00000, 0x00000000cbf00000, 0x00000000cc000000|  0%| F|  |TAMS 0x00000000cbf00000, 0x00000000cbf00000| Untracked 
| 172|0x00000000cc000000, 0x00000000cc000000, 0x00000000cc100000|  0%| F|  |TAMS 0x00000000cc000000, 0x00000000cc000000| Untracked 
| 173|0x00000000cc100000, 0x00000000cc100000, 0x00000000cc200000|  0%| F|  |TAMS 0x00000000cc100000, 0x00000000cc100000| Untracked 
| 174|0x00000000cc200000, 0x00000000cc200000, 0x00000000cc300000|  0%| F|  |TAMS 0x00000000cc200000, 0x00000000cc200000| Untracked 
| 175|0x00000000cc300000, 0x00000000cc300000, 0x00000000cc400000|  0%| F|  |TAMS 0x00000000cc300000, 0x00000000cc300000| Untracked 
| 176|0x00000000cc400000, 0x00000000cc400000, 0x00000000cc500000|  0%| F|  |TAMS 0x00000000cc400000, 0x00000000cc400000| Untracked 
| 177|0x00000000cc500000, 0x00000000cc500000, 0x00000000cc600000|  0%| F|  |TAMS 0x00000000cc500000, 0x00000000cc500000| Untracked 
| 178|0x00000000cc600000, 0x00000000cc600000, 0x00000000cc700000|  0%| F|  |TAMS 0x00000000cc600000, 0x00000000cc600000| Untracked 
| 179|0x00000000cc700000, 0x00000000cc700000, 0x00000000cc800000|  0%| F|  |TAMS 0x00000000cc700000, 0x00000000cc700000| Untracked 
| 180|0x00000000cc800000, 0x00000000cc800000, 0x00000000cc900000|  0%| F|  |TAMS 0x00000000cc800000, 0x00000000cc800000| Untracked 
| 181|0x00000000cc900000, 0x00000000cc900000, 0x00000000cca00000|  0%| F|  |TAMS 0x00000000cc900000, 0x00000000cc900000| Untracked 
| 182|0x00000000cca00000, 0x00000000cca00000, 0x00000000ccb00000|  0%| F|  |TAMS 0x00000000cca00000, 0x00000000cca00000| Untracked 
| 183|0x00000000ccb00000, 0x00000000ccb00000, 0x00000000ccc00000|  0%| F|  |TAMS 0x00000000ccb00000, 0x00000000ccb00000| Untracked 
| 184|0x00000000ccc00000, 0x00000000ccc00000, 0x00000000ccd00000|  0%| F|  |TAMS 0x00000000ccc00000, 0x00000000ccc00000| Untracked 
| 185|0x00000000ccd00000, 0x00000000ccd00000, 0x00000000cce00000|  0%| F|  |TAMS 0x00000000ccd00000, 0x00000000ccd00000| Untracked 
| 186|0x00000000cce00000, 0x00000000cce00000, 0x00000000ccf00000|  0%| F|  |TAMS 0x00000000cce00000, 0x00000000cce00000| Untracked 
| 187|0x00000000ccf00000, 0x00000000ccf00000, 0x00000000cd000000|  0%| F|  |TAMS 0x00000000ccf00000, 0x00000000ccf00000| Untracked 
| 188|0x00000000cd000000, 0x00000000cd100000, 0x00000000cd100000|100%| S|CS|TAMS 0x00000000cd000000, 0x00000000cd000000| Complete 
| 189|0x00000000cd100000, 0x00000000cd100000, 0x00000000cd200000|  0%| F|  |TAMS 0x00000000cd100000, 0x00000000cd100000| Untracked 
| 190|0x00000000cd200000, 0x00000000cd200000, 0x00000000cd300000|  0%| F|  |TAMS 0x00000000cd200000, 0x00000000cd200000| Untracked 
| 191|0x00000000cd300000, 0x00000000cd300000, 0x00000000cd400000|  0%| F|  |TAMS 0x00000000cd300000, 0x00000000cd300000| Untracked 

Card table byte_map: [0x000000000a3d0000,0x000000000a5d0000] _byte_map_base: 0x0000000009dc6000

Marking Bits (Prev, Next): (CMBitMap*) 0x000000000041ae30, (CMBitMap*) 0x000000000041ae70
 Prev Bits: [0x000000000a7d0000, 0x000000000b780000)
 Next Bits: [0x000000000b780000, 0x000000000c730000)

Polling page: 0x0000000000320000

Metaspace:

Usage:
  Non-class:      7.31 MB used.
      Class:    932.99 KB used.
       Both:      8.23 MB used.

Virtual space:
  Non-class space:       16.00 MB reserved,       7.44 MB ( 46%) committed,  2 nodes.
      Class space:        1.00 GB reserved,       1.00 MB ( <1%) committed,  1 nodes.
             Both:        1.02 GB reserved,       8.44 MB ( <1%) committed. 

Chunk freelists:
   Non-Class:  3.97 MB
       Class:  3.04 MB
        Both:  7.02 MB

MaxMetaspaceSize: unlimited
CompressedClassSpaceSize: 1.00 GB
Initial GC threshold: 21.00 MB
Current GC threshold: 21.00 MB
CDS: on
MetaspaceReclaimPolicy: balanced
 - commit_granule_bytes: 65536.
 - commit_granule_words: 8192.
 - virtual_space_node_default_size: 1048576.
 - enlarge_chunks_in_place: 1.
 - new_chunks_are_fully_committed: 0.
 - uncommit_free_chunks: 1.
 - use_allocation_guard: 0.
 - handle_deallocations: 1.


Internal statistics:

num_allocs_failed_limit: 0.
num_arena_births: 110.
num_arena_deaths: 0.
num_vsnodes_births: 3.
num_vsnodes_deaths: 0.
num_space_committed: 135.
num_space_uncommitted: 0.
num_chunks_returned_to_freelist: 0.
num_chunks_taken_from_freelist: 163.
num_chunk_merges: 0.
num_chunk_splits: 86.
num_chunks_enlarged: 24.
num_purges: 0.
num_inconsistent_stats: 0.

CodeHeap 'non-profiled nmethods': size=120000Kb used=368Kb max_used=368Kb free=119631Kb
 bounds [0x0000000016ae0000, 0x0000000016d50000, 0x000000001e010000]
CodeHeap 'profiled nmethods': size=120000Kb used=2273Kb max_used=2273Kb free=117726Kb
 bounds [0x000000000f5b0000, 0x000000000f820000, 0x0000000016ae0000]
CodeHeap 'non-nmethods': size=5760Kb used=1276Kb max_used=1292Kb free=4483Kb
 bounds [0x000000000f010000, 0x000000000f280000, 0x000000000f5b0000]
 total_blobs=1986 nmethods=1380 adapters=519
 compilation: enabled
              stopped_count=0, restarted_count=0
 full_count=0

Compilation events (20 events):
Event: 20.279 Thread 0x000000001e63a6a0 1373       3       java.util.stream.FindOps$FindSink$OfInt$$Lambda$63/0x800000065::get (8 bytes)
Event: 20.280 Thread 0x000000001e63a6a0 nmethod 1373 0x000000000f7e3890 code [0x000000000f7e3a40, 0x000000000f7e3cb8]
Event: 20.280 Thread 0x000000001e63a6a0 1374       3       java.util.stream.IntPipeline$10::opWrapSink (10 bytes)
Event: 20.281 Thread 0x000000001e63a6a0 nmethod 1374 0x000000000f7e3e10 code [0x000000000f7e4000, 0x000000000f7e45c8]
Event: 20.282 Thread 0x000000001e63a6a0 1375       3       java.util.stream.Sink$ChainedInt::<init> (16 bytes)
Event: 20.283 Thread 0x000000001e63a6a0 nmethod 1375 0x000000000f7e4790 code [0x000000000f7e4960, 0x000000000f7e4da8]
Event: 20.283 Thread 0x000000001e63a6a0 1376       3       java.util.stream.IntPipeline$10$1::begin (13 bytes)
Event: 20.283 Thread 0x000000001e63a6a0 nmethod 1376 0x000000000f7e4f10 code [0x000000000f7e50c0, 0x000000000f7e52a8]
Event: 20.283 Thread 0x000000001e63a6a0 1377       3       java.lang.AbstractStringBuilder::charAt (36 bytes)
Event: 20.284 Thread 0x000000001e63a6a0 nmethod 1377 0x000000000f7e5390 code [0x000000000f7e5580, 0x000000000f7e59b8]
Event: 20.285 Thread 0x000000001e63a6a0 1378       3       javax.swing.text.AbstractDocument$DefaultDocumentEvent::<init> (26 bytes)
Event: 20.286 Thread 0x000000001e63a6a0 nmethod 1378 0x000000000f7e5b90 code [0x000000000f7e5d60, 0x000000000f7e6268]
Event: 20.286 Thread 0x000000001e63a6a0 1379       3       javax.swing.event.UndoableEditEvent::<init> (11 bytes)
Event: 20.286 Thread 0x000000001e63a6a0 nmethod 1379 0x000000000f7e6410 code [0x000000000f7e65e0, 0x000000000f7e6968]
Event: 20.289 Thread 0x000000001e63a6a0 1380       3       sun.java2d.pipe.LoopPipe::fillRect (32 bytes)
Event: 20.289 Thread 0x000000001e63a6a0 nmethod 1380 0x000000000f7e6a90 code [0x000000000f7e6c40, 0x000000000f7e6de8]
Event: 20.298 Thread 0x000000001e63a6a0 1382       3       java.util.IdentityHashMap::nextKeyIndex (15 bytes)
Event: 20.299 Thread 0x000000001e63a6a0 nmethod 1382 0x000000000f7e6f10 code [0x000000000f7e70a0, 0x000000000f7e71d8]
Event: 20.299 Thread 0x000000001e63a6a0 1384       3       sun.java2d.SunGraphics2D::<init> (154 bytes)
Event: 20.352 Thread 0x000000001e63a6a0 nmethod 1384 0x000000000f7e7290 code [0x000000000f7e7540, 0x000000000f7e8328]

GC Heap History (20 events):
Event: 18.614 GC heap after
{Heap after GC invocations=2 (full 0):
 garbage-first heap   total 65536K, used 12754K [0x00000000c1400000, 0x0000000100000000)
  region size 1024K, 2 young (2048K), 2 survivors (2048K)
 Metaspace       used 8235K, committed 8448K, reserved 1064960K
  class space    used 929K, committed 1024K, reserved 1048576K
}
Event: 18.884 GC heap before
{Heap before GC invocations=2 (full 0):
 garbage-first heap   total 65536K, used 35282K [0x00000000c1400000, 0x0000000100000000)
  region size 1024K, 15 young (15360K), 2 survivors (2048K)
 Metaspace       used 8269K, committed 8448K, reserved 1064960K
  class space    used 932K, committed 1024K, reserved 1048576K
}
Event: 18.947 GC heap after
{Heap after GC invocations=3 (full 0):
 garbage-first heap   total 65536K, used 35440K [0x00000000c1400000, 0x0000000100000000)
  region size 1024K, 2 young (2048K), 2 survivors (2048K)
 Metaspace       used 8269K, committed 8448K, reserved 1064960K
  class space    used 932K, committed 1024K, reserved 1048576K
}
Event: 18.970 GC heap before
{Heap before GC invocations=3 (full 0):
 garbage-first heap   total 65536K, used 38512K [0x00000000c1400000, 0x0000000100000000)
  region size 1024K, 7 young (7168K), 2 survivors (2048K)
 Metaspace       used 8286K, committed 8512K, reserved 1064960K
  class space    used 932K, committed 1024K, reserved 1048576K
}
Event: 19.040 GC heap after
{Heap after GC invocations=4 (full 0):
 garbage-first heap   total 65536K, used 40448K [0x00000000c1400000, 0x0000000100000000)
  region size 1024K, 1 young (1024K), 1 survivors (1024K)
 Metaspace       used 8286K, committed 8512K, reserved 1064960K
  class space    used 932K, committed 1024K, reserved 1048576K
}
Event: 19.064 GC heap before
{Heap before GC invocations=4 (full 0):
 garbage-first heap   total 65536K, used 46592K [0x00000000c1400000, 0x0000000100000000)
  region size 1024K, 6 young (6144K), 1 survivors (1024K)
 Metaspace       used 8290K, committed 8512K, reserved 1064960K
  class space    used 932K, committed 1024K, reserved 1048576K
}
Event: 19.079 GC heap after
{Heap after GC invocations=5 (full 0):
 garbage-first heap   total 65536K, used 46394K [0x00000000c1400000, 0x0000000100000000)
  region size 1024K, 1 young (1024K), 1 survivors (1024K)
 Metaspace       used 8290K, committed 8512K, reserved 1064960K
  class space    used 932K, committed 1024K, reserved 1048576K
}
Event: 19.111 GC heap before
{Heap before GC invocations=5 (full 0):
 garbage-first heap   total 65536K, used 26938K [0x00000000c1400000, 0x0000000100000000)
  region size 1024K, 4 young (4096K), 1 survivors (1024K)
 Metaspace       used 8292K, committed 8512K, reserved 1064960K
  class space    used 932K, committed 1024K, reserved 1048576K
}
Event: 19.121 GC heap after
{Heap after GC invocations=6 (full 0):
 garbage-first heap   total 196608K, used 26618K [0x00000000c1400000, 0x0000000100000000)
  region size 1024K, 1 young (1024K), 1 survivors (1024K)
 Metaspace       used 8292K, committed 8512K, reserved 1064960K
  class space    used 932K, committed 1024K, reserved 1048576K
}
Event: 19.249 GC heap before
{Heap before GC invocations=7 (full 0):
 garbage-first heap   total 196608K, used 55290K [0x00000000c1400000, 0x0000000100000000)
  region size 1024K, 25 young (25600K), 1 survivors (1024K)
 Metaspace       used 8318K, committed 8512K, reserved 1064960K
  class space    used 932K, committed 1024K, reserved 1048576K
}
Event: 19.317 GC heap after
{Heap after GC invocations=8 (full 0):
 garbage-first heap   total 196608K, used 50001K [0x00000000c1400000, 0x0000000100000000)
  region size 1024K, 4 young (4096K), 4 survivors (4096K)
 Metaspace       used 8318K, committed 8512K, reserved 1064960K
  class space    used 932K, committed 1024K, reserved 1048576K
}
Event: 19.337 GC heap before
{Heap before GC invocations=8 (full 0):
 garbage-first heap   total 196608K, used 54097K [0x00000000c1400000, 0x0000000100000000)
  region size 1024K, 9 young (9216K), 4 survivors (4096K)
 Metaspace       used 8322K, committed 8512K, reserved 1064960K
  class space    used 932K, committed 1024K, reserved 1048576K
}
Event: 19.358 GC heap after
{Heap after GC invocations=9 (full 0):
 garbage-first heap   total 196608K, used 53248K [0x00000000c1400000, 0x0000000100000000)
  region size 1024K, 2 young (2048K), 2 survivors (2048K)
 Metaspace       used 8322K, committed 8512K, reserved 1064960K
  class space    used 932K, committed 1024K, reserved 1048576K
}
Event: 19.805 GC heap before
{Heap before GC invocations=9 (full 0):
 garbage-first heap   total 196608K, used 126976K [0x00000000c1400000, 0x0000000100000000)
  region size 1024K, 59 young (60416K), 2 survivors (2048K)
 Metaspace       used 8378K, committed 8576K, reserved 1064960K
  class space    used 932K, committed 1024K, reserved 1048576K
}
Event: 20.080 GC heap after
{Heap after GC invocations=10 (full 0):
 garbage-first heap   total 196608K, used 115032K [0x00000000c1400000, 0x0000000100000000)
  region size 1024K, 8 young (8192K), 8 survivors (8192K)
 Metaspace       used 8378K, committed 8576K, reserved 1064960K
  class space    used 932K, committed 1024K, reserved 1048576K
}
Event: 20.113 GC heap before
{Heap before GC invocations=10 (full 0):
 garbage-first heap   total 196608K, used 118104K [0x00000000c1400000, 0x0000000100000000)
  region size 1024K, 13 young (13312K), 8 survivors (8192K)
 Metaspace       used 8382K, committed 8576K, reserved 1064960K
  class space    used 932K, committed 1024K, reserved 1048576K
}
Event: 20.158 GC heap after
{Heap after GC invocations=11 (full 0):
 garbage-first heap   total 196608K, used 119808K [0x00000000c1400000, 0x0000000100000000)
  region size 1024K, 4 young (4096K), 4 survivors (4096K)
 Metaspace       used 8382K, committed 8576K, reserved 1064960K
  class space    used 932K, committed 1024K, reserved 1048576K
}
Event: 20.300 GC heap before
{Heap before GC invocations=12 (full 0):
 garbage-first heap   total 140288K, used 53248K [0x00000000c1400000, 0x0000000100000000)
  region size 1024K, 22 young (22528K), 4 survivors (4096K)
 Metaspace       used 8422K, committed 8640K, reserved 1064960K
  class space    used 932K, committed 1024K, reserved 1048576K
}
Event: 20.351 GC heap after
{Heap after GC invocations=13 (full 0):
 garbage-first heap   total 140288K, used 51200K [0x00000000c1400000, 0x0000000100000000)
  region size 1024K, 3 young (3072K), 3 survivors (3072K)
 Metaspace       used 8422K, committed 8640K, reserved 1064960K
  class space    used 932K, committed 1024K, reserved 1048576K
}
Event: 20.365 GC heap before
{Heap before GC invocations=13 (full 0):
 garbage-first heap   total 140288K, used 54272K [0x00000000c1400000, 0x0000000100000000)
  region size 1024K, 6 young (6144K), 3 survivors (3072K)
 Metaspace       used 8422K, committed 8640K, reserved 1064960K
  class space    used 932K, committed 1024K, reserved 1048576K
}

Deoptimization events (6 events):
Event: 1.168 Thread 0x00000000003e5be0 Uncommon trap: trap_request=0xffffff45 fr.pc=0x0000000016aee5c0 relative=0x00000000000006e0
Event: 1.168 Thread 0x00000000003e5be0 Uncommon trap: reason=unstable_if action=reinterpret pc=0x0000000016aee5c0 method=java.util.HashMap.putVal(ILjava/lang/Object;Ljava/lang/Object;ZZ)Ljava/lang/Object; @ 236 c2
Event: 1.168 Thread 0x00000000003e5be0 DEOPT PACKING pc=0x0000000016aee5c0 sp=0x0000000001d8f410
Event: 1.169 Thread 0x00000000003e5be0 DEOPT UNPACKING pc=0x000000000f0623a3 sp=0x0000000001d8f3b8 mode 2
Event: 18.622 Thread 0x0000000020315340 DEOPT PACKING pc=0x000000000f776829 sp=0x0000000022e4edd0
Event: 18.622 Thread 0x0000000020315340 DEOPT UNPACKING pc=0x000000000f062b43 sp=0x0000000022e4e300 mode 0

Classes unloaded (0 events):
No events

Classes redefined (0 events):
No events

Internal exceptions (15 events):
Event: 0.457 Thread 0x00000000003e5be0 Exception <a 'sun/nio/fs/WindowsException'{0x00000000c53f9bd8}> (0x00000000c53f9bd8) 
thrown [t:\workspace\open\src\hotspot\share\prims\jni.cpp, line 516]
Event: 0.458 Thread 0x00000000003e5be0 Exception <a 'sun/nio/fs/WindowsException'{0x00000000c53fa0d0}> (0x00000000c53fa0d0) 
thrown [t:\workspace\open\src\hotspot\share\prims\jni.cpp, line 516]
Event: 0.463 Thread 0x00000000003e5be0 Exception <a 'sun/nio/fs/WindowsException'{0x00000000c53fc268}> (0x00000000c53fc268) 
thrown [t:\workspace\open\src\hotspot\share\prims\jni.cpp, line 516]
Event: 0.851 Thread 0x00000000003e5be0 Exception <a 'java/lang/ClassNotFoundException'{0x00000000c529c938}: sun/awt/resources/spi/awtProvider> (0x00000000c529c938) 
thrown [t:\workspace\open\src\hotspot\share\classfile\systemDictionary.cpp, line 256]
Event: 0.976 Thread 0x00000000003e5be0 Exception <a 'java/io/FileNotFoundException'{0x00000000c52eff70}> (0x00000000c52eff70) 
thrown [t:\workspace\open\src\hotspot\share\prims\jni.cpp, line 516]
Event: 1.013 Thread 0x00000000003e5be0 Exception <a 'java/io/FileNotFoundException'{0x00000000c511d690}> (0x00000000c511d690) 
thrown [t:\workspace\open\src\hotspot\share\prims\jni.cpp, line 516]
Event: 1.140 Thread 0x00000000003e5be0 Exception <a 'java/lang/NoSuchMethodError'{0x00000000c514fb30}: 'java.lang.Object java.lang.invoke.DirectMethodHandle$Holder.invokeStaticInit(java.lang.Object)'> (0x00000000c514fb30) 
thrown [t:\workspace\open\src\hotspot\share\interpreter\linkResolver.cpp, line 766]
Event: 1.286 Thread 0x000000002018ba60 Exception <a 'java/lang/NoSuchMethodError'{0x00000000c50142d0}: 'void java.lang.invoke.DirectMethodHandle$Holder.invokeSpecial(java.lang.Object, java.lang.Object, java.lang.Object)'> (0x00000000c50142d0) 
thrown [t:\workspace\open\src\hotspot\share\interpreter\linkResolver.cpp, line 766]
Event: 1.320 Thread 0x000000002018ba60 Exception <a 'java/lang/NoSuchMethodError'{0x00000000c503e4b0}: 'java.lang.Object java.lang.invoke.DirectMethodHandle$Holder.newInvokeSpecial(java.lang.Object, java.lang.Object, java.lang.Object, java.lang.Object, java.lang.Object)'> (0x00000000c503e4b0) 
thrown [t:\workspace\open\src\hotspot\share\interpreter\linkResolver.cpp, line 766]
Event: 1.329 Thread 0x000000002018ba60 Exception <a 'java/lang/NoSuchMethodError'{0x00000000c504a130}: 'java.lang.Object java.lang.invoke.DirectMethodHandle$Holder.invokeStatic(java.lang.Object, int, java.lang.Object, java.lang.Object, java.lang.Object, java.lang.Object)'> (0x00000000c504a130) 
thrown [t:\workspace\open\src\hotspot\share\interpreter\linkResolver.cpp, line 766]
Event: 1.519 Thread 0x000000002018ba60 Exception <a 'java/lang/NoSuchMethodError'{0x00000000c506f978}: 'java.lang.Object java.lang.invoke.DirectMethodHandle$Holder.invokeStatic(java.lang.Object, int, java.lang.Object)'> (0x00000000c506f978) 
thrown [t:\workspace\open\src\hotspot\share\interpreter\linkResolver.cpp, line 766]
Event: 1.683 Thread 0x000000002018ba60 Exception <a 'java/lang/ClassNotFoundException'{0x00000000c4f28418}: com/sun/swing/internal/plaf/metal/resources/spi/metalProvider> (0x00000000c4f28418) 
thrown [t:\workspace\open\src\hotspot\share\classfile\systemDictionary.cpp, line 256]
Event: 1.689 Thread 0x000000002018ba60 Exception <a 'java/lang/ClassNotFoundException'{0x00000000c4f2c220}: com/sun/swing/internal/plaf/basic/resources/spi/basicProvider> (0x00000000c4f2c220) 
thrown [t:\workspace\open\src\hotspot\share\classfile\systemDictionary.cpp, line 256]
Event: 1.905 Thread 0x0000000020169bf0 Exception <a 'java/lang/NoSuchMethodError'{0x00000000c5194f10}: 'void java.lang.invoke.DirectMethodHandle$Holder.invokeVirtual(java.lang.Object, java.lang.Object)'> (0x00000000c5194f10) 
thrown [t:\workspace\open\src\hotspot\share\interpreter\linkResolver.cpp, line 766]
Event: 1.991 Thread 0x000000002018ba60 Exception <a 'java/lang/NoSuchMethodError'{0x00000000c4f8d9c0}: 'void java.lang.invoke.DirectMethodHandle$Holder.invokeStaticInit(java.lang.Object)'> (0x00000000c4f8d9c0) 
thrown [t:\workspace\open\src\hotspot\share\interpreter\linkResolver.cpp, line 766]

VM Operations (20 events):
Event: 19.121 Executing VM operation: G1CollectForAllocation done
Event: 19.138 Executing VM operation: G1Concurrent
Event: 19.141 Executing VM operation: G1Concurrent done
Event: 19.249 Executing VM operation: G1CollectForAllocation
Event: 19.317 Executing VM operation: G1CollectForAllocation done
Event: 19.337 Executing VM operation: G1CollectForAllocation
Event: 19.368 Executing VM operation: G1CollectForAllocation done
Event: 19.805 Executing VM operation: G1CollectForAllocation
Event: 20.080 Executing VM operation: G1CollectForAllocation done
Event: 20.113 Executing VM operation: G1TryInitiateConcMark
Event: 20.159 Executing VM operation: G1TryInitiateConcMark done
Event: 20.198 Executing VM operation: G1Concurrent
Event: 20.200 Executing VM operation: G1Concurrent done
Event: 20.247 Executing VM operation: G1Concurrent
Event: 20.263 Executing VM operation: G1Concurrent done
Event: 20.300 Executing VM operation: G1CollectForAllocation
Event: 20.352 Executing VM operation: G1CollectForAllocation done
Event: 20.365 Executing VM operation: G1CollectForAllocation
Event: 20.365 Executing VM operation: G1CollectForAllocation done
Event: 20.365 Executing VM operation: G1CollectForAllocation

Events (20 events):
Event: 18.483 loading class javax/swing/text/AbstractDocument$DefaultDocumentEventUndoableWrapper done
Event: 18.484 loading class javax/swing/event/UndoableEditListener
Event: 18.484 loading class javax/swing/event/UndoableEditListener done
Event: 18.497 loading class jdk/internal/math/FormattedFloatingDecimal$Form
Event: 18.497 loading class jdk/internal/math/FormattedFloatingDecimal$Form done
Event: 18.498 loading class jdk/internal/math/FormattedFloatingDecimal
Event: 18.592 loading class jdk/internal/math/FormattedFloatingDecimal done
Event: 18.615 loading class jdk/internal/math/FormattedFloatingDecimal$1
Event: 18.616 loading class jdk/internal/math/FormattedFloatingDecimal$1 done
Event: 18.617 loading class jdk/internal/math/FDBigInteger
Event: 18.617 loading class jdk/internal/math/FDBigInteger done
Event: 18.619 loading class jdk/internal/math/FormattedFloatingDecimal$2
Event: 18.619 loading class jdk/internal/math/FormattedFloatingDecimal$2 done
Event: 18.620 Thread 0x000000002031cad0 Thread exited: 0x000000002031cad0
Event: 18.883 loading class javax/swing/text/GapContent$RemoveUndo
Event: 18.883 loading class javax/swing/text/GapContent$RemoveUndo done
Event: 18.883 loading class javax/swing/text/GapContent$UndoPosRef
Event: 18.883 loading class javax/swing/text/GapContent$UndoPosRef done
Event: 18.954 loading class javax/swing/RepaintManager$3
Event: 18.954 loading class javax/swing/RepaintManager$3 done


Dynamic libraries:
0x000000013f540000 - 0x000000013f550000 	C:\_bmv\download\jdk-17_windows-x64_bin\jdk-17.0.1\bin\java.exe
0x0000000077910000 - 0x0000000077ab9000 	C:\Windows\SYSTEM32\ntdll.dll
0x00000000777f0000 - 0x000000007790f000 	C:\Windows\system32\kernel32.dll
0x000007fefd780000 - 0x000007fefd7eb000 	C:\Windows\system32\KERNELBASE.dll
0x000007fef0c70000 - 0x000007fef0c88000 	C:\_bmv\download\jdk-17_windows-x64_bin\jdk-17.0.1\bin\jli.dll
0x000007feff6d0000 - 0x000007feff7ab000 	C:\Windows\system32\ADVAPI32.dll
0x000007fefe8a0000 - 0x000007fefe93f000 	C:\Windows\system32\msvcrt.dll
0x000007fefe880000 - 0x000007fefe89f000 	C:\Windows\SYSTEM32\sechost.dll
0x000007fefeba0000 - 0x000007fefeccd000 	C:\Windows\system32\RPCRT4.dll
0x000007fefce90000 - 0x000007fefd084000 	C:\Windows\WinSxS\amd64_microsoft.windows.common-controls_6595b64144ccf1df_6.0.7601.17514_none_fa396087175ac9ac\COMCTL32.dll
0x000007fefe9d0000 - 0x000007fefea37000 	C:\Windows\system32\GDI32.dll
0x00000000776f0000 - 0x00000000777ea000 	C:\Windows\system32\USER32.dll
0x000007feff660000 - 0x000007feff66e000 	C:\Windows\system32\LPK.dll
0x000007feffb50000 - 0x000007feffc19000 	C:\Windows\system32\USP10.dll
0x000007feff500000 - 0x000007feff571000 	C:\Windows\system32\SHLWAPI.dll
0x000007fefd670000 - 0x000007fefd67c000 	C:\Windows\system32\VERSION.dll
0x000007fef5ca0000 - 0x000007fef5cba000 	C:\_bmv\download\jdk-17_windows-x64_bin\jdk-17.0.1\bin\VCRUNTIME140.dll
0x000007fef6d20000 - 0x000007fef6d24000 	C:\_bmv\download\jdk-17_windows-x64_bin\jdk-17.0.1\bin\api-ms-win-crt-runtime-l1-1-0.dll
0x000007fede420000 - 0x000007fede51a000 	C:\_bmv\download\jdk-17_windows-x64_bin\jdk-17.0.1\bin\ucrtbase.DLL
0x000007feed300000 - 0x000007feed303000 	C:\_bmv\download\jdk-17_windows-x64_bin\jdk-17.0.1\bin\api-ms-win-core-localization-l1-2-0.dll
0x000007feec870000 - 0x000007feec873000 	C:\_bmv\download\jdk-17_windows-x64_bin\jdk-17.0.1\bin\api-ms-win-core-processthreads-l1-1-1.dll
0x000007feec860000 - 0x000007feec863000 	C:\_bmv\download\jdk-17_windows-x64_bin\jdk-17.0.1\bin\api-ms-win-core-file-l1-2-0.dll
0x000007feec610000 - 0x000007feec613000 	C:\_bmv\download\jdk-17_windows-x64_bin\jdk-17.0.1\bin\api-ms-win-core-timezone-l1-1-0.dll
0x000007feec600000 - 0x000007feec603000 	C:\_bmv\download\jdk-17_windows-x64_bin\jdk-17.0.1\bin\api-ms-win-core-file-l2-1-0.dll
0x000007feec5c0000 - 0x000007feec5c3000 	C:\_bmv\download\jdk-17_windows-x64_bin\jdk-17.0.1\bin\api-ms-win-core-synch-l1-2-0.dll
0x000007fef65e0000 - 0x000007fef65e3000 	C:\_bmv\download\jdk-17_windows-x64_bin\jdk-17.0.1\bin\api-ms-win-crt-heap-l1-1-0.dll
0x000007fef6350000 - 0x000007fef6354000 	C:\_bmv\download\jdk-17_windows-x64_bin\jdk-17.0.1\bin\api-ms-win-crt-string-l1-1-0.dll
0x000007fef6220000 - 0x000007fef6224000 	C:\_bmv\download\jdk-17_windows-x64_bin\jdk-17.0.1\bin\api-ms-win-crt-stdio-l1-1-0.dll
0x000007fef6190000 - 0x000007fef6194000 	C:\_bmv\download\jdk-17_windows-x64_bin\jdk-17.0.1\bin\api-ms-win-crt-convert-l1-1-0.dll
0x000007fef5c90000 - 0x000007fef5c93000 	C:\_bmv\download\jdk-17_windows-x64_bin\jdk-17.0.1\bin\api-ms-win-crt-environment-l1-1-0.dll
0x000007fef5c60000 - 0x000007fef5c63000 	C:\_bmv\download\jdk-17_windows-x64_bin\jdk-17.0.1\bin\api-ms-win-crt-filesystem-l1-1-0.dll
0x000007fef5cc0000 - 0x000007fef5cc5000 	C:\_bmv\download\jdk-17_windows-x64_bin\jdk-17.0.1\bin\api-ms-win-crt-math-l1-1-0.dll
0x000007fef3270000 - 0x000007fef3273000 	C:\_bmv\download\jdk-17_windows-x64_bin\jdk-17.0.1\bin\api-ms-win-crt-locale-l1-1-0.dll
0x000007feff010000 - 0x000007feff03e000 	C:\Windows\system32\IMM32.DLL
0x000007fefef00000 - 0x000007feff009000 	C:\Windows\system32\MSCTF.dll
0x000007fefd680000 - 0x000007fefd6b1000 	C:\Windows\system32\nvinitx.dll
0x000000000f000000 - 0x000000000f006000 	C:\Program Files\NVIDIA Corporation\CoProcManager\detoured.dll
0x000007fefad00000 - 0x000007fefad31000 	C:\Program Files\NVIDIA Corporation\CoProcManager\nvd3d9wrapx.dll
0x000007fefed20000 - 0x000007fefeef7000 	C:\Windows\system32\SETUPAPI.dll
0x000007fefd8e0000 - 0x000007fefd916000 	C:\Windows\system32\CFGMGR32.dll
0x000007feff580000 - 0x000007feff657000 	C:\Windows\system32\OLEAUT32.dll
0x000007feff040000 - 0x000007feff243000 	C:\Windows\system32\ole32.dll
0x000007fefd800000 - 0x000007fefd81a000 	C:\Windows\system32\DEVOBJ.dll
0x000007fefacd0000 - 0x000007fefacf2000 	C:\Program Files\NVIDIA Corporation\CoProcManager\nvdxgiwrapx.dll
0x000007fef5cd0000 - 0x000007fef5cdc000 	C:\_bmv\download\jdk-17_windows-x64_bin\jdk-17.0.1\bin\vcruntime140_1.dll
0x000007fedfb70000 - 0x000007fedfbfd000 	C:\_bmv\download\jdk-17_windows-x64_bin\jdk-17.0.1\bin\msvcp140.dll
0x000007fef5c70000 - 0x000007fef5c73000 	C:\_bmv\download\jdk-17_windows-x64_bin\jdk-17.0.1\bin\api-ms-win-crt-time-l1-1-0.dll
0x000007fef5c80000 - 0x000007fef5c83000 	C:\_bmv\download\jdk-17_windows-x64_bin\jdk-17.0.1\bin\api-ms-win-crt-utility-l1-1-0.dll
0x000007fede520000 - 0x000007fedf0de000 	C:\_bmv\download\jdk-17_windows-x64_bin\jdk-17.0.1\bin\server\jvm.dll
0x000007fef6bd0000 - 0x000007fef6bd9000 	C:\Windows\system32\WSOCK32.dll
0x000007fefecd0000 - 0x000007fefed1d000 	C:\Windows\system32\WS2_32.dll
0x000007fefe940000 - 0x000007fefe948000 	C:\Windows\system32\NSI.dll
0x000007fefad50000 - 0x000007fefad8b000 	C:\Windows\system32\WINMM.dll
0x0000000077ae0000 - 0x0000000077ae7000 	C:\Windows\system32\PSAPI.DLL
0x000007fef5bb0000 - 0x000007fef5bba000 	C:\_bmv\download\jdk-17_windows-x64_bin\jdk-17.0.1\bin\jimage.dll
0x000007fef4f10000 - 0x000007fef5035000 	C:\Windows\system32\DBGHELP.DLL
0x000007fef5c30000 - 0x000007fef5c55000 	C:\_bmv\download\jdk-17_windows-x64_bin\jdk-17.0.1\bin\java.dll
0x000007feec8c0000 - 0x000007feec996000 	C:\_bmv\download\jdk-17_windows-x64_bin\jdk-17.0.1\bin\svml.dll
0x000007fefdaf0000 - 0x000007fefe878000 	C:\Windows\system32\SHELL32.dll
0x000007fefd6c0000 - 0x000007fefd6cf000 	C:\Windows\system32\profapi.dll
0x000007fef5580000 - 0x000007fef5599000 	C:\_bmv\download\jdk-17_windows-x64_bin\jdk-17.0.1\bin\net.dll
0x000007fef6740000 - 0x000007fef67b1000 	C:\Windows\system32\WINHTTP.dll
0x000007fef66d0000 - 0x000007fef6734000 	C:\Windows\system32\webio.dll
0x000007fefcba0000 - 0x000007fefcbf5000 	C:\Windows\system32\mswsock.dll
0x000007fefcb90000 - 0x000007fefcb97000 	C:\Windows\System32\wship6.dll
0x000007fef50e0000 - 0x000007fef50f5000 	C:\_bmv\download\jdk-17_windows-x64_bin\jdk-17.0.1\bin\nio.dll
0x000007fedfc00000 - 0x000007fedfd8f000 	C:\_bmv\download\jdk-17_windows-x64_bin\jdk-17.0.1\bin\awt.dll
0x000007fefb990000 - 0x000007fefb9e6000 	C:\Windows\system32\uxtheme.dll
0x000007fefb560000 - 0x000007fefb578000 	C:\Windows\system32\dwmapi.dll
0x000007fefd560000 - 0x000007fefd56f000 	C:\Windows\system32\CRYPTBASE.dll
0x000007fedfa50000 - 0x000007fedfb6d000 	C:\Windows\system32\opengl32.dll
0x000007feee010000 - 0x000007feee03d000 	C:\Windows\system32\GLU32.dll
0x000007feefa50000 - 0x000007feefb41000 	C:\Windows\system32\DDRAW.dll
0x000007feefa40000 - 0x000007feefa48000 	C:\Windows\system32\DCIMAN32.dll
0x000007fedf9c0000 - 0x000007fedfa49000 	C:\_bmv\download\jdk-17_windows-x64_bin\jdk-17.0.1\bin\freetype.dll
0x000007fedf910000 - 0x000007fedf9b8000 	C:\_bmv\download\jdk-17_windows-x64_bin\jdk-17.0.1\bin\fontmanager.dll
0x000007fefea60000 - 0x000007fefeaf9000 	C:\Windows\system32\CLBCatQ.DLL
0x000007fefc620000 - 0x000007fefc781000 	C:\Windows\system32\WindowsCodecs.dll
0x000007fefd500000 - 0x000007fefd557000 	C:\Windows\system32\apphelp.dll
0x000007fef83e0000 - 0x000007fef85f5000 	C:\PROGRA~1\MICROS~3\Office16\GROOVEEX.DLL
0x000007fef7de0000 - 0x000007fef80f7000 	C:\Windows\system32\msi.dll
0x000007fef7370000 - 0x000007fef7bf6000 	C:\PROGRA~1\MICROS~3\Office16\1049\GrooveIntlResource.dll
0x000007fef7330000 - 0x000007fef7365000 	C:\Windows\system32\EhStorShell.dll
0x000007fefb9f0000 - 0x000007fefbb1c000 	C:\Windows\system32\PROPSYS.dll
0x000007fef72b0000 - 0x000007fef732e000 	C:\Windows\System32\cscui.dll
0x000007fef72a0000 - 0x000007fef72ac000 	C:\Windows\System32\CSCDLL.dll
0x000007fef7240000 - 0x000007fef724f000 	C:\Windows\system32\CSCAPI.dll
0x000007fefdae0000 - 0x000007fefdae5000 	C:\Windows\system32\api-ms-win-downlevel-advapi32-l1-1-0.dll
0x000007fef5050000 - 0x000007fef50d0000 	C:\Windows\system32\ntshrui.dll
0x000007fefd400000 - 0x000007fefd423000 	C:\Windows\system32\srvcli.dll
0x000007fefb2c0000 - 0x000007fefb2cb000 	C:\Windows\system32\slc.dll

dbghelp: loaded successfully - version: 4.0.5 - missing functions: none
symbol engine: initialized successfully - sym options: 0x614 - pdb path: .;C:\_bmv\download\jdk-17_windows-x64_bin\jdk-17.0.1\bin;C:\Windows\SYSTEM32;C:\Windows\WinSxS\amd64_microsoft.windows.common-controls_6595b64144ccf1df_6.0.7601.17514_none_fa396087175ac9ac;C:\Program Files\NVIDIA Corporation\CoProcManager;C:\_bmv\download\jdk-17_windows-x64_bin\jdk-17.0.1\bin\server;C:\PROGRA~1\MICROS~3\Office16;C:\PROGRA~1\MICROS~3\Office16\1049

VM Arguments:
jvm_args: -Dfile.encoding=UTF-8 --module-path=C:\_bmv\nb-learn\java\GUI for some projects\build\classes 
java_command: gui.pkgfor.some.projects.GUIForSomeProjects
java_class_path (initial): C:\_bmv\nb-learn\java\GUI for some projects\build\classes
Launcher Type: SUN_STANDARD

[Global flags]
     intx CICompilerCount                          = 3                                         {product} {ergonomic}
     uint ConcGCThreads                            = 1                                         {product} {ergonomic}
     uint G1ConcRefinementThreads                  = 4                                         {product} {ergonomic}
   size_t G1HeapRegionSize                         = 1048576                                   {product} {ergonomic}
    uintx GCDrainStackTargetSize                   = 64                                        {product} {ergonomic}
   size_t InitialHeapSize                          = 67108864                                  {product} {ergonomic}
   size_t MarkStackSize                            = 4194304                                   {product} {ergonomic}
   size_t MaxHeapSize                              = 1052770304                                {product} {ergonomic}
   size_t MaxNewSize                               = 631242752                                 {product} {ergonomic}
   size_t MinHeapDeltaBytes                        = 1048576                                   {product} {ergonomic}
   size_t MinHeapSize                              = 8388608                                   {product} {ergonomic}
    uintx NonNMethodCodeHeapSize                   = 5832780                                {pd product} {ergonomic}
    uintx NonProfiledCodeHeapSize                  = 122912730                              {pd product} {ergonomic}
    uintx ProfiledCodeHeapSize                     = 122912730                              {pd product} {ergonomic}
    uintx ReservedCodeCacheSize                    = 251658240                              {pd product} {ergonomic}
     bool SegmentedCodeCache                       = true                                      {product} {ergonomic}
   size_t SoftMaxHeapSize                          = 1052770304                             {manageable} {ergonomic}
     bool UseCompressedClassPointers               = true                           {product lp64_product} {ergonomic}
     bool UseCompressedOops                        = true                           {product lp64_product} {ergonomic}
     bool UseG1GC                                  = true                                      {product} {ergonomic}
     bool UseLargePagesIndividualAllocation        = false                                  {pd product} {ergonomic}

Logging:
Log output configuration:
 #0: stdout all=warning uptime,level,tags
 #1: stderr all=off uptime,level,tags

Environment Variables:
PATH=C:\Program Files\Common Files\Oracle\Java\javapath;C:\Program Files (x86)\Common Files\Oracle\Java\javapath;C:\ProgramData\Oracle\Java\javapath;C:\Windows\system32;C:\Windows;C:\Windows\System32\Wbem;C:\Windows\System32\WindowsPowerShell\v1.0\;C:\Program Files (x86)\NVIDIA Corporation\PhysX\Common;C:\Program Files\LLVM\bin
USERNAME=Администратор
OS=Windows_NT
PROCESSOR_IDENTIFIER=Intel64 Family 6 Model 42 Stepping 7, GenuineIntel



---------------  S Y S T E M  ---------------

OS:
 Windows 7 , 64 bit Build 7601 (6.1.7601.18229)
OS uptime: 4 days 10:27 hours

CPU: total 4 (initial active 4) (2 cores per cpu, 2 threads per core) family 6 model 42 stepping 7 microcode 0x0, cx8, cmov, fxsr, ht, mmx, sse, sse2, sse3, ssse3, sse4.1, sse4.2, popcnt, tsc, tscinvbit, avx, clmul, vzeroupper, clflush

Memory: 4k page, system-wide physical 4009M (1009M free)
TotalPageFile size 7007M (AvailPageFile size 269M)
current process WorkingSet (physical memory assigned to process): 195M, peak: 238M
current process commit charge ("private bytes"): 514M, peak: 517M

vm_info: Java HotSpot(TM) 64-Bit Server VM (17.0.1+12-LTS-39) for windows-amd64 JRE (17.0.1+12-LTS-39), built on Sep 27 2021 18:41:35 by "mach5one" with MS VC++ 16.8 (VS2019)

END.
