#
# There is insufficient memory for the Java Runtime Environment to continue.
# Native memory allocation (mmap) failed to map 145752064 bytes for G1 virtual space
# Possible reasons:
#   The system is out of physical RAM or swap space
#   The process is running with CompressedOops enabled, and the Java Heap may be blocking the growth of the native heap
# Possible solutions:
#   Reduce memory load on the system
#   Increase physical memory or swap space
#   Check if swap backing store is full
#   Decrease Java heap size (-Xmx/-Xms)
#   Decrease number of Java threads
#   Decrease Java thread stack sizes (-Xss)
#   Set larger code cache with -XX:ReservedCodeCacheSize=
#   JVM is running with Unscaled Compressed Oops mode in which the Java heap is
#     placed in the first 4GB address space. The Java Heap base address is the
#     maximum limit for the native heap growth. Please use -XX:HeapBaseMinAddress
#     to set the Java Heap base and to place the Java Heap above 4GB virtual address.
# This output file may be truncated or incomplete.
#
#  Out of Memory Error (os_windows.cpp:3469), pid=5260, tid=4980
#
# JRE version: Java(TM) SE Runtime Environment (17.0.1+12) (build 17.0.1+12-LTS-39)
# Java VM: Java HotSpot(TM) 64-Bit Server VM (17.0.1+12-LTS-39, mixed mode, sharing, tiered, compressed oops, compressed class ptrs, g1 gc, windows-amd64)
# No core dump will be written. Minidumps are not enabled by default on client versions of Windows
#

---------------  S U M M A R Y ------------

Command Line: -Dfile.encoding=UTF-8 --module-path=C:\_bmv\nb-learn\java\GUI-for-some-projects\build\classes gui.pkgfor.some.projects.GUIForSomeProjects

Host: Intel(R) Core(TM) i3-2330M CPU @ 2.20GHz, 4 cores, 3G,  Windows 7 , 64 bit Build 7601 (6.1.7601.18229)
Time: Sun Dec 12 13:48:12 2021 Северная Центр. Азия (зима) elapsed time: 2.325729 seconds (0d 0h 0m 2s)

---------------  T H R E A D  ---------------

Current thread (0x000000000efeb940):  VMThread "VM Thread" [stack: 0x000000001ea00000,0x000000001eb00000] [id=4980]

Stack: [0x000000001ea00000,0x000000001eb00000]
Native frames: (J=compiled Java code, j=interpreted, Vv=VM code, C=native code)
V  [jvm.dll+0x66fa1a]
V  [jvm.dll+0x7ce5a4]
V  [jvm.dll+0x7cfd4e]
V  [jvm.dll+0x7d03b3]
V  [jvm.dll+0x242b05]
V  [jvm.dll+0x66ca39]
V  [jvm.dll+0x661502]
V  [jvm.dll+0x30081b]
V  [jvm.dll+0x307da6]
V  [jvm.dll+0x357a1e]
V  [jvm.dll+0x357c4f]
V  [jvm.dll+0x2d7ad8]
V  [jvm.dll+0x2d5da4]
V  [jvm.dll+0x2d53ac]
V  [jvm.dll+0x318d0b]
V  [jvm.dll+0x7d484b]
V  [jvm.dll+0x7d5584]
V  [jvm.dll+0x7d5a9c]
V  [jvm.dll+0x7d5e74]
V  [jvm.dll+0x7d5f40]
V  [jvm.dll+0x77e91a]
V  [jvm.dll+0x66e845]
C  [ucrtbase.DLL+0x1d912]
C  [kernel32.dll+0x1652d]
C  [ntdll.dll+0x2c541]

VM_Operation (0x0000000020e14a10): G1CollectForAllocation, mode: safepoint, requested by thread 0x000000002043cca0


---------------  P R O C E S S  ---------------

Threads class SMR info:
_java_thread_list=0x00000000204dd580, length=17, elements={
0x000000000036f2e0, 0x000000000efeffe0, 0x000000000eff8a00, 0x000000001e719000,
0x000000001e7198c0, 0x000000001e71a180, 0x000000001e71aa40, 0x000000001e71db70,
0x000000001e71ed00, 0x000000001e71f600, 0x000000001e819c80, 0x000000002026b980,
0x00000000203e24f0, 0x00000000203eadc0, 0x00000000203d7670, 0x00000000203d7e90,
0x000000002043cca0
}

Java Threads: ( => current thread )
  0x000000000036f2e0 JavaThread "main" [_thread_blocked, id=7600, stack(0x0000000001d30000,0x0000000001e30000)]
  0x000000000efeffe0 JavaThread "Reference Handler" daemon [_thread_blocked, id=2928, stack(0x000000001e240000,0x000000001e340000)]
  0x000000000eff8a00 JavaThread "Finalizer" daemon [_thread_blocked, id=7576, stack(0x000000001f440000,0x000000001f540000)]
  0x000000001e719000 JavaThread "Signal Dispatcher" daemon [_thread_blocked, id=3828, stack(0x000000001e8b0000,0x000000001e9b0000)]
  0x000000001e7198c0 JavaThread "Attach Listener" daemon [_thread_blocked, id=5856, stack(0x000000001f5d0000,0x000000001f6d0000)]
  0x000000001e71a180 JavaThread "Service Thread" daemon [_thread_blocked, id=4932, stack(0x000000001f830000,0x000000001f930000)]
  0x000000001e71aa40 JavaThread "Monitor Deflation Thread" daemon [_thread_blocked, id=5712, stack(0x000000001f6f0000,0x000000001f7f0000)]
  0x000000001e71db70 JavaThread "C2 CompilerThread0" daemon [_thread_blocked, id=4324, stack(0x000000001fa90000,0x000000001fb90000)]
  0x000000001e71ed00 JavaThread "C1 CompilerThread0" daemon [_thread_blocked, id=8008, stack(0x000000001fc40000,0x000000001fd40000)]
  0x000000001e71f600 JavaThread "Sweeper thread" daemon [_thread_blocked, id=7748, stack(0x000000001fe30000,0x000000001ff30000)]
  0x000000001e819c80 JavaThread "Common-Cleaner" daemon [_thread_blocked, id=2076, stack(0x000000001ff40000,0x0000000020040000)]
  0x000000002026b980 JavaThread "Notification Thread" daemon [_thread_blocked, id=7292, stack(0x000000001e490000,0x000000001e590000)]
  0x00000000203e24f0 JavaThread "pool-1-thread-1" [_thread_blocked, id=7012, stack(0x0000000020650000,0x0000000020750000)]
  0x00000000203eadc0 JavaThread "Java2D Disposer" daemon [_thread_blocked, id=6404, stack(0x0000000020810000,0x0000000020910000)]
  0x00000000203d7670 JavaThread "AWT-Shutdown" [_thread_blocked, id=4992, stack(0x00000000209a0000,0x0000000020aa0000)]
  0x00000000203d7e90 JavaThread "AWT-Windows" daemon [_thread_in_native, id=7740, stack(0x00000000200a0000,0x00000000201a0000)]
  0x000000002043cca0 JavaThread "AWT-EventQueue-0" [_thread_blocked, id=7404, stack(0x0000000020d60000,0x0000000020e60000)]

Other Threads:
=>0x000000000efeb940 VMThread "VM Thread" [stack: 0x000000001ea00000,0x000000001eb00000] [id=4980]
  0x000000001e81bbc0 WatcherThread [stack: 0x000000001f950000,0x000000001fa50000] [id=3004]
  0x00000000003a1fb0 GCTaskThread "GC Thread#0" [stack: 0x000000000c890000,0x000000000c990000] [id=7548]
  0x000000002061fd10 GCTaskThread "GC Thread#1" [stack: 0x0000000023100000,0x0000000023200000] [id=1608]
  0x0000000022797ca0 GCTaskThread "GC Thread#2" [stack: 0x00000000232f0000,0x00000000233f0000] [id=4452]
  0x0000000020569630 GCTaskThread "GC Thread#3" [stack: 0x0000000023490000,0x0000000023590000] [id=7840]
  0x00000000003aab80 ConcurrentGCThread "G1 Main Marker" [stack: 0x000000000ca00000,0x000000000cb00000] [id=4836]
  0x00000000003ac4e0 ConcurrentGCThread "G1 Conc#0" [stack: 0x000000000ccf0000,0x000000000cdf0000] [id=7348]
  0x00000000003d8790 ConcurrentGCThread "G1 Refine#0" [stack: 0x000000001e360000,0x000000001e460000] [id=4384]
  0x00000000222b1ec0 ConcurrentGCThread "G1 Refine#1" [stack: 0x0000000023650000,0x0000000023750000] [id=7084]
  0x000000000ef201e0 ConcurrentGCThread "G1 Service" [stack: 0x000000001e590000,0x000000001e690000] [id=5116]

Threads with active compile tasks:
C2 CompilerThread0     2370 1016       4       gui.pkgfor.some.projects.ZPINcAppHelper::outMessageToAppLogFile (642 bytes)

VM state: at safepoint (normal execution)

VM Mutex/Monitor currently owned by a thread:  ([mutex/lock_event])
[0x0000000000366a10] Threads_lock - owner thread: 0x000000000efeb940
[0x0000000000367040] Heap_lock - owner thread: 0x000000002043cca0

Heap address: 0x00000000c1400000, size: 1004 MB, Compressed Oops mode: 32-bit

CDS archive(s) mapped at: [0x0000000800000000-0x0000000800bc0000-0x0000000800bc0000), size 12320768, SharedBaseAddress: 0x0000000800000000, ArchiveRelocationMode: 0.
Compressed class space mapped at: 0x0000000800c00000-0x0000000840c00000, reserved size: 1073741824
Narrow klass base: 0x0000000800000000, Narrow klass shift: 0, Narrow klass range: 0x100000000

GC Precious Log:
 CPUs: 4 total, 4 available
 Memory: 4009M
 Large Page Support: Disabled
 NUMA Support: Disabled
 Compressed Oops: Enabled (32-bit)
 Heap Region Size: 1M
 Heap Min Capacity: 8M
 Heap Initial Capacity: 64M
 Heap Max Capacity: 1004M
 Pre-touch: Disabled
 Parallel Workers: 4
 Concurrent Workers: 1
 Concurrent Refinement Workers: 4
 Periodic GC: Disabled

Heap:
 garbage-first heap   total 131072K, used 83456K [0x00000000c1400000, 0x0000000100000000)
  region size 1024K, 3 young (3072K), 3 survivors (3072K)
 Metaspace       used 5984K, committed 6400K, reserved 1056768K
  class space    used 675K, committed 896K, reserved 1048576K

Heap Regions: E=young(eden), S=young(survivor), O=old, HS=humongous(starts), HC=humongous(continues), CS=collection set, F=free, OA=open archive, CA=closed archive, TAMS=top-at-mark-start (previous, next)
|   0|0x00000000c1400000, 0x00000000c1500000, 0x00000000c1500000|100%| O|  |TAMS 0x00000000c1400000, 0x00000000c1500000| Untracked 
|   1|0x00000000c1500000, 0x00000000c1600000, 0x00000000c1600000|100%| O|  |TAMS 0x00000000c1500000, 0x00000000c1600000| Untracked 
|   2|0x00000000c1600000, 0x00000000c1700000, 0x00000000c1700000|100%| O|  |TAMS 0x00000000c1600000, 0x00000000c1700000| Untracked 
|   3|0x00000000c1700000, 0x00000000c1800000, 0x00000000c1800000|100%| O|  |TAMS 0x00000000c1700000, 0x00000000c1800000| Untracked 
|   4|0x00000000c1800000, 0x00000000c1900000, 0x00000000c1900000|100%| O|  |TAMS 0x00000000c1800000, 0x00000000c1900000| Untracked 
|   5|0x00000000c1900000, 0x00000000c1a00000, 0x00000000c1a00000|100%| O|  |TAMS 0x00000000c1900000, 0x00000000c1a00000| Untracked 
|   6|0x00000000c1a00000, 0x00000000c1b00000, 0x00000000c1b00000|100%| O|  |TAMS 0x00000000c1a00000, 0x00000000c1b00000| Untracked 
|   7|0x00000000c1b00000, 0x00000000c1c00000, 0x00000000c1c00000|100%| O|  |TAMS 0x00000000c1b00000, 0x00000000c1c00000| Untracked 
|   8|0x00000000c1c00000, 0x00000000c1d00000, 0x00000000c1d00000|100%| O|  |TAMS 0x00000000c1c00000, 0x00000000c1d00000| Untracked 
|   9|0x00000000c1d00000, 0x00000000c1e00000, 0x00000000c1e00000|100%| O|  |TAMS 0x00000000c1d00000, 0x00000000c1e00000| Untracked 
|  10|0x00000000c1e00000, 0x00000000c1f00000, 0x00000000c1f00000|100%| O|  |TAMS 0x00000000c1e00000, 0x00000000c1f00000| Untracked 
|  11|0x00000000c1f00000, 0x00000000c2000000, 0x00000000c2000000|100%| O|  |TAMS 0x00000000c1f00000, 0x00000000c2000000| Untracked 
|  12|0x00000000c2000000, 0x00000000c2100000, 0x00000000c2100000|100%| O|  |TAMS 0x00000000c2000000, 0x00000000c2100000| Untracked 
|  13|0x00000000c2100000, 0x00000000c2200000, 0x00000000c2200000|100%| O|  |TAMS 0x00000000c2100000, 0x00000000c2200000| Untracked 
|  14|0x00000000c2200000, 0x00000000c2300000, 0x00000000c2300000|100%| O|  |TAMS 0x00000000c2200000, 0x00000000c2300000| Untracked 
|  15|0x00000000c2300000, 0x00000000c2400000, 0x00000000c2400000|100%| O|  |TAMS 0x00000000c2300000, 0x00000000c2400000| Untracked 
|  16|0x00000000c2400000, 0x00000000c2500000, 0x00000000c2500000|100%| O|  |TAMS 0x00000000c2400000, 0x00000000c2500000| Untracked 
|  17|0x00000000c2500000, 0x00000000c2600000, 0x00000000c2600000|100%| O|  |TAMS 0x00000000c2500000, 0x00000000c2600000| Untracked 
|  18|0x00000000c2600000, 0x00000000c2700000, 0x00000000c2700000|100%| O|  |TAMS 0x00000000c2600000, 0x00000000c2700000| Untracked 
|  19|0x00000000c2700000, 0x00000000c2800000, 0x00000000c2800000|100%| O|  |TAMS 0x00000000c2700000, 0x00000000c2800000| Untracked 
|  20|0x00000000c2800000, 0x00000000c2900000, 0x00000000c2900000|100%| O|  |TAMS 0x00000000c2800000, 0x00000000c2900000| Untracked 
|  21|0x00000000c2900000, 0x00000000c2a00000, 0x00000000c2a00000|100%| O|  |TAMS 0x00000000c2900000, 0x00000000c2a00000| Untracked 
|  22|0x00000000c2a00000, 0x00000000c2b00000, 0x00000000c2b00000|100%| O|  |TAMS 0x00000000c2a00000, 0x00000000c2b00000| Untracked 
|  23|0x00000000c2b00000, 0x00000000c2c00000, 0x00000000c2c00000|100%| O|  |TAMS 0x00000000c2b00000, 0x00000000c2c00000| Untracked 
|  24|0x00000000c2c00000, 0x00000000c2d00000, 0x00000000c2d00000|100%| O|  |TAMS 0x00000000c2c00000, 0x00000000c2d00000| Untracked 
|  25|0x00000000c2d00000, 0x00000000c2e00000, 0x00000000c2e00000|100%| O|  |TAMS 0x00000000c2d00000, 0x00000000c2e00000| Untracked 
|  26|0x00000000c2e00000, 0x00000000c2f00000, 0x00000000c2f00000|100%| O|  |TAMS 0x00000000c2e00000, 0x00000000c2f00000| Untracked 
|  27|0x00000000c2f00000, 0x00000000c3000000, 0x00000000c3000000|100%| O|  |TAMS 0x00000000c2f00000, 0x00000000c3000000| Untracked 
|  28|0x00000000c3000000, 0x00000000c3100000, 0x00000000c3100000|100%| O|  |TAMS 0x00000000c3000000, 0x00000000c3100000| Untracked 
|  29|0x00000000c3100000, 0x00000000c3200000, 0x00000000c3200000|100%| O|  |TAMS 0x00000000c3100000, 0x00000000c3200000| Untracked 
|  30|0x00000000c3200000, 0x00000000c3300000, 0x00000000c3300000|100%| O|  |TAMS 0x00000000c3200000, 0x00000000c3300000| Untracked 
|  31|0x00000000c3300000, 0x00000000c3400000, 0x00000000c3400000|100%| O|  |TAMS 0x00000000c3300000, 0x00000000c3400000| Untracked 
|  32|0x00000000c3400000, 0x00000000c3500000, 0x00000000c3500000|100%| O|  |TAMS 0x00000000c3400000, 0x00000000c3500000| Untracked 
|  33|0x00000000c3500000, 0x00000000c3600000, 0x00000000c3600000|100%| O|  |TAMS 0x00000000c3500000, 0x00000000c3600000| Untracked 
|  34|0x00000000c3600000, 0x00000000c3700000, 0x00000000c3700000|100%| O|  |TAMS 0x00000000c3600000, 0x00000000c3700000| Untracked 
|  35|0x00000000c3700000, 0x00000000c3800000, 0x00000000c3800000|100%| O|  |TAMS 0x00000000c3700000, 0x00000000c3800000| Untracked 
|  36|0x00000000c3800000, 0x00000000c3900000, 0x00000000c3900000|100%| O|  |TAMS 0x00000000c3800000, 0x00000000c3900000| Untracked 
|  37|0x00000000c3900000, 0x00000000c3a00000, 0x00000000c3a00000|100%| O|  |TAMS 0x00000000c3900000, 0x00000000c3a00000| Untracked 
|  38|0x00000000c3a00000, 0x00000000c3b00000, 0x00000000c3b00000|100%| O|  |TAMS 0x00000000c3a00000, 0x00000000c3b00000| Untracked 
|  39|0x00000000c3b00000, 0x00000000c3c00000, 0x00000000c3c00000|100%| O|  |TAMS 0x00000000c3b00000, 0x00000000c3c00000| Untracked 
|  40|0x00000000c3c00000, 0x00000000c3d00000, 0x00000000c3d00000|100%| O|  |TAMS 0x00000000c3c00000, 0x00000000c3d00000| Untracked 
|  41|0x00000000c3d00000, 0x00000000c3e00000, 0x00000000c3e00000|100%| O|  |TAMS 0x00000000c3d00000, 0x00000000c3e00000| Untracked 
|  42|0x00000000c3e00000, 0x00000000c3f00000, 0x00000000c3f00000|100%| O|  |TAMS 0x00000000c3e00000, 0x00000000c3f00000| Untracked 
|  43|0x00000000c3f00000, 0x00000000c4000000, 0x00000000c4000000|100%| O|  |TAMS 0x00000000c3f00000, 0x00000000c4000000| Untracked 
|  44|0x00000000c4000000, 0x00000000c4100000, 0x00000000c4100000|100%| O|  |TAMS 0x00000000c4000000, 0x00000000c4100000| Untracked 
|  45|0x00000000c4100000, 0x00000000c4200000, 0x00000000c4200000|100%| O|  |TAMS 0x00000000c4100000, 0x00000000c4200000| Untracked 
|  46|0x00000000c4200000, 0x00000000c4300000, 0x00000000c4300000|100%| O|  |TAMS 0x00000000c4200000, 0x00000000c4300000| Untracked 
|  47|0x00000000c4300000, 0x00000000c4400000, 0x00000000c4400000|100%| O|  |TAMS 0x00000000c4300000, 0x00000000c4400000| Untracked 
|  48|0x00000000c4400000, 0x00000000c4500000, 0x00000000c4500000|100%| O|  |TAMS 0x00000000c4400000, 0x00000000c4500000| Untracked 
|  49|0x00000000c4500000, 0x00000000c4600000, 0x00000000c4600000|100%| O|  |TAMS 0x00000000c4500000, 0x00000000c4600000| Untracked 
|  50|0x00000000c4600000, 0x00000000c4700000, 0x00000000c4700000|100%| O|  |TAMS 0x00000000c4600000, 0x00000000c4700000| Untracked 
|  51|0x00000000c4700000, 0x00000000c4800000, 0x00000000c4800000|100%| O|  |TAMS 0x00000000c4700000, 0x00000000c4800000| Untracked 
|  52|0x00000000c4800000, 0x00000000c4900000, 0x00000000c4900000|100%| O|  |TAMS 0x00000000c4800000, 0x00000000c4900000| Untracked 
|  53|0x00000000c4900000, 0x00000000c4a00000, 0x00000000c4a00000|100%| O|  |TAMS 0x00000000c4900000, 0x00000000c4a00000| Untracked 
|  54|0x00000000c4a00000, 0x00000000c4b00000, 0x00000000c4b00000|100%| O|  |TAMS 0x00000000c4a00000, 0x00000000c4b00000| Untracked 
|  55|0x00000000c4b00000, 0x00000000c4c00000, 0x00000000c4c00000|100%| O|  |TAMS 0x00000000c4b00000, 0x00000000c4c00000| Untracked 
|  56|0x00000000c4c00000, 0x00000000c4d00000, 0x00000000c4d00000|100%| O|  |TAMS 0x00000000c4c00000, 0x00000000c4d00000| Untracked 
|  57|0x00000000c4d00000, 0x00000000c4e00000, 0x00000000c4e00000|100%| O|  |TAMS 0x00000000c4d00000, 0x00000000c4e00000| Untracked 
|  58|0x00000000c4e00000, 0x00000000c4f00000, 0x00000000c4f00000|100%| O|  |TAMS 0x00000000c4e00000, 0x00000000c4f00000| Untracked 
|  59|0x00000000c4f00000, 0x00000000c5000000, 0x00000000c5000000|100%| O|  |TAMS 0x00000000c4f00000, 0x00000000c5000000| Untracked 
|  60|0x00000000c5000000, 0x00000000c5100000, 0x00000000c5100000|100%| O|  |TAMS 0x00000000c5000000, 0x00000000c5100000| Untracked 
|  61|0x00000000c5100000, 0x00000000c5200000, 0x00000000c5200000|100%| O|  |TAMS 0x00000000c5100000, 0x00000000c5200000| Untracked 
|  62|0x00000000c5200000, 0x00000000c5300000, 0x00000000c5300000|100%| O|  |TAMS 0x00000000c5200000, 0x00000000c5300000| Untracked 
|  63|0x00000000c5300000, 0x00000000c5400000, 0x00000000c5400000|100%| O|  |TAMS 0x00000000c5300000, 0x00000000c5400000| Untracked 
|  64|0x00000000c5400000, 0x00000000c5500000, 0x00000000c5500000|100%| O|  |TAMS 0x00000000c5400000, 0x00000000c5500000| Untracked 
|  65|0x00000000c5500000, 0x00000000c5600000, 0x00000000c5600000|100%| O|  |TAMS 0x00000000c5500000, 0x00000000c5600000| Untracked 
|  66|0x00000000c5600000, 0x00000000c5700000, 0x00000000c5700000|100%| O|  |TAMS 0x00000000c5600000, 0x00000000c5700000| Untracked 
|  67|0x00000000c5700000, 0x00000000c5800000, 0x00000000c5800000|100%| O|  |TAMS 0x00000000c5700000, 0x00000000c5800000| Untracked 
|  68|0x00000000c5800000, 0x00000000c5900000, 0x00000000c5900000|100%| O|  |TAMS 0x00000000c5800000, 0x00000000c5800000| Untracked 
|  69|0x00000000c5900000, 0x00000000c5a00000, 0x00000000c5a00000|100%| O|  |TAMS 0x00000000c5900000, 0x00000000c5900000| Untracked 
|  70|0x00000000c5a00000, 0x00000000c5b00000, 0x00000000c5b00000|100%| O|  |TAMS 0x00000000c5a00000, 0x00000000c5a00000| Untracked 
|  71|0x00000000c5b00000, 0x00000000c5c00000, 0x00000000c5c00000|100%| O|  |TAMS 0x00000000c5b00000, 0x00000000c5b00000| Untracked 
|  72|0x00000000c5c00000, 0x00000000c5d00000, 0x00000000c5d00000|100%| O|  |TAMS 0x00000000c5c00000, 0x00000000c5c00000| Untracked 
|  73|0x00000000c5d00000, 0x00000000c5e00000, 0x00000000c5e00000|100%| O|  |TAMS 0x00000000c5d00000, 0x00000000c5d00000| Untracked 
|  74|0x00000000c5e00000, 0x00000000c5f00000, 0x00000000c5f00000|100%| O|  |TAMS 0x00000000c5e00000, 0x00000000c5e00000| Untracked 
|  75|0x00000000c5f00000, 0x00000000c6000000, 0x00000000c6000000|100%| O|  |TAMS 0x00000000c5f00000, 0x00000000c5f00000| Untracked 
|  76|0x00000000c6000000, 0x00000000c6100000, 0x00000000c6100000|100%| O|  |TAMS 0x00000000c6000000, 0x00000000c6000000| Untracked 
|  77|0x00000000c6100000, 0x00000000c6200000, 0x00000000c6200000|100%| O|  |TAMS 0x00000000c6100000, 0x00000000c6100000| Untracked 
|  78|0x00000000c6200000, 0x00000000c6280000, 0x00000000c6300000| 50%| O|  |TAMS 0x00000000c6200000, 0x00000000c6200000| Untracked 
|  79|0x00000000c6300000, 0x00000000c6300000, 0x00000000c6400000|  0%| F|  |TAMS 0x00000000c6300000, 0x00000000c6300000| Untracked 
|  80|0x00000000c6400000, 0x00000000c6400000, 0x00000000c6500000|  0%| F|  |TAMS 0x00000000c6400000, 0x00000000c6400000| Untracked 
|  81|0x00000000c6500000, 0x00000000c6500000, 0x00000000c6600000|  0%| F|  |TAMS 0x00000000c6500000, 0x00000000c6500000| Untracked 
|  82|0x00000000c6600000, 0x00000000c6600000, 0x00000000c6700000|  0%| F|  |TAMS 0x00000000c6600000, 0x00000000c6600000| Untracked 
|  83|0x00000000c6700000, 0x00000000c6700000, 0x00000000c6800000|  0%| F|  |TAMS 0x00000000c6700000, 0x00000000c6700000| Untracked 
|  84|0x00000000c6800000, 0x00000000c6800000, 0x00000000c6900000|  0%| F|  |TAMS 0x00000000c6800000, 0x00000000c6800000| Untracked 
|  85|0x00000000c6900000, 0x00000000c6900000, 0x00000000c6a00000|  0%| F|  |TAMS 0x00000000c6900000, 0x00000000c6900000| Untracked 
|  86|0x00000000c6a00000, 0x00000000c6a00000, 0x00000000c6b00000|  0%| F|  |TAMS 0x00000000c6a00000, 0x00000000c6a00000| Untracked 
|  87|0x00000000c6b00000, 0x00000000c6b00000, 0x00000000c6c00000|  0%| F|  |TAMS 0x00000000c6b00000, 0x00000000c6b00000| Untracked 
|  88|0x00000000c6c00000, 0x00000000c6c00000, 0x00000000c6d00000|  0%| F|  |TAMS 0x00000000c6c00000, 0x00000000c6c00000| Untracked 
|  89|0x00000000c6d00000, 0x00000000c6d00000, 0x00000000c6e00000|  0%| F|  |TAMS 0x00000000c6d00000, 0x00000000c6d00000| Untracked 
|  90|0x00000000c6e00000, 0x00000000c6e00000, 0x00000000c6f00000|  0%| F|  |TAMS 0x00000000c6e00000, 0x00000000c6e00000| Untracked 
|  91|0x00000000c6f00000, 0x00000000c6f00000, 0x00000000c7000000|  0%| F|  |TAMS 0x00000000c6f00000, 0x00000000c6f00000| Untracked 
|  92|0x00000000c7000000, 0x00000000c7000000, 0x00000000c7100000|  0%| F|  |TAMS 0x00000000c7000000, 0x00000000c7000000| Untracked 
|  93|0x00000000c7100000, 0x00000000c7100000, 0x00000000c7200000|  0%| F|  |TAMS 0x00000000c7100000, 0x00000000c7100000| Untracked 
|  94|0x00000000c7200000, 0x00000000c7200000, 0x00000000c7300000|  0%| F|  |TAMS 0x00000000c7200000, 0x00000000c7200000| Untracked 
|  95|0x00000000c7300000, 0x00000000c7300000, 0x00000000c7400000|  0%| F|  |TAMS 0x00000000c7300000, 0x00000000c7300000| Untracked 
|  96|0x00000000c7400000, 0x00000000c7400000, 0x00000000c7500000|  0%| F|  |TAMS 0x00000000c7400000, 0x00000000c7400000| Untracked 
|  97|0x00000000c7500000, 0x00000000c7500000, 0x00000000c7600000|  0%| F|  |TAMS 0x00000000c7500000, 0x00000000c7500000| Untracked 
|  98|0x00000000c7600000, 0x00000000c7600000, 0x00000000c7700000|  0%| F|  |TAMS 0x00000000c7600000, 0x00000000c7600000| Untracked 
|  99|0x00000000c7700000, 0x00000000c7700000, 0x00000000c7800000|  0%| F|  |TAMS 0x00000000c7700000, 0x00000000c7700000| Untracked 
| 100|0x00000000c7800000, 0x00000000c7800000, 0x00000000c7900000|  0%| F|  |TAMS 0x00000000c7800000, 0x00000000c7800000| Untracked 
| 101|0x00000000c7900000, 0x00000000c7900000, 0x00000000c7a00000|  0%| F|  |TAMS 0x00000000c7900000, 0x00000000c7900000| Untracked 
| 102|0x00000000c7a00000, 0x00000000c7a00000, 0x00000000c7b00000|  0%| F|  |TAMS 0x00000000c7a00000, 0x00000000c7a00000| Untracked 
| 103|0x00000000c7b00000, 0x00000000c7b00000, 0x00000000c7c00000|  0%| F|  |TAMS 0x00000000c7b00000, 0x00000000c7b00000| Untracked 
| 104|0x00000000c7c00000, 0x00000000c7c00000, 0x00000000c7d00000|  0%| F|  |TAMS 0x00000000c7c00000, 0x00000000c7c00000| Untracked 
| 105|0x00000000c7d00000, 0x00000000c7d00000, 0x00000000c7e00000|  0%| F|  |TAMS 0x00000000c7d00000, 0x00000000c7d00000| Untracked 
| 106|0x00000000c7e00000, 0x00000000c7e00000, 0x00000000c7f00000|  0%| F|  |TAMS 0x00000000c7e00000, 0x00000000c7e00000| Untracked 
| 107|0x00000000c7f00000, 0x00000000c8000000, 0x00000000c8000000|100%| S|CS|TAMS 0x00000000c7f00000, 0x00000000c7f00000| Complete 
| 108|0x00000000c8000000, 0x00000000c8100000, 0x00000000c8100000|100%| S|CS|TAMS 0x00000000c8000000, 0x00000000c8000000| Complete 
| 109|0x00000000c8100000, 0x00000000c8200000, 0x00000000c8200000|100%| S|CS|TAMS 0x00000000c8100000, 0x00000000c8100000| Complete 
| 110|0x00000000c8200000, 0x00000000c8200000, 0x00000000c8300000|  0%| F|  |TAMS 0x00000000c8200000, 0x00000000c8200000| Untracked 
| 111|0x00000000c8300000, 0x00000000c8300000, 0x00000000c8400000|  0%| F|  |TAMS 0x00000000c8300000, 0x00000000c8300000| Untracked 
| 112|0x00000000c8400000, 0x00000000c8400000, 0x00000000c8500000|  0%| F|  |TAMS 0x00000000c8400000, 0x00000000c8400000| Untracked 
| 113|0x00000000c8500000, 0x00000000c8500000, 0x00000000c8600000|  0%| F|  |TAMS 0x00000000c8500000, 0x00000000c8500000| Untracked 
| 114|0x00000000c8600000, 0x00000000c8600000, 0x00000000c8700000|  0%| F|  |TAMS 0x00000000c8600000, 0x00000000c8600000| Untracked 
| 115|0x00000000c8700000, 0x00000000c8700000, 0x00000000c8800000|  0%| F|  |TAMS 0x00000000c8700000, 0x00000000c8700000| Untracked 
| 116|0x00000000c8800000, 0x00000000c8800000, 0x00000000c8900000|  0%| F|  |TAMS 0x00000000c8800000, 0x00000000c8800000| Untracked 
| 117|0x00000000c8900000, 0x00000000c8900000, 0x00000000c8a00000|  0%| F|  |TAMS 0x00000000c8900000, 0x00000000c8900000| Untracked 
| 118|0x00000000c8a00000, 0x00000000c8a00000, 0x00000000c8b00000|  0%| F|  |TAMS 0x00000000c8a00000, 0x00000000c8a00000| Untracked 
| 119|0x00000000c8b00000, 0x00000000c8b00000, 0x00000000c8c00000|  0%| F|  |TAMS 0x00000000c8b00000, 0x00000000c8b00000| Untracked 
| 120|0x00000000c8c00000, 0x00000000c8c00000, 0x00000000c8d00000|  0%| F|  |TAMS 0x00000000c8c00000, 0x00000000c8c00000| Untracked 
| 121|0x00000000c8d00000, 0x00000000c8d00000, 0x00000000c8e00000|  0%| F|  |TAMS 0x00000000c8d00000, 0x00000000c8d00000| Untracked 
| 122|0x00000000c8e00000, 0x00000000c8e00000, 0x00000000c8f00000|  0%| F|  |TAMS 0x00000000c8e00000, 0x00000000c8e00000| Untracked 
| 123|0x00000000c8f00000, 0x00000000c8f00000, 0x00000000c9000000|  0%| F|  |TAMS 0x00000000c8f00000, 0x00000000c8f00000| Untracked 
| 124|0x00000000c9000000, 0x00000000c9000000, 0x00000000c9100000|  0%| F|  |TAMS 0x00000000c9000000, 0x00000000c9000000| Untracked 
| 125|0x00000000c9100000, 0x00000000c9100000, 0x00000000c9200000|  0%| F|  |TAMS 0x00000000c9100000, 0x00000000c9100000| Untracked 
| 126|0x00000000c9200000, 0x00000000c9200000, 0x00000000c9300000|  0%| F|  |TAMS 0x00000000c9200000, 0x00000000c9200000| Untracked 
| 127|0x00000000c9300000, 0x00000000c9300000, 0x00000000c9400000|  0%| F|  |TAMS 0x00000000c9300000, 0x00000000c9300000| Untracked 

Card table byte_map: [0x000000000a500000,0x000000000a700000] _byte_map_base: 0x0000000009ef6000

Marking Bits (Prev, Next): (CMBitMap*) 0x00000000003a24d0, (CMBitMap*) 0x00000000003a2510
 Prev Bits: [0x000000000a900000, 0x000000000b8b0000)
 Next Bits: [0x000000000b8b0000, 0x000000000c860000)

Polling page: 0x0000000000220000

Metaspace:

Usage:
  Non-class:      5.18 MB used.
      Class:    675.13 KB used.
       Both:      5.84 MB used.

Virtual space:
  Non-class space:        8.00 MB reserved,       5.38 MB ( 67%) committed,  1 nodes.
      Class space:        1.00 GB reserved,     896.00 KB ( <1%) committed,  1 nodes.
             Both:        1.01 GB reserved,       6.25 MB ( <1%) committed. 

Chunk freelists:
   Non-Class:  2.35 MB
       Class:  3.10 MB
        Both:  5.45 MB

MaxMetaspaceSize: unlimited
CompressedClassSpaceSize: 1.00 GB
Initial GC threshold: 21.00 MB
Current GC threshold: 21.00 MB
CDS: on
MetaspaceReclaimPolicy: balanced
 - commit_granule_bytes: 65536.
 - commit_granule_words: 8192.
 - virtual_space_node_default_size: 1048576.
 - enlarge_chunks_in_place: 1.
 - new_chunks_are_fully_committed: 0.
 - uncommit_free_chunks: 1.
 - use_allocation_guard: 0.
 - handle_deallocations: 1.


Internal statistics:

num_allocs_failed_limit: 0.
num_arena_births: 458.
num_arena_deaths: 0.
num_vsnodes_births: 2.
num_vsnodes_deaths: 0.
num_space_committed: 100.
num_space_uncommitted: 0.
num_chunks_returned_to_freelist: 0.
num_chunks_taken_from_freelist: 593.
num_chunk_merges: 0.
num_chunk_splits: 374.
num_chunks_enlarged: 167.
num_purges: 0.
num_inconsistent_stats: 0.

CodeHeap 'non-profiled nmethods': size=120000Kb used=461Kb max_used=461Kb free=119538Kb
 bounds [0x0000000016ae0000, 0x0000000016d50000, 0x000000001e010000]
CodeHeap 'profiled nmethods': size=120000Kb used=1604Kb max_used=1604Kb free=118395Kb
 bounds [0x000000000f5b0000, 0x000000000f820000, 0x0000000016ae0000]
CodeHeap 'non-nmethods': size=5760Kb used=1242Kb max_used=1297Kb free=4518Kb
 bounds [0x000000000f010000, 0x000000000f280000, 0x000000000f5b0000]
 total_blobs=1594 nmethods=1034 adapters=473
 compilation: enabled
              stopped_count=0, restarted_count=0
 full_count=0

Compilation events (20 events):
Event: 2.270 Thread 0x000000001e71ed00 1027       3       java.lang.invoke.LambdaForm$MH/0x0000000800c90400::invoke (154 bytes)
Event: 2.272 Thread 0x000000001e71ed00 nmethod 1027 0x000000000f735710 code [0x000000000f7359a0, 0x000000000f736c38]
Event: 2.272 Thread 0x000000001e71ed00 1028       3       java.lang.invoke.LambdaForm$MH/0x0000000800c8ec00::invoke (283 bytes)
Event: 2.274 Thread 0x000000001e71ed00 nmethod 1028 0x000000000f737190 code [0x000000000f7374a0, 0x000000000f738ed8]
Event: 2.274 Thread 0x000000001e71ed00 1031       3       java.lang.Integer::toString (55 bytes)
Event: 2.275 Thread 0x000000001e71ed00 nmethod 1031 0x000000000f739590 code [0x000000000f739760, 0x000000000f739af8]
Event: 2.275 Thread 0x000000001e71ed00 1029       3       java.lang.invoke.LambdaForm$MH/0x0000000800c8a000::invoke (274 bytes)
Event: 2.276 Thread 0x000000001e71ed00 nmethod 1029 0x000000000f739c90 code [0x000000000f739fa0, 0x000000000f73bd38]
Event: 2.277 Thread 0x000000001e71ed00 1030       3       java.lang.invoke.LambdaForm$MH/0x0000000800c95000::linkToTargetMethod (12 bytes)
Event: 2.277 Thread 0x000000001e71ed00 nmethod 1030 0x000000000f73c810 code [0x000000000f73c9c0, 0x000000000f73ce18]
Event: 2.277 Thread 0x000000001e71ed00 1032       3       gui.pkgfor.some.projects.ZPINcLogFileManager::getLogFile (37 bytes)
Event: 2.278 Thread 0x000000001e71ed00 nmethod 1032 0x000000000f73cf10 code [0x000000000f73d100, 0x000000000f73d478]
Event: 2.278 Thread 0x000000001e71ed00 1033       3       gui.pkgfor.some.projects.ZPINcIdxFileManager::getOrCreateAppDataSubDir (46 bytes)
Event: 2.280 Thread 0x000000001e71ed00 nmethod 1033 0x000000000f73d610 code [0x000000000f73d8a0, 0x000000000f73e068]
Event: 2.280 Thread 0x000000001e71ed00 1034   !   3       gui.pkgfor.some.projects.ZPINcIdxFileManager::dirExistRWAccessChecker (47 bytes)
Event: 2.282 Thread 0x000000001e71ed00 nmethod 1034 0x000000000f73e390 code [0x000000000f73e6c0, 0x000000000f73f918]
Event: 2.282 Thread 0x000000001e71ed00 1035       3       java.time.Clock::currentInstant (84 bytes)
Event: 2.284 Thread 0x000000001e71ed00 nmethod 1035 0x000000000f73ff10 code [0x000000000f740180, 0x000000000f7409f8]
Event: 2.284 Thread 0x000000001e71ed00 1036       3       java.util.Arrays::binarySearch (9 bytes)
Event: 2.284 Thread 0x000000001e71ed00 nmethod 1036 0x000000000f740d10 code [0x000000000f740ea0, 0x000000000f740fc8]

GC Heap History (17 events):
Event: 1.394 GC heap before
{Heap before GC invocations=0 (full 0):
 garbage-first heap   total 65536K, used 13312K [0x00000000c1400000, 0x0000000100000000)
  region size 1024K, 13 young (13312K), 0 survivors (0K)
 Metaspace       used 5868K, committed 6272K, reserved 1056768K
  class space    used 674K, committed 896K, reserved 1048576K
}
Event: 1.414 GC heap after
{Heap after GC invocations=1 (full 0):
 garbage-first heap   total 65536K, used 4785K [0x00000000c1400000, 0x0000000100000000)
  region size 1024K, 2 young (2048K), 2 survivors (2048K)
 Metaspace       used 5868K, committed 6272K, reserved 1056768K
  class space    used 674K, committed 896K, reserved 1048576K
}
Event: 1.560 GC heap before
{Heap before GC invocations=1 (full 0):
 garbage-first heap   total 65536K, used 16049K [0x00000000c1400000, 0x0000000100000000)
  region size 1024K, 13 young (13312K), 2 survivors (2048K)
 Metaspace       used 5904K, committed 6272K, reserved 1056768K
  class space    used 674K, committed 896K, reserved 1048576K
}
Event: 1.574 GC heap after
{Heap after GC invocations=2 (full 0):
 garbage-first heap   total 65536K, used 11395K [0x00000000c1400000, 0x0000000100000000)
  region size 1024K, 2 young (2048K), 2 survivors (2048K)
 Metaspace       used 5904K, committed 6272K, reserved 1056768K
  class space    used 674K, committed 896K, reserved 1048576K
}
Event: 1.641 GC heap before
{Heap before GC invocations=2 (full 0):
 garbage-first heap   total 65536K, used 24707K [0x00000000c1400000, 0x0000000100000000)
  region size 1024K, 15 young (15360K), 2 survivors (2048K)
 Metaspace       used 5910K, committed 6272K, reserved 1056768K
  class space    used 674K, committed 896K, reserved 1048576K
}
Event: 1.652 GC heap after
{Heap after GC invocations=3 (full 0):
 garbage-first heap   total 65536K, used 18416K [0x00000000c1400000, 0x0000000100000000)
  region size 1024K, 2 young (2048K), 2 survivors (2048K)
 Metaspace       used 5910K, committed 6272K, reserved 1056768K
  class space    used 674K, committed 896K, reserved 1048576K
}
Event: 1.737 GC heap before
{Heap before GC invocations=3 (full 0):
 garbage-first heap   total 65536K, used 33776K [0x00000000c1400000, 0x0000000100000000)
  region size 1024K, 17 young (17408K), 2 survivors (2048K)
 Metaspace       used 5923K, committed 6272K, reserved 1056768K
  class space    used 674K, committed 896K, reserved 1048576K
}
Event: 1.749 GC heap after
{Heap after GC invocations=4 (full 0):
 garbage-first heap   total 65536K, used 26505K [0x00000000c1400000, 0x0000000100000000)
  region size 1024K, 3 young (3072K), 3 survivors (3072K)
 Metaspace       used 5923K, committed 6272K, reserved 1056768K
  class space    used 674K, committed 896K, reserved 1048576K
}
Event: 1.822 GC heap before
{Heap before GC invocations=4 (full 0):
 garbage-first heap   total 65536K, used 39817K [0x00000000c1400000, 0x0000000100000000)
  region size 1024K, 16 young (16384K), 3 survivors (3072K)
 Metaspace       used 5927K, committed 6272K, reserved 1056768K
  class space    used 674K, committed 896K, reserved 1048576K
}
Event: 1.836 GC heap after
{Heap after GC invocations=5 (full 0):
 garbage-first heap   total 131072K, used 33388K [0x00000000c1400000, 0x0000000100000000)
  region size 1024K, 2 young (2048K), 2 survivors (2048K)
 Metaspace       used 5927K, committed 6272K, reserved 1056768K
  class space    used 674K, committed 896K, reserved 1048576K
}
Event: 1.982 GC heap before
{Heap before GC invocations=5 (full 0):
 garbage-first heap   total 131072K, used 65132K [0x00000000c1400000, 0x0000000100000000)
  region size 1024K, 33 young (33792K), 2 survivors (2048K)
 Metaspace       used 5954K, committed 6400K, reserved 1056768K
  class space    used 674K, committed 896K, reserved 1048576K
}
Event: 2.002 GC heap after
{Heap after GC invocations=6 (full 0):
 garbage-first heap   total 131072K, used 48830K [0x00000000c1400000, 0x0000000100000000)
  region size 1024K, 5 young (5120K), 5 survivors (5120K)
 Metaspace       used 5954K, committed 6400K, reserved 1056768K
  class space    used 674K, committed 896K, reserved 1048576K
}
Event: 2.098 GC heap before
{Heap before GC invocations=6 (full 0):
 garbage-first heap   total 131072K, used 74430K [0x00000000c1400000, 0x0000000100000000)
  region size 1024K, 30 young (30720K), 5 survivors (5120K)
 Metaspace       used 5955K, committed 6400K, reserved 1056768K
  class space    used 675K, committed 896K, reserved 1048576K
}
Event: 2.117 GC heap after
{Heap after GC invocations=7 (full 0):
 garbage-first heap   total 131072K, used 61952K [0x00000000c1400000, 0x0000000100000000)
  region size 1024K, 4 young (4096K), 4 survivors (4096K)
 Metaspace       used 5955K, committed 6400K, reserved 1056768K
  class space    used 675K, committed 896K, reserved 1048576K
}
Event: 2.206 GC heap before
{Heap before GC invocations=7 (full 0):
 garbage-first heap   total 131072K, used 84480K [0x00000000c1400000, 0x0000000100000000)
  region size 1024K, 26 young (26624K), 4 survivors (4096K)
 Metaspace       used 5957K, committed 6400K, reserved 1056768K
  class space    used 675K, committed 896K, reserved 1048576K
}
Event: 2.223 GC heap after
{Heap after GC invocations=8 (full 0):
 garbage-first heap   total 131072K, used 73728K [0x00000000c1400000, 0x0000000100000000)
  region size 1024K, 4 young (4096K), 4 survivors (4096K)
 Metaspace       used 5957K, committed 6400K, reserved 1056768K
  class space    used 675K, committed 896K, reserved 1048576K
}
Event: 2.304 GC heap before
{Heap before GC invocations=8 (full 0):
 garbage-first heap   total 131072K, used 92160K [0x00000000c1400000, 0x0000000100000000)
  region size 1024K, 22 young (22528K), 4 survivors (4096K)
 Metaspace       used 5984K, committed 6400K, reserved 1056768K
  class space    used 675K, committed 896K, reserved 1048576K
}

Deoptimization events (20 events):
Event: 2.084 Thread 0x00000000203e24f0 DEOPT PACKING pc=0x000000000f700f83 sp=0x0000000020718570
Event: 2.084 Thread 0x00000000203e24f0 DEOPT UNPACKING pc=0x000000000f062b43 sp=0x0000000020717bc8 mode 0
Event: 2.121 Thread 0x000000002043cca0 DEOPT PACKING pc=0x000000000f700f83 sp=0x0000000020e227f0
Event: 2.121 Thread 0x000000002043cca0 DEOPT UNPACKING pc=0x000000000f062b43 sp=0x0000000020e21e48 mode 0
Event: 2.140 Thread 0x00000000203e24f0 DEOPT PACKING pc=0x000000000f700f83 sp=0x0000000020715610
Event: 2.140 Thread 0x00000000203e24f0 DEOPT UNPACKING pc=0x000000000f062b43 sp=0x0000000020714c68 mode 0
Event: 2.157 Thread 0x000000002043cca0 DEOPT PACKING pc=0x000000000f700f83 sp=0x0000000020e1f890
Event: 2.157 Thread 0x000000002043cca0 DEOPT UNPACKING pc=0x000000000f062b43 sp=0x0000000020e1eee8 mode 0
Event: 2.174 Thread 0x00000000203e24f0 DEOPT PACKING pc=0x000000000f700f83 sp=0x00000000207111c0
Event: 2.174 Thread 0x00000000203e24f0 DEOPT UNPACKING pc=0x000000000f062b43 sp=0x0000000020710818 mode 0
Event: 2.193 Thread 0x00000000203e24f0 DEOPT PACKING pc=0x000000000f700f83 sp=0x000000002070f070
Event: 2.193 Thread 0x00000000203e24f0 DEOPT UNPACKING pc=0x000000000f062b43 sp=0x000000002070e6c8 mode 0
Event: 2.230 Thread 0x000000002043cca0 DEOPT PACKING pc=0x000000000f700f83 sp=0x0000000020e1b430
Event: 2.231 Thread 0x000000002043cca0 DEOPT UNPACKING pc=0x000000000f062b43 sp=0x0000000020e1aa88 mode 0
Event: 2.249 Thread 0x00000000203e24f0 DEOPT PACKING pc=0x000000000f700f83 sp=0x000000002070b010
Event: 2.249 Thread 0x00000000203e24f0 DEOPT UNPACKING pc=0x000000000f062b43 sp=0x000000002070a668 mode 0
Event: 2.267 Thread 0x000000002043cca0 DEOPT PACKING pc=0x000000000f700f83 sp=0x0000000020e18130
Event: 2.267 Thread 0x000000002043cca0 DEOPT UNPACKING pc=0x000000000f062b43 sp=0x0000000020e17788 mode 0
Event: 2.289 Thread 0x00000000203e24f0 DEOPT PACKING pc=0x000000000f700f83 sp=0x0000000020706e80
Event: 2.289 Thread 0x00000000203e24f0 DEOPT UNPACKING pc=0x000000000f062b43 sp=0x00000000207064d8 mode 0

Classes unloaded (0 events):
No events

Classes redefined (0 events):
No events

Internal exceptions (20 events):
Event: 2.255 Thread 0x00000000203e24f0 Exception <a 'java/io/IOException'{0x00000000c8c29cf0}> (0x00000000c8c29cf0) 
thrown [t:\workspace\open\src\hotspot\share\prims\jni.cpp, line 516]
Event: 2.259 Thread 0x00000000203e24f0 Exception <a 'java/io/IOException'{0x00000000c8b137c0}> (0x00000000c8b137c0) 
thrown [t:\workspace\open\src\hotspot\share\prims\jni.cpp, line 516]
Event: 2.259 Thread 0x000000002043cca0 Exception <a 'java/io/IOException'{0x00000000c8b40ef0}> (0x00000000c8b40ef0) 
thrown [t:\workspace\open\src\hotspot\share\prims\jni.cpp, line 516]
Event: 2.263 Thread 0x00000000203e24f0 Exception <a 'java/io/IOException'{0x00000000c8bfcca0}> (0x00000000c8bfcca0) 
thrown [t:\workspace\open\src\hotspot\share\prims\jni.cpp, line 516]
Event: 2.265 Thread 0x000000002043cca0 Exception <a 'java/io/IOException'{0x00000000c8a71af0}> (0x00000000c8a71af0) 
thrown [t:\workspace\open\src\hotspot\share\prims\jni.cpp, line 516]
Event: 2.268 Thread 0x00000000203e24f0 Exception <a 'java/io/IOException'{0x00000000c8ae6d08}> (0x00000000c8ae6d08) 
thrown [t:\workspace\open\src\hotspot\share\prims\jni.cpp, line 516]
Event: 2.272 Thread 0x000000002043cca0 Exception <a 'java/io/IOException'{0x00000000c89885b8}> (0x00000000c89885b8) 
thrown [t:\workspace\open\src\hotspot\share\prims\jni.cpp, line 516]
Event: 2.273 Thread 0x00000000203e24f0 Exception <a 'java/io/IOException'{0x00000000c8800df8}> (0x00000000c8800df8) 
thrown [t:\workspace\open\src\hotspot\share\prims\jni.cpp, line 516]
Event: 2.277 Thread 0x000000002043cca0 Exception <a 'java/io/IOException'{0x00000000c88cf398}> (0x00000000c88cf398) 
thrown [t:\workspace\open\src\hotspot\share\prims\jni.cpp, line 516]
Event: 2.279 Thread 0x00000000203e24f0 Exception <a 'java/io/IOException'{0x00000000c8718950}> (0x00000000c8718950) 
thrown [t:\workspace\open\src\hotspot\share\prims\jni.cpp, line 516]
Event: 2.282 Thread 0x000000002043cca0 Exception <a 'java/io/IOException'{0x00000000c87da120}> (0x00000000c87da120) 
thrown [t:\workspace\open\src\hotspot\share\prims\jni.cpp, line 516]
Event: 2.284 Thread 0x00000000203e24f0 Exception <a 'java/io/IOException'{0x00000000c8639ab0}> (0x00000000c8639ab0) 
thrown [t:\workspace\open\src\hotspot\share\prims\jni.cpp, line 516]
Event: 2.287 Thread 0x00000000203e24f0 Exception <a 'java/io/IOException'{0x00000000c85232f8}> (0x00000000c85232f8) 
thrown [t:\workspace\open\src\hotspot\share\prims\jni.cpp, line 516]
Event: 2.288 Thread 0x000000002043cca0 Exception <a 'java/io/IOException'{0x00000000c85487c8}> (0x00000000c85487c8) 
thrown [t:\workspace\open\src\hotspot\share\prims\jni.cpp, line 516]
Event: 2.292 Thread 0x00000000203e24f0 Exception <a 'java/io/IOException'{0x00000000c843bba8}> (0x00000000c843bba8) 
thrown [t:\workspace\open\src\hotspot\share\prims\jni.cpp, line 516]
Event: 2.293 Thread 0x000000002043cca0 Exception <a 'java/io/IOException'{0x00000000c8478ac8}> (0x00000000c8478ac8) 
thrown [t:\workspace\open\src\hotspot\share\prims\jni.cpp, line 516]
Event: 2.297 Thread 0x00000000203e24f0 Exception <a 'java/io/IOException'{0x00000000c83252f0}> (0x00000000c83252f0) 
thrown [t:\workspace\open\src\hotspot\share\prims\jni.cpp, line 516]
Event: 2.298 Thread 0x000000002043cca0 Exception <a 'java/io/IOException'{0x00000000c837b128}> (0x00000000c837b128) 
thrown [t:\workspace\open\src\hotspot\share\prims\jni.cpp, line 516]
Event: 2.302 Thread 0x000000002043cca0 Exception <a 'java/io/IOException'{0x00000000c827d750}> (0x00000000c827d750) 
thrown [t:\workspace\open\src\hotspot\share\prims\jni.cpp, line 516]
Event: 2.303 Thread 0x00000000203e24f0 Exception <a 'java/io/IOException'{0x00000000c8299698}> (0x00000000c8299698) 
thrown [t:\workspace\open\src\hotspot\share\prims\jni.cpp, line 516]

VM Operations (20 events):
Event: 0.087 Executing VM operation: HandshakeAllThreads done
Event: 0.742 Executing VM operation: HandshakeAllThreads
Event: 0.742 Executing VM operation: HandshakeAllThreads done
Event: 1.394 Executing VM operation: G1CollectForAllocation
Event: 1.415 Executing VM operation: G1CollectForAllocation done
Event: 1.560 Executing VM operation: G1CollectForAllocation
Event: 1.574 Executing VM operation: G1CollectForAllocation done
Event: 1.641 Executing VM operation: G1CollectForAllocation
Event: 1.652 Executing VM operation: G1CollectForAllocation done
Event: 1.737 Executing VM operation: G1CollectForAllocation
Event: 1.749 Executing VM operation: G1CollectForAllocation done
Event: 1.821 Executing VM operation: G1CollectForAllocation
Event: 1.836 Executing VM operation: G1CollectForAllocation done
Event: 1.982 Executing VM operation: G1CollectForAllocation
Event: 2.002 Executing VM operation: G1CollectForAllocation done
Event: 2.098 Executing VM operation: G1CollectForAllocation
Event: 2.117 Executing VM operation: G1CollectForAllocation done
Event: 2.206 Executing VM operation: G1CollectForAllocation
Event: 2.226 Executing VM operation: G1CollectForAllocation done
Event: 2.304 Executing VM operation: G1CollectForAllocation

Events (20 events):
Event: 1.083 loading class java/time/zone/ZoneRulesProvider$1
Event: 1.084 loading class java/time/zone/ZoneRulesProvider$1 done
Event: 1.084 loading class java/time/zone/TzdbZoneRulesProvider
Event: 1.084 loading class java/time/zone/TzdbZoneRulesProvider done
Event: 1.094 loading class java/time/zone/Ser
Event: 1.094 loading class java/io/Externalizable
Event: 1.094 loading class java/io/Externalizable done
Event: 1.095 loading class java/time/zone/Ser done
Event: 1.095 loading class java/time/zone/ZoneOffsetTransition
Event: 1.095 loading class java/time/zone/ZoneOffsetTransition done
Event: 1.103 Thread 0x00000000205e20c0 Thread added: 0x00000000205e20c0
Event: 1.253 loading class java/io/FileWriter
Event: 1.253 loading class java/io/FileWriter done
Event: 1.254 loading class java/io/Reader
Event: 1.254 loading class java/io/Reader done
Event: 1.254 loading class java/io/FileReader
Event: 1.254 loading class java/io/InputStreamReader
Event: 1.254 loading class java/io/InputStreamReader done
Event: 1.254 loading class java/io/FileReader done
Event: 1.946 Thread 0x00000000205e20c0 Thread exited: 0x00000000205e20c0


Dynamic libraries:
0x000000013fe80000 - 0x000000013fe90000 	C:\Program Files\Java\jdk-17.0.1\bin\java.exe
0x00000000775f0000 - 0x0000000077799000 	C:\Windows\SYSTEM32\ntdll.dll
0x00000000773d0000 - 0x00000000774ef000 	C:\Windows\system32\kernel32.dll
0x000007fefd750000 - 0x000007fefd7bb000 	C:\Windows\system32\KERNELBASE.dll
0x000007fefad40000 - 0x000007fefad58000 	C:\Program Files\Java\jdk-17.0.1\bin\jli.dll
0x000007fefef10000 - 0x000007fefefeb000 	C:\Windows\system32\ADVAPI32.dll
0x000007feff3a0000 - 0x000007feff43f000 	C:\Windows\system32\msvcrt.dll
0x000007fefed80000 - 0x000007fefed9f000 	C:\Windows\SYSTEM32\sechost.dll
0x000007feff720000 - 0x000007feff84d000 	C:\Windows\system32\RPCRT4.dll
0x000007fefc7b0000 - 0x000007fefc9a4000 	C:\Windows\WinSxS\amd64_microsoft.windows.common-controls_6595b64144ccf1df_6.0.7601.17514_none_fa396087175ac9ac\COMCTL32.dll
0x000007fefebf0000 - 0x000007fefec57000 	C:\Windows\system32\GDI32.dll
0x00000000774f0000 - 0x00000000775ea000 	C:\Windows\system32\USER32.dll
0x000007fefdb40000 - 0x000007fefdb4e000 	C:\Windows\system32\LPK.dll
0x000007fefee40000 - 0x000007fefef09000 	C:\Windows\system32\USP10.dll
0x000007fefec60000 - 0x000007fefecd1000 	C:\Windows\system32\SHLWAPI.dll
0x000007fefd350000 - 0x000007fefd35c000 	C:\Windows\system32\VERSION.dll
0x000007fefad20000 - 0x000007fefad3a000 	C:\Program Files\Java\jdk-17.0.1\bin\VCRUNTIME140.dll
0x000007fefadb0000 - 0x000007fefadb4000 	C:\Program Files\Java\jdk-17.0.1\bin\api-ms-win-crt-runtime-l1-1-0.dll
0x000007fed0150000 - 0x000007fed024a000 	C:\Program Files\Java\jdk-17.0.1\bin\ucrtbase.DLL
0x000007fefad80000 - 0x000007fefad83000 	C:\Program Files\Java\jdk-17.0.1\bin\api-ms-win-core-localization-l1-2-0.dll
0x000007fefad90000 - 0x000007fefad93000 	C:\Program Files\Java\jdk-17.0.1\bin\api-ms-win-core-processthreads-l1-1-1.dll
0x000007fed1900000 - 0x000007fed1903000 	C:\Program Files\Java\jdk-17.0.1\bin\api-ms-win-core-file-l1-2-0.dll
0x000007fed2080000 - 0x000007fed2083000 	C:\Program Files\Java\jdk-17.0.1\bin\api-ms-win-core-timezone-l1-1-0.dll
0x000007fed15c0000 - 0x000007fed15c3000 	C:\Program Files\Java\jdk-17.0.1\bin\api-ms-win-core-file-l2-1-0.dll
0x000007fed15d0000 - 0x000007fed15d3000 	C:\Program Files\Java\jdk-17.0.1\bin\api-ms-win-core-synch-l1-2-0.dll
0x000007fefad60000 - 0x000007fefad63000 	C:\Program Files\Java\jdk-17.0.1\bin\api-ms-win-crt-heap-l1-1-0.dll
0x000007fefad00000 - 0x000007fefad04000 	C:\Program Files\Java\jdk-17.0.1\bin\api-ms-win-crt-string-l1-1-0.dll
0x000007fefad10000 - 0x000007fefad14000 	C:\Program Files\Java\jdk-17.0.1\bin\api-ms-win-crt-stdio-l1-1-0.dll
0x000007feface0000 - 0x000007feface4000 	C:\Program Files\Java\jdk-17.0.1\bin\api-ms-win-crt-convert-l1-1-0.dll
0x000007fee4830000 - 0x000007fee4833000 	C:\Program Files\Java\jdk-17.0.1\bin\api-ms-win-crt-environment-l1-1-0.dll
0x000007feef8e0000 - 0x000007feef8e3000 	C:\Program Files\Java\jdk-17.0.1\bin\api-ms-win-crt-filesystem-l1-1-0.dll
0x000007fef97d0000 - 0x000007fef97d5000 	C:\Program Files\Java\jdk-17.0.1\bin\api-ms-win-crt-math-l1-1-0.dll
0x000007fee39f0000 - 0x000007fee39f3000 	C:\Program Files\Java\jdk-17.0.1\bin\api-ms-win-crt-locale-l1-1-0.dll
0x000007feff440000 - 0x000007feff46e000 	C:\Windows\system32\IMM32.DLL
0x000007fefdb50000 - 0x000007fefdc59000 	C:\Windows\system32\MSCTF.dll
0x000007fefd360000 - 0x000007fefd391000 	C:\Windows\system32\nvinitx.dll
0x000000000f000000 - 0x000000000f006000 	C:\Program Files\NVIDIA Corporation\CoProcManager\detoured.dll
0x000007fefa700000 - 0x000007fefa731000 	C:\Program Files\NVIDIA Corporation\CoProcManager\nvd3d9wrapx.dll
0x000007fefea10000 - 0x000007fefebe7000 	C:\Windows\system32\SETUPAPI.dll
0x000007fefd470000 - 0x000007fefd4a6000 	C:\Windows\system32\CFGMGR32.dll
0x000007feff080000 - 0x000007feff157000 	C:\Windows\system32\OLEAUT32.dll
0x000007fefd7d0000 - 0x000007fefd9d3000 	C:\Windows\system32\ole32.dll
0x000007fefd450000 - 0x000007fefd46a000 	C:\Windows\system32\DEVOBJ.dll
0x000007fefa6d0000 - 0x000007fefa6f2000 	C:\Program Files\NVIDIA Corporation\CoProcManager\nvdxgiwrapx.dll
0x000007fefacf0000 - 0x000007fefacfc000 	C:\Program Files\Java\jdk-17.0.1\bin\vcruntime140_1.dll
0x000007fed1a30000 - 0x000007fed1abd000 	C:\Program Files\Java\jdk-17.0.1\bin\msvcp140.dll
0x000007fee3bc0000 - 0x000007fee3bc3000 	C:\Program Files\Java\jdk-17.0.1\bin\api-ms-win-crt-time-l1-1-0.dll
0x000007fefacd0000 - 0x000007fefacd3000 	C:\Program Files\Java\jdk-17.0.1\bin\api-ms-win-crt-utility-l1-1-0.dll
0x000007fecd760000 - 0x000007fece31e000 	C:\Program Files\Java\jdk-17.0.1\bin\server\jvm.dll
0x000007fefad70000 - 0x000007fefad79000 	C:\Windows\system32\WSOCK32.dll
0x000007feff8b0000 - 0x000007feff8fd000 	C:\Windows\system32\WS2_32.dll
0x000007feff070000 - 0x000007feff078000 	C:\Windows\system32\NSI.dll
0x000007fefa690000 - 0x000007fefa6cb000 	C:\Windows\system32\WINMM.dll
0x00000000777b0000 - 0x00000000777b7000 	C:\Windows\system32\PSAPI.DLL
0x000007fee3bd0000 - 0x000007fee3bda000 	C:\Program Files\Java\jdk-17.0.1\bin\jimage.dll
0x000007fef6b20000 - 0x000007fef6c45000 	C:\Windows\system32\DBGHELP.DLL
0x000007fee3b20000 - 0x000007fee3b45000 	C:\Program Files\Java\jdk-17.0.1\bin\java.dll
0x000007fee3a40000 - 0x000007fee3b16000 	C:\Program Files\Java\jdk-17.0.1\bin\svml.dll
0x000007fefdc80000 - 0x000007fefea08000 	C:\Windows\system32\SHELL32.dll
0x000007fefd3a0000 - 0x000007fefd3af000 	C:\Windows\system32\profapi.dll
0x000007fee0120000 - 0x000007fee0139000 	C:\Program Files\Java\jdk-17.0.1\bin\net.dll
0x000007fef5df0000 - 0x000007fef5e61000 	C:\Windows\system32\WINHTTP.dll
0x000007fef5d80000 - 0x000007fef5de5000 	C:\Windows\system32\webio.dll
0x000007fefcbc0000 - 0x000007fefcc15000 	C:\Windows\system32\mswsock.dll
0x000007fefcbb0000 - 0x000007fefcbb7000 	C:\Windows\System32\wship6.dll
0x000007fee3950000 - 0x000007fee3965000 	C:\Program Files\Java\jdk-17.0.1\bin\nio.dll
0x000007fedfe40000 - 0x000007fedfe58000 	C:\Program Files\Java\jdk-17.0.1\bin\zip.dll
0x000007fed1630000 - 0x000007fed17bf000 	C:\Program Files\Java\jdk-17.0.1\bin\awt.dll
0x000007fefb960000 - 0x000007fefb9b6000 	C:\Windows\system32\uxtheme.dll
0x000007fefb580000 - 0x000007fefb598000 	C:\Windows\system32\dwmapi.dll
0x000007fefd280000 - 0x000007fefd28f000 	C:\Windows\system32\CRYPTBASE.dll
0x000007fed03c0000 - 0x000007fed04dd000 	C:\Windows\system32\opengl32.dll
0x000007fed2090000 - 0x000007fed20bd000 	C:\Windows\system32\GLU32.dll
0x000007fee46d0000 - 0x000007fee47c1000 	C:\Windows\system32\DDRAW.dll
0x000007fee46c0000 - 0x000007fee46c8000 	C:\Windows\system32\DCIMAN32.dll
0x000007fed19a0000 - 0x000007fed1a29000 	C:\Program Files\Java\jdk-17.0.1\bin\freetype.dll
0x000007fecfd70000 - 0x000007fecfe18000 	C:\Program Files\Java\jdk-17.0.1\bin\fontmanager.dll

dbghelp: loaded successfully - version: 4.0.5 - missing functions: none
symbol engine: initialized successfully - sym options: 0x614 - pdb path: .;C:\Program Files\Java\jdk-17.0.1\bin;C:\Windows\SYSTEM32;C:\Windows\WinSxS\amd64_microsoft.windows.common-controls_6595b64144ccf1df_6.0.7601.17514_none_fa396087175ac9ac;C:\Program Files\NVIDIA Corporation\CoProcManager;C:\Program Files\Java\jdk-17.0.1\bin\server

VM Arguments:
jvm_args: -Dfile.encoding=UTF-8 --module-path=C:\_bmv\nb-learn\java\GUI-for-some-projects\build\classes 
java_command: gui.pkgfor.some.projects.GUIForSomeProjects
java_class_path (initial): C:\_bmv\doc\java_examples\poi-bin-5.1.0-20211024\poi-bin-5.1.0;C:\_bmv\doc\java_examples\poi-bin-5.1.0-20211024\poi-bin-5.1.0\poi-5.1.0.jar;C:\Program Files\NetBeans-12.6\netbeans\enterprise\modules\ext\jakarta.jakartaee-api-9.0.0.jar;C:\_bmv\nb-learn\java\GUI-for-some-projects\build\classes
Launcher Type: SUN_STANDARD

[Global flags]
     intx CICompilerCount                          = 3                                         {product} {ergonomic}
     uint ConcGCThreads                            = 1                                         {product} {ergonomic}
     uint G1ConcRefinementThreads                  = 4                                         {product} {ergonomic}
   size_t G1HeapRegionSize                         = 1048576                                   {product} {ergonomic}
    uintx GCDrainStackTargetSize                   = 64                                        {product} {ergonomic}
   size_t InitialHeapSize                          = 67108864                                  {product} {ergonomic}
   size_t MarkStackSize                            = 4194304                                   {product} {ergonomic}
   size_t MaxHeapSize                              = 1052770304                                {product} {ergonomic}
   size_t MaxNewSize                               = 631242752                                 {product} {ergonomic}
   size_t MinHeapDeltaBytes                        = 1048576                                   {product} {ergonomic}
   size_t MinHeapSize                              = 8388608                                   {product} {ergonomic}
    uintx NonNMethodCodeHeapSize                   = 5832780                                {pd product} {ergonomic}
    uintx NonProfiledCodeHeapSize                  = 122912730                              {pd product} {ergonomic}
    uintx ProfiledCodeHeapSize                     = 122912730                              {pd product} {ergonomic}
    uintx ReservedCodeCacheSize                    = 251658240                              {pd product} {ergonomic}
     bool SegmentedCodeCache                       = true                                      {product} {ergonomic}
   size_t SoftMaxHeapSize                          = 1052770304                             {manageable} {ergonomic}
     bool UseCompressedClassPointers               = true                           {product lp64_product} {ergonomic}
     bool UseCompressedOops                        = true                           {product lp64_product} {ergonomic}
     bool UseG1GC                                  = true                                      {product} {ergonomic}
     bool UseLargePagesIndividualAllocation        = false                                  {pd product} {ergonomic}

Logging:
Log output configuration:
 #0: stdout all=warning uptime,level,tags
 #1: stderr all=off uptime,level,tags

Environment Variables:
PATH=C:\Program Files\Common Files\Oracle\Java\javapath;C:\Program Files (x86)\Common Files\Oracle\Java\javapath;C:\ProgramData\Oracle\Java\javapath;C:\Windows\system32;C:\Windows;C:\Windows\System32\Wbem;C:\Windows\System32\WindowsPowerShell\v1.0\;C:\Program Files (x86)\NVIDIA Corporation\PhysX\Common;C:\Program Files\LLVM\bin
USERNAME=Администратор
OS=Windows_NT
PROCESSOR_IDENTIFIER=Intel64 Family 6 Model 42 Stepping 7, GenuineIntel



---------------  S Y S T E M  ---------------

OS:
 Windows 7 , 64 bit Build 7601 (6.1.7601.18229)
OS uptime: 6 days 19:09 hours

CPU: total 4 (initial active 4) (2 cores per cpu, 2 threads per core) family 6 model 42 stepping 7 microcode 0x0, cx8, cmov, fxsr, ht, mmx, sse, sse2, sse3, ssse3, sse4.1, sse4.2, popcnt, tsc, tscinvbit, avx, clmul, vzeroupper, clflush

Memory: 4k page, system-wide physical 4009M (882M free)
TotalPageFile size 7007M (AvailPageFile size 91M)
current process WorkingSet (physical memory assigned to process): 175M, peak: 175M
current process commit charge ("private bytes"): 236M, peak: 375M

vm_info: Java HotSpot(TM) 64-Bit Server VM (17.0.1+12-LTS-39) for windows-amd64 JRE (17.0.1+12-LTS-39), built on Sep 27 2021 18:41:35 by "mach5one" with MS VC++ 16.8 (VS2019)

END.
