#
# There is insufficient memory for the Java Runtime Environment to continue.
# Native memory allocation (mmap) failed to map 228589568 bytes for G1 virtual space
# Possible reasons:
#   The system is out of physical RAM or swap space
#   The process is running with CompressedOops enabled, and the Java Heap may be blocking the growth of the native heap
# Possible solutions:
#   Reduce memory load on the system
#   Increase physical memory or swap space
#   Check if swap backing store is full
#   Decrease Java heap size (-Xmx/-Xms)
#   Decrease number of Java threads
#   Decrease Java thread stack sizes (-Xss)
#   Set larger code cache with -XX:ReservedCodeCacheSize=
#   JVM is running with Unscaled Compressed Oops mode in which the Java heap is
#     placed in the first 4GB address space. The Java Heap base address is the
#     maximum limit for the native heap growth. Please use -XX:HeapBaseMinAddress
#     to set the Java Heap base and to place the Java Heap above 4GB virtual address.
# This output file may be truncated or incomplete.
#
#  Out of Memory Error (os_windows.cpp:3469), pid=9952, tid=25408
#
# JRE version: Java(TM) SE Runtime Environment (17.0.1+12) (build 17.0.1+12-LTS-39)
# Java VM: Java HotSpot(TM) 64-Bit Server VM (17.0.1+12-LTS-39, mixed mode, sharing, tiered, compressed oops, compressed class ptrs, g1 gc, windows-amd64)
# No core dump will be written. Minidumps are not enabled by default on client versions of Windows
#

---------------  S U M M A R Y ------------

Command Line: -Dfile.encoding=UTF-8 --module-path=C:\_bmv\nb-learn\java\GUI for some projects\build\classes gui.pkgfor.some.projects.GUIForSomeProjects

Host: Intel(R) Core(TM) i3-2330M CPU @ 2.20GHz, 4 cores, 3G,  Windows 7 , 64 bit Build 7601 (6.1.7601.18229)
Time: Sun Nov 14 20:27:13 2021 Северная Центр. Азия (зима) elapsed time: 1008.261499 seconds (0d 0h 16m 48s)

---------------  T H R E A D  ---------------

Current thread (0x000000001e203530):  VMThread "VM Thread" [stack: 0x000000001f0b0000,0x000000001f1b0000] [id=25408]

Stack: [0x000000001f0b0000,0x000000001f1b0000]
Native frames: (J=compiled Java code, j=interpreted, Vv=VM code, C=native code)
V  [jvm.dll+0x66fa1a]
V  [jvm.dll+0x7ce5a4]
V  [jvm.dll+0x7cfd4e]
V  [jvm.dll+0x7d03b3]
V  [jvm.dll+0x242b05]
V  [jvm.dll+0x66ca39]
V  [jvm.dll+0x661502]
V  [jvm.dll+0x30081b]
V  [jvm.dll+0x307da6]
V  [jvm.dll+0x357a1e]
V  [jvm.dll+0x357c4f]
V  [jvm.dll+0x2d7ad8]
V  [jvm.dll+0x2d5da4]
V  [jvm.dll+0x2d53ac]
V  [jvm.dll+0x318d0b]
V  [jvm.dll+0x7d484b]
V  [jvm.dll+0x7d5584]
V  [jvm.dll+0x7d5a9c]
V  [jvm.dll+0x7d5e74]
V  [jvm.dll+0x7d5f40]
V  [jvm.dll+0x77e91a]
V  [jvm.dll+0x66e845]
C  [ucrtbase.DLL+0x1d912]
C  [kernel32.dll+0x1652d]
C  [ntdll.dll+0x2c541]

VM_Operation (0x0000000020dde190): G1CollectForAllocation, mode: safepoint, requested by thread 0x000000002024fae0


---------------  P R O C E S S  ---------------

Threads class SMR info:
_java_thread_list=0x0000000021d4fc00, length=18, elements={
0x000000001e2097f0, 0x000000001e20ca40, 0x000000001e21fb00, 0x000000001e513fd0,
0x000000001e5144a0, 0x000000001e514970, 0x000000001e51a2b0, 0x000000001e51c7c0,
0x000000001e595af0, 0x000000001e1f6100, 0x000000002003c460, 0x00000000202218c0,
0x0000000020221d90, 0x00000000202225b0, 0x000000002024fae0, 0x0000000000480700,
0x0000000020412c40, 0x0000000021b1c9e0
}

Java Threads: ( => current thread )
  0x000000001e2097f0 JavaThread "Reference Handler" daemon [_thread_blocked, id=19488, stack(0x000000001e6e0000,0x000000001e7e0000)]
  0x000000001e20ca40 JavaThread "Finalizer" daemon [_thread_blocked, id=6540, stack(0x000000001f340000,0x000000001f440000)]
  0x000000001e21fb00 JavaThread "Signal Dispatcher" daemon [_thread_blocked, id=24484, stack(0x000000001f490000,0x000000001f590000)]
  0x000000001e513fd0 JavaThread "Attach Listener" daemon [_thread_blocked, id=10896, stack(0x000000001f230000,0x000000001f330000)]
  0x000000001e5144a0 JavaThread "Service Thread" daemon [_thread_blocked, id=10548, stack(0x000000001f770000,0x000000001f870000)]
  0x000000001e514970 JavaThread "Monitor Deflation Thread" daemon [_thread_blocked, id=30284, stack(0x000000001f5c0000,0x000000001f6c0000)]
  0x000000001e51a2b0 JavaThread "C2 CompilerThread0" daemon [_thread_blocked, id=20908, stack(0x000000001f990000,0x000000001fa90000)]
  0x000000001e51c7c0 JavaThread "C1 CompilerThread0" daemon [_thread_blocked, id=7516, stack(0x000000001fab0000,0x000000001fbb0000)]
  0x000000001e595af0 JavaThread "Sweeper thread" daemon [_thread_blocked, id=10992, stack(0x000000001fc70000,0x000000001fd70000)]
  0x000000001e1f6100 JavaThread "Common-Cleaner" daemon [_thread_blocked, id=19408, stack(0x000000001fda0000,0x000000001fea0000)]
  0x000000002003c460 JavaThread "Notification Thread" daemon [_thread_blocked, id=25112, stack(0x0000000020510000,0x0000000020610000)]
  0x00000000202218c0 JavaThread "Java2D Disposer" daemon [_thread_blocked, id=7432, stack(0x00000000207f0000,0x00000000208f0000)]
  0x0000000020221d90 JavaThread "AWT-Shutdown" [_thread_blocked, id=29096, stack(0x00000000209f0000,0x0000000020af0000)]
  0x00000000202225b0 JavaThread "AWT-Windows" daemon [_thread_blocked, id=16300, stack(0x00000000206e0000,0x00000000207e0000)]
  0x000000002024fae0 JavaThread "AWT-EventQueue-0" [_thread_blocked, id=29604, stack(0x0000000020ce0000,0x0000000020de0000)]
  0x0000000000480700 JavaThread "DestroyJavaVM" [_thread_blocked, id=28696, stack(0x0000000001ed0000,0x0000000001fd0000)]
  0x0000000020412c40 JavaThread "TimerQueue" daemon [_thread_blocked, id=25420, stack(0x00000000222b0000,0x00000000223b0000)]
  0x0000000021b1c9e0 JavaThread "SwingWorker-pool-1-thread-1" daemon [_thread_blocked, id=10196, stack(0x0000000022f70000,0x0000000023070000)]

Other Threads:
=>0x000000001e203530 VMThread "VM Thread" [stack: 0x000000001f0b0000,0x000000001f1b0000] [id=25408]
  0x000000002003c930 WatcherThread [stack: 0x000000001f890000,0x000000001f990000] [id=30360]
  0x00000000004b6500 GCTaskThread "GC Thread#0" [stack: 0x000000000c8e0000,0x000000000c9e0000] [id=29236]
  0x0000000021bdfe60 GCTaskThread "GC Thread#1" [stack: 0x0000000022ce0000,0x0000000022de0000] [id=12856]
  0x0000000021bced20 GCTaskThread "GC Thread#2" [stack: 0x0000000023520000,0x0000000023620000] [id=7268]
  0x0000000021bcefd0 GCTaskThread "GC Thread#3" [stack: 0x0000000023790000,0x0000000023890000] [id=24452]
  0x00000000004bfa50 ConcurrentGCThread "G1 Main Marker" [stack: 0x000000000cba0000,0x000000000cca0000] [id=8236]
  0x00000000004c07f0 ConcurrentGCThread "G1 Conc#0" [stack: 0x000000000ca10000,0x000000000cb10000] [id=22308]
  0x000000001e145080 ConcurrentGCThread "G1 Refine#0" [stack: 0x000000001e390000,0x000000001e490000] [id=19116]
  0x000000001e5653e0 ConcurrentGCThread "G1 Refine#1" [stack: 0x0000000023080000,0x0000000023180000] [id=6020]
  0x000000001e1494c0 ConcurrentGCThread "G1 Service" [stack: 0x000000001e240000,0x000000001e340000] [id=10500]

Threads with active compile tasks:
C2 CompilerThread0  1023543 1879       4       java.lang.Class::reflectionData (43 bytes)

VM state: at safepoint (normal execution)

VM Mutex/Monitor currently owned by a thread:  ([mutex/lock_event])
[0x0000000000468100] Threads_lock - owner thread: 0x000000001e203530
[0x0000000000468730] Heap_lock - owner thread: 0x000000002024fae0

Heap address: 0x00000000c1400000, size: 1004 MB, Compressed Oops mode: 32-bit

CDS archive(s) mapped at: [0x0000000800000000-0x0000000800bc0000-0x0000000800bc0000), size 12320768, SharedBaseAddress: 0x0000000800000000, ArchiveRelocationMode: 0.
Compressed class space mapped at: 0x0000000800c00000-0x0000000840c00000, reserved size: 1073741824
Narrow klass base: 0x0000000800000000, Narrow klass shift: 0, Narrow klass range: 0x100000000

GC Precious Log:
 CPUs: 4 total, 4 available
 Memory: 4009M
 Large Page Support: Disabled
 NUMA Support: Disabled
 Compressed Oops: Enabled (32-bit)
 Heap Region Size: 1M
 Heap Min Capacity: 8M
 Heap Initial Capacity: 64M
 Heap Max Capacity: 1004M
 Pre-touch: Disabled
 Parallel Workers: 4
 Concurrent Workers: 1
 Concurrent Refinement Workers: 4
 Periodic GC: Disabled

Heap:
 garbage-first heap   total 111616K, used 55772K [0x00000000c1400000, 0x0000000100000000)
  region size 1024K, 1 young (1024K), 1 survivors (1024K)
 Metaspace       used 10825K, committed 11072K, reserved 1064960K
  class space    used 1221K, committed 1344K, reserved 1048576K

Heap Regions: E=young(eden), S=young(survivor), O=old, HS=humongous(starts), HC=humongous(continues), CS=collection set, F=free, OA=open archive, CA=closed archive, TAMS=top-at-mark-start (previous, next)
|   0|0x00000000c1400000, 0x00000000c14fffe8, 0x00000000c1500000| 99%| O|  |TAMS 0x00000000c14fffe8, 0x00000000c1400000| Untracked 
|   1|0x00000000c1500000, 0x00000000c15fff88, 0x00000000c1600000| 99%| O|  |TAMS 0x00000000c15fff88, 0x00000000c1500000| Untracked 
|   2|0x00000000c1600000, 0x00000000c1700000, 0x00000000c1700000|100%| O|  |TAMS 0x00000000c1700000, 0x00000000c1600000| Untracked 
|   3|0x00000000c1700000, 0x00000000c17f73c8, 0x00000000c1800000| 96%| O|  |TAMS 0x00000000c17f73c8, 0x00000000c1700000| Untracked 
|   4|0x00000000c1800000, 0x00000000c1800000, 0x00000000c1900000|  0%| F|  |TAMS 0x00000000c1800000, 0x00000000c1800000| Untracked 
|   5|0x00000000c1900000, 0x00000000c1a00000, 0x00000000c1a00000|100%| O|  |TAMS 0x00000000c1a00000, 0x00000000c1900000| Untracked 
|   6|0x00000000c1a00000, 0x00000000c1b00000, 0x00000000c1b00000|100%| O|  |TAMS 0x00000000c1b00000, 0x00000000c1a00000| Untracked 
|   7|0x00000000c1b00000, 0x00000000c1b00000, 0x00000000c1c00000|  0%| F|  |TAMS 0x00000000c1b00000, 0x00000000c1b00000| Untracked 
|   8|0x00000000c1c00000, 0x00000000c1d00000, 0x00000000c1d00000|100%| O|  |TAMS 0x00000000c1c00000, 0x00000000c1c00000| Untracked 
|   9|0x00000000c1d00000, 0x00000000c1e00000, 0x00000000c1e00000|100%| O|  |TAMS 0x00000000c1d00000, 0x00000000c1d00000| Untracked 
|  10|0x00000000c1e00000, 0x00000000c1f00000, 0x00000000c1f00000|100%| O|  |TAMS 0x00000000c1e00000, 0x00000000c1e00000| Untracked 
|  11|0x00000000c1f00000, 0x00000000c2000000, 0x00000000c2000000|100%| O|  |TAMS 0x00000000c1f00000, 0x00000000c1f00000| Untracked 
|  12|0x00000000c2000000, 0x00000000c2100000, 0x00000000c2100000|100%| O|  |TAMS 0x00000000c2000000, 0x00000000c2000000| Untracked 
|  13|0x00000000c2100000, 0x00000000c2200000, 0x00000000c2200000|100%| O|  |TAMS 0x00000000c2100000, 0x00000000c2100000| Untracked 
|  14|0x00000000c2200000, 0x00000000c2300000, 0x00000000c2300000|100%| O|  |TAMS 0x00000000c2200000, 0x00000000c2200000| Untracked 
|  15|0x00000000c2300000, 0x00000000c2400000, 0x00000000c2400000|100%| O|  |TAMS 0x00000000c2400000, 0x00000000c2300000| Untracked 
|  16|0x00000000c2400000, 0x00000000c2500000, 0x00000000c2500000|100%| O|  |TAMS 0x00000000c2400000, 0x00000000c2400000| Untracked 
|  17|0x00000000c2500000, 0x00000000c2600000, 0x00000000c2600000|100%| O|  |TAMS 0x00000000c2500000, 0x00000000c2500000| Untracked 
|  18|0x00000000c2600000, 0x00000000c2700000, 0x00000000c2700000|100%|HS|  |TAMS 0x00000000c2600000, 0x00000000c2600000| Complete 
|  19|0x00000000c2700000, 0x00000000c2800000, 0x00000000c2800000|100%|HS|  |TAMS 0x00000000c2700000, 0x00000000c2700000| Complete 
|  20|0x00000000c2800000, 0x00000000c2900000, 0x00000000c2900000|100%|HS|  |TAMS 0x00000000c2800000, 0x00000000c2800000| Complete 
|  21|0x00000000c2900000, 0x00000000c2900000, 0x00000000c2a00000|  0%| F|  |TAMS 0x00000000c2900000, 0x00000000c2900000| Untracked 
|  22|0x00000000c2a00000, 0x00000000c2b00000, 0x00000000c2b00000|100%| O|  |TAMS 0x00000000c2a00000, 0x00000000c2a00000| Untracked 
|  23|0x00000000c2b00000, 0x00000000c2c00000, 0x00000000c2c00000|100%| O|  |TAMS 0x00000000c2b00000, 0x00000000c2b00000| Untracked 
|  24|0x00000000c2c00000, 0x00000000c2d00000, 0x00000000c2d00000|100%| O|  |TAMS 0x00000000c2c00000, 0x00000000c2c00000| Untracked 
|  25|0x00000000c2d00000, 0x00000000c2e00000, 0x00000000c2e00000|100%| O|  |TAMS 0x00000000c2d00000, 0x00000000c2d00000| Untracked 
|  26|0x00000000c2e00000, 0x00000000c2f00000, 0x00000000c2f00000|100%| O|  |TAMS 0x00000000c2e00000, 0x00000000c2e00000| Untracked 
|  27|0x00000000c2f00000, 0x00000000c3000000, 0x00000000c3000000|100%| O|  |TAMS 0x00000000c2f00000, 0x00000000c2f00000| Untracked 
|  28|0x00000000c3000000, 0x00000000c3100000, 0x00000000c3100000|100%| O|  |TAMS 0x00000000c3000000, 0x00000000c3000000| Untracked 
|  29|0x00000000c3100000, 0x00000000c3200000, 0x00000000c3200000|100%| O|  |TAMS 0x00000000c3100000, 0x00000000c3100000| Untracked 
|  30|0x00000000c3200000, 0x00000000c3300000, 0x00000000c3300000|100%| O|  |TAMS 0x00000000c3200000, 0x00000000c3200000| Untracked 
|  31|0x00000000c3300000, 0x00000000c3300000, 0x00000000c3400000|  0%| F|  |TAMS 0x00000000c3300000, 0x00000000c3300000| Untracked 
|  32|0x00000000c3400000, 0x00000000c3500000, 0x00000000c3500000|100%| O|  |TAMS 0x00000000c3400000, 0x00000000c3400000| Untracked 
|  33|0x00000000c3500000, 0x00000000c3600000, 0x00000000c3600000|100%| O|  |TAMS 0x00000000c3500000, 0x00000000c3500000| Untracked 
|  34|0x00000000c3600000, 0x00000000c3700000, 0x00000000c3700000|100%| O|  |TAMS 0x00000000c3600000, 0x00000000c3600000| Untracked 
|  35|0x00000000c3700000, 0x00000000c3800000, 0x00000000c3800000|100%| O|  |TAMS 0x00000000c3700000, 0x00000000c3700000| Untracked 
|  36|0x00000000c3800000, 0x00000000c3900000, 0x00000000c3900000|100%| O|  |TAMS 0x00000000c3800000, 0x00000000c3800000| Untracked 
|  37|0x00000000c3900000, 0x00000000c3a00000, 0x00000000c3a00000|100%| O|  |TAMS 0x00000000c3900000, 0x00000000c3900000| Untracked 
|  38|0x00000000c3a00000, 0x00000000c3b00000, 0x00000000c3b00000|100%| O|  |TAMS 0x00000000c3a00000, 0x00000000c3a00000| Untracked 
|  39|0x00000000c3b00000, 0x00000000c3c00000, 0x00000000c3c00000|100%| O|  |TAMS 0x00000000c3b00000, 0x00000000c3b00000| Untracked 
|  40|0x00000000c3c00000, 0x00000000c3d00000, 0x00000000c3d00000|100%|HS|  |TAMS 0x00000000c3d00000, 0x00000000c3c00000| Complete 
|  41|0x00000000c3d00000, 0x00000000c3d00000, 0x00000000c3e00000|  0%| F|  |TAMS 0x00000000c3d00000, 0x00000000c3d00000| Untracked 
|  42|0x00000000c3e00000, 0x00000000c3f00000, 0x00000000c3f00000|100%| O|  |TAMS 0x00000000c3e00000, 0x00000000c3e00000| Untracked 
|  43|0x00000000c3f00000, 0x00000000c4000000, 0x00000000c4000000|100%| O|  |TAMS 0x00000000c4000000, 0x00000000c3f00000| Untracked 
|  44|0x00000000c4000000, 0x00000000c4100000, 0x00000000c4100000|100%| O|  |TAMS 0x00000000c4100000, 0x00000000c4000000| Untracked 
|  45|0x00000000c4100000, 0x00000000c4180000, 0x00000000c4200000| 50%| O|  |TAMS 0x00000000c4100000, 0x00000000c4100000| Untracked 
|  46|0x00000000c4200000, 0x00000000c4300000, 0x00000000c4300000|100%| O|  |TAMS 0x00000000c4300000, 0x00000000c4200000| Untracked 
|  47|0x00000000c4300000, 0x00000000c4400000, 0x00000000c4400000|100%| O|  |TAMS 0x00000000c4400000, 0x00000000c4300000| Untracked 
|  48|0x00000000c4400000, 0x00000000c4500000, 0x00000000c4500000|100%| O|  |TAMS 0x00000000c4500000, 0x00000000c4400000| Untracked 
|  49|0x00000000c4500000, 0x00000000c4500000, 0x00000000c4600000|  0%| F|  |TAMS 0x00000000c4500000, 0x00000000c4500000| Untracked 
|  50|0x00000000c4600000, 0x00000000c4600000, 0x00000000c4700000|  0%| F|  |TAMS 0x00000000c4600000, 0x00000000c4600000| Untracked 
|  51|0x00000000c4700000, 0x00000000c4700000, 0x00000000c4800000|  0%| F|  |TAMS 0x00000000c4700000, 0x00000000c4700000| Untracked 
|  52|0x00000000c4800000, 0x00000000c4800000, 0x00000000c4900000|  0%| F|  |TAMS 0x00000000c4800000, 0x00000000c4800000| Untracked 
|  53|0x00000000c4900000, 0x00000000c4900000, 0x00000000c4a00000|  0%| F|  |TAMS 0x00000000c4900000, 0x00000000c4900000| Untracked 
|  54|0x00000000c4a00000, 0x00000000c4a00000, 0x00000000c4b00000|  0%| F|  |TAMS 0x00000000c4a00000, 0x00000000c4a00000| Untracked 
|  55|0x00000000c4b00000, 0x00000000c4b00000, 0x00000000c4c00000|  0%| F|  |TAMS 0x00000000c4b00000, 0x00000000c4b00000| Untracked 
|  56|0x00000000c4c00000, 0x00000000c4c00000, 0x00000000c4d00000|  0%| F|  |TAMS 0x00000000c4c00000, 0x00000000c4c00000| Untracked 
|  57|0x00000000c4d00000, 0x00000000c4d00000, 0x00000000c4e00000|  0%| F|  |TAMS 0x00000000c4d00000, 0x00000000c4d00000| Untracked 
|  58|0x00000000c4e00000, 0x00000000c4f00000, 0x00000000c4f00000|100%| O|  |TAMS 0x00000000c4e00000, 0x00000000c4e00000| Untracked 
|  59|0x00000000c4f00000, 0x00000000c5000000, 0x00000000c5000000|100%| O|  |TAMS 0x00000000c4f00000, 0x00000000c4f00000| Untracked 
|  60|0x00000000c5000000, 0x00000000c5100000, 0x00000000c5100000|100%| O|  |TAMS 0x00000000c5000000, 0x00000000c5000000| Untracked 
|  61|0x00000000c5100000, 0x00000000c5200000, 0x00000000c5200000|100%| O|  |TAMS 0x00000000c5100000, 0x00000000c5100000| Untracked 
|  62|0x00000000c5200000, 0x00000000c5300000, 0x00000000c5300000|100%| O|  |TAMS 0x00000000c5200000, 0x00000000c5200000| Untracked 
|  63|0x00000000c5300000, 0x00000000c5400000, 0x00000000c5400000|100%|HS|  |TAMS 0x00000000c5300000, 0x00000000c5300000| Complete 
|  64|0x00000000c5400000, 0x00000000c5500000, 0x00000000c5500000|100%|HS|  |TAMS 0x00000000c5400000, 0x00000000c5400000| Complete 
|  65|0x00000000c5500000, 0x00000000c5600000, 0x00000000c5600000|100%|HS|  |TAMS 0x00000000c5500000, 0x00000000c5500000| Complete 
|  66|0x00000000c5600000, 0x00000000c5700000, 0x00000000c5700000|100%|HS|  |TAMS 0x00000000c5600000, 0x00000000c5600000| Complete 
|  67|0x00000000c5700000, 0x00000000c5800000, 0x00000000c5800000|100%|HC|  |TAMS 0x00000000c5700000, 0x00000000c5700000| Complete 
|  68|0x00000000c5800000, 0x00000000c5800000, 0x00000000c5900000|  0%| F|  |TAMS 0x00000000c5800000, 0x00000000c5800000| Untracked 
|  69|0x00000000c5900000, 0x00000000c5900000, 0x00000000c5a00000|  0%| F|  |TAMS 0x00000000c5900000, 0x00000000c5900000| Untracked 
|  70|0x00000000c5a00000, 0x00000000c5a00000, 0x00000000c5b00000|  0%| F|  |TAMS 0x00000000c5a00000, 0x00000000c5a00000| Untracked 
|  71|0x00000000c5b00000, 0x00000000c5b00000, 0x00000000c5c00000|  0%| F|  |TAMS 0x00000000c5b00000, 0x00000000c5b00000| Untracked 
|  72|0x00000000c5c00000, 0x00000000c5c00000, 0x00000000c5d00000|  0%| F|  |TAMS 0x00000000c5c00000, 0x00000000c5c00000| Untracked 
|  73|0x00000000c5d00000, 0x00000000c5d00000, 0x00000000c5e00000|  0%| F|  |TAMS 0x00000000c5d00000, 0x00000000c5d00000| Untracked 
|  74|0x00000000c5e00000, 0x00000000c5e00000, 0x00000000c5f00000|  0%| F|  |TAMS 0x00000000c5e00000, 0x00000000c5e00000| Untracked 
|  75|0x00000000c5f00000, 0x00000000c5f00000, 0x00000000c6000000|  0%| F|  |TAMS 0x00000000c5f00000, 0x00000000c5f00000| Untracked 
|  76|0x00000000c6000000, 0x00000000c6000000, 0x00000000c6100000|  0%| F|  |TAMS 0x00000000c6000000, 0x00000000c6000000| Untracked 
|  77|0x00000000c6100000, 0x00000000c6100000, 0x00000000c6200000|  0%| F|  |TAMS 0x00000000c6100000, 0x00000000c6100000| Untracked 
|  78|0x00000000c6200000, 0x00000000c6200000, 0x00000000c6300000|  0%| F|  |TAMS 0x00000000c6200000, 0x00000000c6200000| Untracked 
|  79|0x00000000c6300000, 0x00000000c6300000, 0x00000000c6400000|  0%| F|  |TAMS 0x00000000c6300000, 0x00000000c6300000| Untracked 
|  80|0x00000000c6400000, 0x00000000c6400000, 0x00000000c6500000|  0%| F|  |TAMS 0x00000000c6400000, 0x00000000c6400000| Untracked 
|  81|0x00000000c6500000, 0x00000000c6500000, 0x00000000c6600000|  0%| F|  |TAMS 0x00000000c6500000, 0x00000000c6500000| Untracked 
|  82|0x00000000c6600000, 0x00000000c6600000, 0x00000000c6700000|  0%| F|  |TAMS 0x00000000c6600000, 0x00000000c6600000| Untracked 
|  83|0x00000000c6700000, 0x00000000c6700000, 0x00000000c6800000|  0%| F|  |TAMS 0x00000000c6700000, 0x00000000c6700000| Untracked 
|  84|0x00000000c6800000, 0x00000000c6800000, 0x00000000c6900000|  0%| F|  |TAMS 0x00000000c6800000, 0x00000000c6800000| Untracked 
|  85|0x00000000c6900000, 0x00000000c6900000, 0x00000000c6a00000|  0%| F|  |TAMS 0x00000000c6900000, 0x00000000c6900000| Untracked 
|  86|0x00000000c6a00000, 0x00000000c6a00000, 0x00000000c6b00000|  0%| F|  |TAMS 0x00000000c6a00000, 0x00000000c6a00000| Untracked 
|  87|0x00000000c6b00000, 0x00000000c6b00000, 0x00000000c6c00000|  0%| F|  |TAMS 0x00000000c6b00000, 0x00000000c6b00000| Untracked 
|  88|0x00000000c6c00000, 0x00000000c6c00000, 0x00000000c6d00000|  0%| F|  |TAMS 0x00000000c6c00000, 0x00000000c6c00000| Untracked 
|  89|0x00000000c6d00000, 0x00000000c6d00000, 0x00000000c6e00000|  0%| F|  |TAMS 0x00000000c6d00000, 0x00000000c6d00000| Untracked 
|  90|0x00000000c6e00000, 0x00000000c6e00000, 0x00000000c6f00000|  0%| F|  |TAMS 0x00000000c6e00000, 0x00000000c6e00000| Untracked 
|  91|0x00000000c6f00000, 0x00000000c6f00000, 0x00000000c7000000|  0%| F|  |TAMS 0x00000000c6f00000, 0x00000000c6f00000| Untracked 
|  92|0x00000000c7000000, 0x00000000c7000000, 0x00000000c7100000|  0%| F|  |TAMS 0x00000000c7000000, 0x00000000c7000000| Untracked 
|  93|0x00000000c7100000, 0x00000000c7100000, 0x00000000c7200000|  0%| F|  |TAMS 0x00000000c7100000, 0x00000000c7100000| Untracked 
|  94|0x00000000c7200000, 0x00000000c7200000, 0x00000000c7300000|  0%| F|  |TAMS 0x00000000c7200000, 0x00000000c7200000| Untracked 
|  95|0x00000000c7300000, 0x00000000c7300000, 0x00000000c7400000|  0%| F|  |TAMS 0x00000000c7300000, 0x00000000c7300000| Untracked 
|  96|0x00000000c7400000, 0x00000000c7400000, 0x00000000c7500000|  0%| F|  |TAMS 0x00000000c7400000, 0x00000000c7400000| Untracked 
|  97|0x00000000c7500000, 0x00000000c7500000, 0x00000000c7600000|  0%| F|  |TAMS 0x00000000c7500000, 0x00000000c7500000| Untracked 
|  98|0x00000000c7600000, 0x00000000c7600000, 0x00000000c7700000|  0%| F|  |TAMS 0x00000000c7600000, 0x00000000c7600000| Untracked 
|  99|0x00000000c7700000, 0x00000000c7700000, 0x00000000c7800000|  0%| F|  |TAMS 0x00000000c7700000, 0x00000000c7700000| Untracked 
| 100|0x00000000c7800000, 0x00000000c7800000, 0x00000000c7900000|  0%| F|  |TAMS 0x00000000c7800000, 0x00000000c7800000| Untracked 
| 101|0x00000000c7900000, 0x00000000c7900000, 0x00000000c7a00000|  0%| F|  |TAMS 0x00000000c7900000, 0x00000000c7900000| Untracked 
| 102|0x00000000c7a00000, 0x00000000c7a00000, 0x00000000c7b00000|  0%| F|  |TAMS 0x00000000c7a00000, 0x00000000c7a00000| Untracked 
| 103|0x00000000c7b00000, 0x00000000c7b00000, 0x00000000c7c00000|  0%| F|  |TAMS 0x00000000c7b00000, 0x00000000c7b00000| Untracked 
| 104|0x00000000c7c00000, 0x00000000c7c00000, 0x00000000c7d00000|  0%| F|  |TAMS 0x00000000c7c00000, 0x00000000c7c00000| Untracked 
| 105|0x00000000c7d00000, 0x00000000c7d00000, 0x00000000c7e00000|  0%| F|  |TAMS 0x00000000c7d00000, 0x00000000c7d00000| Untracked 
| 106|0x00000000c7e00000, 0x00000000c7f00000, 0x00000000c7f00000|100%| S|CS|TAMS 0x00000000c7e00000, 0x00000000c7e00000| Complete 
| 107|0x00000000c7f00000, 0x00000000c7f00000, 0x00000000c8000000|  0%| F|  |TAMS 0x00000000c7f00000, 0x00000000c7f00000| Untracked 
| 108|0x00000000c8000000, 0x00000000c8000000, 0x00000000c8100000|  0%| F|  |TAMS 0x00000000c8000000, 0x00000000c8000000| Untracked 

Card table byte_map: [0x000000000a540000,0x000000000a740000] _byte_map_base: 0x0000000009f36000

Marking Bits (Prev, Next): (CMBitMap*) 0x00000000004b6a60, (CMBitMap*) 0x00000000004b6a20
 Prev Bits: [0x000000000b8f0000, 0x000000000c8a0000)
 Next Bits: [0x000000000a940000, 0x000000000b8f0000)

Polling page: 0x0000000000120000

Metaspace:

Usage:
  Non-class:      9.38 MB used.
      Class:      1.19 MB used.
       Both:     10.57 MB used.

Virtual space:
  Non-class space:       16.00 MB reserved,       9.50 MB ( 59%) committed,  2 nodes.
      Class space:        1.00 GB reserved,       1.31 MB ( <1%) committed,  1 nodes.
             Both:        1.02 GB reserved,      10.81 MB (  1%) committed. 

Chunk freelists:
   Non-Class:  2.36 MB
       Class:  2.78 MB
        Both:  5.14 MB

MaxMetaspaceSize: unlimited
CompressedClassSpaceSize: 1.00 GB
Initial GC threshold: 21.00 MB
Current GC threshold: 21.00 MB
CDS: on
MetaspaceReclaimPolicy: balanced
 - commit_granule_bytes: 65536.
 - commit_granule_words: 8192.
 - virtual_space_node_default_size: 1048576.
 - enlarge_chunks_in_place: 1.
 - new_chunks_are_fully_committed: 0.
 - uncommit_free_chunks: 1.
 - use_allocation_guard: 0.
 - handle_deallocations: 1.


Internal statistics:

num_allocs_failed_limit: 0.
num_arena_births: 252.
num_arena_deaths: 188.
num_vsnodes_births: 3.
num_vsnodes_deaths: 0.
num_space_committed: 175.
num_space_uncommitted: 2.
num_chunks_returned_to_freelist: 257.
num_chunks_taken_from_freelist: 382.
num_chunk_merges: 122.
num_chunk_splits: 194.
num_chunks_enlarged: 63.
num_purges: 2.
num_inconsistent_stats: 0.

CodeHeap 'non-profiled nmethods': size=120000Kb used=547Kb max_used=547Kb free=119452Kb
 bounds [0x0000000016ae0000, 0x0000000016d50000, 0x000000001e010000]
CodeHeap 'profiled nmethods': size=120000Kb used=3295Kb max_used=3295Kb free=116705Kb
 bounds [0x000000000f5b0000, 0x000000000f8f0000, 0x0000000016ae0000]
CodeHeap 'non-nmethods': size=5760Kb used=1302Kb max_used=1319Kb free=4457Kb
 bounds [0x000000000f010000, 0x000000000f280000, 0x000000000f5b0000]
 total_blobs=2516 nmethods=1881 adapters=547
 compilation: enabled
              stopped_count=0, restarted_count=0
 full_count=0

Compilation events (20 events):
Event: 1007.060 Thread 0x000000001e51c7c0 nmethod 1874 0x000000000f8ddb90 code [0x000000000f8ddda0, 0x000000000f8de5b8]
Event: 1007.060 Thread 0x000000001e51c7c0 1875       3       sun.java2d.SurfaceData::getTextPipe (120 bytes)
Event: 1007.061 Thread 0x000000001e51c7c0 nmethod 1875 0x000000000f8de790 code [0x000000000f8de980, 0x000000000f8dee48]
Event: 1007.061 Thread 0x000000001e51c7c0 1876       3       sun.java2d.pipe.Region::getIntersectionXYWH (18 bytes)
Event: 1007.062 Thread 0x000000001e51c7c0 nmethod 1876 0x000000000f8def90 code [0x000000000f8df140, 0x000000000f8df448]
Event: 1007.076 Thread 0x000000001e51c7c0 1877       1       javax.swing.text.JTextComponent::getNavigationFilter (5 bytes)
Event: 1007.077 Thread 0x000000001e51c7c0 nmethod 1877 0x0000000016b68b90 code [0x0000000016b68d20, 0x0000000016b68df8]
Event: 1007.077 Thread 0x000000001e51c7c0 1878       3       javax.swing.SwingUtilities::isEventDispatchThread (4 bytes)
Event: 1007.078 Thread 0x000000001e51c7c0 nmethod 1878 0x000000000f8df590 code [0x000000000f8df7a0, 0x000000000f8dfcb8]
Event: 1007.080 Thread 0x000000001e51a2b0 1879       4       java.lang.Class::reflectionData (43 bytes)
Event: 1007.089 Thread 0x000000001e51c7c0 1882       3       javax.swing.UIDefaults$TextAndMnemonicHashMap::get (358 bytes)
Event: 1007.107 Thread 0x000000001e51c7c0 nmethod 1882 0x000000000f8dff10 code [0x000000000f8e0760, 0x000000000f8e4748]
Event: 1007.108 Thread 0x000000001e51c7c0 1880       3       sun.java2d.SunGraphics2D::getCompClip (19 bytes)
Event: 1007.108 Thread 0x000000001e51c7c0 nmethod 1880 0x000000000f8e5f10 code [0x000000000f8e60c0, 0x000000000f8e6268]
Event: 1007.108 Thread 0x000000001e51c7c0 1881       3       sun.java2d.loops.CompositeType::equals (29 bytes)
Event: 1007.109 Thread 0x000000001e51c7c0 nmethod 1881 0x000000000f8e6310 code [0x000000000f8e64c0, 0x000000000f8e6898]
Event: 1007.186 Thread 0x000000001e51c7c0 1883       3       java.text.DecimalFormatSymbols::findNonFormatChar (25 bytes)
Event: 1007.189 Thread 0x000000001e51c7c0 nmethod 1883 0x000000000f8e6990 code [0x000000000f8e6ba0, 0x000000000f8e7328]
Event: 1007.189 Thread 0x000000001e51c7c0 1884       3       java.lang.String::chars (43 bytes)
Event: 1007.191 Thread 0x000000001e51c7c0 nmethod 1884 0x000000000f8e7590 code [0x000000000f8e7760, 0x000000000f8e7b08]

GC Heap History (20 events):
Event: 1005.963 GC heap after
{Heap after GC invocations=11 (full 4):
 garbage-first heap   total 37888K, used 15525K [0x00000000c1400000, 0x0000000100000000)
  region size 1024K, 2 young (2048K), 2 survivors (2048K)
 Metaspace       used 10674K, committed 11008K, reserved 1064960K
  class space    used 1221K, committed 1344K, reserved 1048576K
}
Event: 1006.003 GC heap before
{Heap before GC invocations=11 (full 4):
 garbage-first heap   total 37888K, used 19621K [0x00000000c1400000, 0x0000000100000000)
  region size 1024K, 6 young (6144K), 2 survivors (2048K)
 Metaspace       used 10684K, committed 11008K, reserved 1064960K
  class space    used 1221K, committed 1344K, reserved 1048576K
}
Event: 1006.021 GC heap after
{Heap after GC invocations=12 (full 4):
 garbage-first heap   total 37888K, used 19062K [0x00000000c1400000, 0x0000000100000000)
  region size 1024K, 1 young (1024K), 1 survivors (1024K)
 Metaspace       used 10684K, committed 11008K, reserved 1064960K
  class space    used 1221K, committed 1344K, reserved 1048576K
}
Event: 1006.043 GC heap before
{Heap before GC invocations=12 (full 4):
 garbage-first heap   total 37888K, used 21110K [0x00000000c1400000, 0x0000000100000000)
  region size 1024K, 5 young (5120K), 1 survivors (1024K)
 Metaspace       used 10687K, committed 11008K, reserved 1064960K
  class space    used 1221K, committed 1344K, reserved 1048576K
}
Event: 1006.055 GC heap after
{Heap after GC invocations=13 (full 4):
 garbage-first heap   total 37888K, used 20636K [0x00000000c1400000, 0x0000000100000000)
  region size 1024K, 1 young (1024K), 1 survivors (1024K)
 Metaspace       used 10687K, committed 11008K, reserved 1064960K
  class space    used 1221K, committed 1344K, reserved 1048576K
}
Event: 1006.095 GC heap before
{Heap before GC invocations=13 (full 4):
 garbage-first heap   total 37888K, used 22684K [0x00000000c1400000, 0x0000000100000000)
  region size 1024K, 4 young (4096K), 1 survivors (1024K)
 Metaspace       used 10698K, committed 11008K, reserved 1064960K
  class space    used 1221K, committed 1344K, reserved 1048576K
}
Event: 1006.102 GC heap after
{Heap after GC invocations=14 (full 4):
 garbage-first heap   total 37888K, used 21453K [0x00000000c1400000, 0x0000000100000000)
  region size 1024K, 1 young (1024K), 1 survivors (1024K)
 Metaspace       used 10698K, committed 11008K, reserved 1064960K
  class space    used 1221K, committed 1344K, reserved 1048576K
}
Event: 1006.127 GC heap before
{Heap before GC invocations=14 (full 4):
 garbage-first heap   total 37888K, used 15309K [0x00000000c1400000, 0x0000000100000000)
  region size 1024K, 4 young (4096K), 1 survivors (1024K)
 Metaspace       used 10705K, committed 11008K, reserved 1064960K
  class space    used 1221K, committed 1344K, reserved 1048576K
}
Event: 1006.147 GC heap after
{Heap after GC invocations=15 (full 4):
 garbage-first heap   total 111616K, used 14575K [0x00000000c1400000, 0x0000000100000000)
  region size 1024K, 1 young (1024K), 1 survivors (1024K)
 Metaspace       used 10705K, committed 11008K, reserved 1064960K
  class space    used 1221K, committed 1344K, reserved 1048576K
}
Event: 1006.487 GC heap before
{Heap before GC invocations=16 (full 4):
 garbage-first heap   total 111616K, used 49391K [0x00000000c1400000, 0x0000000100000000)
  region size 1024K, 30 young (30720K), 1 survivors (1024K)
 Metaspace       used 10768K, committed 11008K, reserved 1064960K
  class space    used 1221K, committed 1344K, reserved 1048576K
}
Event: 1006.574 GC heap after
{Heap after GC invocations=17 (full 4):
 garbage-first heap   total 111616K, used 38761K [0x00000000c1400000, 0x0000000100000000)
  region size 1024K, 4 young (4096K), 4 survivors (4096K)
 Metaspace       used 10768K, committed 11008K, reserved 1064960K
  class space    used 1221K, committed 1344K, reserved 1048576K
}
Event: 1006.685 GC heap before
{Heap before GC invocations=17 (full 4):
 garbage-first heap   total 111616K, used 65385K [0x00000000c1400000, 0x0000000100000000)
  region size 1024K, 25 young (25600K), 4 survivors (4096K)
 Metaspace       used 10802K, committed 11008K, reserved 1064960K
  class space    used 1221K, committed 1344K, reserved 1048576K
}
Event: 1006.781 GC heap after
{Heap after GC invocations=18 (full 4):
 garbage-first heap   total 111616K, used 62218K [0x00000000c1400000, 0x0000000100000000)
  region size 1024K, 4 young (4096K), 4 survivors (4096K)
 Metaspace       used 10802K, committed 11008K, reserved 1064960K
  class space    used 1221K, committed 1344K, reserved 1048576K
}
Event: 1006.802 GC heap before
{Heap before GC invocations=18 (full 4):
 garbage-first heap   total 111616K, used 63242K [0x00000000c1400000, 0x0000000100000000)
  region size 1024K, 6 young (6144K), 4 survivors (4096K)
 Metaspace       used 10805K, committed 11008K, reserved 1064960K
  class space    used 1221K, committed 1344K, reserved 1048576K
}
Event: 1006.829 GC heap after
{Heap after GC invocations=19 (full 4):
 garbage-first heap   total 111616K, used 65039K [0x00000000c1400000, 0x0000000100000000)
  region size 1024K, 2 young (2048K), 2 survivors (2048K)
 Metaspace       used 10805K, committed 11008K, reserved 1064960K
  class space    used 1221K, committed 1344K, reserved 1048576K
}
Event: 1006.926 GC heap before
{Heap before GC invocations=19 (full 4):
 garbage-first heap   total 111616K, used 40463K [0x00000000c1400000, 0x0000000100000000)
  region size 1024K, 12 young (12288K), 2 survivors (2048K)
 Metaspace       used 10807K, committed 11008K, reserved 1064960K
  class space    used 1221K, committed 1344K, reserved 1048576K
}
Event: 1006.984 GC heap after
{Heap after GC invocations=20 (full 4):
 garbage-first heap   total 111616K, used 40042K [0x00000000c1400000, 0x0000000100000000)
  region size 1024K, 2 young (2048K), 2 survivors (2048K)
 Metaspace       used 10807K, committed 11008K, reserved 1064960K
  class space    used 1221K, committed 1344K, reserved 1048576K
}
Event: 1007.109 GC heap before
{Heap before GC invocations=21 (full 4):
 garbage-first heap   total 111616K, used 60522K [0x00000000c1400000, 0x0000000100000000)
  region size 1024K, 20 young (20480K), 2 survivors (2048K)
 Metaspace       used 10821K, committed 11072K, reserved 1064960K
  class space    used 1221K, committed 1344K, reserved 1048576K
}
Event: 1007.181 GC heap after
{Heap after GC invocations=22 (full 4):
 garbage-first heap   total 111616K, used 59146K [0x00000000c1400000, 0x0000000100000000)
  region size 1024K, 3 young (3072K), 3 survivors (3072K)
 Metaspace       used 10821K, committed 11072K, reserved 1064960K
  class space    used 1221K, committed 1344K, reserved 1048576K
}
Event: 1007.200 GC heap before
{Heap before GC invocations=22 (full 4):
 garbage-first heap   total 111616K, used 60170K [0x00000000c1400000, 0x0000000100000000)
  region size 1024K, 5 young (5120K), 3 survivors (3072K)
 Metaspace       used 10825K, committed 11072K, reserved 1064960K
  class space    used 1221K, committed 1344K, reserved 1048576K
}

Deoptimization events (20 events):
Event: 87.333 Thread 0x000000002024fae0 DEOPT PACKING pc=0x0000000016b13e58 sp=0x0000000020dde270
Event: 87.333 Thread 0x000000002024fae0 DEOPT UNPACKING pc=0x000000000f0623a3 sp=0x0000000020dde1d8 mode 2
Event: 87.334 Thread 0x000000002024fae0 Uncommon trap: trap_request=0xffffffde fr.pc=0x0000000016b13e58 relative=0x0000000000000298
Event: 87.334 Thread 0x000000002024fae0 Uncommon trap: reason=class_check action=maybe_recompile pc=0x0000000016b13e58 method=java.util.HashMap.getNode(Ljava/lang/Object;)Ljava/util/HashMap$Node; @ 128 c2
Event: 87.334 Thread 0x000000002024fae0 DEOPT PACKING pc=0x0000000016b13e58 sp=0x0000000020dde270
Event: 87.334 Thread 0x000000002024fae0 DEOPT UNPACKING pc=0x000000000f0623a3 sp=0x0000000020dde1d8 mode 2
Event: 88.120 Thread 0x000000002024fae0 Uncommon trap: trap_request=0xffffff45 fr.pc=0x0000000016b1efdc relative=0x0000000000001f1c
Event: 88.120 Thread 0x000000002024fae0 Uncommon trap: reason=unstable_if action=reinterpret pc=0x0000000016b1efdc method=java.lang.ref.SoftReference.get()Ljava/lang/Object; @ 17 c2
Event: 88.120 Thread 0x000000002024fae0 DEOPT PACKING pc=0x0000000016b1efdc sp=0x0000000020ddc910
Event: 88.120 Thread 0x000000002024fae0 DEOPT UNPACKING pc=0x000000000f0623a3 sp=0x0000000020ddc688 mode 2
Event: 1002.634 Thread 0x0000000021b1c9e0 Uncommon trap: trap_request=0xffffff45 fr.pc=0x0000000016b583f4 relative=0x00000000000005b4
Event: 1002.634 Thread 0x0000000021b1c9e0 Uncommon trap: reason=unstable_if action=reinterpret pc=0x0000000016b583f4 method=sun.swing.AccumulativeRunnable.add([Ljava/lang/Object;)V @ 6 c2
Event: 1002.634 Thread 0x0000000021b1c9e0 DEOPT PACKING pc=0x0000000016b583f4 sp=0x000000002306ef70
Event: 1002.634 Thread 0x0000000021b1c9e0 DEOPT UNPACKING pc=0x000000000f0623a3 sp=0x000000002306eee0 mode 2
Event: 1002.634 Thread 0x0000000021b1c9e0 Uncommon trap: trap_request=0xffffff45 fr.pc=0x0000000016b56f68 relative=0x00000000000003c8
Event: 1002.634 Thread 0x0000000021b1c9e0 Uncommon trap: reason=unstable_if action=reinterpret pc=0x0000000016b56f68 method=sun.swing.AccumulativeRunnable.add([Ljava/lang/Object;)V @ 6 c2
Event: 1002.634 Thread 0x0000000021b1c9e0 DEOPT PACKING pc=0x0000000016b56f68 sp=0x000000002306ee20
Event: 1002.634 Thread 0x0000000021b1c9e0 DEOPT UNPACKING pc=0x000000000f0623a3 sp=0x000000002306edf8 mode 2
Event: 1005.896 Thread 0x0000000021b1c9e0 DEOPT PACKING pc=0x000000000f87b5a9 sp=0x000000002306efa0
Event: 1005.896 Thread 0x0000000021b1c9e0 DEOPT UNPACKING pc=0x000000000f062b43 sp=0x000000002306e4d0 mode 0

Classes unloaded (20 events):
Event: 1005.624 Thread 0x000000001e203530 Unloading class 0x0000000800cc0800 'java/lang/invoke/LambdaForm$MH+0x0000000800cc0800'
Event: 1005.624 Thread 0x000000001e203530 Unloading class 0x0000000800c0a000 'java/lang/invoke/LambdaForm$MH+0x0000000800c0a000'
Event: 1005.624 Thread 0x000000001e203530 Unloading class 0x0000000800c09c00 'java/lang/invoke/LambdaForm$MH+0x0000000800c09c00'
Event: 1005.624 Thread 0x000000001e203530 Unloading class 0x0000000800c09800 'java/lang/invoke/LambdaForm$MH+0x0000000800c09800'
Event: 1005.624 Thread 0x000000001e203530 Unloading class 0x0000000800c09400 'java/lang/invoke/LambdaForm$MH+0x0000000800c09400'
Event: 1005.624 Thread 0x000000001e203530 Unloading class 0x0000000800c09000 'java/lang/invoke/LambdaForm$MH+0x0000000800c09000'
Event: 1005.624 Thread 0x000000001e203530 Unloading class 0x0000000800c06c00 'java/lang/invoke/LambdaForm$MH+0x0000000800c06c00'
Event: 1005.624 Thread 0x000000001e203530 Unloading class 0x0000000800c06800 'java/lang/invoke/LambdaForm$MH+0x0000000800c06800'
Event: 1005.624 Thread 0x000000001e203530 Unloading class 0x0000000800c06400 'java/lang/invoke/LambdaForm$MH+0x0000000800c06400'
Event: 1005.624 Thread 0x000000001e203530 Unloading class 0x0000000800c06000 'java/lang/invoke/LambdaForm$MH+0x0000000800c06000'
Event: 1005.624 Thread 0x000000001e203530 Unloading class 0x0000000800c05c00 'java/lang/invoke/LambdaForm$MH+0x0000000800c05c00'
Event: 1005.624 Thread 0x000000001e203530 Unloading class 0x0000000800c05800 'java/lang/invoke/LambdaForm$MH+0x0000000800c05800'
Event: 1005.624 Thread 0x000000001e203530 Unloading class 0x0000000800c05400 'java/lang/invoke/LambdaForm$MH+0x0000000800c05400'
Event: 1005.624 Thread 0x000000001e203530 Unloading class 0x0000000800c05000 'java/lang/invoke/LambdaForm$MH+0x0000000800c05000'
Event: 1005.624 Thread 0x000000001e203530 Unloading class 0x0000000800c04800 'java/lang/invoke/LambdaForm$MH+0x0000000800c04800'
Event: 1005.624 Thread 0x000000001e203530 Unloading class 0x0000000800c04000 'java/lang/invoke/LambdaForm$MH+0x0000000800c04000'
Event: 1005.624 Thread 0x000000001e203530 Unloading class 0x0000000800c01c00 'java/lang/invoke/LambdaForm$MH+0x0000000800c01c00'
Event: 1005.624 Thread 0x000000001e203530 Unloading class 0x0000000800c01400 'java/lang/invoke/LambdaForm$MH+0x0000000800c01400'
Event: 1005.624 Thread 0x000000001e203530 Unloading class 0x0000000800c01000 'java/lang/invoke/LambdaForm$MH+0x0000000800c01000'
Event: 1005.624 Thread 0x000000001e203530 Unloading class 0x0000000800c00800 'java/lang/invoke/LambdaForm$MH+0x0000000800c00800'

Classes redefined (0 events):
No events

Internal exceptions (20 events):
Event: 76.999 Thread 0x000000002024fae0 Exception <a 'java/lang/NoSuchMethodError'{0x00000000c485abc0}: static Ljavax/swing/text/GapVector;.<clinit>()V> (0x00000000c485abc0) 
thrown [t:\workspace\open\src\hotspot\share\prims\jni.cpp, line 1107]
Event: 77.000 Thread 0x000000002024fae0 Exception <a 'java/lang/NoSuchMethodError'{0x00000000c485e9a8}: static Ljavax/swing/text/GapVector;.<clinit>()V> (0x00000000c485e9a8) 
thrown [t:\workspace\open\src\hotspot\share\prims\jni.cpp, line 1107]
Event: 77.001 Thread 0x000000002024fae0 Exception <a 'java/lang/NoSuchMethodError'{0x00000000c4860b00}: static [C.<clinit>()V> (0x00000000c4860b00) 
thrown [t:\workspace\open\src\hotspot\share\prims\jni.cpp, line 1107]
Event: 77.029 Thread 0x000000002024fae0 Exception <a 'java/lang/NoSuchMethodError'{0x00000000c48ac890}: static [Ljava/lang/Object;.<clinit>()V> (0x00000000c48ac890) 
thrown [t:\workspace\open\src\hotspot\share\prims\jni.cpp, line 1107]
Event: 77.036 Thread 0x000000002024fae0 Exception <a 'java/lang/NoSuchMethodError'{0x00000000c48c0ff8}: static Ljavax/swing/text/AbstractDocument$BranchElement;.<clinit>()V> (0x00000000c48c0ff8) 
thrown [t:\workspace\open\src\hotspot\share\prims\jni.cpp, line 1107]
Event: 77.037 Thread 0x000000002024fae0 Exception <a 'java/lang/NoSuchMethodError'{0x00000000c48c4d20}: static Ljavax/swing/text/AbstractDocument$AbstractElement;.<clinit>()V> (0x00000000c48c4d20) 
thrown [t:\workspace\open\src\hotspot\share\prims\jni.cpp, line 1107]
Event: 77.041 Thread 0x000000002024fae0 Exception <a 'java/lang/NoSuchMethodError'{0x00000000c48ca6b8}: static [Ljavax/swing/text/AbstractDocument$AbstractElement;.<clinit>()V> (0x00000000c48ca6b8) 
thrown [t:\workspace\open\src\hotspot\share\prims\jni.cpp, line 1107]
Event: 77.043 Thread 0x000000002024fae0 Exception <a 'java/lang/NoSuchMethodError'{0x00000000c48d4828}: static Ljavax/swing/text/AbstractDocument$LeafElement;.<clinit>()V> (0x00000000c48d4828) 
thrown [t:\workspace\open\src\hotspot\share\prims\jni.cpp, line 1107]
Event: 77.060 Thread 0x000000002024fae0 Exception <a 'java/lang/NoSuchMethodError'{0x00000000c48e1b68}: static Ljavax/swing/DefaultBoundedRangeModel;.<clinit>()V> (0x00000000c48e1b68) 
thrown [t:\workspace\open\src\hotspot\share\prims\jni.cpp, line 1107]
Event: 77.064 Thread 0x000000002024fae0 Exception <a 'java/lang/NoSuchMethodError'{0x00000000c48ee430}: static Ljavax/swing/JTextField$ScrollRepainter;.<clinit>()V> (0x00000000c48ee430) 
thrown [t:\workspace\open\src\hotspot\share\prims\jni.cpp, line 1107]
Event: 77.083 Thread 0x000000002024fae0 Exception <a 'java/lang/NoSuchMethodError'{0x00000000c48ff870}: static Ljavax/swing/JLabel;.<clinit>()V> (0x00000000c48ff870) 
thrown [t:\workspace\open\src\hotspot\share\prims\jni.cpp, line 1107]
Event: 77.144 Thread 0x000000002024fae0 Exception <a 'java/lang/NoSuchMethodError'{0x00000000c4726378}: static [I.<clinit>()V> (0x00000000c4726378) 
thrown [t:\workspace\open\src\hotspot\share\prims\jni.cpp, line 1107]
Event: 77.145 Thread 0x000000002024fae0 Exception <a 'java/lang/NoSuchMethodError'{0x00000000c47271f8}: static [D.<clinit>()V> (0x00000000c47271f8) 
thrown [t:\workspace\open\src\hotspot\share\prims\jni.cpp, line 1107]
Event: 77.151 Thread 0x000000002024fae0 Exception <a 'java/lang/NoSuchMethodError'{0x00000000c4732188}: static Ljavax/swing/JRootPane$RootLayout;.<clinit>()V> (0x00000000c4732188) 
thrown [t:\workspace\open\src\hotspot\share\prims\jni.cpp, line 1107]
Event: 77.157 Thread 0x000000002024fae0 Exception <a 'java/lang/NoSuchMethodError'{0x00000000c473e4c0}: static Ljavax/swing/ComponentInputMap;.<clinit>()V> (0x00000000c473e4c0) 
thrown [t:\workspace\open\src\hotspot\share\prims\jni.cpp, line 1107]
Event: 77.173 Thread 0x000000002024fae0 Exception <a 'java/lang/NoSuchMethodError'{0x00000000c47646d8}: static Ljavax/swing/LayoutComparator;.<clinit>()V> (0x00000000c47646d8) 
thrown [t:\workspace\open\src\hotspot\share\prims\jni.cpp, line 1107]
Event: 77.620 Thread 0x000000002024fae0 Exception <a 'sun/nio/fs/WindowsException'{0x00000000c2100218}> (0x00000000c2100218) 
thrown [t:\workspace\open\src\hotspot\share\prims\jni.cpp, line 516]
Event: 77.713 Thread 0x000000002024fae0 Exception <a 'java/lang/NoSuchMethodError'{0x00000000c2127b70}: static Lgui/pkgfor/some/projects/GuiGridBagTwo;.<clinit>()V> (0x00000000c2127b70) 
thrown [t:\workspace\open\src\hotspot\share\prims\jni.cpp, line 1107]
Event: 1002.634 Thread 0x0000000021b1c9e0 Implicit null exception at 0x0000000016b57fd1 to 0x0000000016b583d4
Event: 1002.634 Thread 0x0000000021b1c9e0 Implicit null exception at 0x0000000016b56c2d to 0x0000000016b56f54

VM Operations (20 events):
Event: 1006.115 Executing VM operation: G1Concurrent done
Event: 1006.127 Executing VM operation: G1CollectForAllocation
Event: 1006.150 Executing VM operation: G1CollectForAllocation done
Event: 1006.158 Executing VM operation: G1Concurrent
Event: 1006.162 Executing VM operation: G1Concurrent done
Event: 1006.486 Executing VM operation: G1CollectForAllocation
Event: 1006.576 Executing VM operation: G1CollectForAllocation done
Event: 1006.684 Executing VM operation: G1CollectForAllocation
Event: 1006.791 Executing VM operation: G1CollectForAllocation done
Event: 1006.802 Executing VM operation: G1TryInitiateConcMark
Event: 1006.829 Executing VM operation: G1TryInitiateConcMark done
Event: 1006.910 Executing VM operation: G1Concurrent
Event: 1006.914 Executing VM operation: G1Concurrent done
Event: 1006.925 Executing VM operation: G1CollectForAllocation
Event: 1006.984 Executing VM operation: G1CollectForAllocation done
Event: 1007.037 Executing VM operation: G1Concurrent
Event: 1007.038 Executing VM operation: G1Concurrent done
Event: 1007.109 Executing VM operation: G1CollectForAllocation
Event: 1007.191 Executing VM operation: G1CollectForAllocation done
Event: 1007.200 Executing VM operation: G1CollectForAllocation

Events (20 events):
Event: 1002.895 loading class javax/swing/text/DefaultCaret$1
Event: 1002.895 loading class javax/swing/text/DefaultCaret$1 done
Event: 1002.895 loading class javax/swing/text/AbstractDocument$DefaultDocumentEventUndoableWrapper
Event: 1002.896 loading class sun/swing/text/UndoableEditLockSupport
Event: 1004.144 loading class sun/swing/text/UndoableEditLockSupport done
Event: 1004.144 loading class javax/swing/text/AbstractDocument$DefaultDocumentEventUndoableWrapper done
Event: 1004.158 loading class jdk/internal/math/FormattedFloatingDecimal$Form
Event: 1004.158 loading class jdk/internal/math/FormattedFloatingDecimal$Form done
Event: 1004.158 loading class jdk/internal/math/FormattedFloatingDecimal
Event: 1005.619 loading class jdk/internal/math/FormattedFloatingDecimal done
Event: 1005.637 loading class jdk/internal/math/FormattedFloatingDecimal$1
Event: 1005.637 loading class jdk/internal/math/FormattedFloatingDecimal$1 done
Event: 1005.638 loading class jdk/internal/math/FDBigInteger
Event: 1005.854 loading class jdk/internal/math/FDBigInteger done
Event: 1005.895 loading class jdk/internal/math/FormattedFloatingDecimal$2
Event: 1005.896 loading class jdk/internal/math/FormattedFloatingDecimal$2 done
Event: 1005.908 loading class javax/swing/text/GapContent$RemoveUndo
Event: 1005.908 loading class javax/swing/text/GapContent$RemoveUndo done
Event: 1005.908 loading class javax/swing/text/GapContent$UndoPosRef
Event: 1005.908 loading class javax/swing/text/GapContent$UndoPosRef done


Dynamic libraries:
0x000000013f840000 - 0x000000013f850000 	C:\_bmv\download\jdk-17_windows-x64_bin\jdk-17.0.1\bin\java.exe
0x00000000771c0000 - 0x0000000077369000 	C:\Windows\SYSTEM32\ntdll.dll
0x00000000770a0000 - 0x00000000771bf000 	C:\Windows\system32\kernel32.dll
0x000007fefd030000 - 0x000007fefd09b000 	C:\Windows\system32\KERNELBASE.dll
0x000007fee67e0000 - 0x000007fee67f8000 	C:\_bmv\download\jdk-17_windows-x64_bin\jdk-17.0.1\bin\jli.dll
0x000007fefd6e0000 - 0x000007fefd7bb000 	C:\Windows\system32\ADVAPI32.dll
0x000007fefdb90000 - 0x000007fefdc2f000 	C:\Windows\system32\msvcrt.dll
0x000007feff4b0000 - 0x000007feff4cf000 	C:\Windows\SYSTEM32\sechost.dll
0x000007fefe250000 - 0x000007fefe37d000 	C:\Windows\system32\RPCRT4.dll
0x000007fefb970000 - 0x000007fefbb64000 	C:\Windows\WinSxS\amd64_microsoft.windows.common-controls_6595b64144ccf1df_6.0.7601.17514_none_fa396087175ac9ac\COMCTL32.dll
0x000007fefd520000 - 0x000007fefd587000 	C:\Windows\system32\GDI32.dll
0x0000000076fa0000 - 0x000000007709a000 	C:\Windows\system32\USER32.dll
0x000007fefdc30000 - 0x000007fefdc3e000 	C:\Windows\system32\LPK.dll
0x000007fefd450000 - 0x000007fefd519000 	C:\Windows\system32\USP10.dll
0x000007fefd3d0000 - 0x000007fefd441000 	C:\Windows\system32\SHLWAPI.dll
0x000007fefcf20000 - 0x000007fefcf2c000 	C:\Windows\system32\VERSION.dll
0x000007fef2d30000 - 0x000007fef2d4a000 	C:\_bmv\download\jdk-17_windows-x64_bin\jdk-17.0.1\bin\VCRUNTIME140.dll
0x000007fef8a40000 - 0x000007fef8a44000 	C:\_bmv\download\jdk-17_windows-x64_bin\jdk-17.0.1\bin\api-ms-win-crt-runtime-l1-1-0.dll
0x000007fee10f0000 - 0x000007fee11ea000 	C:\_bmv\download\jdk-17_windows-x64_bin\jdk-17.0.1\bin\ucrtbase.DLL
0x000007feecc20000 - 0x000007feecc23000 	C:\_bmv\download\jdk-17_windows-x64_bin\jdk-17.0.1\bin\api-ms-win-core-localization-l1-2-0.dll
0x000007feebc80000 - 0x000007feebc83000 	C:\_bmv\download\jdk-17_windows-x64_bin\jdk-17.0.1\bin\api-ms-win-core-processthreads-l1-1-1.dll
0x000007feeba60000 - 0x000007feeba63000 	C:\_bmv\download\jdk-17_windows-x64_bin\jdk-17.0.1\bin\api-ms-win-core-file-l1-2-0.dll
0x000007feeba50000 - 0x000007feeba53000 	C:\_bmv\download\jdk-17_windows-x64_bin\jdk-17.0.1\bin\api-ms-win-core-timezone-l1-1-0.dll
0x000007fee6cf0000 - 0x000007fee6cf3000 	C:\_bmv\download\jdk-17_windows-x64_bin\jdk-17.0.1\bin\api-ms-win-core-file-l2-1-0.dll
0x000007fee67d0000 - 0x000007fee67d3000 	C:\_bmv\download\jdk-17_windows-x64_bin\jdk-17.0.1\bin\api-ms-win-core-synch-l1-2-0.dll
0x000007fefac70000 - 0x000007fefac73000 	C:\_bmv\download\jdk-17_windows-x64_bin\jdk-17.0.1\bin\api-ms-win-crt-heap-l1-1-0.dll
0x000007fef2d10000 - 0x000007fef2d14000 	C:\_bmv\download\jdk-17_windows-x64_bin\jdk-17.0.1\bin\api-ms-win-crt-string-l1-1-0.dll
0x000007fef2d00000 - 0x000007fef2d04000 	C:\_bmv\download\jdk-17_windows-x64_bin\jdk-17.0.1\bin\api-ms-win-crt-stdio-l1-1-0.dll
0x000007fef2ce0000 - 0x000007fef2ce4000 	C:\_bmv\download\jdk-17_windows-x64_bin\jdk-17.0.1\bin\api-ms-win-crt-convert-l1-1-0.dll
0x000007fef2ca0000 - 0x000007fef2ca3000 	C:\_bmv\download\jdk-17_windows-x64_bin\jdk-17.0.1\bin\api-ms-win-crt-environment-l1-1-0.dll
0x000007fef2cb0000 - 0x000007fef2cb3000 	C:\_bmv\download\jdk-17_windows-x64_bin\jdk-17.0.1\bin\api-ms-win-crt-filesystem-l1-1-0.dll
0x000007fef2cc0000 - 0x000007fef2cc5000 	C:\_bmv\download\jdk-17_windows-x64_bin\jdk-17.0.1\bin\api-ms-win-crt-math-l1-1-0.dll
0x000007fef2b90000 - 0x000007fef2b93000 	C:\_bmv\download\jdk-17_windows-x64_bin\jdk-17.0.1\bin\api-ms-win-crt-locale-l1-1-0.dll
0x000007fefd3a0000 - 0x000007fefd3ce000 	C:\Windows\system32\IMM32.DLL
0x000007fefe140000 - 0x000007fefe249000 	C:\Windows\system32\MSCTF.dll
0x000007fefcf30000 - 0x000007fefcf61000 	C:\Windows\system32\nvinitx.dll
0x000000000f000000 - 0x000000000f006000 	C:\Program Files\NVIDIA Corporation\CoProcManager\detoured.dll
0x000007fefa140000 - 0x000007fefa171000 	C:\Program Files\NVIDIA Corporation\CoProcManager\nvd3d9wrapx.dll
0x000007fefdc60000 - 0x000007fefde37000 	C:\Windows\system32\SETUPAPI.dll
0x000007fefd260000 - 0x000007fefd296000 	C:\Windows\system32\CFGMGR32.dll
0x000007fefda30000 - 0x000007fefdb07000 	C:\Windows\system32\OLEAUT32.dll
0x000007fefd7c0000 - 0x000007fefd9c3000 	C:\Windows\system32\ole32.dll
0x000007fefd380000 - 0x000007fefd39a000 	C:\Windows\system32\DEVOBJ.dll
0x000007fefa110000 - 0x000007fefa132000 	C:\Program Files\NVIDIA Corporation\CoProcManager\nvdxgiwrapx.dll
0x000007fef2cf0000 - 0x000007fef2cfc000 	C:\_bmv\download\jdk-17_windows-x64_bin\jdk-17.0.1\bin\vcruntime140_1.dll
0x000007fee8040000 - 0x000007fee80cd000 	C:\_bmv\download\jdk-17_windows-x64_bin\jdk-17.0.1\bin\msvcp140.dll
0x000007fef2c80000 - 0x000007fef2c83000 	C:\_bmv\download\jdk-17_windows-x64_bin\jdk-17.0.1\bin\api-ms-win-crt-time-l1-1-0.dll
0x000007fef2cd0000 - 0x000007fef2cd3000 	C:\_bmv\download\jdk-17_windows-x64_bin\jdk-17.0.1\bin\api-ms-win-crt-utility-l1-1-0.dll
0x000007fee1f60000 - 0x000007fee2b1e000 	C:\_bmv\download\jdk-17_windows-x64_bin\jdk-17.0.1\bin\server\jvm.dll
0x000007feed100000 - 0x000007feed109000 	C:\Windows\system32\WSOCK32.dll
0x000007fefe0f0000 - 0x000007fefe13d000 	C:\Windows\system32\WS2_32.dll
0x000007fefd590000 - 0x000007fefd598000 	C:\Windows\system32\NSI.dll
0x000007fefa530000 - 0x000007fefa56b000 	C:\Windows\system32\WINMM.dll
0x0000000077380000 - 0x0000000077387000 	C:\Windows\system32\PSAPI.DLL
0x000007fef2c90000 - 0x000007fef2c9a000 	C:\_bmv\download\jdk-17_windows-x64_bin\jdk-17.0.1\bin\jimage.dll
0x000007fef6220000 - 0x000007fef6345000 	C:\Windows\system32\DBGHELP.DLL
0x000007fef2c10000 - 0x000007fef2c35000 	C:\_bmv\download\jdk-17_windows-x64_bin\jdk-17.0.1\bin\java.dll
0x000007feebcd0000 - 0x000007feebda6000 	C:\_bmv\download\jdk-17_windows-x64_bin\jdk-17.0.1\bin\svml.dll
0x000007fefe4e0000 - 0x000007feff268000 	C:\Windows\system32\SHELL32.dll
0x000007fefcf70000 - 0x000007fefcf7f000 	C:\Windows\system32\profapi.dll
0x000007fef2bf0000 - 0x000007fef2c09000 	C:\_bmv\download\jdk-17_windows-x64_bin\jdk-17.0.1\bin\net.dll
0x000007fef61a0000 - 0x000007fef6211000 	C:\Windows\system32\WINHTTP.dll
0x000007fef6130000 - 0x000007fef6194000 	C:\Windows\system32\webio.dll
0x000007fefc790000 - 0x000007fefc7e5000 	C:\Windows\system32\mswsock.dll
0x000007fefc740000 - 0x000007fefc747000 	C:\Windows\System32\wship6.dll
0x000007fef2bd0000 - 0x000007fef2be5000 	C:\_bmv\download\jdk-17_windows-x64_bin\jdk-17.0.1\bin\nio.dll
0x000007fef2bb0000 - 0x000007fef2bc8000 	C:\_bmv\download\jdk-17_windows-x64_bin\jdk-17.0.1\bin\zip.dll
0x000007fee69d0000 - 0x000007fee6b5f000 	C:\_bmv\download\jdk-17_windows-x64_bin\jdk-17.0.1\bin\awt.dll
0x000007fefb7c0000 - 0x000007fefb816000 	C:\Windows\system32\uxtheme.dll
0x000007fefae60000 - 0x000007fefae78000 	C:\Windows\system32\dwmapi.dll
0x000007fefce50000 - 0x000007fefce5f000 	C:\Windows\system32\CRYPTBASE.dll
0x000007fee68b0000 - 0x000007fee69cd000 	C:\Windows\system32\opengl32.dll
0x000007feebca0000 - 0x000007feebccd000 	C:\Windows\system32\GLU32.dll
0x000007fefab00000 - 0x000007fefabf1000 	C:\Windows\system32\DDRAW.dll
0x000007fefb2a0000 - 0x000007fefb2a8000 	C:\Windows\system32\DCIMAN32.dll
0x000007fee7f40000 - 0x000007fee7fc9000 	C:\_bmv\download\jdk-17_windows-x64_bin\jdk-17.0.1\bin\freetype.dll
0x000007fee6800000 - 0x000007fee68a8000 	C:\_bmv\download\jdk-17_windows-x64_bin\jdk-17.0.1\bin\fontmanager.dll
0x000007fefd5a0000 - 0x000007fefd639000 	C:\Windows\system32\CLBCatQ.DLL
0x000007fefacb0000 - 0x000007fefae11000 	C:\Windows\system32\WindowsCodecs.dll
0x000007fefcdf0000 - 0x000007fefce47000 	C:\Windows\system32\apphelp.dll
0x000007fef8750000 - 0x000007fef8865000 	C:\Users\Администратор\AppData\Roaming\Yandex\YandexDisk2\3.2.14.4306\YandexDisk3ShellExt-1511.dll
0x000007fefa970000 - 0x000007fefa977000 	C:\Windows\system32\MSIMG32.dll
0x000007fefc270000 - 0x000007fefc28e000 	C:\Windows\system32\USERENV.dll
0x000007fefb020000 - 0x000007fefb236000 	C:\Windows\WinSxS\amd64_microsoft.windows.gdiplus_6595b64144ccf1df_1.1.7601.18120_none_2b25b14c71ebf230\gdiplus.dll
0x000007fef8680000 - 0x000007fef8740000 	C:\Program Files\Google\Drive\googledrivesync64.dll
0x0000000072a30000 - 0x0000000072b03000 	C:\Windows\WinSxS\amd64_microsoft.vc90.crt_1fc8b3b9a1e18e3b_9.0.30729.6161_none_08e61857a83bc251\MSVCP90.dll
0x0000000072980000 - 0x0000000072a23000 	C:\Windows\WinSxS\amd64_microsoft.vc90.crt_1fc8b3b9a1e18e3b_9.0.30729.6161_none_08e61857a83bc251\MSVCR90.dll
0x000007fef8460000 - 0x000007fef8675000 	C:\PROGRA~1\MICROS~3\Office16\GROOVEEX.DLL
0x000007fef7e70000 - 0x000007fef8187000 	C:\Windows\system32\msi.dll
0x000007fef7420000 - 0x000007fef7ca6000 	C:\PROGRA~1\MICROS~3\Office16\1049\GrooveIntlResource.dll

dbghelp: loaded successfully - version: 4.0.5 - missing functions: none
symbol engine: initialized successfully - sym options: 0x614 - pdb path: .;C:\_bmv\download\jdk-17_windows-x64_bin\jdk-17.0.1\bin;C:\Windows\SYSTEM32;C:\Windows\WinSxS\amd64_microsoft.windows.common-controls_6595b64144ccf1df_6.0.7601.17514_none_fa396087175ac9ac;C:\Program Files\NVIDIA Corporation\CoProcManager;C:\_bmv\download\jdk-17_windows-x64_bin\jdk-17.0.1\bin\server;C:\Users\Администратор\AppData\Roaming\Yandex\YandexDisk2\3.2.14.4306;C:\Windows\WinSxS\amd64_microsoft.windows.gdiplus_6595b64144ccf1df_1.1.7601.18120_none_2b25b14c71ebf230;C:\Program Files\Google\Drive;C:\Windows\WinSxS\amd64_microsoft.vc90.crt_1fc8b3b9a1e18e3b_9.0.30729.6161_none_08e61857a83bc251;C:\PROGRA~1\MICROS~3\Office16;C:\PROGRA~1\MICROS~3\Office16\1049

VM Arguments:
jvm_args: -Dfile.encoding=UTF-8 --module-path=C:\_bmv\nb-learn\java\GUI for some projects\build\classes 
java_command: gui.pkgfor.some.projects.GUIForSomeProjects
java_class_path (initial): C:\_bmv\doc\java_examples\poi-bin-5.1.0-20211024\poi-bin-5.1.0;C:\_bmv\doc\java_examples\poi-bin-5.1.0-20211024\poi-bin-5.1.0\poi-5.1.0.jar;C:\_bmv\nb-learn\java\GUI for some projects\build\classes
Launcher Type: SUN_STANDARD

[Global flags]
     intx CICompilerCount                          = 3                                         {product} {ergonomic}
     uint ConcGCThreads                            = 1                                         {product} {ergonomic}
     uint G1ConcRefinementThreads                  = 4                                         {product} {ergonomic}
   size_t G1HeapRegionSize                         = 1048576                                   {product} {ergonomic}
    uintx GCDrainStackTargetSize                   = 64                                        {product} {ergonomic}
   size_t InitialHeapSize                          = 67108864                                  {product} {ergonomic}
   size_t MarkStackSize                            = 4194304                                   {product} {ergonomic}
   size_t MaxHeapSize                              = 1052770304                                {product} {ergonomic}
   size_t MaxNewSize                               = 631242752                                 {product} {ergonomic}
   size_t MinHeapDeltaBytes                        = 1048576                                   {product} {ergonomic}
   size_t MinHeapSize                              = 8388608                                   {product} {ergonomic}
    uintx NonNMethodCodeHeapSize                   = 5832780                                {pd product} {ergonomic}
    uintx NonProfiledCodeHeapSize                  = 122912730                              {pd product} {ergonomic}
    uintx ProfiledCodeHeapSize                     = 122912730                              {pd product} {ergonomic}
    uintx ReservedCodeCacheSize                    = 251658240                              {pd product} {ergonomic}
     bool SegmentedCodeCache                       = true                                      {product} {ergonomic}
   size_t SoftMaxHeapSize                          = 1052770304                             {manageable} {ergonomic}
     bool UseCompressedClassPointers               = true                           {product lp64_product} {ergonomic}
     bool UseCompressedOops                        = true                           {product lp64_product} {ergonomic}
     bool UseG1GC                                  = true                                      {product} {ergonomic}
     bool UseLargePagesIndividualAllocation        = false                                  {pd product} {ergonomic}

Logging:
Log output configuration:
 #0: stdout all=warning uptime,level,tags
 #1: stderr all=off uptime,level,tags

Environment Variables:
PATH=C:\Program Files\Common Files\Oracle\Java\javapath;C:\Program Files (x86)\Common Files\Oracle\Java\javapath;C:\ProgramData\Oracle\Java\javapath;C:\Windows\system32;C:\Windows;C:\Windows\System32\Wbem;C:\Windows\System32\WindowsPowerShell\v1.0\;C:\Program Files (x86)\NVIDIA Corporation\PhysX\Common;C:\Program Files\LLVM\bin
USERNAME=Администратор
OS=Windows_NT
PROCESSOR_IDENTIFIER=Intel64 Family 6 Model 42 Stepping 7, GenuineIntel



---------------  S Y S T E M  ---------------

OS:
 Windows 7 , 64 bit Build 7601 (6.1.7601.18229)
OS uptime: 8 days 15:14 hours

CPU: total 4 (initial active 4) (2 cores per cpu, 2 threads per core) family 6 model 42 stepping 7 microcode 0x0, cx8, cmov, fxsr, ht, mmx, sse, sse2, sse3, ssse3, sse4.1, sse4.2, popcnt, tsc, tscinvbit, avx, clmul, vzeroupper, clflush

Memory: 4k page, system-wide physical 4009M (364M free)
TotalPageFile size 7007M (AvailPageFile size 110M)
current process WorkingSet (physical memory assigned to process): 163M, peak: 163M
current process commit charge ("private bytes"): 211M, peak: 429M

vm_info: Java HotSpot(TM) 64-Bit Server VM (17.0.1+12-LTS-39) for windows-amd64 JRE (17.0.1+12-LTS-39), built on Sep 27 2021 18:41:35 by "mach5one" with MS VC++ 16.8 (VS2019)

END.
