#
# There is insufficient memory for the Java Runtime Environment to continue.
# Native memory allocation (mmap) failed to map 20971520 bytes for G1 virtual space
# Possible reasons:
#   The system is out of physical RAM or swap space
#   The process is running with CompressedOops enabled, and the Java Heap may be blocking the growth of the native heap
# Possible solutions:
#   Reduce memory load on the system
#   Increase physical memory or swap space
#   Check if swap backing store is full
#   Decrease Java heap size (-Xmx/-Xms)
#   Decrease number of Java threads
#   Decrease Java thread stack sizes (-Xss)
#   Set larger code cache with -XX:ReservedCodeCacheSize=
#   JVM is running with Unscaled Compressed Oops mode in which the Java heap is
#     placed in the first 4GB address space. The Java Heap base address is the
#     maximum limit for the native heap growth. Please use -XX:HeapBaseMinAddress
#     to set the Java Heap base and to place the Java Heap above 4GB virtual address.
# This output file may be truncated or incomplete.
#
#  Out of Memory Error (os_windows.cpp:3469), pid=7936, tid=7464
#
# JRE version: Java(TM) SE Runtime Environment (17.0.1+12) (build 17.0.1+12-LTS-39)
# Java VM: Java HotSpot(TM) 64-Bit Server VM (17.0.1+12-LTS-39, mixed mode, sharing, tiered, compressed oops, compressed class ptrs, g1 gc, windows-amd64)
# No core dump will be written. Minidumps are not enabled by default on client versions of Windows
#

---------------  S U M M A R Y ------------

Command Line: -Dapplication.home=C:\Program Files\Java\jdk-17.0.1 --add-modules=ALL-DEFAULT -Xms8m -Djdk.module.main=jdk.compiler jdk.compiler/com.sun.tools.javac.Main @C:\Temp\files8050727309586562576

Host: Intel(R) Core(TM) i3-2330M CPU @ 2.20GHz, 4 cores, 3G,  Windows 7 , 64 bit Build 7601 (6.1.7601.18229)
Time: Sun Dec 12 13:46:22 2021 Северная Центр. Азия (зима) elapsed time: 24.692101 seconds (0d 0h 0m 24s)

---------------  T H R E A D  ---------------

Current thread (0x000000001e0bfc90):  VMThread "VM Thread" [stack: 0x000000001e6a0000,0x000000001e7a0000] [id=7464]

Stack: [0x000000001e6a0000,0x000000001e7a0000]
Native frames: (J=compiled Java code, j=interpreted, Vv=VM code, C=native code)
V  [jvm.dll+0x66fa1a]
V  [jvm.dll+0x7ce5a4]
V  [jvm.dll+0x7cfd4e]
V  [jvm.dll+0x7d03b3]
V  [jvm.dll+0x242b05]
V  [jvm.dll+0x66ca39]
V  [jvm.dll+0x661502]
V  [jvm.dll+0x30081b]
V  [jvm.dll+0x307da6]
V  [jvm.dll+0x357a1e]
V  [jvm.dll+0x357c4f]
V  [jvm.dll+0x2d7ad8]
V  [jvm.dll+0x2d5da4]
V  [jvm.dll+0x2d53ac]
V  [jvm.dll+0x318d0b]
V  [jvm.dll+0x7d484b]
V  [jvm.dll+0x7d5584]
V  [jvm.dll+0x7d5a9c]
V  [jvm.dll+0x7d5e74]
V  [jvm.dll+0x7d5f40]
V  [jvm.dll+0x77e91a]
V  [jvm.dll+0x66e845]
C  [ucrtbase.DLL+0x1d912]
C  [kernel32.dll+0x1652d]
C  [ntdll.dll+0x2c541]

VM_Operation (0x0000000001f2de80): G1CollectForAllocation, mode: safepoint, requested by thread 0x000000000040dd20


---------------  P R O C E S S  ---------------

Threads class SMR info:
_java_thread_list=0x0000000021890720, length=13, elements={
0x000000000040dd20, 0x000000001e0c5450, 0x000000001e0cebd0, 0x000000001e0db300,
0x000000001e0dbfd0, 0x000000001e0de4b0, 0x000000001e0e2e90, 0x000000001e0eee40,
0x000000001e0f1ee0, 0x000000001e105790, 0x000000001e5f79a0, 0x000000001e6638c0,
0x0000000022cb14d0
}

Java Threads: ( => current thread )
  0x000000000040dd20 JavaThread "main" [_thread_blocked, id=7876, stack(0x0000000001e30000,0x0000000001f30000)]
  0x000000001e0c5450 JavaThread "Reference Handler" daemon [_thread_blocked, id=6068, stack(0x000000001f040000,0x000000001f140000)]
  0x000000001e0cebd0 JavaThread "Finalizer" daemon [_thread_blocked, id=6152, stack(0x000000001f300000,0x000000001f400000)]
  0x000000001e0db300 JavaThread "Signal Dispatcher" daemon [_thread_blocked, id=7676, stack(0x000000001f4f0000,0x000000001f5f0000)]
  0x000000001e0dbfd0 JavaThread "Attach Listener" daemon [_thread_blocked, id=6316, stack(0x000000001f6a0000,0x000000001f7a0000)]
  0x000000001e0de4b0 JavaThread "Service Thread" daemon [_thread_blocked, id=6952, stack(0x000000001f180000,0x000000001f280000)]
  0x000000001e0e2e90 JavaThread "Monitor Deflation Thread" daemon [_thread_blocked, id=5380, stack(0x000000001f7a0000,0x000000001f8a0000)]
  0x000000001e0eee40 JavaThread "C2 CompilerThread0" daemon [_thread_in_native, id=7268, stack(0x000000001fa60000,0x000000001fb60000)]
  0x000000001e0f1ee0 JavaThread "C1 CompilerThread0" daemon [_thread_blocked, id=7560, stack(0x000000001f8a0000,0x000000001f9a0000)]
  0x000000001e105790 JavaThread "Sweeper thread" daemon [_thread_blocked, id=6188, stack(0x000000001fbe0000,0x000000001fce0000)]
  0x000000001e5f79a0 JavaThread "Common-Cleaner" daemon [_thread_blocked, id=2528, stack(0x000000001fd80000,0x000000001fe80000)]
  0x000000001e6638c0 JavaThread "Notification Thread" daemon [_thread_blocked, id=6128, stack(0x000000001ff20000,0x0000000020020000)]
  0x0000000022cb14d0 JavaThread "C2 CompilerThread1" daemon [_thread_blocked, id=7664, stack(0x0000000020e20000,0x0000000020f20000)]

Other Threads:
=>0x000000001e0bfc90 VMThread "VM Thread" [stack: 0x000000001e6a0000,0x000000001e7a0000] [id=7464]
  0x00000000200a0920 WatcherThread [stack: 0x00000000204e0000,0x00000000205e0000] [id=7668]
  0x0000000000440c50 GCTaskThread "GC Thread#0" [stack: 0x000000000c710000,0x000000000c810000] [id=7208]
  0x00000000201448f0 GCTaskThread "GC Thread#1" [stack: 0x0000000020860000,0x0000000020960000] [id=8112]
  0x0000000020230700 GCTaskThread "GC Thread#2" [stack: 0x0000000020aa0000,0x0000000020ba0000] [id=3020]
  0x00000000202309b0 GCTaskThread "GC Thread#3" [stack: 0x0000000020c90000,0x0000000020d90000] [id=1772]
  0x0000000000449820 ConcurrentGCThread "G1 Main Marker" [stack: 0x000000000c9f0000,0x000000000caf0000] [id=8108]
  0x000000000044b180 ConcurrentGCThread "G1 Conc#0" [stack: 0x000000000c8b0000,0x000000000c9b0000] [id=7772]
  0x0000000000465d00 ConcurrentGCThread "G1 Refine#0" [stack: 0x000000001e1d0000,0x000000001e2d0000] [id=6688]
  0x00000000224bde50 ConcurrentGCThread "G1 Refine#1" [stack: 0x0000000024110000,0x0000000024210000] [id=6504]
  0x0000000021e64bd0 ConcurrentGCThread "G1 Refine#2" [stack: 0x00000000244d0000,0x00000000245d0000] [id=7596]
  0x00000000228fc750 ConcurrentGCThread "G1 Refine#3" [stack: 0x0000000024320000,0x0000000024420000] [id=7104]
  0x0000000000467630 ConcurrentGCThread "G1 Service" [stack: 0x000000001e3a0000,0x000000001e4a0000] [id=328]

Threads with active compile tasks:
C2 CompilerThread0    24754 4779       4       com.sun.tools.javac.code.Types::closure (153 bytes)
C2 CompilerThread1    24754 4743       4       com.sun.tools.javac.comp.Resolve::findMethod (428 bytes)

VM state: at safepoint (normal execution)

VM Mutex/Monitor currently owned by a thread:  ([mutex/lock_event])
[0x0000000000407960] Threads_lock - owner thread: 0x000000001e0bfc90
[0x0000000000407f90] Heap_lock - owner thread: 0x000000000040dd20

Heap address: 0x00000000c1400000, size: 1004 MB, Compressed Oops mode: 32-bit

CDS archive(s) mapped at: [0x0000000800000000-0x0000000800bc0000-0x0000000800bc0000), size 12320768, SharedBaseAddress: 0x0000000800000000, ArchiveRelocationMode: 0.
Compressed class space mapped at: 0x0000000800c00000-0x0000000840c00000, reserved size: 1073741824
Narrow klass base: 0x0000000800000000, Narrow klass shift: 0, Narrow klass range: 0x100000000

GC Precious Log:
 CPUs: 4 total, 4 available
 Memory: 4009M
 Large Page Support: Disabled
 NUMA Support: Disabled
 Compressed Oops: Enabled (32-bit)
 Heap Region Size: 1M
 Heap Min Capacity: 8M
 Heap Initial Capacity: 8M
 Heap Max Capacity: 1004M
 Pre-touch: Disabled
 Parallel Workers: 4
 Concurrent Workers: 1
 Concurrent Refinement Workers: 4
 Periodic GC: Disabled

Heap:
 garbage-first heap   total 99328K, used 42223K [0x00000000c1400000, 0x0000000100000000)
  region size 1024K, 3 young (3072K), 3 survivors (3072K)
 Metaspace       used 13180K, committed 13440K, reserved 1064960K
  class space    used 1342K, committed 1472K, reserved 1048576K

Heap Regions: E=young(eden), S=young(survivor), O=old, HS=humongous(starts), HC=humongous(continues), CS=collection set, F=free, OA=open archive, CA=closed archive, TAMS=top-at-mark-start (previous, next)
|   0|0x00000000c1400000, 0x00000000c1500000, 0x00000000c1500000|100%| O|  |TAMS 0x00000000c1500000, 0x00000000c1400000| Untracked 
|   1|0x00000000c1500000, 0x00000000c1600000, 0x00000000c1600000|100%| O|  |TAMS 0x00000000c1500000, 0x00000000c1500000| Untracked 
|   2|0x00000000c1600000, 0x00000000c1700000, 0x00000000c1700000|100%| O|  |TAMS 0x00000000c1700000, 0x00000000c1600000| Untracked 
|   3|0x00000000c1700000, 0x00000000c1800000, 0x00000000c1800000|100%| O|  |TAMS 0x00000000c1800000, 0x00000000c1700000| Untracked 
|   4|0x00000000c1800000, 0x00000000c1900000, 0x00000000c1900000|100%| O|  |TAMS 0x00000000c1900000, 0x00000000c1800000| Untracked 
|   5|0x00000000c1900000, 0x00000000c1a00000, 0x00000000c1a00000|100%| O|  |TAMS 0x00000000c1a00000, 0x00000000c1900000| Untracked 
|   6|0x00000000c1a00000, 0x00000000c1b00000, 0x00000000c1b00000|100%| O|  |TAMS 0x00000000c1b00000, 0x00000000c1a00000| Untracked 
|   7|0x00000000c1b00000, 0x00000000c1c00000, 0x00000000c1c00000|100%| O|  |TAMS 0x00000000c1c00000, 0x00000000c1b00000| Untracked 
|   8|0x00000000c1c00000, 0x00000000c1d00000, 0x00000000c1d00000|100%| O|  |TAMS 0x00000000c1d00000, 0x00000000c1c00000| Untracked 
|   9|0x00000000c1d00000, 0x00000000c1e00000, 0x00000000c1e00000|100%| O|  |TAMS 0x00000000c1e00000, 0x00000000c1d00000| Untracked 
|  10|0x00000000c1e00000, 0x00000000c1f00000, 0x00000000c1f00000|100%| O|  |TAMS 0x00000000c1f00000, 0x00000000c1e00000| Untracked 
|  11|0x00000000c1f00000, 0x00000000c2000000, 0x00000000c2000000|100%| O|  |TAMS 0x00000000c2000000, 0x00000000c1f00000| Untracked 
|  12|0x00000000c2000000, 0x00000000c2100000, 0x00000000c2100000|100%| O|  |TAMS 0x00000000c2100000, 0x00000000c2000000| Untracked 
|  13|0x00000000c2100000, 0x00000000c2200000, 0x00000000c2200000|100%| O|  |TAMS 0x00000000c2200000, 0x00000000c2100000| Untracked 
|  14|0x00000000c2200000, 0x00000000c2300000, 0x00000000c2300000|100%| O|  |TAMS 0x00000000c2300000, 0x00000000c2200000| Untracked 
|  15|0x00000000c2300000, 0x00000000c2400000, 0x00000000c2400000|100%| O|  |TAMS 0x00000000c2400000, 0x00000000c2300000| Untracked 
|  16|0x00000000c2400000, 0x00000000c2500000, 0x00000000c2500000|100%| O|  |TAMS 0x00000000c2500000, 0x00000000c2400000| Untracked 
|  17|0x00000000c2500000, 0x00000000c2600000, 0x00000000c2600000|100%| O|  |TAMS 0x00000000c2600000, 0x00000000c2500000| Untracked 
|  18|0x00000000c2600000, 0x00000000c2700000, 0x00000000c2700000|100%| O|  |TAMS 0x00000000c2700000, 0x00000000c2600000| Untracked 
|  19|0x00000000c2700000, 0x00000000c2800000, 0x00000000c2800000|100%| O|  |TAMS 0x00000000c2800000, 0x00000000c2700000| Untracked 
|  20|0x00000000c2800000, 0x00000000c2900000, 0x00000000c2900000|100%| O|  |TAMS 0x00000000c2900000, 0x00000000c2800000| Untracked 
|  21|0x00000000c2900000, 0x00000000c2a00000, 0x00000000c2a00000|100%| O|  |TAMS 0x00000000c2a00000, 0x00000000c2900000| Untracked 
|  22|0x00000000c2a00000, 0x00000000c2b00000, 0x00000000c2b00000|100%| O|  |TAMS 0x00000000c2b00000, 0x00000000c2a00000| Untracked 
|  23|0x00000000c2b00000, 0x00000000c2c00000, 0x00000000c2c00000|100%| O|  |TAMS 0x00000000c2b6be00, 0x00000000c2b00000| Untracked 
|  24|0x00000000c2c00000, 0x00000000c2d00000, 0x00000000c2d00000|100%|HS|  |TAMS 0x00000000c2c00000, 0x00000000c2c00000| Complete 
|  25|0x00000000c2d00000, 0x00000000c2e00000, 0x00000000c2e00000|100%|HC|  |TAMS 0x00000000c2d00000, 0x00000000c2d00000| Complete 
|  26|0x00000000c2e00000, 0x00000000c2f00000, 0x00000000c2f00000|100%| O|  |TAMS 0x00000000c2e00000, 0x00000000c2e00000| Untracked 
|  27|0x00000000c2f00000, 0x00000000c3000000, 0x00000000c3000000|100%| O|  |TAMS 0x00000000c2f00000, 0x00000000c2f00000| Untracked 
|  28|0x00000000c3000000, 0x00000000c3100000, 0x00000000c3100000|100%| O|  |TAMS 0x00000000c3000000, 0x00000000c3000000| Untracked 
|  29|0x00000000c3100000, 0x00000000c3200000, 0x00000000c3200000|100%| O|  |TAMS 0x00000000c3100000, 0x00000000c3100000| Untracked 
|  30|0x00000000c3200000, 0x00000000c3300000, 0x00000000c3300000|100%| O|  |TAMS 0x00000000c3200000, 0x00000000c3200000| Untracked 
|  31|0x00000000c3300000, 0x00000000c3400000, 0x00000000c3400000|100%| O|  |TAMS 0x00000000c3300000, 0x00000000c3300000| Untracked 
|  32|0x00000000c3400000, 0x00000000c3500000, 0x00000000c3500000|100%| O|  |TAMS 0x00000000c3400000, 0x00000000c3400000| Untracked 
|  33|0x00000000c3500000, 0x00000000c3600000, 0x00000000c3600000|100%| O|  |TAMS 0x00000000c3500000, 0x00000000c3500000| Untracked 
|  34|0x00000000c3600000, 0x00000000c3700000, 0x00000000c3700000|100%| O|  |TAMS 0x00000000c3600000, 0x00000000c3600000| Untracked 
|  35|0x00000000c3700000, 0x00000000c3800000, 0x00000000c3800000|100%| O|  |TAMS 0x00000000c3700000, 0x00000000c3700000| Untracked 
|  36|0x00000000c3800000, 0x00000000c3900000, 0x00000000c3900000|100%| O|  |TAMS 0x00000000c3800000, 0x00000000c3800000| Untracked 
|  37|0x00000000c3900000, 0x00000000c3a00000, 0x00000000c3a00000|100%| O|  |TAMS 0x00000000c3900000, 0x00000000c3900000| Untracked 
|  38|0x00000000c3a00000, 0x00000000c3ae5200, 0x00000000c3b00000| 89%| O|  |TAMS 0x00000000c3a00000, 0x00000000c3a00000| Untracked 
|  39|0x00000000c3b00000, 0x00000000c3b00000, 0x00000000c3c00000|  0%| F|  |TAMS 0x00000000c3b00000, 0x00000000c3b00000| Untracked 
|  40|0x00000000c3c00000, 0x00000000c3c00000, 0x00000000c3d00000|  0%| F|  |TAMS 0x00000000c3c00000, 0x00000000c3c00000| Untracked 
|  41|0x00000000c3d00000, 0x00000000c3d00000, 0x00000000c3e00000|  0%| F|  |TAMS 0x00000000c3d00000, 0x00000000c3d00000| Untracked 
|  42|0x00000000c3e00000, 0x00000000c3e00000, 0x00000000c3f00000|  0%| F|  |TAMS 0x00000000c3e00000, 0x00000000c3e00000| Untracked 
|  43|0x00000000c3f00000, 0x00000000c3f00000, 0x00000000c4000000|  0%| F|  |TAMS 0x00000000c3f00000, 0x00000000c3f00000| Untracked 
|  44|0x00000000c4000000, 0x00000000c4000000, 0x00000000c4100000|  0%| F|  |TAMS 0x00000000c4000000, 0x00000000c4000000| Untracked 
|  45|0x00000000c4100000, 0x00000000c4100000, 0x00000000c4200000|  0%| F|  |TAMS 0x00000000c4100000, 0x00000000c4100000| Untracked 
|  46|0x00000000c4200000, 0x00000000c4200000, 0x00000000c4300000|  0%| F|  |TAMS 0x00000000c4200000, 0x00000000c4200000| Untracked 
|  47|0x00000000c4300000, 0x00000000c4300000, 0x00000000c4400000|  0%| F|  |TAMS 0x00000000c4300000, 0x00000000c4300000| Untracked 
|  48|0x00000000c4400000, 0x00000000c4400000, 0x00000000c4500000|  0%| F|  |TAMS 0x00000000c4400000, 0x00000000c4400000| Untracked 
|  49|0x00000000c4500000, 0x00000000c4500000, 0x00000000c4600000|  0%| F|  |TAMS 0x00000000c4500000, 0x00000000c4500000| Untracked 
|  50|0x00000000c4600000, 0x00000000c4600000, 0x00000000c4700000|  0%| F|  |TAMS 0x00000000c4600000, 0x00000000c4600000| Untracked 
|  51|0x00000000c4700000, 0x00000000c4700000, 0x00000000c4800000|  0%| F|  |TAMS 0x00000000c4700000, 0x00000000c4700000| Untracked 
|  52|0x00000000c4800000, 0x00000000c4800000, 0x00000000c4900000|  0%| F|  |TAMS 0x00000000c4800000, 0x00000000c4800000| Untracked 
|  53|0x00000000c4900000, 0x00000000c4900000, 0x00000000c4a00000|  0%| F|  |TAMS 0x00000000c4900000, 0x00000000c4900000| Untracked 
|  54|0x00000000c4a00000, 0x00000000c4a00000, 0x00000000c4b00000|  0%| F|  |TAMS 0x00000000c4a00000, 0x00000000c4a00000| Untracked 
|  55|0x00000000c4b00000, 0x00000000c4b00000, 0x00000000c4c00000|  0%| F|  |TAMS 0x00000000c4b00000, 0x00000000c4b00000| Untracked 
|  56|0x00000000c4c00000, 0x00000000c4c00000, 0x00000000c4d00000|  0%| F|  |TAMS 0x00000000c4c00000, 0x00000000c4c00000| Untracked 
|  57|0x00000000c4d00000, 0x00000000c4d00000, 0x00000000c4e00000|  0%| F|  |TAMS 0x00000000c4d00000, 0x00000000c4d00000| Untracked 
|  58|0x00000000c4e00000, 0x00000000c4e56c90, 0x00000000c4f00000| 33%| S|CS|TAMS 0x00000000c4e00000, 0x00000000c4e00000| Complete 
|  59|0x00000000c4f00000, 0x00000000c5000000, 0x00000000c5000000|100%| S|CS|TAMS 0x00000000c4f00000, 0x00000000c4f00000| Complete 
|  60|0x00000000c5000000, 0x00000000c5000000, 0x00000000c5100000|  0%| F|  |TAMS 0x00000000c5000000, 0x00000000c5000000| Untracked 
|  61|0x00000000c5100000, 0x00000000c5100000, 0x00000000c5200000|  0%| F|  |TAMS 0x00000000c5100000, 0x00000000c5100000| Untracked 
|  62|0x00000000c5200000, 0x00000000c5200000, 0x00000000c5300000|  0%| F|  |TAMS 0x00000000c5200000, 0x00000000c5200000| Untracked 
|  63|0x00000000c5300000, 0x00000000c5300000, 0x00000000c5400000|  0%| F|  |TAMS 0x00000000c5300000, 0x00000000c5300000| Untracked 
|  64|0x00000000c5400000, 0x00000000c5500000, 0x00000000c5500000|100%| S|CS|TAMS 0x00000000c5400000, 0x00000000c5400000| Complete 
|  65|0x00000000c5500000, 0x00000000c5500000, 0x00000000c5600000|  0%| F|  |TAMS 0x00000000c5500000, 0x00000000c5500000| Untracked 
|  66|0x00000000c5600000, 0x00000000c5600000, 0x00000000c5700000|  0%| F|  |TAMS 0x00000000c5600000, 0x00000000c5600000| Untracked 
|  67|0x00000000c5700000, 0x00000000c5700000, 0x00000000c5800000|  0%| F|  |TAMS 0x00000000c5700000, 0x00000000c5700000| Untracked 
|  68|0x00000000c5800000, 0x00000000c5800000, 0x00000000c5900000|  0%| F|  |TAMS 0x00000000c5800000, 0x00000000c5800000| Untracked 
|  69|0x00000000c5900000, 0x00000000c5900000, 0x00000000c5a00000|  0%| F|  |TAMS 0x00000000c5900000, 0x00000000c5900000| Untracked 
|  70|0x00000000c5a00000, 0x00000000c5a00000, 0x00000000c5b00000|  0%| F|  |TAMS 0x00000000c5a00000, 0x00000000c5a00000| Untracked 
|  71|0x00000000c5b00000, 0x00000000c5b00000, 0x00000000c5c00000|  0%| F|  |TAMS 0x00000000c5b00000, 0x00000000c5b00000| Untracked 
|  72|0x00000000c5c00000, 0x00000000c5c00000, 0x00000000c5d00000|  0%| F|  |TAMS 0x00000000c5c00000, 0x00000000c5c00000| Untracked 
|  73|0x00000000c5d00000, 0x00000000c5d00000, 0x00000000c5e00000|  0%| F|  |TAMS 0x00000000c5d00000, 0x00000000c5d00000| Untracked 
|  74|0x00000000c5e00000, 0x00000000c5e00000, 0x00000000c5f00000|  0%| F|  |TAMS 0x00000000c5e00000, 0x00000000c5e00000| Untracked 
|  75|0x00000000c5f00000, 0x00000000c5f00000, 0x00000000c6000000|  0%| F|  |TAMS 0x00000000c5f00000, 0x00000000c5f00000| Untracked 
|  76|0x00000000c6000000, 0x00000000c6000000, 0x00000000c6100000|  0%| F|  |TAMS 0x00000000c6000000, 0x00000000c6000000| Untracked 
|  77|0x00000000c6100000, 0x00000000c6100000, 0x00000000c6200000|  0%| F|  |TAMS 0x00000000c6100000, 0x00000000c6100000| Untracked 
|  78|0x00000000c6200000, 0x00000000c6200000, 0x00000000c6300000|  0%| F|  |TAMS 0x00000000c6200000, 0x00000000c6200000| Untracked 
|  79|0x00000000c6300000, 0x00000000c6300000, 0x00000000c6400000|  0%| F|  |TAMS 0x00000000c6300000, 0x00000000c6300000| Untracked 
|  80|0x00000000c6400000, 0x00000000c6400000, 0x00000000c6500000|  0%| F|  |TAMS 0x00000000c6400000, 0x00000000c6400000| Untracked 
|  81|0x00000000c6500000, 0x00000000c6500000, 0x00000000c6600000|  0%| F|  |TAMS 0x00000000c6500000, 0x00000000c6500000| Untracked 
|  82|0x00000000c6600000, 0x00000000c6600000, 0x00000000c6700000|  0%| F|  |TAMS 0x00000000c6600000, 0x00000000c6600000| Untracked 
|  83|0x00000000c6700000, 0x00000000c6700000, 0x00000000c6800000|  0%| F|  |TAMS 0x00000000c6700000, 0x00000000c6700000| Untracked 
|  84|0x00000000c6800000, 0x00000000c6800000, 0x00000000c6900000|  0%| F|  |TAMS 0x00000000c6800000, 0x00000000c6800000| Untracked 
|  85|0x00000000c6900000, 0x00000000c6900000, 0x00000000c6a00000|  0%| F|  |TAMS 0x00000000c6900000, 0x00000000c6900000| Untracked 
|  86|0x00000000c6a00000, 0x00000000c6a00000, 0x00000000c6b00000|  0%| F|  |TAMS 0x00000000c6a00000, 0x00000000c6a00000| Untracked 
|  87|0x00000000c6b00000, 0x00000000c6b00000, 0x00000000c6c00000|  0%| F|  |TAMS 0x00000000c6b00000, 0x00000000c6b00000| Untracked 
|  88|0x00000000c6c00000, 0x00000000c6c00000, 0x00000000c6d00000|  0%| F|  |TAMS 0x00000000c6c00000, 0x00000000c6c00000| Untracked 
|  89|0x00000000c6d00000, 0x00000000c6d00000, 0x00000000c6e00000|  0%| F|  |TAMS 0x00000000c6d00000, 0x00000000c6d00000| Untracked 
|  90|0x00000000c6e00000, 0x00000000c6e00000, 0x00000000c6f00000|  0%| F|  |TAMS 0x00000000c6e00000, 0x00000000c6e00000| Untracked 
|  91|0x00000000c6f00000, 0x00000000c6f00000, 0x00000000c7000000|  0%| F|  |TAMS 0x00000000c6f00000, 0x00000000c6f00000| Untracked 
|  92|0x00000000c7000000, 0x00000000c7000000, 0x00000000c7100000|  0%| F|  |TAMS 0x00000000c7000000, 0x00000000c7000000| Untracked 
|  93|0x00000000c7100000, 0x00000000c7100000, 0x00000000c7200000|  0%| F|  |TAMS 0x00000000c7100000, 0x00000000c7100000| Untracked 
|  94|0x00000000c7200000, 0x00000000c7200000, 0x00000000c7300000|  0%| F|  |TAMS 0x00000000c7200000, 0x00000000c7200000| Untracked 
|  95|0x00000000c7300000, 0x00000000c7300000, 0x00000000c7400000|  0%| F|  |TAMS 0x00000000c7300000, 0x00000000c7300000| Untracked 
|  96|0x00000000c7400000, 0x00000000c7400000, 0x00000000c7500000|  0%| F|  |TAMS 0x00000000c7400000, 0x00000000c7400000| Untracked 

Card table byte_map: [0x000000000a3b0000,0x000000000a5b0000] _byte_map_base: 0x0000000009da6000

Marking Bits (Prev, Next): (CMBitMap*) 0x00000000004411b0, (CMBitMap*) 0x0000000000441170
 Prev Bits: [0x000000000b760000, 0x000000000c710000)
 Next Bits: [0x000000000a7b0000, 0x000000000b760000)

Polling page: 0x0000000000320000

Metaspace:

Usage:
  Non-class:     11.56 MB used.
      Class:      1.31 MB used.
       Both:     12.87 MB used.

Virtual space:
  Non-class space:       16.00 MB reserved,      11.69 MB ( 73%) committed,  2 nodes.
      Class space:        1.00 GB reserved,       1.44 MB ( <1%) committed,  1 nodes.
             Both:        1.02 GB reserved,      13.13 MB (  1%) committed. 

Chunk freelists:
   Non-Class:  2.86 MB
       Class:  2.61 MB
        Both:  5.47 MB

MaxMetaspaceSize: unlimited
CompressedClassSpaceSize: 1.00 GB
Initial GC threshold: 21.00 MB
Current GC threshold: 21.00 MB
CDS: on
MetaspaceReclaimPolicy: balanced
 - commit_granule_bytes: 65536.
 - commit_granule_words: 8192.
 - virtual_space_node_default_size: 1048576.
 - enlarge_chunks_in_place: 1.
 - new_chunks_are_fully_committed: 0.
 - uncommit_free_chunks: 1.
 - use_allocation_guard: 0.
 - handle_deallocations: 1.


Internal statistics:

num_allocs_failed_limit: 0.
num_arena_births: 120.
num_arena_deaths: 0.
num_vsnodes_births: 3.
num_vsnodes_deaths: 0.
num_space_committed: 210.
num_space_uncommitted: 0.
num_chunks_returned_to_freelist: 0.
num_chunks_taken_from_freelist: 567.
num_chunk_merges: 0.
num_chunk_splits: 393.
num_chunks_enlarged: 312.
num_purges: 0.
num_inconsistent_stats: 0.

CodeHeap 'non-profiled nmethods': size=120000Kb used=2326Kb max_used=2326Kb free=117674Kb
 bounds [0x0000000016ae0000, 0x0000000016d50000, 0x000000001e010000]
CodeHeap 'profiled nmethods': size=120000Kb used=8012Kb max_used=8012Kb free=111987Kb
 bounds [0x000000000f5b0000, 0x000000000fd90000, 0x0000000016ae0000]
CodeHeap 'non-nmethods': size=5760Kb used=1153Kb max_used=1213Kb free=4606Kb
 bounds [0x000000000f010000, 0x000000000f280000, 0x000000000f5b0000]
 total_blobs=4619 nmethods=4183 adapters=348
 compilation: enabled
              stopped_count=0, restarted_count=0
 full_count=0

Compilation events (20 events):
Event: 24.591 Thread 0x000000001e0f1ee0 4894       2       com.sun.tools.javac.comp.DeferredAttr$DeferredAttrDiagHandler::<init> (12 bytes)
Event: 24.593 Thread 0x000000001e0f1ee0 nmethod 4894 0x000000000fd7f690 code [0x000000000fd7f860, 0x000000000fd7fc88]
Event: 24.596 Thread 0x000000001e0f1ee0 4895       2       com.sun.tools.javac.comp.DeferredAttr$DeferredAttrDiagHandler$$Lambda$203/0x0000000800d2e3d0::<init> (10 bytes)
Event: 24.596 Thread 0x000000001e0f1ee0 nmethod 4895 0x000000000fd7fe10 code [0x000000000fd7ffa0, 0x000000000fd800f8]
Event: 24.596 Thread 0x000000001e0f1ee0 4896       2       com.sun.tools.javac.comp.Annotate$Queues::<init> (33 bytes)
Event: 24.597 Thread 0x000000001e0f1ee0 nmethod 4896 0x000000000fd80190 code [0x000000000fd80360, 0x000000000fd80938]
Event: 24.615 Thread 0x000000001e0f1ee0 4897       2       com.sun.tools.javac.comp.Flow$AliveAnalyzer::visitThrow (13 bytes)
Event: 24.616 Thread 0x000000001e0f1ee0 nmethod 4897 0x000000000fd80a90 code [0x000000000fd80c40, 0x000000000fd80e28]
Event: 24.621 Thread 0x000000001e0f1ee0 4898       2       com.sun.tools.javac.comp.Flow$FlowAnalyzer::markThrown (74 bytes)
Event: 24.623 Thread 0x000000001e0f1ee0 nmethod 4898 0x000000000fd80f90 code [0x000000000fd811a0, 0x000000000fd81758]
Event: 24.623 Thread 0x000000001e0f1ee0 4900       2       com.sun.tools.javac.tree.TreeScanner::visitBlock (9 bytes)
Event: 24.623 Thread 0x000000001e0f1ee0 nmethod 4900 0x000000000fd81b10 code [0x000000000fd81ca0, 0x000000000fd81dc8]
Event: 24.623 Thread 0x000000001e0f1ee0 4899       2       com.sun.tools.javac.comp.Check::isHandled (23 bytes)
Event: 24.624 Thread 0x000000001e0f1ee0 nmethod 4899 0x000000000fd81e90 code [0x000000000fd82040, 0x000000000fd821d8]
Event: 24.631 Thread 0x000000001e0f1ee0 4902       2       com.sun.tools.javac.tree.JCTree$JCNewArray::<init> (34 bytes)
Event: 24.631 Thread 0x000000001e0f1ee0 nmethod 4902 0x000000000fd82290 code [0x000000000fd82440, 0x000000000fd82738]
Event: 24.641 Thread 0x000000001e0f1ee0 4903       2       com.sun.tools.javac.code.Symbol$MethodSymbol$1::<init> (23 bytes)
Event: 24.642 Thread 0x000000001e0f1ee0 nmethod 4903 0x000000000fd82810 code [0x000000000fd829c0, 0x000000000fd82ba8]
Event: 24.647 Thread 0x000000001e0f1ee0 4904       2       com.sun.tools.javac.jvm.StringConcat$Indy::makeConcat (45 bytes)
Event: 24.648 Thread 0x000000001e0f1ee0 nmethod 4904 0x000000000fd82c90 code [0x000000000fd82e80, 0x000000000fd83138]

GC Heap History (20 events):
Event: 14.735 GC heap after
{Heap after GC invocations=40 (full 0):
 garbage-first heap   total 30720K, used 19295K [0x00000000c1400000, 0x0000000100000000)
  region size 1024K, 1 young (1024K), 1 survivors (1024K)
 Metaspace       used 8060K, committed 8192K, reserved 1064960K
  class space    used 886K, committed 960K, reserved 1048576K
}
Event: 15.053 GC heap before
{Heap before GC invocations=41 (full 0):
 garbage-first heap   total 35840K, used 23391K [0x00000000c1400000, 0x0000000100000000)
  region size 1024K, 4 young (4096K), 1 survivors (1024K)
 Metaspace       used 8447K, committed 8640K, reserved 1064960K
  class space    used 929K, committed 1024K, reserved 1048576K
}
Event: 15.062 GC heap after
{Heap after GC invocations=42 (full 0):
 garbage-first heap   total 35840K, used 20113K [0x00000000c1400000, 0x0000000100000000)
  region size 1024K, 1 young (1024K), 1 survivors (1024K)
 Metaspace       used 8447K, committed 8640K, reserved 1064960K
  class space    used 929K, committed 1024K, reserved 1048576K
}
Event: 15.467 GC heap before
{Heap before GC invocations=42 (full 0):
 garbage-first heap   total 35840K, used 26257K [0x00000000c1400000, 0x0000000100000000)
  region size 1024K, 7 young (7168K), 1 survivors (1024K)
 Metaspace       used 9169K, committed 9280K, reserved 1064960K
  class space    used 1018K, committed 1088K, reserved 1048576K
}
Event: 15.482 GC heap after
{Heap after GC invocations=43 (full 0):
 garbage-first heap   total 35840K, used 22338K [0x00000000c1400000, 0x0000000100000000)
  region size 1024K, 1 young (1024K), 1 survivors (1024K)
 Metaspace       used 9169K, committed 9280K, reserved 1064960K
  class space    used 1018K, committed 1088K, reserved 1048576K
}
Event: 15.737 GC heap before
{Heap before GC invocations=44 (full 0):
 garbage-first heap   total 40960K, used 26434K [0x00000000c1400000, 0x0000000100000000)
  region size 1024K, 5 young (5120K), 1 survivors (1024K)
 Metaspace       used 9490K, committed 9664K, reserved 1064960K
  class space    used 1050K, committed 1152K, reserved 1048576K
}
Event: 15.745 GC heap after
{Heap after GC invocations=45 (full 0):
 garbage-first heap   total 40960K, used 23238K [0x00000000c1400000, 0x0000000100000000)
  region size 1024K, 1 young (1024K), 1 survivors (1024K)
 Metaspace       used 9490K, committed 9664K, reserved 1064960K
  class space    used 1050K, committed 1152K, reserved 1048576K
}
Event: 15.760 GC heap before
{Heap before GC invocations=45 (full 0):
 garbage-first heap   total 40960K, used 24262K [0x00000000c1400000, 0x0000000100000000)
  region size 1024K, 2 young (2048K), 1 survivors (1024K)
 Metaspace       used 9502K, committed 9664K, reserved 1064960K
  class space    used 1050K, committed 1152K, reserved 1048576K
}
Event: 15.787 GC heap after
{Heap after GC invocations=46 (full 0):
 garbage-first heap   total 40960K, used 23262K [0x00000000c1400000, 0x0000000100000000)
  region size 1024K, 1 young (1024K), 1 survivors (1024K)
 Metaspace       used 9502K, committed 9664K, reserved 1064960K
  class space    used 1050K, committed 1152K, reserved 1048576K
}
Event: 15.866 GC heap before
{Heap before GC invocations=46 (full 0):
 garbage-first heap   total 40960K, used 28382K [0x00000000c1400000, 0x0000000100000000)
  region size 1024K, 6 young (6144K), 1 survivors (1024K)
 Metaspace       used 9536K, committed 9728K, reserved 1064960K
  class space    used 1053K, committed 1152K, reserved 1048576K
}
Event: 15.871 GC heap after
{Heap after GC invocations=47 (full 0):
 garbage-first heap   total 99328K, used 24107K [0x00000000c1400000, 0x0000000100000000)
  region size 1024K, 1 young (1024K), 1 survivors (1024K)
 Metaspace       used 9536K, committed 9728K, reserved 1064960K
  class space    used 1053K, committed 1152K, reserved 1048576K
}
Event: 16.953 GC heap before
{Heap before GC invocations=48 (full 0):
 garbage-first heap   total 99328K, used 54827K [0x00000000c1400000, 0x0000000100000000)
  region size 1024K, 28 young (28672K), 1 survivors (1024K)
 Metaspace       used 9951K, committed 10176K, reserved 1064960K
  class space    used 1072K, committed 1216K, reserved 1048576K
}
Event: 16.982 GC heap after
{Heap after GC invocations=49 (full 0):
 garbage-first heap   total 99328K, used 31718K [0x00000000c1400000, 0x0000000100000000)
  region size 1024K, 4 young (4096K), 4 survivors (4096K)
 Metaspace       used 9951K, committed 10176K, reserved 1064960K
  class space    used 1072K, committed 1216K, reserved 1048576K
}
Event: 18.207 GC heap before
{Heap before GC invocations=49 (full 0):
 garbage-first heap   total 99328K, used 63462K [0x00000000c1400000, 0x0000000100000000)
  region size 1024K, 35 young (35840K), 4 survivors (4096K)
 Metaspace       used 10484K, committed 10688K, reserved 1064960K
  class space    used 1111K, committed 1216K, reserved 1048576K
}
Event: 18.257 GC heap after
{Heap after GC invocations=50 (full 0):
 garbage-first heap   total 99328K, used 37040K [0x00000000c1400000, 0x0000000100000000)
  region size 1024K, 5 young (5120K), 5 survivors (5120K)
 Metaspace       used 10484K, committed 10688K, reserved 1064960K
  class space    used 1111K, committed 1216K, reserved 1048576K
}
Event: 20.668 GC heap before
{Heap before GC invocations=50 (full 0):
 garbage-first heap   total 99328K, used 66736K [0x00000000c1400000, 0x0000000100000000)
  region size 1024K, 34 young (34816K), 5 survivors (5120K)
 Metaspace       used 12586K, committed 12800K, reserved 1064960K
  class space    used 1327K, committed 1472K, reserved 1048576K
}
Event: 20.739 GC heap after
{Heap after GC invocations=51 (full 0):
 garbage-first heap   total 99328K, used 40168K [0x00000000c1400000, 0x0000000100000000)
  region size 1024K, 3 young (3072K), 3 survivors (3072K)
 Metaspace       used 12586K, committed 12800K, reserved 1064960K
  class space    used 1327K, committed 1472K, reserved 1048576K
}
Event: 22.608 GC heap before
{Heap before GC invocations=51 (full 0):
 garbage-first heap   total 99328K, used 70888K [0x00000000c1400000, 0x0000000100000000)
  region size 1024K, 33 young (33792K), 3 survivors (3072K)
 Metaspace       used 13009K, committed 13248K, reserved 1064960K
  class space    used 1340K, committed 1472K, reserved 1048576K
}
Event: 22.639 GC heap after
{Heap after GC invocations=52 (full 0):
 garbage-first heap   total 99328K, used 41311K [0x00000000c1400000, 0x0000000100000000)
  region size 1024K, 4 young (4096K), 4 survivors (4096K)
 Metaspace       used 13009K, committed 13248K, reserved 1064960K
  class space    used 1340K, committed 1472K, reserved 1048576K
}
Event: 24.650 GC heap before
{Heap before GC invocations=52 (full 0):
 garbage-first heap   total 99328K, used 74079K [0x00000000c1400000, 0x0000000100000000)
  region size 1024K, 36 young (36864K), 4 survivors (4096K)
 Metaspace       used 13180K, committed 13440K, reserved 1064960K
  class space    used 1342K, committed 1472K, reserved 1048576K
}

Deoptimization events (20 events):
Event: 22.219 Thread 0x000000000040dd20 DEOPT PACKING pc=0x000000000fd233a8 sp=0x0000000001f2df60
Event: 22.219 Thread 0x000000000040dd20 DEOPT UNPACKING pc=0x000000000f062b43 sp=0x0000000001f2d3d8 mode 0
Event: 22.376 Thread 0x000000000040dd20 DEOPT PACKING pc=0x000000000f9edd00 sp=0x0000000001f2eb60
Event: 22.376 Thread 0x000000000040dd20 DEOPT UNPACKING pc=0x000000000f062b43 sp=0x0000000001f2dfe0 mode 0
Event: 23.023 Thread 0x000000000040dd20 DEOPT PACKING pc=0x000000000fd49a81 sp=0x0000000001f2e3d0
Event: 23.023 Thread 0x000000000040dd20 DEOPT UNPACKING pc=0x000000000f062b43 sp=0x0000000001f2d848 mode 0
Event: 23.188 Thread 0x000000000040dd20 DEOPT PACKING pc=0x000000000fa3c102 sp=0x0000000001f2ef40
Event: 23.188 Thread 0x000000000040dd20 DEOPT UNPACKING pc=0x000000000f062b43 sp=0x0000000001f2e3a8 mode 0
Event: 23.958 Thread 0x000000000040dd20 DEOPT PACKING pc=0x000000000fc60134 sp=0x0000000001f2de20
Event: 23.958 Thread 0x000000000040dd20 DEOPT UNPACKING pc=0x000000000f062b43 sp=0x0000000001f2d280 mode 0
Event: 24.374 Thread 0x000000000040dd20 Uncommon trap: trap_request=0xffffffc6 fr.pc=0x0000000016bba1d0 relative=0x0000000000005810
Event: 24.374 Thread 0x000000000040dd20 Uncommon trap: reason=bimorphic_or_optimized_type_check action=maybe_recompile pc=0x0000000016bba1d0 method=com.sun.tools.javac.comp.Check.checkDeprecated(Ljava/util/function/Supplier;Lcom/sun/tools/javac/code/Symbol;Lcom/sun/tools/javac/code/Symbol;)V @ 
Event: 24.374 Thread 0x000000000040dd20 DEOPT PACKING pc=0x0000000016bba1d0 sp=0x0000000001f2def0
Event: 24.374 Thread 0x000000000040dd20 DEOPT UNPACKING pc=0x000000000f0623a3 sp=0x0000000001f2de28 mode 2
Event: 24.375 Thread 0x000000000040dd20 Uncommon trap: trap_request=0xffffffde fr.pc=0x0000000016bba064 relative=0x00000000000056a4
Event: 24.375 Thread 0x000000000040dd20 Uncommon trap: reason=class_check action=maybe_recompile pc=0x0000000016bba064 method=com.sun.tools.javac.comp.Check.checkDeprecated(Ljava/util/function/Supplier;Lcom/sun/tools/javac/code/Symbol;Lcom/sun/tools/javac/code/Symbol;)V @ 22 c2
Event: 24.375 Thread 0x000000000040dd20 DEOPT PACKING pc=0x0000000016bba064 sp=0x0000000001f2e000
Event: 24.375 Thread 0x000000000040dd20 DEOPT UNPACKING pc=0x000000000f0623a3 sp=0x0000000001f2df40 mode 2
Event: 24.622 Thread 0x000000000040dd20 DEOPT PACKING pc=0x000000000f97a33b sp=0x0000000001f2ecd0
Event: 24.622 Thread 0x000000000040dd20 DEOPT UNPACKING pc=0x000000000f062b43 sp=0x0000000001f2e128 mode 0

Classes unloaded (0 events):
No events

Classes redefined (0 events):
No events

Internal exceptions (20 events):
Event: 23.616 Thread 0x000000000040dd20 Exception <a 'sun/nio/fs/WindowsException'{0x00000000c6598da0}> (0x00000000c6598da0) 
thrown [t:\workspace\open\src\hotspot\share\prims\jni.cpp, line 516]
Event: 23.619 Thread 0x000000000040dd20 Exception <a 'sun/nio/fs/WindowsException'{0x00000000c65a3e30}> (0x00000000c65a3e30) 
thrown [t:\workspace\open\src\hotspot\share\prims\jni.cpp, line 516]
Event: 23.905 Thread 0x000000000040dd20 Exception <a 'sun/nio/fs/WindowsException'{0x00000000c61ee238}> (0x00000000c61ee238) 
thrown [t:\workspace\open\src\hotspot\share\prims\jni.cpp, line 516]
Event: 23.929 Thread 0x000000000040dd20 Exception <a 'sun/nio/fs/WindowsException'{0x00000000c6058010}> (0x00000000c6058010) 
thrown [t:\workspace\open\src\hotspot\share\prims\jni.cpp, line 516]
Event: 23.979 Thread 0x000000000040dd20 Exception <a 'sun/nio/fs/WindowsException'{0x00000000c5f959c0}> (0x00000000c5f959c0) 
thrown [t:\workspace\open\src\hotspot\share\prims\jni.cpp, line 516]
Event: 23.995 Thread 0x000000000040dd20 Exception <a 'sun/nio/fs/WindowsException'{0x00000000c5fe55b0}> (0x00000000c5fe55b0) 
thrown [t:\workspace\open\src\hotspot\share\prims\jni.cpp, line 516]
Event: 24.139 Thread 0x000000000040dd20 Exception <a 'sun/nio/fs/WindowsException'{0x00000000c5de2e10}> (0x00000000c5de2e10) 
thrown [t:\workspace\open\src\hotspot\share\prims\jni.cpp, line 516]
Event: 24.150 Thread 0x000000000040dd20 Exception <a 'sun/nio/fs/WindowsException'{0x00000000c5c109d0}> (0x00000000c5c109d0) 
thrown [t:\workspace\open\src\hotspot\share\prims\jni.cpp, line 516]
Event: 24.160 Thread 0x000000000040dd20 Exception <a 'sun/nio/fs/WindowsException'{0x00000000c5c365a8}> (0x00000000c5c365a8) 
thrown [t:\workspace\open\src\hotspot\share\prims\jni.cpp, line 516]
Event: 24.181 Thread 0x000000000040dd20 Exception <a 'sun/nio/fs/WindowsException'{0x00000000c5c84708}> (0x00000000c5c84708) 
thrown [t:\workspace\open\src\hotspot\share\prims\jni.cpp, line 516]
Event: 24.264 Thread 0x000000000040dd20 Exception <a 'sun/nio/fs/WindowsException'{0x00000000c5cd8680}> (0x00000000c5cd8680) 
thrown [t:\workspace\open\src\hotspot\share\prims\jni.cpp, line 516]
Event: 24.271 Thread 0x000000000040dd20 Exception <a 'sun/nio/fs/WindowsException'{0x00000000c5cf2948}> (0x00000000c5cf2948) 
thrown [t:\workspace\open\src\hotspot\share\prims\jni.cpp, line 516]
Event: 24.274 Thread 0x000000000040dd20 Exception <a 'sun/nio/fs/WindowsException'{0x00000000c5cf9070}> (0x00000000c5cf9070) 
thrown [t:\workspace\open\src\hotspot\share\prims\jni.cpp, line 516]
Event: 24.355 Thread 0x000000000040dd20 Exception <a 'sun/nio/fs/WindowsException'{0x00000000c5ae0520}> (0x00000000c5ae0520) 
thrown [t:\workspace\open\src\hotspot\share\prims\jni.cpp, line 516]
Event: 24.368 Thread 0x000000000040dd20 Exception <a 'sun/nio/fs/WindowsException'{0x00000000c5922920}> (0x00000000c5922920) 
thrown [t:\workspace\open\src\hotspot\share\prims\jni.cpp, line 516]
Event: 24.378 Thread 0x000000000040dd20 Exception <a 'sun/nio/fs/WindowsException'{0x00000000c59562d8}> (0x00000000c59562d8) 
thrown [t:\workspace\open\src\hotspot\share\prims\jni.cpp, line 516]
Event: 24.384 Thread 0x000000000040dd20 Exception <a 'sun/nio/fs/WindowsException'{0x00000000c596be70}> (0x00000000c596be70) 
thrown [t:\workspace\open\src\hotspot\share\prims\jni.cpp, line 516]
Event: 24.397 Thread 0x000000000040dd20 Exception <a 'sun/nio/fs/WindowsException'{0x00000000c597b458}> (0x00000000c597b458) 
thrown [t:\workspace\open\src\hotspot\share\prims\jni.cpp, line 516]
Event: 24.404 Thread 0x000000000040dd20 Exception <a 'sun/nio/fs/WindowsException'{0x00000000c59a0600}> (0x00000000c59a0600) 
thrown [t:\workspace\open\src\hotspot\share\prims\jni.cpp, line 516]
Event: 24.408 Thread 0x000000000040dd20 Exception <a 'sun/nio/fs/WindowsException'{0x00000000c59a81a0}> (0x00000000c59a81a0) 
thrown [t:\workspace\open\src\hotspot\share\prims\jni.cpp, line 516]

VM Operations (20 events):
Event: 19.851 Executing VM operation: ICBufferFull done
Event: 20.196 Executing VM operation: ICBufferFull
Event: 20.199 Executing VM operation: ICBufferFull done
Event: 20.409 Executing VM operation: HandshakeAllThreads
Event: 20.409 Executing VM operation: HandshakeAllThreads done
Event: 20.668 Executing VM operation: G1CollectForAllocation
Event: 20.771 Executing VM operation: G1CollectForAllocation done
Event: 21.318 Executing VM operation: ICBufferFull
Event: 21.318 Executing VM operation: ICBufferFull done
Event: 21.711 Executing VM operation: ICBufferFull
Event: 21.716 Executing VM operation: ICBufferFull done
Event: 22.333 Executing VM operation: ICBufferFull
Event: 22.356 Executing VM operation: ICBufferFull done
Event: 22.608 Executing VM operation: G1CollectForAllocation
Event: 22.645 Executing VM operation: G1CollectForAllocation done
Event: 23.479 Executing VM operation: ICBufferFull
Event: 23.492 Executing VM operation: ICBufferFull done
Event: 24.520 Executing VM operation: Cleanup
Event: 24.553 Executing VM operation: Cleanup done
Event: 24.650 Executing VM operation: G1CollectForAllocation

Events (20 events):
Event: 19.313 Thread 0x000000001e105790 flushing nmethod 0x000000000fc1ac90
Event: 19.313 Thread 0x000000001e105790 flushing nmethod 0x000000000fc1ca90
Event: 19.313 Thread 0x000000001e105790 flushing nmethod 0x000000000fc1db90
Event: 19.313 Thread 0x000000001e105790 flushing nmethod 0x000000000fc1df90
Event: 19.313 Thread 0x000000001e105790 flushing nmethod 0x000000000fc20890
Event: 19.313 Thread 0x000000001e105790 flushing nmethod 0x000000000fc22210
Event: 19.313 Thread 0x000000001e105790 flushing nmethod 0x000000000fc23710
Event: 19.313 Thread 0x000000001e105790 flushing nmethod 0x000000000fc32310
Event: 19.313 Thread 0x000000001e105790 flushing nmethod 0x000000000fc35290
Event: 19.313 Thread 0x000000001e105790 flushing nmethod 0x000000000fc36310
Event: 19.313 Thread 0x000000001e105790 flushing nmethod 0x000000000fc36b10
Event: 19.313 Thread 0x000000001e105790 flushing nmethod 0x000000000fc38b10
Event: 19.313 Thread 0x000000001e105790 flushing nmethod 0x000000000fc3ae10
Event: 19.313 Thread 0x000000001e105790 flushing nmethod 0x000000000fc43490
Event: 19.313 Thread 0x000000001e105790 flushing nmethod 0x000000000fc55310
Event: 19.313 Thread 0x000000001e105790 flushing nmethod 0x000000000fc6ef90
Event: 19.313 Thread 0x000000001e105790 flushing nmethod 0x000000000fc95410
Event: 19.313 Thread 0x000000001e105790 flushing nmethod 0x000000000fca1110
Event: 19.402 loading class java/io/DataOutputStream
Event: 19.402 loading class java/io/DataOutputStream done


Dynamic libraries:
0x000000013f5c0000 - 0x000000013f5c8000 	C:\Program Files\Java\jdk-17.0.1\bin\javac.exe
0x00000000775f0000 - 0x0000000077799000 	C:\Windows\SYSTEM32\ntdll.dll
0x00000000773d0000 - 0x00000000774ef000 	C:\Windows\system32\kernel32.dll
0x000007fefd750000 - 0x000007fefd7bb000 	C:\Windows\system32\KERNELBASE.dll
0x000007fefad40000 - 0x000007fefad58000 	C:\Program Files\Java\jdk-17.0.1\bin\jli.dll
0x000007fefef10000 - 0x000007fefefeb000 	C:\Windows\system32\ADVAPI32.dll
0x000007feff3a0000 - 0x000007feff43f000 	C:\Windows\system32\msvcrt.dll
0x000007fefed80000 - 0x000007fefed9f000 	C:\Windows\SYSTEM32\sechost.dll
0x000007feff720000 - 0x000007feff84d000 	C:\Windows\system32\RPCRT4.dll
0x000007fefc7b0000 - 0x000007fefc9a4000 	C:\Windows\WinSxS\amd64_microsoft.windows.common-controls_6595b64144ccf1df_6.0.7601.17514_none_fa396087175ac9ac\COMCTL32.dll
0x000007fefebf0000 - 0x000007fefec57000 	C:\Windows\system32\GDI32.dll
0x00000000774f0000 - 0x00000000775ea000 	C:\Windows\system32\USER32.dll
0x000007fefdb40000 - 0x000007fefdb4e000 	C:\Windows\system32\LPK.dll
0x000007fefee40000 - 0x000007fefef09000 	C:\Windows\system32\USP10.dll
0x000007fefec60000 - 0x000007fefecd1000 	C:\Windows\system32\SHLWAPI.dll
0x000007fefd350000 - 0x000007fefd35c000 	C:\Windows\system32\VERSION.dll
0x000007fefad20000 - 0x000007fefad3a000 	C:\Program Files\Java\jdk-17.0.1\bin\VCRUNTIME140.dll
0x000007fefadb0000 - 0x000007fefadb4000 	C:\Program Files\Java\jdk-17.0.1\bin\api-ms-win-crt-runtime-l1-1-0.dll
0x000007fed0150000 - 0x000007fed024a000 	C:\Program Files\Java\jdk-17.0.1\bin\ucrtbase.DLL
0x000007fefad80000 - 0x000007fefad83000 	C:\Program Files\Java\jdk-17.0.1\bin\api-ms-win-core-localization-l1-2-0.dll
0x000007fefad90000 - 0x000007fefad93000 	C:\Program Files\Java\jdk-17.0.1\bin\api-ms-win-core-processthreads-l1-1-1.dll
0x000007fed1900000 - 0x000007fed1903000 	C:\Program Files\Java\jdk-17.0.1\bin\api-ms-win-core-file-l1-2-0.dll
0x000007fed2080000 - 0x000007fed2083000 	C:\Program Files\Java\jdk-17.0.1\bin\api-ms-win-core-timezone-l1-1-0.dll
0x000007fed15c0000 - 0x000007fed15c3000 	C:\Program Files\Java\jdk-17.0.1\bin\api-ms-win-core-file-l2-1-0.dll
0x000007fed15d0000 - 0x000007fed15d3000 	C:\Program Files\Java\jdk-17.0.1\bin\api-ms-win-core-synch-l1-2-0.dll
0x000007fefad60000 - 0x000007fefad63000 	C:\Program Files\Java\jdk-17.0.1\bin\api-ms-win-crt-heap-l1-1-0.dll
0x000007fefad00000 - 0x000007fefad04000 	C:\Program Files\Java\jdk-17.0.1\bin\api-ms-win-crt-string-l1-1-0.dll
0x000007fefad10000 - 0x000007fefad14000 	C:\Program Files\Java\jdk-17.0.1\bin\api-ms-win-crt-stdio-l1-1-0.dll
0x000007feface0000 - 0x000007feface4000 	C:\Program Files\Java\jdk-17.0.1\bin\api-ms-win-crt-convert-l1-1-0.dll
0x000007fee4830000 - 0x000007fee4833000 	C:\Program Files\Java\jdk-17.0.1\bin\api-ms-win-crt-environment-l1-1-0.dll
0x000007feef8e0000 - 0x000007feef8e3000 	C:\Program Files\Java\jdk-17.0.1\bin\api-ms-win-crt-filesystem-l1-1-0.dll
0x000007fef97d0000 - 0x000007fef97d5000 	C:\Program Files\Java\jdk-17.0.1\bin\api-ms-win-crt-math-l1-1-0.dll
0x000007fee39f0000 - 0x000007fee39f3000 	C:\Program Files\Java\jdk-17.0.1\bin\api-ms-win-crt-locale-l1-1-0.dll
0x000007feff440000 - 0x000007feff46e000 	C:\Windows\system32\IMM32.DLL
0x000007fefdb50000 - 0x000007fefdc59000 	C:\Windows\system32\MSCTF.dll
0x000007fefd360000 - 0x000007fefd391000 	C:\Windows\system32\nvinitx.dll
0x000000000f000000 - 0x000000000f006000 	C:\Program Files\NVIDIA Corporation\CoProcManager\detoured.dll
0x000007fefa700000 - 0x000007fefa731000 	C:\Program Files\NVIDIA Corporation\CoProcManager\nvd3d9wrapx.dll
0x000007fefea10000 - 0x000007fefebe7000 	C:\Windows\system32\SETUPAPI.dll
0x000007fefd470000 - 0x000007fefd4a6000 	C:\Windows\system32\CFGMGR32.dll
0x000007feff080000 - 0x000007feff157000 	C:\Windows\system32\OLEAUT32.dll
0x000007fefd7d0000 - 0x000007fefd9d3000 	C:\Windows\system32\ole32.dll
0x000007fefd450000 - 0x000007fefd46a000 	C:\Windows\system32\DEVOBJ.dll
0x000007fefa6d0000 - 0x000007fefa6f2000 	C:\Program Files\NVIDIA Corporation\CoProcManager\nvdxgiwrapx.dll
0x000007fefacf0000 - 0x000007fefacfc000 	C:\Program Files\Java\jdk-17.0.1\bin\vcruntime140_1.dll
0x000007fed1a30000 - 0x000007fed1abd000 	C:\Program Files\Java\jdk-17.0.1\bin\msvcp140.dll
0x000007fee3bc0000 - 0x000007fee3bc3000 	C:\Program Files\Java\jdk-17.0.1\bin\api-ms-win-crt-time-l1-1-0.dll
0x000007fefacd0000 - 0x000007fefacd3000 	C:\Program Files\Java\jdk-17.0.1\bin\api-ms-win-crt-utility-l1-1-0.dll
0x000007fecd760000 - 0x000007fece31e000 	C:\Program Files\Java\jdk-17.0.1\bin\server\jvm.dll
0x000007fefad70000 - 0x000007fefad79000 	C:\Windows\system32\WSOCK32.dll
0x000007feff8b0000 - 0x000007feff8fd000 	C:\Windows\system32\WS2_32.dll
0x000007feff070000 - 0x000007feff078000 	C:\Windows\system32\NSI.dll
0x000007fefa690000 - 0x000007fefa6cb000 	C:\Windows\system32\WINMM.dll
0x00000000777b0000 - 0x00000000777b7000 	C:\Windows\system32\PSAPI.DLL
0x000007fee3bd0000 - 0x000007fee3bda000 	C:\Program Files\Java\jdk-17.0.1\bin\jimage.dll
0x000007fef6b20000 - 0x000007fef6c45000 	C:\Windows\system32\DBGHELP.DLL
0x000007fee3b20000 - 0x000007fee3b45000 	C:\Program Files\Java\jdk-17.0.1\bin\java.dll
0x000007fee3a40000 - 0x000007fee3b16000 	C:\Program Files\Java\jdk-17.0.1\bin\svml.dll
0x000007fefdc80000 - 0x000007fefea08000 	C:\Windows\system32\SHELL32.dll
0x000007fefd3a0000 - 0x000007fefd3af000 	C:\Windows\system32\profapi.dll
0x000007fee0120000 - 0x000007fee0139000 	C:\Program Files\Java\jdk-17.0.1\bin\net.dll
0x000007fef5df0000 - 0x000007fef5e61000 	C:\Windows\system32\WINHTTP.dll
0x000007fef5d80000 - 0x000007fef5de5000 	C:\Windows\system32\webio.dll
0x000007fefcbc0000 - 0x000007fefcc15000 	C:\Windows\system32\mswsock.dll
0x000007fefcbb0000 - 0x000007fefcbb7000 	C:\Windows\System32\wship6.dll
0x000007fee3950000 - 0x000007fee3965000 	C:\Program Files\Java\jdk-17.0.1\bin\nio.dll
0x000007fedfe40000 - 0x000007fedfe58000 	C:\Program Files\Java\jdk-17.0.1\bin\zip.dll

dbghelp: loaded successfully - version: 4.0.5 - missing functions: none
symbol engine: initialized successfully - sym options: 0x614 - pdb path: .;C:\Program Files\Java\jdk-17.0.1\bin;C:\Windows\SYSTEM32;C:\Windows\WinSxS\amd64_microsoft.windows.common-controls_6595b64144ccf1df_6.0.7601.17514_none_fa396087175ac9ac;C:\Program Files\NVIDIA Corporation\CoProcManager;C:\Program Files\Java\jdk-17.0.1\bin\server

VM Arguments:
jvm_args: -Dapplication.home=C:\Program Files\Java\jdk-17.0.1 --add-modules=ALL-DEFAULT -Xms8m -Djdk.module.main=jdk.compiler 
java_command: jdk.compiler/com.sun.tools.javac.Main @C:\Temp\files8050727309586562576
java_class_path (initial): <not set>
Launcher Type: SUN_STANDARD

[Global flags]
     intx CICompilerCount                          = 3                                         {product} {ergonomic}
     uint ConcGCThreads                            = 1                                         {product} {ergonomic}
     uint G1ConcRefinementThreads                  = 4                                         {product} {ergonomic}
   size_t G1HeapRegionSize                         = 1048576                                   {product} {ergonomic}
    uintx GCDrainStackTargetSize                   = 64                                        {product} {ergonomic}
   size_t InitialHeapSize                          = 8388608                                   {product} {command line}
   size_t MarkStackSize                            = 4194304                                   {product} {ergonomic}
   size_t MaxHeapSize                              = 1052770304                                {product} {ergonomic}
   size_t MaxNewSize                               = 631242752                                 {product} {ergonomic}
   size_t MinHeapDeltaBytes                        = 1048576                                   {product} {ergonomic}
   size_t MinHeapSize                              = 8388608                                   {product} {command line}
    uintx NonNMethodCodeHeapSize                   = 5832780                                {pd product} {ergonomic}
    uintx NonProfiledCodeHeapSize                  = 122912730                              {pd product} {ergonomic}
    uintx ProfiledCodeHeapSize                     = 122912730                              {pd product} {ergonomic}
    uintx ReservedCodeCacheSize                    = 251658240                              {pd product} {ergonomic}
     bool SegmentedCodeCache                       = true                                      {product} {ergonomic}
   size_t SoftMaxHeapSize                          = 1052770304                             {manageable} {ergonomic}
     bool UseCompressedClassPointers               = true                           {product lp64_product} {ergonomic}
     bool UseCompressedOops                        = true                           {product lp64_product} {ergonomic}
     bool UseG1GC                                  = true                                      {product} {ergonomic}
     bool UseLargePagesIndividualAllocation        = false                                  {pd product} {ergonomic}

Logging:
Log output configuration:
 #0: stdout all=warning uptime,level,tags
 #1: stderr all=off uptime,level,tags

Environment Variables:
PATH=C:\Program Files\Common Files\Oracle\Java\javapath;C:\Program Files (x86)\Common Files\Oracle\Java\javapath;C:\ProgramData\Oracle\Java\javapath;C:\Windows\system32;C:\Windows;C:\Windows\System32\Wbem;C:\Windows\System32\WindowsPowerShell\v1.0\;C:\Program Files (x86)\NVIDIA Corporation\PhysX\Common;C:\Program Files\LLVM\bin
USERNAME=Администратор
OS=Windows_NT
PROCESSOR_IDENTIFIER=Intel64 Family 6 Model 42 Stepping 7, GenuineIntel



---------------  S Y S T E M  ---------------

OS:
 Windows 7 , 64 bit Build 7601 (6.1.7601.18229)
OS uptime: 6 days 19:08 hours

CPU: total 4 (initial active 4) (2 cores per cpu, 2 threads per core) family 6 model 42 stepping 7 microcode 0x0, cx8, cmov, fxsr, ht, mmx, sse, sse2, sse3, ssse3, sse4.1, sse4.2, popcnt, tsc, tscinvbit, avx, clmul, vzeroupper, clflush

Memory: 4k page, system-wide physical 4009M (826M free)
TotalPageFile size 7007M (AvailPageFile size 7M)
current process WorkingSet (physical memory assigned to process): 202M, peak: 202M
current process commit charge ("private bytes"): 243M, peak: 263M

vm_info: Java HotSpot(TM) 64-Bit Server VM (17.0.1+12-LTS-39) for windows-amd64 JRE (17.0.1+12-LTS-39), built on Sep 27 2021 18:41:35 by "mach5one" with MS VC++ 16.8 (VS2019)

END.
