#
# There is insufficient memory for the Java Runtime Environment to continue.
# Native memory allocation (mmap) failed to map 257949696 bytes for G1 virtual space
# Possible reasons:
#   The system is out of physical RAM or swap space
#   The process is running with CompressedOops enabled, and the Java Heap may be blocking the growth of the native heap
# Possible solutions:
#   Reduce memory load on the system
#   Increase physical memory or swap space
#   Check if swap backing store is full
#   Decrease Java heap size (-Xmx/-Xms)
#   Decrease number of Java threads
#   Decrease Java thread stack sizes (-Xss)
#   Set larger code cache with -XX:ReservedCodeCacheSize=
#   JVM is running with Unscaled Compressed Oops mode in which the Java heap is
#     placed in the first 4GB address space. The Java Heap base address is the
#     maximum limit for the native heap growth. Please use -XX:HeapBaseMinAddress
#     to set the Java Heap base and to place the Java Heap above 4GB virtual address.
# This output file may be truncated or incomplete.
#
#  Out of Memory Error (os_windows.cpp:3469), pid=5896, tid=3520
#
# JRE version: Java(TM) SE Runtime Environment (17.0.1+12) (build 17.0.1+12-LTS-39)
# Java VM: Java HotSpot(TM) 64-Bit Server VM (17.0.1+12-LTS-39, mixed mode, sharing, tiered, compressed oops, compressed class ptrs, g1 gc, windows-amd64)
# No core dump will be written. Minidumps are not enabled by default on client versions of Windows
#

---------------  S U M M A R Y ------------

Command Line: -Dfile.encoding=UTF-8 --module-path=C:\_bmv\nb-learn\java\GUI for some projects\build\classes gui.pkgfor.some.projects.GUIForSomeProjects

Host: Intel(R) Core(TM) i3-2330M CPU @ 2.20GHz, 4 cores, 3G,  Windows 7 , 64 bit Build 7601 (6.1.7601.18229)
Time: Tue Nov  2 19:35:55 2021 Северная Центр. Азия (зима) elapsed time: 25.705650 seconds (0d 0h 0m 25s)

---------------  T H R E A D  ---------------

Current thread (0x000000001e217f60):  VMThread "VM Thread" [stack: 0x000000001f030000,0x000000001f130000] [id=3520]

Stack: [0x000000001f030000,0x000000001f130000]
Native frames: (J=compiled Java code, j=interpreted, Vv=VM code, C=native code)
V  [jvm.dll+0x66fa1a]
V  [jvm.dll+0x7ce5a4]
V  [jvm.dll+0x7cfd4e]
V  [jvm.dll+0x7d03b3]
V  [jvm.dll+0x242b05]
V  [jvm.dll+0x66ca39]
V  [jvm.dll+0x661502]
V  [jvm.dll+0x30081b]
V  [jvm.dll+0x307da6]
V  [jvm.dll+0x357a1e]
V  [jvm.dll+0x357c4f]
V  [jvm.dll+0x2d7ad8]
V  [jvm.dll+0x2d5da4]
V  [jvm.dll+0x2d53ac]
V  [jvm.dll+0x319031]
V  [jvm.dll+0x7d484b]
V  [jvm.dll+0x7d5584]
V  [jvm.dll+0x7d5a9c]
V  [jvm.dll+0x7d5e74]
V  [jvm.dll+0x7d5f40]
V  [jvm.dll+0x77e91a]
V  [jvm.dll+0x66e845]
C  [ucrtbase.DLL+0x1d912]
C  [kernel32.dll+0x1652d]
C  [ntdll.dll+0x2c541]

VM_Operation (0x00000000233ee500): G1TryInitiateConcMark, mode: safepoint, requested by thread 0x00000000226b4f90


---------------  P R O C E S S  ---------------

Threads class SMR info:
_java_thread_list=0x000000002265dfb0, length=18, elements={
0x000000001e21c1a0, 0x000000001e21eba0, 0x000000001e697590, 0x000000001e697e50,
0x000000001e698710, 0x000000001e69c4d0, 0x000000001e6dd4c0, 0x000000001e6dddc0,
0x000000001e6eee80, 0x000000001e209f80, 0x000000001e7ff300, 0x00000000204a31e0,
0x00000000204a36b0, 0x00000000205c4540, 0x00000000205cccf0, 0x0000000000335be0,
0x00000000207627a0, 0x00000000226b4f90
}

Java Threads: ( => current thread )
  0x000000001e21c1a0 JavaThread "Reference Handler" daemon [_thread_blocked, id=1240, stack(0x000000001f240000,0x000000001f340000)]
  0x000000001e21eba0 JavaThread "Finalizer" daemon [_thread_blocked, id=5948, stack(0x000000001f3c0000,0x000000001f4c0000)]
  0x000000001e697590 JavaThread "Signal Dispatcher" daemon [_thread_blocked, id=5168, stack(0x000000001f5b0000,0x000000001f6b0000)]
  0x000000001e697e50 JavaThread "Attach Listener" daemon [_thread_blocked, id=4548, stack(0x000000001f7c0000,0x000000001f8c0000)]
  0x000000001e698710 JavaThread "Service Thread" daemon [_thread_blocked, id=4224, stack(0x000000001f8f0000,0x000000001f9f0000)]
  0x000000001e69c4d0 JavaThread "Monitor Deflation Thread" daemon [_thread_blocked, id=1468, stack(0x000000001fa90000,0x000000001fb90000)]
  0x000000001e6dd4c0 JavaThread "C2 CompilerThread0" daemon [_thread_blocked, id=4492, stack(0x000000001fce0000,0x000000001fde0000)]
  0x000000001e6dddc0 JavaThread "C1 CompilerThread0" daemon [_thread_blocked, id=5392, stack(0x000000001fed0000,0x000000001ffd0000)]
  0x000000001e6eee80 JavaThread "Sweeper thread" daemon [_thread_blocked, id=452, stack(0x0000000020090000,0x0000000020190000)]
  0x000000001e209f80 JavaThread "Common-Cleaner" daemon [_thread_blocked, id=4124, stack(0x00000000202b0000,0x00000000203b0000)]
  0x000000001e7ff300 JavaThread "Notification Thread" daemon [_thread_blocked, id=4520, stack(0x00000000207b0000,0x00000000208b0000)]
  0x00000000204a31e0 JavaThread "Java2D Disposer" daemon [_thread_blocked, id=3328, stack(0x00000000208d0000,0x00000000209d0000)]
  0x00000000204a36b0 JavaThread "AWT-Shutdown" [_thread_blocked, id=1624, stack(0x0000000020a80000,0x0000000020b80000)]
  0x00000000205c4540 JavaThread "AWT-Windows" daemon [_thread_in_native, id=1640, stack(0x0000000020b90000,0x0000000020c90000)]
  0x00000000205cccf0 JavaThread "AWT-EventQueue-0" [_thread_in_native, id=5512, stack(0x0000000020c90000,0x0000000020d90000)]
  0x0000000000335be0 JavaThread "DestroyJavaVM" [_thread_blocked, id=4228, stack(0x0000000001dd0000,0x0000000001ed0000)]
  0x00000000207627a0 JavaThread "TimerQueue" daemon [_thread_blocked, id=1952, stack(0x0000000022430000,0x0000000022530000)]
  0x00000000226b4f90 JavaThread "SwingWorker-pool-1-thread-1" daemon [_thread_blocked, id=4460, stack(0x00000000232f0000,0x00000000233f0000)]

Other Threads:
=>0x000000001e217f60 VMThread "VM Thread" [stack: 0x000000001f030000,0x000000001f130000] [id=3520]
  0x000000001e7cfbe0 WatcherThread [stack: 0x00000000201b0000,0x00000000202b0000] [id=2104]
  0x000000000036a910 GCTaskThread "GC Thread#0" [stack: 0x000000000c960000,0x000000000ca60000] [id=2268]
  0x0000000022659b10 GCTaskThread "GC Thread#1" [stack: 0x0000000022d40000,0x0000000022e40000] [id=5000]
  0x000000001e747a20 GCTaskThread "GC Thread#2" [stack: 0x0000000022ed0000,0x0000000022fd0000] [id=5992]
  0x000000001e747cd0 GCTaskThread "GC Thread#3" [stack: 0x0000000023160000,0x0000000023260000] [id=6116]
  0x0000000000373e60 ConcurrentGCThread "G1 Main Marker" [stack: 0x000000000cba0000,0x000000000cca0000] [id=4580]
  0x0000000000374c00 ConcurrentGCThread "G1 Conc#0" [stack: 0x000000000ca60000,0x000000000cb60000] [id=6084]
  0x000000001e152660 ConcurrentGCThread "G1 Refine#0" [stack: 0x000000001e390000,0x000000001e490000] [id=1600]
  0x000000002264a780 ConcurrentGCThread "G1 Refine#1" [stack: 0x0000000024590000,0x0000000024690000] [id=5872]
  0x0000000022649400 ConcurrentGCThread "G1 Refine#2" [stack: 0x0000000023060000,0x0000000023160000] [id=5216]
  0x0000000022d22310 ConcurrentGCThread "G1 Refine#3" [stack: 0x0000000023410000,0x0000000023510000] [id=5900]
  0x000000001e154e30 ConcurrentGCThread "G1 Service" [stack: 0x000000001e500000,0x000000001e600000] [id=4060]

Threads with active compile tasks:

VM state: at safepoint (normal execution)

VM Mutex/Monitor currently owned by a thread:  ([mutex/lock_event])
[0x000000000031c560] Threads_lock - owner thread: 0x000000001e217f60
[0x000000000031cb90] Heap_lock - owner thread: 0x00000000226b4f90

Heap address: 0x00000000c1400000, size: 1004 MB, Compressed Oops mode: 32-bit

CDS archive(s) mapped at: [0x0000000800000000-0x0000000800bc0000-0x0000000800bc0000), size 12320768, SharedBaseAddress: 0x0000000800000000, ArchiveRelocationMode: 0.
Compressed class space mapped at: 0x0000000800c00000-0x0000000840c00000, reserved size: 1073741824
Narrow klass base: 0x0000000800000000, Narrow klass shift: 0, Narrow klass range: 0x100000000

GC Precious Log:
 CPUs: 4 total, 4 available
 Memory: 4009M
 Large Page Support: Disabled
 NUMA Support: Disabled
 Compressed Oops: Enabled (32-bit)
 Heap Region Size: 1M
 Heap Min Capacity: 8M
 Heap Initial Capacity: 64M
 Heap Max Capacity: 1004M
 Pre-touch: Disabled
 Parallel Workers: 4
 Concurrent Workers: 1
 Concurrent Refinement Workers: 4
 Periodic GC: Disabled

Heap:
 garbage-first heap   total 399360K, used 196710K [0x00000000c1400000, 0x0000000100000000)
  region size 1024K, 5 young (5120K), 5 survivors (5120K)
 Metaspace       used 9169K, committed 9344K, reserved 1064960K
  class space    used 945K, committed 1024K, reserved 1048576K

Heap Regions: E=young(eden), S=young(survivor), O=old, HS=humongous(starts), HC=humongous(continues), CS=collection set, F=free, OA=open archive, CA=closed archive, TAMS=top-at-mark-start (previous, next)
|   0|0x00000000c1400000, 0x00000000c1500000, 0x00000000c1500000|100%| O|  |TAMS 0x00000000c1500000, 0x00000000c1500000| Untracked 
|   1|0x00000000c1500000, 0x00000000c1600000, 0x00000000c1600000|100%| O|  |TAMS 0x00000000c1600000, 0x00000000c1600000| Untracked 
|   2|0x00000000c1600000, 0x00000000c1700000, 0x00000000c1700000|100%| O|  |TAMS 0x00000000c1700000, 0x00000000c1700000| Untracked 
|   3|0x00000000c1700000, 0x00000000c1800000, 0x00000000c1800000|100%| O|  |TAMS 0x00000000c1800000, 0x00000000c1800000| Untracked 
|   4|0x00000000c1800000, 0x00000000c1900000, 0x00000000c1900000|100%|HS|  |TAMS 0x00000000c1800000, 0x00000000c1900000| Complete 
|   5|0x00000000c1900000, 0x00000000c1a00000, 0x00000000c1a00000|100%|HC|  |TAMS 0x00000000c1900000, 0x00000000c1a00000| Complete 
|   6|0x00000000c1a00000, 0x00000000c1b00000, 0x00000000c1b00000|100%|HC|  |TAMS 0x00000000c1a00000, 0x00000000c1b00000| Complete 
|   7|0x00000000c1b00000, 0x00000000c1c00000, 0x00000000c1c00000|100%|HS|  |TAMS 0x00000000c1b00000, 0x00000000c1c00000| Complete 
|   8|0x00000000c1c00000, 0x00000000c1d00000, 0x00000000c1d00000|100%|HC|  |TAMS 0x00000000c1c00000, 0x00000000c1d00000| Complete 
|   9|0x00000000c1d00000, 0x00000000c1e00000, 0x00000000c1e00000|100%|HC|  |TAMS 0x00000000c1d00000, 0x00000000c1e00000| Complete 
|  10|0x00000000c1e00000, 0x00000000c1f00000, 0x00000000c1f00000|100%|HC|  |TAMS 0x00000000c1e00000, 0x00000000c1f00000| Complete 
|  11|0x00000000c1f00000, 0x00000000c2000000, 0x00000000c2000000|100%| O|  |TAMS 0x00000000c1f00000, 0x00000000c2000000| Untracked 
|  12|0x00000000c2000000, 0x00000000c2100000, 0x00000000c2100000|100%| O|  |TAMS 0x00000000c2000000, 0x00000000c2100000| Untracked 
|  13|0x00000000c2100000, 0x00000000c2200000, 0x00000000c2200000|100%| O|  |TAMS 0x00000000c2100000, 0x00000000c2200000| Untracked 
|  14|0x00000000c2200000, 0x00000000c2300000, 0x00000000c2300000|100%| O|  |TAMS 0x00000000c2200000, 0x00000000c2300000| Untracked 
|  15|0x00000000c2300000, 0x00000000c2400000, 0x00000000c2400000|100%| O|  |TAMS 0x00000000c2400000, 0x00000000c2400000| Untracked 
|  16|0x00000000c2400000, 0x00000000c2500000, 0x00000000c2500000|100%| O|  |TAMS 0x00000000c2400000, 0x00000000c2500000| Untracked 
|  17|0x00000000c2500000, 0x00000000c2600000, 0x00000000c2600000|100%| O|  |TAMS 0x00000000c2500000, 0x00000000c2600000| Untracked 
|  18|0x00000000c2600000, 0x00000000c2700000, 0x00000000c2700000|100%| O|  |TAMS 0x00000000c2600000, 0x00000000c2700000| Untracked 
|  19|0x00000000c2700000, 0x00000000c2800000, 0x00000000c2800000|100%| O|  |TAMS 0x00000000c2700000, 0x00000000c2800000| Untracked 
|  20|0x00000000c2800000, 0x00000000c2900000, 0x00000000c2900000|100%| O|  |TAMS 0x00000000c2800000, 0x00000000c2900000| Untracked 
|  21|0x00000000c2900000, 0x00000000c2a00000, 0x00000000c2a00000|100%| O|  |TAMS 0x00000000c2900000, 0x00000000c2a00000| Untracked 
|  22|0x00000000c2a00000, 0x00000000c2b00000, 0x00000000c2b00000|100%| O|  |TAMS 0x00000000c2a00000, 0x00000000c2b00000| Untracked 
|  23|0x00000000c2b00000, 0x00000000c2c00000, 0x00000000c2c00000|100%| O|  |TAMS 0x00000000c2b00000, 0x00000000c2c00000| Untracked 
|  24|0x00000000c2c00000, 0x00000000c2d00000, 0x00000000c2d00000|100%| O|  |TAMS 0x00000000c2c00000, 0x00000000c2d00000| Untracked 
|  25|0x00000000c2d00000, 0x00000000c2e00000, 0x00000000c2e00000|100%| O|  |TAMS 0x00000000c2d00000, 0x00000000c2e00000| Untracked 
|  26|0x00000000c2e00000, 0x00000000c2f00000, 0x00000000c2f00000|100%| O|  |TAMS 0x00000000c2e00000, 0x00000000c2f00000| Untracked 
|  27|0x00000000c2f00000, 0x00000000c3000000, 0x00000000c3000000|100%| O|  |TAMS 0x00000000c2f00000, 0x00000000c3000000| Untracked 
|  28|0x00000000c3000000, 0x00000000c3100000, 0x00000000c3100000|100%| O|  |TAMS 0x00000000c3000000, 0x00000000c3100000| Untracked 
|  29|0x00000000c3100000, 0x00000000c3200000, 0x00000000c3200000|100%| O|  |TAMS 0x00000000c3100000, 0x00000000c3200000| Untracked 
|  30|0x00000000c3200000, 0x00000000c3300000, 0x00000000c3300000|100%| O|  |TAMS 0x00000000c3200000, 0x00000000c3300000| Untracked 
|  31|0x00000000c3300000, 0x00000000c3400000, 0x00000000c3400000|100%| O|  |TAMS 0x00000000c3300000, 0x00000000c3400000| Untracked 
|  32|0x00000000c3400000, 0x00000000c3500000, 0x00000000c3500000|100%| O|  |TAMS 0x00000000c3400000, 0x00000000c3500000| Untracked 
|  33|0x00000000c3500000, 0x00000000c3600000, 0x00000000c3600000|100%| O|  |TAMS 0x00000000c3500000, 0x00000000c3600000| Untracked 
|  34|0x00000000c3600000, 0x00000000c3700000, 0x00000000c3700000|100%| O|  |TAMS 0x00000000c3600000, 0x00000000c3700000| Untracked 
|  35|0x00000000c3700000, 0x00000000c3800000, 0x00000000c3800000|100%| O|  |TAMS 0x00000000c3700000, 0x00000000c3800000| Untracked 
|  36|0x00000000c3800000, 0x00000000c3900000, 0x00000000c3900000|100%| O|  |TAMS 0x00000000c3800000, 0x00000000c3900000| Untracked 
|  37|0x00000000c3900000, 0x00000000c3a00000, 0x00000000c3a00000|100%|HS|  |TAMS 0x00000000c3900000, 0x00000000c3a00000| Complete 
|  38|0x00000000c3a00000, 0x00000000c3b00000, 0x00000000c3b00000|100%|HC|  |TAMS 0x00000000c3a00000, 0x00000000c3b00000| Complete 
|  39|0x00000000c3b00000, 0x00000000c3c00000, 0x00000000c3c00000|100%|HC|  |TAMS 0x00000000c3b00000, 0x00000000c3c00000| Complete 
|  40|0x00000000c3c00000, 0x00000000c3d00000, 0x00000000c3d00000|100%|HC|  |TAMS 0x00000000c3c00000, 0x00000000c3d00000| Complete 
|  41|0x00000000c3d00000, 0x00000000c3e00000, 0x00000000c3e00000|100%|HC|  |TAMS 0x00000000c3d00000, 0x00000000c3e00000| Complete 
|  42|0x00000000c3e00000, 0x00000000c3f00000, 0x00000000c3f00000|100%| O|  |TAMS 0x00000000c3e00000, 0x00000000c3f00000| Untracked 
|  43|0x00000000c3f00000, 0x00000000c4000000, 0x00000000c4000000|100%| O|  |TAMS 0x00000000c3f00000, 0x00000000c4000000| Untracked 
|  44|0x00000000c4000000, 0x00000000c4100000, 0x00000000c4100000|100%| O|  |TAMS 0x00000000c4000000, 0x00000000c4100000| Untracked 
|  45|0x00000000c4100000, 0x00000000c4200000, 0x00000000c4200000|100%| O|  |TAMS 0x00000000c4100000, 0x00000000c4200000| Untracked 
|  46|0x00000000c4200000, 0x00000000c4300000, 0x00000000c4300000|100%| O|  |TAMS 0x00000000c4200000, 0x00000000c4300000| Untracked 
|  47|0x00000000c4300000, 0x00000000c4400000, 0x00000000c4400000|100%| O|  |TAMS 0x00000000c4300000, 0x00000000c4400000| Untracked 
|  48|0x00000000c4400000, 0x00000000c4500000, 0x00000000c4500000|100%|HS|  |TAMS 0x00000000c4400000, 0x00000000c4500000| Complete 
|  49|0x00000000c4500000, 0x00000000c4600000, 0x00000000c4600000|100%|HS|  |TAMS 0x00000000c4500000, 0x00000000c4600000| Complete 
|  50|0x00000000c4600000, 0x00000000c4700000, 0x00000000c4700000|100%|HS|  |TAMS 0x00000000c4600000, 0x00000000c4700000| Complete 
|  51|0x00000000c4700000, 0x00000000c4800000, 0x00000000c4800000|100%|HC|  |TAMS 0x00000000c4700000, 0x00000000c4800000| Complete 
|  52|0x00000000c4800000, 0x00000000c4900000, 0x00000000c4900000|100%| O|  |TAMS 0x00000000c4900000, 0x00000000c4900000| Untracked 
|  53|0x00000000c4900000, 0x00000000c4a00000, 0x00000000c4a00000|100%|HS|  |TAMS 0x00000000c4900000, 0x00000000c4a00000| Complete 
|  54|0x00000000c4a00000, 0x00000000c4b00000, 0x00000000c4b00000|100%|HC|  |TAMS 0x00000000c4a00000, 0x00000000c4b00000| Complete 
|  55|0x00000000c4b00000, 0x00000000c4c00000, 0x00000000c4c00000|100%|HC|  |TAMS 0x00000000c4b00000, 0x00000000c4c00000| Complete 
|  56|0x00000000c4c00000, 0x00000000c4d00000, 0x00000000c4d00000|100%|HC|  |TAMS 0x00000000c4c00000, 0x00000000c4d00000| Complete 
|  57|0x00000000c4d00000, 0x00000000c4e00000, 0x00000000c4e00000|100%|HC|  |TAMS 0x00000000c4d00000, 0x00000000c4e00000| Complete 
|  58|0x00000000c4e00000, 0x00000000c4f00000, 0x00000000c4f00000|100%|HC|  |TAMS 0x00000000c4e00000, 0x00000000c4f00000| Complete 
|  59|0x00000000c4f00000, 0x00000000c5000000, 0x00000000c5000000|100%|HC|  |TAMS 0x00000000c4f00000, 0x00000000c5000000| Complete 
|  60|0x00000000c5000000, 0x00000000c5100000, 0x00000000c5100000|100%|HS|  |TAMS 0x00000000c5000000, 0x00000000c5100000| Complete 
|  61|0x00000000c5100000, 0x00000000c5200000, 0x00000000c5200000|100%|HC|  |TAMS 0x00000000c5100000, 0x00000000c5200000| Complete 
|  62|0x00000000c5200000, 0x00000000c5300000, 0x00000000c5300000|100%|HC|  |TAMS 0x00000000c5200000, 0x00000000c5300000| Complete 
|  63|0x00000000c5300000, 0x00000000c5400000, 0x00000000c5400000|100%|HS|  |TAMS 0x00000000c5300000, 0x00000000c5400000| Complete 
|  64|0x00000000c5400000, 0x00000000c5500000, 0x00000000c5500000|100%|HC|  |TAMS 0x00000000c5400000, 0x00000000c5500000| Complete 
|  65|0x00000000c5500000, 0x00000000c5600000, 0x00000000c5600000|100%|HC|  |TAMS 0x00000000c5500000, 0x00000000c5600000| Complete 
|  66|0x00000000c5600000, 0x00000000c5700000, 0x00000000c5700000|100%|HC|  |TAMS 0x00000000c5600000, 0x00000000c5700000| Complete 
|  67|0x00000000c5700000, 0x00000000c5800000, 0x00000000c5800000|100%| O|  |TAMS 0x00000000c5700000, 0x00000000c5800000| Untracked 
|  68|0x00000000c5800000, 0x00000000c5900000, 0x00000000c5900000|100%| O|  |TAMS 0x00000000c5800000, 0x00000000c5900000| Untracked 
|  69|0x00000000c5900000, 0x00000000c5a00000, 0x00000000c5a00000|100%| O|  |TAMS 0x00000000c5900000, 0x00000000c5a00000| Untracked 
|  70|0x00000000c5a00000, 0x00000000c5b00000, 0x00000000c5b00000|100%| O|  |TAMS 0x00000000c5a00000, 0x00000000c5b00000| Untracked 
|  71|0x00000000c5b00000, 0x00000000c5c00000, 0x00000000c5c00000|100%| O|  |TAMS 0x00000000c5b00000, 0x00000000c5c00000| Untracked 
|  72|0x00000000c5c00000, 0x00000000c5d00000, 0x00000000c5d00000|100%| O|  |TAMS 0x00000000c5c00000, 0x00000000c5d00000| Untracked 
|  73|0x00000000c5d00000, 0x00000000c5e00000, 0x00000000c5e00000|100%| O|  |TAMS 0x00000000c5d00000, 0x00000000c5e00000| Untracked 
|  74|0x00000000c5e00000, 0x00000000c5f00000, 0x00000000c5f00000|100%| O|  |TAMS 0x00000000c5e00000, 0x00000000c5f00000| Untracked 
|  75|0x00000000c5f00000, 0x00000000c6000000, 0x00000000c6000000|100%| O|  |TAMS 0x00000000c5f00000, 0x00000000c6000000| Untracked 
|  76|0x00000000c6000000, 0x00000000c6100000, 0x00000000c6100000|100%| O|  |TAMS 0x00000000c6000000, 0x00000000c6100000| Untracked 
|  77|0x00000000c6100000, 0x00000000c6200000, 0x00000000c6200000|100%| O|  |TAMS 0x00000000c6100000, 0x00000000c6200000| Untracked 
|  78|0x00000000c6200000, 0x00000000c6300000, 0x00000000c6300000|100%| O|  |TAMS 0x00000000c6200000, 0x00000000c6300000| Untracked 
|  79|0x00000000c6300000, 0x00000000c6400000, 0x00000000c6400000|100%| O|  |TAMS 0x00000000c6300000, 0x00000000c6400000| Untracked 
|  80|0x00000000c6400000, 0x00000000c6500000, 0x00000000c6500000|100%| O|  |TAMS 0x00000000c6400000, 0x00000000c6500000| Untracked 
|  81|0x00000000c6500000, 0x00000000c6600000, 0x00000000c6600000|100%| O|  |TAMS 0x00000000c6500000, 0x00000000c6600000| Untracked 
|  82|0x00000000c6600000, 0x00000000c6700000, 0x00000000c6700000|100%| O|  |TAMS 0x00000000c6600000, 0x00000000c6700000| Untracked 
|  83|0x00000000c6700000, 0x00000000c6800000, 0x00000000c6800000|100%| O|  |TAMS 0x00000000c6700000, 0x00000000c6800000| Untracked 
|  84|0x00000000c6800000, 0x00000000c6900000, 0x00000000c6900000|100%| O|  |TAMS 0x00000000c6800000, 0x00000000c6900000| Untracked 
|  85|0x00000000c6900000, 0x00000000c6a00000, 0x00000000c6a00000|100%| O|  |TAMS 0x00000000c6900000, 0x00000000c6a00000| Untracked 
|  86|0x00000000c6a00000, 0x00000000c6b00000, 0x00000000c6b00000|100%| O|  |TAMS 0x00000000c6a00000, 0x00000000c6b00000| Untracked 
|  87|0x00000000c6b00000, 0x00000000c6c00000, 0x00000000c6c00000|100%| O|  |TAMS 0x00000000c6b00000, 0x00000000c6c00000| Untracked 
|  88|0x00000000c6c00000, 0x00000000c6d00000, 0x00000000c6d00000|100%| O|  |TAMS 0x00000000c6c00000, 0x00000000c6d00000| Untracked 
|  89|0x00000000c6d00000, 0x00000000c6e00000, 0x00000000c6e00000|100%| O|  |TAMS 0x00000000c6d00000, 0x00000000c6e00000| Untracked 
|  90|0x00000000c6e00000, 0x00000000c6f00000, 0x00000000c6f00000|100%| O|  |TAMS 0x00000000c6f00000, 0x00000000c6f00000| Untracked 
|  91|0x00000000c6f00000, 0x00000000c7000000, 0x00000000c7000000|100%| O|  |TAMS 0x00000000c6f00000, 0x00000000c7000000| Untracked 
|  92|0x00000000c7000000, 0x00000000c7100000, 0x00000000c7100000|100%| O|  |TAMS 0x00000000c7100000, 0x00000000c7100000| Untracked 
|  93|0x00000000c7100000, 0x00000000c7200000, 0x00000000c7200000|100%| O|  |TAMS 0x00000000c7100000, 0x00000000c7200000| Untracked 
|  94|0x00000000c7200000, 0x00000000c7300000, 0x00000000c7300000|100%| O|  |TAMS 0x00000000c7200000, 0x00000000c7300000| Untracked 
|  95|0x00000000c7300000, 0x00000000c7400000, 0x00000000c7400000|100%| O|  |TAMS 0x00000000c7300000, 0x00000000c7400000| Untracked 
|  96|0x00000000c7400000, 0x00000000c7500000, 0x00000000c7500000|100%| O|  |TAMS 0x00000000c7400000, 0x00000000c7500000| Untracked 
|  97|0x00000000c7500000, 0x00000000c7600000, 0x00000000c7600000|100%| O|  |TAMS 0x00000000c7600000, 0x00000000c7600000| Untracked 
|  98|0x00000000c7600000, 0x00000000c7700000, 0x00000000c7700000|100%| O|  |TAMS 0x00000000c7700000, 0x00000000c7700000| Untracked 
|  99|0x00000000c7700000, 0x00000000c7800000, 0x00000000c7800000|100%| O|  |TAMS 0x00000000c7780000, 0x00000000c7800000| Untracked 
| 100|0x00000000c7800000, 0x00000000c7900000, 0x00000000c7900000|100%| O|  |TAMS 0x00000000c7800000, 0x00000000c7900000| Untracked 
| 101|0x00000000c7900000, 0x00000000c7a00000, 0x00000000c7a00000|100%|HS|  |TAMS 0x00000000c7900000, 0x00000000c7a00000| Complete 
| 102|0x00000000c7a00000, 0x00000000c7b00000, 0x00000000c7b00000|100%|HS|  |TAMS 0x00000000c7a00000, 0x00000000c7b00000| Complete 
| 103|0x00000000c7b00000, 0x00000000c7c00000, 0x00000000c7c00000|100%|HS|  |TAMS 0x00000000c7b00000, 0x00000000c7c00000| Complete 
| 104|0x00000000c7c00000, 0x00000000c7d00000, 0x00000000c7d00000|100%|HC|  |TAMS 0x00000000c7c00000, 0x00000000c7d00000| Complete 
| 105|0x00000000c7d00000, 0x00000000c7e00000, 0x00000000c7e00000|100%| O|  |TAMS 0x00000000c7d00000, 0x00000000c7e00000| Untracked 
| 106|0x00000000c7e00000, 0x00000000c7f00000, 0x00000000c7f00000|100%|HS|  |TAMS 0x00000000c7e00000, 0x00000000c7f00000| Complete 
| 107|0x00000000c7f00000, 0x00000000c8000000, 0x00000000c8000000|100%|HC|  |TAMS 0x00000000c7f00000, 0x00000000c8000000| Complete 
| 108|0x00000000c8000000, 0x00000000c8100000, 0x00000000c8100000|100%|HC|  |TAMS 0x00000000c8000000, 0x00000000c8100000| Complete 
| 109|0x00000000c8100000, 0x00000000c8200000, 0x00000000c8200000|100%|HC|  |TAMS 0x00000000c8100000, 0x00000000c8200000| Complete 
| 110|0x00000000c8200000, 0x00000000c8300000, 0x00000000c8300000|100%|HC|  |TAMS 0x00000000c8200000, 0x00000000c8300000| Complete 
| 111|0x00000000c8300000, 0x00000000c8400000, 0x00000000c8400000|100%|HS|  |TAMS 0x00000000c8300000, 0x00000000c8400000| Complete 
| 112|0x00000000c8400000, 0x00000000c8500000, 0x00000000c8500000|100%|HS|  |TAMS 0x00000000c8400000, 0x00000000c8500000| Complete 
| 113|0x00000000c8500000, 0x00000000c8600000, 0x00000000c8600000|100%|HS|  |TAMS 0x00000000c8500000, 0x00000000c8600000| Complete 
| 114|0x00000000c8600000, 0x00000000c8700000, 0x00000000c8700000|100%|HC|  |TAMS 0x00000000c8600000, 0x00000000c8700000| Complete 
| 115|0x00000000c8700000, 0x00000000c8800000, 0x00000000c8800000|100%| O|  |TAMS 0x00000000c8700000, 0x00000000c8800000| Untracked 
| 116|0x00000000c8800000, 0x00000000c8900000, 0x00000000c8900000|100%| O|  |TAMS 0x00000000c8800000, 0x00000000c8900000| Untracked 
| 117|0x00000000c8900000, 0x00000000c8a00000, 0x00000000c8a00000|100%| O|  |TAMS 0x00000000c8900000, 0x00000000c8a00000| Untracked 
| 118|0x00000000c8a00000, 0x00000000c8b00000, 0x00000000c8b00000|100%| O|  |TAMS 0x00000000c8a00000, 0x00000000c8b00000| Untracked 
| 119|0x00000000c8b00000, 0x00000000c8c00000, 0x00000000c8c00000|100%| O|  |TAMS 0x00000000c8b00000, 0x00000000c8c00000| Untracked 
| 120|0x00000000c8c00000, 0x00000000c8d00000, 0x00000000c8d00000|100%| O|  |TAMS 0x00000000c8c00000, 0x00000000c8d00000| Untracked 
| 121|0x00000000c8d00000, 0x00000000c8e00000, 0x00000000c8e00000|100%| O|  |TAMS 0x00000000c8d00000, 0x00000000c8e00000| Untracked 
| 122|0x00000000c8e00000, 0x00000000c8f00000, 0x00000000c8f00000|100%| O|  |TAMS 0x00000000c8e00000, 0x00000000c8f00000| Untracked 
| 123|0x00000000c8f00000, 0x00000000c9000000, 0x00000000c9000000|100%| O|  |TAMS 0x00000000c8f00000, 0x00000000c9000000| Untracked 
| 124|0x00000000c9000000, 0x00000000c9100000, 0x00000000c9100000|100%| O|  |TAMS 0x00000000c9000000, 0x00000000c9100000| Untracked 
| 125|0x00000000c9100000, 0x00000000c9200000, 0x00000000c9200000|100%| O|  |TAMS 0x00000000c9100000, 0x00000000c9200000| Untracked 
| 126|0x00000000c9200000, 0x00000000c9300000, 0x00000000c9300000|100%| O|  |TAMS 0x00000000c9200000, 0x00000000c9300000| Untracked 
| 127|0x00000000c9300000, 0x00000000c9400000, 0x00000000c9400000|100%| O|  |TAMS 0x00000000c9300000, 0x00000000c9400000| Untracked 
| 128|0x00000000c9400000, 0x00000000c9500000, 0x00000000c9500000|100%| O|  |TAMS 0x00000000c9400000, 0x00000000c9500000| Untracked 
| 129|0x00000000c9500000, 0x00000000c9600000, 0x00000000c9600000|100%| O|  |TAMS 0x00000000c9500000, 0x00000000c9600000| Untracked 
| 130|0x00000000c9600000, 0x00000000c9700000, 0x00000000c9700000|100%| O|  |TAMS 0x00000000c9600000, 0x00000000c9700000| Untracked 
| 131|0x00000000c9700000, 0x00000000c9800000, 0x00000000c9800000|100%| O|  |TAMS 0x00000000c9700000, 0x00000000c9800000| Untracked 
| 132|0x00000000c9800000, 0x00000000c9900000, 0x00000000c9900000|100%| O|  |TAMS 0x00000000c9800000, 0x00000000c9900000| Untracked 
| 133|0x00000000c9900000, 0x00000000c9a00000, 0x00000000c9a00000|100%| O|  |TAMS 0x00000000c9900000, 0x00000000c9a00000| Untracked 
| 134|0x00000000c9a00000, 0x00000000c9b00000, 0x00000000c9b00000|100%| O|  |TAMS 0x00000000c9a00000, 0x00000000c9b00000| Untracked 
| 135|0x00000000c9b00000, 0x00000000c9c00000, 0x00000000c9c00000|100%| O|  |TAMS 0x00000000c9b00000, 0x00000000c9c00000| Untracked 
| 136|0x00000000c9c00000, 0x00000000c9d00000, 0x00000000c9d00000|100%| O|  |TAMS 0x00000000c9c00000, 0x00000000c9d00000| Untracked 
| 137|0x00000000c9d00000, 0x00000000c9e00000, 0x00000000c9e00000|100%| O|  |TAMS 0x00000000c9d00000, 0x00000000c9e00000| Untracked 
| 138|0x00000000c9e00000, 0x00000000c9f00000, 0x00000000c9f00000|100%| O|  |TAMS 0x00000000c9e00000, 0x00000000c9f00000| Untracked 
| 139|0x00000000c9f00000, 0x00000000ca000000, 0x00000000ca000000|100%| O|  |TAMS 0x00000000c9f00000, 0x00000000ca000000| Untracked 
| 140|0x00000000ca000000, 0x00000000ca100000, 0x00000000ca100000|100%| O|  |TAMS 0x00000000ca000000, 0x00000000ca100000| Untracked 
| 141|0x00000000ca100000, 0x00000000ca200000, 0x00000000ca200000|100%|HS|  |TAMS 0x00000000ca100000, 0x00000000ca200000| Complete 
| 142|0x00000000ca200000, 0x00000000ca300000, 0x00000000ca300000|100%|HC|  |TAMS 0x00000000ca200000, 0x00000000ca300000| Complete 
| 143|0x00000000ca300000, 0x00000000ca400000, 0x00000000ca400000|100%|HC|  |TAMS 0x00000000ca300000, 0x00000000ca400000| Complete 
| 144|0x00000000ca400000, 0x00000000ca500000, 0x00000000ca500000|100%|HS|  |TAMS 0x00000000ca400000, 0x00000000ca500000| Complete 
| 145|0x00000000ca500000, 0x00000000ca600000, 0x00000000ca600000|100%|HC|  |TAMS 0x00000000ca500000, 0x00000000ca600000| Complete 
| 146|0x00000000ca600000, 0x00000000ca700000, 0x00000000ca700000|100%|HC|  |TAMS 0x00000000ca600000, 0x00000000ca700000| Complete 
| 147|0x00000000ca700000, 0x00000000ca800000, 0x00000000ca800000|100%|HC|  |TAMS 0x00000000ca700000, 0x00000000ca800000| Complete 
| 148|0x00000000ca800000, 0x00000000ca900000, 0x00000000ca900000|100%|HS|  |TAMS 0x00000000ca800000, 0x00000000ca900000| Complete 
| 149|0x00000000ca900000, 0x00000000caa00000, 0x00000000caa00000|100%|HS|  |TAMS 0x00000000ca900000, 0x00000000caa00000| Complete 
| 150|0x00000000caa00000, 0x00000000cab00000, 0x00000000cab00000|100%|HS|  |TAMS 0x00000000caa00000, 0x00000000cab00000| Complete 
| 151|0x00000000cab00000, 0x00000000cac00000, 0x00000000cac00000|100%|HC|  |TAMS 0x00000000cab00000, 0x00000000cac00000| Complete 
| 152|0x00000000cac00000, 0x00000000cad00000, 0x00000000cad00000|100%|HS|  |TAMS 0x00000000cac00000, 0x00000000cad00000| Complete 
| 153|0x00000000cad00000, 0x00000000cae00000, 0x00000000cae00000|100%|HC|  |TAMS 0x00000000cad00000, 0x00000000cae00000| Complete 
| 154|0x00000000cae00000, 0x00000000caf00000, 0x00000000caf00000|100%|HC|  |TAMS 0x00000000cae00000, 0x00000000caf00000| Complete 
| 155|0x00000000caf00000, 0x00000000cb000000, 0x00000000cb000000|100%| O|  |TAMS 0x00000000caf00000, 0x00000000cb000000| Untracked 
| 156|0x00000000cb000000, 0x00000000cb100000, 0x00000000cb100000|100%| O|  |TAMS 0x00000000cb000000, 0x00000000cb100000| Untracked 
| 157|0x00000000cb100000, 0x00000000cb200000, 0x00000000cb200000|100%| O|  |TAMS 0x00000000cb100000, 0x00000000cb200000| Untracked 
| 158|0x00000000cb200000, 0x00000000cb300000, 0x00000000cb300000|100%| O|  |TAMS 0x00000000cb200000, 0x00000000cb300000| Untracked 
| 159|0x00000000cb300000, 0x00000000cb400000, 0x00000000cb400000|100%| O|  |TAMS 0x00000000cb300000, 0x00000000cb400000| Untracked 
| 160|0x00000000cb400000, 0x00000000cb500000, 0x00000000cb500000|100%| O|  |TAMS 0x00000000cb400000, 0x00000000cb500000| Untracked 
| 161|0x00000000cb500000, 0x00000000cb600000, 0x00000000cb600000|100%| O|  |TAMS 0x00000000cb500000, 0x00000000cb600000| Untracked 
| 162|0x00000000cb600000, 0x00000000cb700000, 0x00000000cb700000|100%| O|  |TAMS 0x00000000cb600000, 0x00000000cb700000| Untracked 
| 163|0x00000000cb700000, 0x00000000cb800000, 0x00000000cb800000|100%| O|  |TAMS 0x00000000cb700000, 0x00000000cb800000| Untracked 
| 164|0x00000000cb800000, 0x00000000cb900000, 0x00000000cb900000|100%| O|  |TAMS 0x00000000cb800000, 0x00000000cb900000| Untracked 
| 165|0x00000000cb900000, 0x00000000cba00000, 0x00000000cba00000|100%| O|  |TAMS 0x00000000cb900000, 0x00000000cba00000| Untracked 
| 166|0x00000000cba00000, 0x00000000cbb00000, 0x00000000cbb00000|100%| O|  |TAMS 0x00000000cba00000, 0x00000000cbb00000| Untracked 
| 167|0x00000000cbb00000, 0x00000000cbc00000, 0x00000000cbc00000|100%| O|  |TAMS 0x00000000cbb00000, 0x00000000cbc00000| Untracked 
| 168|0x00000000cbc00000, 0x00000000cbd00000, 0x00000000cbd00000|100%| O|  |TAMS 0x00000000cbc00000, 0x00000000cbd00000| Untracked 
| 169|0x00000000cbd00000, 0x00000000cbe00000, 0x00000000cbe00000|100%| O|  |TAMS 0x00000000cbd00000, 0x00000000cbe00000| Untracked 
| 170|0x00000000cbe00000, 0x00000000cbf00000, 0x00000000cbf00000|100%| O|  |TAMS 0x00000000cbe00000, 0x00000000cbf00000| Untracked 
| 171|0x00000000cbf00000, 0x00000000cc000000, 0x00000000cc000000|100%| O|  |TAMS 0x00000000cbf00000, 0x00000000cc000000| Untracked 
| 172|0x00000000cc000000, 0x00000000cc100000, 0x00000000cc100000|100%| O|  |TAMS 0x00000000cc000000, 0x00000000cc100000| Untracked 
| 173|0x00000000cc100000, 0x00000000cc200000, 0x00000000cc200000|100%| O|  |TAMS 0x00000000cc100000, 0x00000000cc200000| Untracked 
| 174|0x00000000cc200000, 0x00000000cc300000, 0x00000000cc300000|100%| O|  |TAMS 0x00000000cc200000, 0x00000000cc300000| Untracked 
| 175|0x00000000cc300000, 0x00000000cc400000, 0x00000000cc400000|100%| O|  |TAMS 0x00000000cc300000, 0x00000000cc400000| Untracked 
| 176|0x00000000cc400000, 0x00000000cc500000, 0x00000000cc500000|100%| O|  |TAMS 0x00000000cc400000, 0x00000000cc500000| Untracked 
| 177|0x00000000cc500000, 0x00000000cc600000, 0x00000000cc600000|100%| O|  |TAMS 0x00000000cc500000, 0x00000000cc600000| Untracked 
| 178|0x00000000cc600000, 0x00000000cc700000, 0x00000000cc700000|100%| O|  |TAMS 0x00000000cc600000, 0x00000000cc700000| Untracked 
| 179|0x00000000cc700000, 0x00000000cc800000, 0x00000000cc800000|100%| O|  |TAMS 0x00000000cc700000, 0x00000000cc800000| Untracked 
| 180|0x00000000cc800000, 0x00000000cc900000, 0x00000000cc900000|100%| O|  |TAMS 0x00000000cc800000, 0x00000000cc900000| Untracked 
| 181|0x00000000cc900000, 0x00000000cca00000, 0x00000000cca00000|100%| O|  |TAMS 0x00000000cc900000, 0x00000000cca00000| Untracked 
| 182|0x00000000cca00000, 0x00000000ccb00000, 0x00000000ccb00000|100%| O|  |TAMS 0x00000000cca00000, 0x00000000cca80000| Untracked 
| 183|0x00000000ccb00000, 0x00000000ccc00000, 0x00000000ccc00000|100%| O|  |TAMS 0x00000000ccb00000, 0x00000000ccb00000| Untracked 
| 184|0x00000000ccc00000, 0x00000000ccd00000, 0x00000000ccd00000|100%| O|  |TAMS 0x00000000ccc00000, 0x00000000ccc00000| Untracked 
| 185|0x00000000ccd00000, 0x00000000cce00000, 0x00000000cce00000|100%| O|  |TAMS 0x00000000ccd00000, 0x00000000ccd00000| Untracked 
| 186|0x00000000cce00000, 0x00000000ccf00000, 0x00000000ccf00000|100%| O|  |TAMS 0x00000000cce00000, 0x00000000cce00000| Untracked 
| 187|0x00000000ccf00000, 0x00000000ccf80000, 0x00000000cd000000| 50%| O|  |TAMS 0x00000000ccf00000, 0x00000000ccf00000| Untracked 
| 188|0x00000000cd000000, 0x00000000cd000000, 0x00000000cd100000|  0%| F|  |TAMS 0x00000000cd000000, 0x00000000cd000000| Untracked 
| 189|0x00000000cd100000, 0x00000000cd100000, 0x00000000cd200000|  0%| F|  |TAMS 0x00000000cd100000, 0x00000000cd100000| Untracked 
| 190|0x00000000cd200000, 0x00000000cd200000, 0x00000000cd300000|  0%| F|  |TAMS 0x00000000cd200000, 0x00000000cd200000| Untracked 
| 191|0x00000000cd300000, 0x00000000cd300000, 0x00000000cd400000|  0%| F|  |TAMS 0x00000000cd300000, 0x00000000cd300000| Untracked 
| 192|0x00000000cd400000, 0x00000000cd400000, 0x00000000cd500000|  0%| F|  |TAMS 0x00000000cd400000, 0x00000000cd400000| Untracked 
| 193|0x00000000cd500000, 0x00000000cd500000, 0x00000000cd600000|  0%| F|  |TAMS 0x00000000cd500000, 0x00000000cd500000| Untracked 
| 194|0x00000000cd600000, 0x00000000cd600000, 0x00000000cd700000|  0%| F|  |TAMS 0x00000000cd600000, 0x00000000cd600000| Untracked 
| 195|0x00000000cd700000, 0x00000000cd700000, 0x00000000cd800000|  0%| F|  |TAMS 0x00000000cd700000, 0x00000000cd700000| Untracked 
| 196|0x00000000cd800000, 0x00000000cd800000, 0x00000000cd900000|  0%| F|  |TAMS 0x00000000cd800000, 0x00000000cd800000| Untracked 
| 197|0x00000000cd900000, 0x00000000cd900000, 0x00000000cda00000|  0%| F|  |TAMS 0x00000000cd900000, 0x00000000cd900000| Untracked 
| 198|0x00000000cda00000, 0x00000000cda00000, 0x00000000cdb00000|  0%| F|  |TAMS 0x00000000cda00000, 0x00000000cda00000| Untracked 
| 199|0x00000000cdb00000, 0x00000000cdb00000, 0x00000000cdc00000|  0%| F|  |TAMS 0x00000000cdb00000, 0x00000000cdb00000| Untracked 
| 200|0x00000000cdc00000, 0x00000000cdc00000, 0x00000000cdd00000|  0%| F|  |TAMS 0x00000000cdc00000, 0x00000000cdc00000| Untracked 
| 201|0x00000000cdd00000, 0x00000000cdd00000, 0x00000000cde00000|  0%| F|  |TAMS 0x00000000cdd00000, 0x00000000cdd00000| Untracked 
| 202|0x00000000cde00000, 0x00000000cde00000, 0x00000000cdf00000|  0%| F|  |TAMS 0x00000000cde00000, 0x00000000cde00000| Untracked 
| 203|0x00000000cdf00000, 0x00000000cdf00000, 0x00000000ce000000|  0%| F|  |TAMS 0x00000000cdf00000, 0x00000000cdf00000| Untracked 
| 204|0x00000000ce000000, 0x00000000ce000000, 0x00000000ce100000|  0%| F|  |TAMS 0x00000000ce000000, 0x00000000ce000000| Untracked 
| 205|0x00000000ce100000, 0x00000000ce100000, 0x00000000ce200000|  0%| F|  |TAMS 0x00000000ce100000, 0x00000000ce100000| Untracked 
| 206|0x00000000ce200000, 0x00000000ce200000, 0x00000000ce300000|  0%| F|  |TAMS 0x00000000ce200000, 0x00000000ce200000| Untracked 
| 207|0x00000000ce300000, 0x00000000ce300000, 0x00000000ce400000|  0%| F|  |TAMS 0x00000000ce300000, 0x00000000ce300000| Untracked 
| 208|0x00000000ce400000, 0x00000000ce400000, 0x00000000ce500000|  0%| F|  |TAMS 0x00000000ce400000, 0x00000000ce400000| Untracked 
| 209|0x00000000ce500000, 0x00000000ce500000, 0x00000000ce600000|  0%| F|  |TAMS 0x00000000ce500000, 0x00000000ce500000| Untracked 
| 210|0x00000000ce600000, 0x00000000ce600000, 0x00000000ce700000|  0%| F|  |TAMS 0x00000000ce600000, 0x00000000ce600000| Untracked 
| 211|0x00000000ce700000, 0x00000000ce700000, 0x00000000ce800000|  0%| F|  |TAMS 0x00000000ce700000, 0x00000000ce700000| Untracked 
| 212|0x00000000ce800000, 0x00000000ce800000, 0x00000000ce900000|  0%| F|  |TAMS 0x00000000ce800000, 0x00000000ce800000| Untracked 
| 213|0x00000000ce900000, 0x00000000ce900000, 0x00000000cea00000|  0%| F|  |TAMS 0x00000000ce900000, 0x00000000ce900000| Untracked 
| 214|0x00000000cea00000, 0x00000000cea00000, 0x00000000ceb00000|  0%| F|  |TAMS 0x00000000cea00000, 0x00000000cea00000| Untracked 
| 215|0x00000000ceb00000, 0x00000000ceb00000, 0x00000000cec00000|  0%| F|  |TAMS 0x00000000ceb00000, 0x00000000ceb00000| Untracked 
| 216|0x00000000cec00000, 0x00000000cec00000, 0x00000000ced00000|  0%| F|  |TAMS 0x00000000cec00000, 0x00000000cec00000| Untracked 
| 217|0x00000000ced00000, 0x00000000ced00000, 0x00000000cee00000|  0%| F|  |TAMS 0x00000000ced00000, 0x00000000ced00000| Untracked 
| 218|0x00000000cee00000, 0x00000000cee00000, 0x00000000cef00000|  0%| F|  |TAMS 0x00000000cee00000, 0x00000000cee00000| Untracked 
| 219|0x00000000cef00000, 0x00000000cef00000, 0x00000000cf000000|  0%| F|  |TAMS 0x00000000cef00000, 0x00000000cef00000| Untracked 
| 220|0x00000000cf000000, 0x00000000cf000000, 0x00000000cf100000|  0%| F|  |TAMS 0x00000000cf000000, 0x00000000cf000000| Untracked 
| 221|0x00000000cf100000, 0x00000000cf100000, 0x00000000cf200000|  0%| F|  |TAMS 0x00000000cf100000, 0x00000000cf100000| Untracked 
| 222|0x00000000cf200000, 0x00000000cf200000, 0x00000000cf300000|  0%| F|  |TAMS 0x00000000cf200000, 0x00000000cf200000| Untracked 
| 223|0x00000000cf300000, 0x00000000cf300000, 0x00000000cf400000|  0%| F|  |TAMS 0x00000000cf300000, 0x00000000cf300000| Untracked 
| 224|0x00000000cf400000, 0x00000000cf400000, 0x00000000cf500000|  0%| F|  |TAMS 0x00000000cf400000, 0x00000000cf400000| Untracked 
| 225|0x00000000cf500000, 0x00000000cf500000, 0x00000000cf600000|  0%| F|  |TAMS 0x00000000cf500000, 0x00000000cf500000| Untracked 
| 226|0x00000000cf600000, 0x00000000cf600000, 0x00000000cf700000|  0%| F|  |TAMS 0x00000000cf600000, 0x00000000cf600000| Untracked 
| 227|0x00000000cf700000, 0x00000000cf700000, 0x00000000cf800000|  0%| F|  |TAMS 0x00000000cf700000, 0x00000000cf700000| Untracked 
| 228|0x00000000cf800000, 0x00000000cf800000, 0x00000000cf900000|  0%| F|  |TAMS 0x00000000cf800000, 0x00000000cf800000| Untracked 
| 229|0x00000000cf900000, 0x00000000cf900000, 0x00000000cfa00000|  0%| F|  |TAMS 0x00000000cf900000, 0x00000000cf900000| Untracked 
| 230|0x00000000cfa00000, 0x00000000cfa00000, 0x00000000cfb00000|  0%| F|  |TAMS 0x00000000cfa00000, 0x00000000cfa00000| Untracked 
| 231|0x00000000cfb00000, 0x00000000cfb00000, 0x00000000cfc00000|  0%| F|  |TAMS 0x00000000cfb00000, 0x00000000cfb00000| Untracked 
| 232|0x00000000cfc00000, 0x00000000cfc00000, 0x00000000cfd00000|  0%| F|  |TAMS 0x00000000cfc00000, 0x00000000cfc00000| Untracked 
| 233|0x00000000cfd00000, 0x00000000cfd00000, 0x00000000cfe00000|  0%| F|  |TAMS 0x00000000cfd00000, 0x00000000cfd00000| Untracked 
| 234|0x00000000cfe00000, 0x00000000cfe00000, 0x00000000cff00000|  0%| F|  |TAMS 0x00000000cfe00000, 0x00000000cfe00000| Untracked 
| 235|0x00000000cff00000, 0x00000000cff00000, 0x00000000d0000000|  0%| F|  |TAMS 0x00000000cff00000, 0x00000000cff00000| Untracked 
| 236|0x00000000d0000000, 0x00000000d0000000, 0x00000000d0100000|  0%| F|  |TAMS 0x00000000d0000000, 0x00000000d0000000| Untracked 
| 237|0x00000000d0100000, 0x00000000d0100000, 0x00000000d0200000|  0%| F|  |TAMS 0x00000000d0100000, 0x00000000d0100000| Untracked 
| 238|0x00000000d0200000, 0x00000000d0200000, 0x00000000d0300000|  0%| F|  |TAMS 0x00000000d0200000, 0x00000000d0200000| Untracked 
| 239|0x00000000d0300000, 0x00000000d0300000, 0x00000000d0400000|  0%| F|  |TAMS 0x00000000d0300000, 0x00000000d0300000| Untracked 
| 240|0x00000000d0400000, 0x00000000d0400000, 0x00000000d0500000|  0%| F|  |TAMS 0x00000000d0400000, 0x00000000d0400000| Untracked 
| 241|0x00000000d0500000, 0x00000000d0500000, 0x00000000d0600000|  0%| F|  |TAMS 0x00000000d0500000, 0x00000000d0500000| Untracked 
| 242|0x00000000d0600000, 0x00000000d0600000, 0x00000000d0700000|  0%| F|  |TAMS 0x00000000d0600000, 0x00000000d0600000| Untracked 
| 243|0x00000000d0700000, 0x00000000d0700000, 0x00000000d0800000|  0%| F|  |TAMS 0x00000000d0700000, 0x00000000d0700000| Untracked 
| 244|0x00000000d0800000, 0x00000000d0800000, 0x00000000d0900000|  0%| F|  |TAMS 0x00000000d0800000, 0x00000000d0800000| Untracked 
| 245|0x00000000d0900000, 0x00000000d0900000, 0x00000000d0a00000|  0%| F|  |TAMS 0x00000000d0900000, 0x00000000d0900000| Untracked 
| 246|0x00000000d0a00000, 0x00000000d0a00000, 0x00000000d0b00000|  0%| F|  |TAMS 0x00000000d0a00000, 0x00000000d0a00000| Untracked 
| 247|0x00000000d0b00000, 0x00000000d0b00000, 0x00000000d0c00000|  0%| F|  |TAMS 0x00000000d0b00000, 0x00000000d0b00000| Untracked 
| 248|0x00000000d0c00000, 0x00000000d0c00000, 0x00000000d0d00000|  0%| F|  |TAMS 0x00000000d0c00000, 0x00000000d0c00000| Untracked 
| 249|0x00000000d0d00000, 0x00000000d0d00000, 0x00000000d0e00000|  0%| F|  |TAMS 0x00000000d0d00000, 0x00000000d0d00000| Untracked 
| 250|0x00000000d0e00000, 0x00000000d0e00000, 0x00000000d0f00000|  0%| F|  |TAMS 0x00000000d0e00000, 0x00000000d0e00000| Untracked 
| 251|0x00000000d0f00000, 0x00000000d0f00000, 0x00000000d1000000|  0%| F|  |TAMS 0x00000000d0f00000, 0x00000000d0f00000| Untracked 
| 252|0x00000000d1000000, 0x00000000d1000000, 0x00000000d1100000|  0%| F|  |TAMS 0x00000000d1000000, 0x00000000d1000000| Untracked 
| 253|0x00000000d1100000, 0x00000000d1100000, 0x00000000d1200000|  0%| F|  |TAMS 0x00000000d1100000, 0x00000000d1100000| Untracked 
| 254|0x00000000d1200000, 0x00000000d1200000, 0x00000000d1300000|  0%| F|  |TAMS 0x00000000d1200000, 0x00000000d1200000| Untracked 
| 255|0x00000000d1300000, 0x00000000d1300000, 0x00000000d1400000|  0%| F|  |TAMS 0x00000000d1300000, 0x00000000d1300000| Untracked 
| 256|0x00000000d1400000, 0x00000000d1400000, 0x00000000d1500000|  0%| F|  |TAMS 0x00000000d1400000, 0x00000000d1400000| Untracked 
| 257|0x00000000d1500000, 0x00000000d1500000, 0x00000000d1600000|  0%| F|  |TAMS 0x00000000d1500000, 0x00000000d1500000| Untracked 
| 258|0x00000000d1600000, 0x00000000d1600000, 0x00000000d1700000|  0%| F|  |TAMS 0x00000000d1600000, 0x00000000d1600000| Untracked 
| 259|0x00000000d1700000, 0x00000000d1700000, 0x00000000d1800000|  0%| F|  |TAMS 0x00000000d1700000, 0x00000000d1700000| Untracked 
| 260|0x00000000d1800000, 0x00000000d1800000, 0x00000000d1900000|  0%| F|  |TAMS 0x00000000d1800000, 0x00000000d1800000| Untracked 
| 261|0x00000000d1900000, 0x00000000d1900000, 0x00000000d1a00000|  0%| F|  |TAMS 0x00000000d1900000, 0x00000000d1900000| Untracked 
| 262|0x00000000d1a00000, 0x00000000d1a00000, 0x00000000d1b00000|  0%| F|  |TAMS 0x00000000d1a00000, 0x00000000d1a00000| Untracked 
| 263|0x00000000d1b00000, 0x00000000d1b00000, 0x00000000d1c00000|  0%| F|  |TAMS 0x00000000d1b00000, 0x00000000d1b00000| Untracked 
| 264|0x00000000d1c00000, 0x00000000d1c00000, 0x00000000d1d00000|  0%| F|  |TAMS 0x00000000d1c00000, 0x00000000d1c00000| Untracked 
| 265|0x00000000d1d00000, 0x00000000d1d00000, 0x00000000d1e00000|  0%| F|  |TAMS 0x00000000d1d00000, 0x00000000d1d00000| Untracked 
| 266|0x00000000d1e00000, 0x00000000d1e00000, 0x00000000d1f00000|  0%| F|  |TAMS 0x00000000d1e00000, 0x00000000d1e00000| Untracked 
| 267|0x00000000d1f00000, 0x00000000d1f00000, 0x00000000d2000000|  0%| F|  |TAMS 0x00000000d1f00000, 0x00000000d1f00000| Untracked 
| 268|0x00000000d2000000, 0x00000000d2000000, 0x00000000d2100000|  0%| F|  |TAMS 0x00000000d2000000, 0x00000000d2000000| Untracked 
| 269|0x00000000d2100000, 0x00000000d2100000, 0x00000000d2200000|  0%| F|  |TAMS 0x00000000d2100000, 0x00000000d2100000| Untracked 
| 270|0x00000000d2200000, 0x00000000d2200000, 0x00000000d2300000|  0%| F|  |TAMS 0x00000000d2200000, 0x00000000d2200000| Untracked 
| 271|0x00000000d2300000, 0x00000000d2300000, 0x00000000d2400000|  0%| F|  |TAMS 0x00000000d2300000, 0x00000000d2300000| Untracked 
| 272|0x00000000d2400000, 0x00000000d2400000, 0x00000000d2500000|  0%| F|  |TAMS 0x00000000d2400000, 0x00000000d2400000| Untracked 
| 273|0x00000000d2500000, 0x00000000d2500000, 0x00000000d2600000|  0%| F|  |TAMS 0x00000000d2500000, 0x00000000d2500000| Untracked 
| 274|0x00000000d2600000, 0x00000000d2600000, 0x00000000d2700000|  0%| F|  |TAMS 0x00000000d2600000, 0x00000000d2600000| Untracked 
| 275|0x00000000d2700000, 0x00000000d2700000, 0x00000000d2800000|  0%| F|  |TAMS 0x00000000d2700000, 0x00000000d2700000| Untracked 
| 276|0x00000000d2800000, 0x00000000d2800000, 0x00000000d2900000|  0%| F|  |TAMS 0x00000000d2800000, 0x00000000d2800000| Untracked 
| 277|0x00000000d2900000, 0x00000000d2900000, 0x00000000d2a00000|  0%| F|  |TAMS 0x00000000d2900000, 0x00000000d2900000| Untracked 
| 278|0x00000000d2a00000, 0x00000000d2a00000, 0x00000000d2b00000|  0%| F|  |TAMS 0x00000000d2a00000, 0x00000000d2a00000| Untracked 
| 279|0x00000000d2b00000, 0x00000000d2b00000, 0x00000000d2c00000|  0%| F|  |TAMS 0x00000000d2b00000, 0x00000000d2b00000| Untracked 
| 280|0x00000000d2c00000, 0x00000000d2c00000, 0x00000000d2d00000|  0%| F|  |TAMS 0x00000000d2c00000, 0x00000000d2c00000| Untracked 
| 281|0x00000000d2d00000, 0x00000000d2d00000, 0x00000000d2e00000|  0%| F|  |TAMS 0x00000000d2d00000, 0x00000000d2d00000| Untracked 
| 282|0x00000000d2e00000, 0x00000000d2e00000, 0x00000000d2f00000|  0%| F|  |TAMS 0x00000000d2e00000, 0x00000000d2e00000| Untracked 
| 283|0x00000000d2f00000, 0x00000000d2f00000, 0x00000000d3000000|  0%| F|  |TAMS 0x00000000d2f00000, 0x00000000d2f00000| Untracked 
| 284|0x00000000d3000000, 0x00000000d3000000, 0x00000000d3100000|  0%| F|  |TAMS 0x00000000d3000000, 0x00000000d3000000| Untracked 
| 285|0x00000000d3100000, 0x00000000d3100000, 0x00000000d3200000|  0%| F|  |TAMS 0x00000000d3100000, 0x00000000d3100000| Untracked 
| 286|0x00000000d3200000, 0x00000000d3200000, 0x00000000d3300000|  0%| F|  |TAMS 0x00000000d3200000, 0x00000000d3200000| Untracked 
| 287|0x00000000d3300000, 0x00000000d3300000, 0x00000000d3400000|  0%| F|  |TAMS 0x00000000d3300000, 0x00000000d3300000| Untracked 
| 288|0x00000000d3400000, 0x00000000d3400000, 0x00000000d3500000|  0%| F|  |TAMS 0x00000000d3400000, 0x00000000d3400000| Untracked 
| 289|0x00000000d3500000, 0x00000000d3500000, 0x00000000d3600000|  0%| F|  |TAMS 0x00000000d3500000, 0x00000000d3500000| Untracked 
| 290|0x00000000d3600000, 0x00000000d3600000, 0x00000000d3700000|  0%| F|  |TAMS 0x00000000d3600000, 0x00000000d3600000| Untracked 
| 291|0x00000000d3700000, 0x00000000d3700000, 0x00000000d3800000|  0%| F|  |TAMS 0x00000000d3700000, 0x00000000d3700000| Untracked 
| 292|0x00000000d3800000, 0x00000000d3800000, 0x00000000d3900000|  0%| F|  |TAMS 0x00000000d3800000, 0x00000000d3800000| Untracked 
| 293|0x00000000d3900000, 0x00000000d3900000, 0x00000000d3a00000|  0%| F|  |TAMS 0x00000000d3900000, 0x00000000d3900000| Untracked 
| 294|0x00000000d3a00000, 0x00000000d3a00000, 0x00000000d3b00000|  0%| F|  |TAMS 0x00000000d3a00000, 0x00000000d3a00000| Untracked 
| 295|0x00000000d3b00000, 0x00000000d3b00000, 0x00000000d3c00000|  0%| F|  |TAMS 0x00000000d3b00000, 0x00000000d3b00000| Untracked 
| 296|0x00000000d3c00000, 0x00000000d3c00000, 0x00000000d3d00000|  0%| F|  |TAMS 0x00000000d3c00000, 0x00000000d3c00000| Untracked 
| 297|0x00000000d3d00000, 0x00000000d3d00000, 0x00000000d3e00000|  0%| F|  |TAMS 0x00000000d3d00000, 0x00000000d3d00000| Untracked 
| 298|0x00000000d3e00000, 0x00000000d3e00000, 0x00000000d3f00000|  0%| F|  |TAMS 0x00000000d3e00000, 0x00000000d3e00000| Untracked 
| 299|0x00000000d3f00000, 0x00000000d3f00000, 0x00000000d4000000|  0%| F|  |TAMS 0x00000000d3f00000, 0x00000000d3f00000| Untracked 
| 300|0x00000000d4000000, 0x00000000d4000000, 0x00000000d4100000|  0%| F|  |TAMS 0x00000000d4000000, 0x00000000d4000000| Untracked 
| 301|0x00000000d4100000, 0x00000000d4100000, 0x00000000d4200000|  0%| F|  |TAMS 0x00000000d4100000, 0x00000000d4100000| Untracked 
| 302|0x00000000d4200000, 0x00000000d4200000, 0x00000000d4300000|  0%| F|  |TAMS 0x00000000d4200000, 0x00000000d4200000| Untracked 
| 303|0x00000000d4300000, 0x00000000d4300000, 0x00000000d4400000|  0%| F|  |TAMS 0x00000000d4300000, 0x00000000d4300000| Untracked 
| 304|0x00000000d4400000, 0x00000000d4400000, 0x00000000d4500000|  0%| F|  |TAMS 0x00000000d4400000, 0x00000000d4400000| Untracked 
| 305|0x00000000d4500000, 0x00000000d4500000, 0x00000000d4600000|  0%| F|  |TAMS 0x00000000d4500000, 0x00000000d4500000| Untracked 
| 306|0x00000000d4600000, 0x00000000d4600000, 0x00000000d4700000|  0%| F|  |TAMS 0x00000000d4600000, 0x00000000d4600000| Untracked 
| 307|0x00000000d4700000, 0x00000000d4700000, 0x00000000d4800000|  0%| F|  |TAMS 0x00000000d4700000, 0x00000000d4700000| Untracked 
| 308|0x00000000d4800000, 0x00000000d4800000, 0x00000000d4900000|  0%| F|  |TAMS 0x00000000d4800000, 0x00000000d4800000| Untracked 
| 309|0x00000000d4900000, 0x00000000d4900000, 0x00000000d4a00000|  0%| F|  |TAMS 0x00000000d4900000, 0x00000000d4900000| Untracked 
| 310|0x00000000d4a00000, 0x00000000d4a00000, 0x00000000d4b00000|  0%| F|  |TAMS 0x00000000d4a00000, 0x00000000d4a00000| Untracked 
| 311|0x00000000d4b00000, 0x00000000d4b00000, 0x00000000d4c00000|  0%| F|  |TAMS 0x00000000d4b00000, 0x00000000d4b00000| Untracked 
| 312|0x00000000d4c00000, 0x00000000d4c00000, 0x00000000d4d00000|  0%| F|  |TAMS 0x00000000d4c00000, 0x00000000d4c00000| Untracked 
| 313|0x00000000d4d00000, 0x00000000d4d00000, 0x00000000d4e00000|  0%| F|  |TAMS 0x00000000d4d00000, 0x00000000d4d00000| Untracked 
| 314|0x00000000d4e00000, 0x00000000d4e00000, 0x00000000d4f00000|  0%| F|  |TAMS 0x00000000d4e00000, 0x00000000d4e00000| Untracked 
| 315|0x00000000d4f00000, 0x00000000d4f00000, 0x00000000d5000000|  0%| F|  |TAMS 0x00000000d4f00000, 0x00000000d4f00000| Untracked 
| 316|0x00000000d5000000, 0x00000000d5000000, 0x00000000d5100000|  0%| F|  |TAMS 0x00000000d5000000, 0x00000000d5000000| Untracked 
| 317|0x00000000d5100000, 0x00000000d5100000, 0x00000000d5200000|  0%| F|  |TAMS 0x00000000d5100000, 0x00000000d5100000| Untracked 
| 318|0x00000000d5200000, 0x00000000d5200000, 0x00000000d5300000|  0%| F|  |TAMS 0x00000000d5200000, 0x00000000d5200000| Untracked 
| 319|0x00000000d5300000, 0x00000000d5300000, 0x00000000d5400000|  0%| F|  |TAMS 0x00000000d5300000, 0x00000000d5300000| Untracked 
| 320|0x00000000d5400000, 0x00000000d5400000, 0x00000000d5500000|  0%| F|  |TAMS 0x00000000d5400000, 0x00000000d5400000| Untracked 
| 321|0x00000000d5500000, 0x00000000d5500000, 0x00000000d5600000|  0%| F|  |TAMS 0x00000000d5500000, 0x00000000d5500000| Untracked 
| 322|0x00000000d5600000, 0x00000000d5600000, 0x00000000d5700000|  0%| F|  |TAMS 0x00000000d5600000, 0x00000000d5600000| Untracked 
| 323|0x00000000d5700000, 0x00000000d5700000, 0x00000000d5800000|  0%| F|  |TAMS 0x00000000d5700000, 0x00000000d5700000| Untracked 
| 324|0x00000000d5800000, 0x00000000d5800000, 0x00000000d5900000|  0%| F|  |TAMS 0x00000000d5800000, 0x00000000d5800000| Untracked 
| 325|0x00000000d5900000, 0x00000000d5900000, 0x00000000d5a00000|  0%| F|  |TAMS 0x00000000d5900000, 0x00000000d5900000| Untracked 
| 326|0x00000000d5a00000, 0x00000000d5a00000, 0x00000000d5b00000|  0%| F|  |TAMS 0x00000000d5a00000, 0x00000000d5a00000| Untracked 
| 327|0x00000000d5b00000, 0x00000000d5b00000, 0x00000000d5c00000|  0%| F|  |TAMS 0x00000000d5b00000, 0x00000000d5b00000| Untracked 
| 328|0x00000000d5c00000, 0x00000000d5c00000, 0x00000000d5d00000|  0%| F|  |TAMS 0x00000000d5c00000, 0x00000000d5c00000| Untracked 
| 329|0x00000000d5d00000, 0x00000000d5d00000, 0x00000000d5e00000|  0%| F|  |TAMS 0x00000000d5d00000, 0x00000000d5d00000| Untracked 
| 330|0x00000000d5e00000, 0x00000000d5e00000, 0x00000000d5f00000|  0%| F|  |TAMS 0x00000000d5e00000, 0x00000000d5e00000| Untracked 
| 331|0x00000000d5f00000, 0x00000000d5f00000, 0x00000000d6000000|  0%| F|  |TAMS 0x00000000d5f00000, 0x00000000d5f00000| Untracked 
| 332|0x00000000d6000000, 0x00000000d6000000, 0x00000000d6100000|  0%| F|  |TAMS 0x00000000d6000000, 0x00000000d6000000| Untracked 
| 333|0x00000000d6100000, 0x00000000d6100000, 0x00000000d6200000|  0%| F|  |TAMS 0x00000000d6100000, 0x00000000d6100000| Untracked 
| 334|0x00000000d6200000, 0x00000000d6200000, 0x00000000d6300000|  0%| F|  |TAMS 0x00000000d6200000, 0x00000000d6200000| Untracked 
| 335|0x00000000d6300000, 0x00000000d6300000, 0x00000000d6400000|  0%| F|  |TAMS 0x00000000d6300000, 0x00000000d6300000| Untracked 
| 336|0x00000000d6400000, 0x00000000d6400000, 0x00000000d6500000|  0%| F|  |TAMS 0x00000000d6400000, 0x00000000d6400000| Untracked 
| 337|0x00000000d6500000, 0x00000000d6500000, 0x00000000d6600000|  0%| F|  |TAMS 0x00000000d6500000, 0x00000000d6500000| Untracked 
| 338|0x00000000d6600000, 0x00000000d6600000, 0x00000000d6700000|  0%| F|  |TAMS 0x00000000d6600000, 0x00000000d6600000| Untracked 
| 339|0x00000000d6700000, 0x00000000d6700000, 0x00000000d6800000|  0%| F|  |TAMS 0x00000000d6700000, 0x00000000d6700000| Untracked 
| 340|0x00000000d6800000, 0x00000000d6800000, 0x00000000d6900000|  0%| F|  |TAMS 0x00000000d6800000, 0x00000000d6800000| Untracked 
| 341|0x00000000d6900000, 0x00000000d6900000, 0x00000000d6a00000|  0%| F|  |TAMS 0x00000000d6900000, 0x00000000d6900000| Untracked 
| 342|0x00000000d6a00000, 0x00000000d6a00000, 0x00000000d6b00000|  0%| F|  |TAMS 0x00000000d6a00000, 0x00000000d6a00000| Untracked 
| 343|0x00000000d6b00000, 0x00000000d6b00000, 0x00000000d6c00000|  0%| F|  |TAMS 0x00000000d6b00000, 0x00000000d6b00000| Untracked 
| 344|0x00000000d6c00000, 0x00000000d6c00000, 0x00000000d6d00000|  0%| F|  |TAMS 0x00000000d6c00000, 0x00000000d6c00000| Untracked 
| 345|0x00000000d6d00000, 0x00000000d6d00000, 0x00000000d6e00000|  0%| F|  |TAMS 0x00000000d6d00000, 0x00000000d6d00000| Untracked 
| 346|0x00000000d6e00000, 0x00000000d6e00000, 0x00000000d6f00000|  0%| F|  |TAMS 0x00000000d6e00000, 0x00000000d6e00000| Untracked 
| 347|0x00000000d6f00000, 0x00000000d6f00000, 0x00000000d7000000|  0%| F|  |TAMS 0x00000000d6f00000, 0x00000000d6f00000| Untracked 
| 348|0x00000000d7000000, 0x00000000d7000000, 0x00000000d7100000|  0%| F|  |TAMS 0x00000000d7000000, 0x00000000d7000000| Untracked 
| 349|0x00000000d7100000, 0x00000000d7100000, 0x00000000d7200000|  0%| F|  |TAMS 0x00000000d7100000, 0x00000000d7100000| Untracked 
| 350|0x00000000d7200000, 0x00000000d7200000, 0x00000000d7300000|  0%| F|  |TAMS 0x00000000d7200000, 0x00000000d7200000| Untracked 
| 351|0x00000000d7300000, 0x00000000d7300000, 0x00000000d7400000|  0%| F|  |TAMS 0x00000000d7300000, 0x00000000d7300000| Untracked 
| 352|0x00000000d7400000, 0x00000000d7400000, 0x00000000d7500000|  0%| F|  |TAMS 0x00000000d7400000, 0x00000000d7400000| Untracked 
| 353|0x00000000d7500000, 0x00000000d7500000, 0x00000000d7600000|  0%| F|  |TAMS 0x00000000d7500000, 0x00000000d7500000| Untracked 
| 354|0x00000000d7600000, 0x00000000d7600000, 0x00000000d7700000|  0%| F|  |TAMS 0x00000000d7600000, 0x00000000d7600000| Untracked 
| 355|0x00000000d7700000, 0x00000000d7700000, 0x00000000d7800000|  0%| F|  |TAMS 0x00000000d7700000, 0x00000000d7700000| Untracked 
| 356|0x00000000d7800000, 0x00000000d7800000, 0x00000000d7900000|  0%| F|  |TAMS 0x00000000d7800000, 0x00000000d7800000| Untracked 
| 357|0x00000000d7900000, 0x00000000d7900000, 0x00000000d7a00000|  0%| F|  |TAMS 0x00000000d7900000, 0x00000000d7900000| Untracked 
| 358|0x00000000d7a00000, 0x00000000d7a00000, 0x00000000d7b00000|  0%| F|  |TAMS 0x00000000d7a00000, 0x00000000d7a00000| Untracked 
| 359|0x00000000d7b00000, 0x00000000d7b00000, 0x00000000d7c00000|  0%| F|  |TAMS 0x00000000d7b00000, 0x00000000d7b00000| Untracked 
| 360|0x00000000d7c00000, 0x00000000d7c00000, 0x00000000d7d00000|  0%| F|  |TAMS 0x00000000d7c00000, 0x00000000d7c00000| Untracked 
| 361|0x00000000d7d00000, 0x00000000d7d00000, 0x00000000d7e00000|  0%| F|  |TAMS 0x00000000d7d00000, 0x00000000d7d00000| Untracked 
| 362|0x00000000d7e00000, 0x00000000d7e00000, 0x00000000d7f00000|  0%| F|  |TAMS 0x00000000d7e00000, 0x00000000d7e00000| Untracked 
| 363|0x00000000d7f00000, 0x00000000d7f00000, 0x00000000d8000000|  0%| F|  |TAMS 0x00000000d7f00000, 0x00000000d7f00000| Untracked 
| 364|0x00000000d8000000, 0x00000000d8000000, 0x00000000d8100000|  0%| F|  |TAMS 0x00000000d8000000, 0x00000000d8000000| Untracked 
| 365|0x00000000d8100000, 0x00000000d8100000, 0x00000000d8200000|  0%| F|  |TAMS 0x00000000d8100000, 0x00000000d8100000| Untracked 
| 366|0x00000000d8200000, 0x00000000d8200000, 0x00000000d8300000|  0%| F|  |TAMS 0x00000000d8200000, 0x00000000d8200000| Untracked 
| 367|0x00000000d8300000, 0x00000000d8300000, 0x00000000d8400000|  0%| F|  |TAMS 0x00000000d8300000, 0x00000000d8300000| Untracked 
| 368|0x00000000d8400000, 0x00000000d8400000, 0x00000000d8500000|  0%| F|  |TAMS 0x00000000d8400000, 0x00000000d8400000| Untracked 
| 369|0x00000000d8500000, 0x00000000d8500000, 0x00000000d8600000|  0%| F|  |TAMS 0x00000000d8500000, 0x00000000d8500000| Untracked 
| 370|0x00000000d8600000, 0x00000000d8600000, 0x00000000d8700000|  0%| F|  |TAMS 0x00000000d8600000, 0x00000000d8600000| Untracked 
| 371|0x00000000d8700000, 0x00000000d8700000, 0x00000000d8800000|  0%| F|  |TAMS 0x00000000d8700000, 0x00000000d8700000| Untracked 
| 372|0x00000000d8800000, 0x00000000d8800000, 0x00000000d8900000|  0%| F|  |TAMS 0x00000000d8800000, 0x00000000d8800000| Untracked 
| 373|0x00000000d8900000, 0x00000000d8900000, 0x00000000d8a00000|  0%| F|  |TAMS 0x00000000d8900000, 0x00000000d8900000| Untracked 
| 374|0x00000000d8a00000, 0x00000000d8a00000, 0x00000000d8b00000|  0%| F|  |TAMS 0x00000000d8a00000, 0x00000000d8a00000| Untracked 
| 375|0x00000000d8b00000, 0x00000000d8b00000, 0x00000000d8c00000|  0%| F|  |TAMS 0x00000000d8b00000, 0x00000000d8b00000| Untracked 
| 376|0x00000000d8c00000, 0x00000000d8c00000, 0x00000000d8d00000|  0%| F|  |TAMS 0x00000000d8c00000, 0x00000000d8c00000| Untracked 
| 377|0x00000000d8d00000, 0x00000000d8d00000, 0x00000000d8e00000|  0%| F|  |TAMS 0x00000000d8d00000, 0x00000000d8d00000| Untracked 
| 378|0x00000000d8e00000, 0x00000000d8e00000, 0x00000000d8f00000|  0%| F|  |TAMS 0x00000000d8e00000, 0x00000000d8e00000| Untracked 
| 379|0x00000000d8f00000, 0x00000000d8f00000, 0x00000000d9000000|  0%| F|  |TAMS 0x00000000d8f00000, 0x00000000d8f00000| Untracked 
| 380|0x00000000d9000000, 0x00000000d9099a38, 0x00000000d9100000| 60%| S|CS|TAMS 0x00000000d9000000, 0x00000000d9000000| Complete 
| 381|0x00000000d9100000, 0x00000000d9200000, 0x00000000d9200000|100%| S|CS|TAMS 0x00000000d9100000, 0x00000000d9100000| Complete 
| 382|0x00000000d9200000, 0x00000000d9300000, 0x00000000d9300000|100%| S|CS|TAMS 0x00000000d9200000, 0x00000000d9200000| Complete 
| 383|0x00000000d9300000, 0x00000000d9400000, 0x00000000d9400000|100%| S|CS|TAMS 0x00000000d9300000, 0x00000000d9300000| Complete 
| 384|0x00000000d9400000, 0x00000000d9500000, 0x00000000d9500000|100%| S|CS|TAMS 0x00000000d9400000, 0x00000000d9400000| Complete 
| 385|0x00000000d9500000, 0x00000000d9500000, 0x00000000d9600000|  0%| F|  |TAMS 0x00000000d9500000, 0x00000000d9500000| Untracked 
| 386|0x00000000d9600000, 0x00000000d9600000, 0x00000000d9700000|  0%| F|  |TAMS 0x00000000d9600000, 0x00000000d9600000| Untracked 
| 387|0x00000000d9700000, 0x00000000d9700000, 0x00000000d9800000|  0%| F|  |TAMS 0x00000000d9700000, 0x00000000d9700000| Untracked 
| 388|0x00000000d9800000, 0x00000000d9800000, 0x00000000d9900000|  0%| F|  |TAMS 0x00000000d9800000, 0x00000000d9800000| Untracked 
| 389|0x00000000d9900000, 0x00000000d9900000, 0x00000000d9a00000|  0%| F|  |TAMS 0x00000000d9900000, 0x00000000d9900000| Untracked 

Card table byte_map: [0x000000000a540000,0x000000000a740000] _byte_map_base: 0x0000000009f36000

Marking Bits (Prev, Next): (CMBitMap*) 0x000000000036ae30, (CMBitMap*) 0x000000000036ae70
 Prev Bits: [0x000000000a940000, 0x000000000b8f0000)
 Next Bits: [0x000000000b8f0000, 0x000000000c8a0000)

Polling page: 0x0000000000120000

Metaspace:

Usage:
  Non-class:      8.03 MB used.
      Class:    945.31 KB used.
       Both:      8.95 MB used.

Virtual space:
  Non-class space:       16.00 MB reserved,       8.13 MB ( 51%) committed,  2 nodes.
      Class space:        1.00 GB reserved,       1.00 MB ( <1%) committed,  1 nodes.
             Both:        1.02 GB reserved,       9.13 MB ( <1%) committed. 

Chunk freelists:
   Non-Class:  3.00 MB
       Class:  3.04 MB
        Both:  6.04 MB

MaxMetaspaceSize: unlimited
CompressedClassSpaceSize: 1.00 GB
Initial GC threshold: 21.00 MB
Current GC threshold: 21.00 MB
CDS: on
MetaspaceReclaimPolicy: balanced
 - commit_granule_bytes: 65536.
 - commit_granule_words: 8192.
 - virtual_space_node_default_size: 1048576.
 - enlarge_chunks_in_place: 1.
 - new_chunks_are_fully_committed: 0.
 - uncommit_free_chunks: 1.
 - use_allocation_guard: 0.
 - handle_deallocations: 1.


Internal statistics:

num_allocs_failed_limit: 0.
num_arena_births: 118.
num_arena_deaths: 0.
num_vsnodes_births: 3.
num_vsnodes_deaths: 0.
num_space_committed: 146.
num_space_uncommitted: 0.
num_chunks_returned_to_freelist: 0.
num_chunks_taken_from_freelist: 179.
num_chunk_merges: 0.
num_chunk_splits: 91.
num_chunks_enlarged: 24.
num_purges: 0.
num_inconsistent_stats: 0.

CodeHeap 'non-profiled nmethods': size=120000Kb used=669Kb max_used=669Kb free=119331Kb
 bounds [0x0000000016ae0000, 0x0000000016d50000, 0x000000001e010000]
CodeHeap 'profiled nmethods': size=120000Kb used=4255Kb max_used=4255Kb free=115744Kb
 bounds [0x000000000f5b0000, 0x000000000f9e0000, 0x0000000016ae0000]
CodeHeap 'non-nmethods': size=5760Kb used=1281Kb max_used=1325Kb free=4478Kb
 bounds [0x000000000f010000, 0x000000000f280000, 0x000000000f5b0000]
 total_blobs=2730 nmethods=2121 adapters=520
 compilation: enabled
              stopped_count=0, restarted_count=0
 full_count=0

Compilation events (20 events):
Event: 25.066 Thread 0x000000001e6dddc0 nmethod 2122 0x000000000f9d5610 code [0x000000000f9d57c0, 0x000000000f9d5a98]
Event: 25.068 Thread 0x000000001e6dddc0 2123       3       java.util.stream.AbstractPipeline::<init> (91 bytes)
Event: 25.069 Thread 0x000000001e6dddc0 nmethod 2123 0x000000000f9d5b90 code [0x000000000f9d5d80, 0x000000000f9d63f8]
Event: 25.070 Thread 0x000000001e6dddc0 2124       1       java.util.Formatter$Flags::valueOf (5 bytes)
Event: 25.071 Thread 0x000000001e6dddc0 nmethod 2124 0x0000000016b7b290 code [0x0000000016b7b420, 0x0000000016b7b4f8]
Event: 25.071 Thread 0x000000001e6dddc0 2125       3       jdk.internal.math.FDBigInteger::size (10 bytes)
Event: 25.071 Thread 0x000000001e6dddc0 nmethod 2125 0x000000000f9d6610 code [0x000000000f9d67a0, 0x000000000f9d68b8]
Event: 25.072 Thread 0x000000001e6dddc0 2126       3       java.util.stream.AbstractPipeline::isParallel (8 bytes)
Event: 25.073 Thread 0x000000001e6dddc0 nmethod 2126 0x000000000f9d6990 code [0x000000000f9d6b20, 0x000000000f9d6c38]
Event: 25.082 Thread 0x000000001e6dd4c0 nmethod 2111 0x0000000016b7b590 code [0x0000000016b7bae0, 0x0000000016b830e8]
Event: 25.087 Thread 0x000000001e6dd4c0 2117   !   4       sun.awt.image.SurfaceManager::getManager (47 bytes)
Event: 25.092 Thread 0x000000001e6dd4c0 nmethod 2117 0x0000000016b86d90 code [0x0000000016b86f00, 0x0000000016b86f98]
Event: 25.092 Thread 0x000000001e6dd4c0 2116       4       java.awt.Rectangle::setBounds (21 bytes)
Event: 25.095 Thread 0x000000001e6dd4c0 nmethod 2116 0x0000000016b87110 code [0x0000000016b87280, 0x0000000016b87338]
Event: 25.417 Thread 0x000000001e6dddc0 2127       3       java.lang.StringUTF16::length (5 bytes)
Event: 25.417 Thread 0x000000001e6dddc0 nmethod 2127 0x000000000f9d6d10 code [0x000000000f9d6ea0, 0x000000000f9d6f98]
Event: 25.419 Thread 0x000000001e6dddc0 2128       3       javax.swing.text.Segment::current (36 bytes)
Event: 25.420 Thread 0x000000001e6dddc0 nmethod 2128 0x000000000f9d7090 code [0x000000000f9d7240, 0x000000000f9d7438]
Event: 25.424 Thread 0x000000001e6dddc0 2129       3       javax.swing.text.AbstractDocument$AbstractElement::addAttributes (28 bytes)
Event: 25.426 Thread 0x000000001e6dddc0 nmethod 2129 0x000000000f9d7510 code [0x000000000f9d76e0, 0x000000000f9d7b78]

GC Heap History (20 events):
Event: 22.831 GC heap after
{Heap after GC invocations=7 (full 0):
 garbage-first heap   total 186368K, used 55673K [0x00000000c1400000, 0x0000000100000000)
  region size 1024K, 1 young (1024K), 1 survivors (1024K)
 Metaspace       used 8974K, committed 9216K, reserved 1056768K
  class space    used 914K, committed 1024K, reserved 1048576K
}
Event: 23.424 GC heap before
{Heap before GC invocations=8 (full 0):
 garbage-first heap   total 186368K, used 100729K [0x00000000c1400000, 0x0000000100000000)
  region size 1024K, 36 young (36864K), 1 survivors (1024K)
 Metaspace       used 9142K, committed 9280K, reserved 1064960K
  class space    used 944K, committed 1024K, reserved 1048576K
}
Event: 23.617 GC heap after
{Heap after GC invocations=9 (full 0):
 garbage-first heap   total 186368K, used 98443K [0x00000000c1400000, 0x0000000100000000)
  region size 1024K, 5 young (5120K), 5 survivors (5120K)
 Metaspace       used 9142K, committed 9280K, reserved 1064960K
  class space    used 944K, committed 1024K, reserved 1048576K
}
Event: 23.650 GC heap before
{Heap before GC invocations=9 (full 0):
 garbage-first heap   total 186368K, used 101515K [0x00000000c1400000, 0x0000000100000000)
  region size 1024K, 9 young (9216K), 5 survivors (5120K)
 Metaspace       used 9149K, committed 9280K, reserved 1064960K
  class space    used 945K, committed 1024K, reserved 1048576K
}
Event: 23.713 GC heap after
{Heap after GC invocations=10 (full 0):
 garbage-first heap   total 186368K, used 102912K [0x00000000c1400000, 0x0000000100000000)
  region size 1024K, 2 young (2048K), 2 survivors (2048K)
 Metaspace       used 9149K, committed 9280K, reserved 1064960K
  class space    used 945K, committed 1024K, reserved 1048576K
}
Event: 23.726 GC heap before
{Heap before GC invocations=10 (full 0):
 garbage-first heap   total 186368K, used 104960K [0x00000000c1400000, 0x0000000100000000)
  region size 1024K, 5 young (5120K), 2 survivors (2048K)
 Metaspace       used 9149K, committed 9280K, reserved 1064960K
  class space    used 945K, committed 1024K, reserved 1048576K
}
Event: 23.738 GC heap after
{Heap after GC invocations=11 (full 0):
 garbage-first heap   total 186368K, used 105826K [0x00000000c1400000, 0x0000000100000000)
  region size 1024K, 3 young (3072K), 3 survivors (3072K)
 Metaspace       used 9149K, committed 9280K, reserved 1064960K
  class space    used 945K, committed 1024K, reserved 1048576K
}
Event: 24.117 GC heap before
{Heap before GC invocations=12 (full 0):
 garbage-first heap   total 133120K, used 60770K [0x00000000c1400000, 0x0000000100000000)
  region size 1024K, 22 young (22528K), 3 survivors (3072K)
 Metaspace       used 9164K, committed 9280K, reserved 1064960K
  class space    used 945K, committed 1024K, reserved 1048576K
}
Event: 24.211 GC heap after
{Heap after GC invocations=13 (full 0):
 garbage-first heap   total 133120K, used 60621K [0x00000000c1400000, 0x0000000100000000)
  region size 1024K, 3 young (3072K), 3 survivors (3072K)
 Metaspace       used 9164K, committed 9280K, reserved 1064960K
  class space    used 945K, committed 1024K, reserved 1048576K
}
Event: 24.234 GC heap before
{Heap before GC invocations=13 (full 0):
 garbage-first heap   total 133120K, used 68813K [0x00000000c1400000, 0x0000000100000000)
  region size 1024K, 6 young (6144K), 3 survivors (3072K)
 Metaspace       used 9164K, committed 9280K, reserved 1064960K
  class space    used 945K, committed 1024K, reserved 1048576K
}
Event: 24.283 GC heap after
{Heap after GC invocations=14 (full 0):
 garbage-first heap   total 133120K, used 56832K [0x00000000c1400000, 0x0000000100000000)
  region size 1024K, 1 young (1024K), 1 survivors (1024K)
 Metaspace       used 9164K, committed 9280K, reserved 1064960K
  class space    used 945K, committed 1024K, reserved 1048576K
}
Event: 24.320 GC heap before
{Heap before GC invocations=14 (full 0):
 garbage-first heap   total 133120K, used 61952K [0x00000000c1400000, 0x0000000100000000)
  region size 1024K, 6 young (6144K), 1 survivors (1024K)
 Metaspace       used 9164K, committed 9280K, reserved 1064960K
  class space    used 945K, committed 1024K, reserved 1048576K
}
Event: 24.347 GC heap after
{Heap after GC invocations=15 (full 0):
 garbage-first heap   total 399360K, used 61440K [0x00000000c1400000, 0x0000000100000000)
  region size 1024K, 1 young (1024K), 1 survivors (1024K)
 Metaspace       used 9164K, committed 9280K, reserved 1064960K
  class space    used 945K, committed 1024K, reserved 1048576K
}
Event: 24.711 GC heap before
{Heap before GC invocations=15 (full 0):
 garbage-first heap   total 399360K, used 114688K [0x00000000c1400000, 0x0000000100000000)
  region size 1024K, 35 young (35840K), 1 survivors (1024K)
 Metaspace       used 9165K, committed 9344K, reserved 1064960K
  class space    used 945K, committed 1024K, reserved 1048576K
}
Event: 24.955 GC heap after
{Heap after GC invocations=16 (full 0):
 garbage-first heap   total 399360K, used 113208K [0x00000000c1400000, 0x0000000100000000)
  region size 1024K, 5 young (5120K), 5 survivors (5120K)
 Metaspace       used 9165K, committed 9344K, reserved 1064960K
  class space    used 945K, committed 1024K, reserved 1048576K
}
Event: 25.187 GC heap before
{Heap before GC invocations=16 (full 0):
 garbage-first heap   total 399360K, used 149048K [0x00000000c1400000, 0x0000000100000000)
  region size 1024K, 31 young (31744K), 5 survivors (5120K)
 Metaspace       used 9167K, committed 9344K, reserved 1064960K
  class space    used 945K, committed 1024K, reserved 1048576K
}
Event: 25.327 GC heap after
{Heap after GC invocations=17 (full 0):
 garbage-first heap   total 399360K, used 148480K [0x00000000c1400000, 0x0000000100000000)
  region size 1024K, 4 young (4096K), 4 survivors (4096K)
 Metaspace       used 9167K, committed 9344K, reserved 1064960K
  class space    used 945K, committed 1024K, reserved 1048576K
}
Event: 25.494 GC heap before
{Heap before GC invocations=17 (full 0):
 garbage-first heap   total 399360K, used 191488K [0x00000000c1400000, 0x0000000100000000)
  region size 1024K, 32 young (32768K), 4 survivors (4096K)
 Metaspace       used 9169K, committed 9344K, reserved 1064960K
  class space    used 945K, committed 1024K, reserved 1048576K
}
Event: 25.635 GC heap after
{Heap after GC invocations=18 (full 0):
 garbage-first heap   total 399360K, used 190976K [0x00000000c1400000, 0x0000000100000000)
  region size 1024K, 4 young (4096K), 4 survivors (4096K)
 Metaspace       used 9169K, committed 9344K, reserved 1064960K
  class space    used 945K, committed 1024K, reserved 1048576K
}
Event: 25.663 GC heap before
{Heap before GC invocations=18 (full 0):
 garbage-first heap   total 399360K, used 195072K [0x00000000c1400000, 0x0000000100000000)
  region size 1024K, 9 young (9216K), 4 survivors (4096K)
 Metaspace       used 9169K, committed 9344K, reserved 1064960K
  class space    used 945K, committed 1024K, reserved 1048576K
}

Deoptimization events (20 events):
Event: 22.785 Thread 0x00000000226b4f90 DEOPT PACKING pc=0x0000000016b680a8 sp=0x00000000233eed80
Event: 22.785 Thread 0x00000000226b4f90 DEOPT UNPACKING pc=0x000000000f0623a3 sp=0x00000000233eed58 mode 2
Event: 22.870 Thread 0x00000000205cccf0 Uncommon trap: trap_request=0xffffff45 fr.pc=0x0000000016b5a874 relative=0x00000000000000b4
Event: 22.870 Thread 0x00000000205cccf0 Uncommon trap: reason=unstable_if action=reinterpret pc=0x0000000016b5a874 method=sun.font.FontDesignMetrics.getLatinCharWidth(C)F @ 11 c2
Event: 22.870 Thread 0x00000000205cccf0 DEOPT PACKING pc=0x0000000016b5a874 sp=0x0000000020d8e320
Event: 22.870 Thread 0x00000000205cccf0 DEOPT UNPACKING pc=0x000000000f0623a3 sp=0x0000000020d8e2b8 mode 2
Event: 22.870 Thread 0x00000000205cccf0 Uncommon trap: trap_request=0xffffff45 fr.pc=0x0000000016b5c128 relative=0x0000000000000108
Event: 22.870 Thread 0x00000000205cccf0 Uncommon trap: reason=unstable_if action=reinterpret pc=0x0000000016b5c128 method=sun.font.FileFontStrike.getCachedGlyphPtrInternal(I)J @ 99 c2
Event: 22.870 Thread 0x00000000205cccf0 DEOPT PACKING pc=0x0000000016b5c128 sp=0x0000000020d8dfe0
Event: 22.870 Thread 0x00000000205cccf0 DEOPT UNPACKING pc=0x000000000f0623a3 sp=0x0000000020d8def8 mode 2
Event: 22.886 Thread 0x00000000226b4f90 DEOPT PACKING pc=0x000000000f9b2f79 sp=0x00000000233eef00
Event: 22.886 Thread 0x00000000226b4f90 DEOPT UNPACKING pc=0x000000000f062b43 sp=0x00000000233ee430 mode 0
Event: 22.927 Thread 0x00000000205cccf0 Uncommon trap: trap_request=0xffffff45 fr.pc=0x0000000016b57710 relative=0x00000000000000f0
Event: 22.927 Thread 0x00000000205cccf0 Uncommon trap: reason=unstable_if action=reinterpret pc=0x0000000016b57710 method=sun.font.FileFontStrike.getCachedGlyphPtrInternal(I)J @ 99 c2
Event: 22.928 Thread 0x00000000205cccf0 DEOPT PACKING pc=0x0000000016b57710 sp=0x0000000020d8dd40
Event: 22.928 Thread 0x00000000205cccf0 DEOPT UNPACKING pc=0x000000000f0623a3 sp=0x0000000020d8dcd0 mode 2
Event: 23.629 Thread 0x00000000226b4f90 Uncommon trap: trap_request=0xffffff45 fr.pc=0x0000000016b44a38 relative=0x0000000000000038
Event: 23.629 Thread 0x00000000226b4f90 Uncommon trap: reason=unstable_if action=reinterpret pc=0x0000000016b44a38 method=java.util.concurrent.locks.AbstractQueuedSynchronizer.signalNext(Ljava/util/concurrent/locks/AbstractQueuedSynchronizer$Node;)V @ 10 c2
Event: 23.629 Thread 0x00000000226b4f90 DEOPT PACKING pc=0x0000000016b44a38 sp=0x00000000233eeb40
Event: 23.629 Thread 0x00000000226b4f90 DEOPT UNPACKING pc=0x000000000f0623a3 sp=0x00000000233eeac0 mode 2

Classes unloaded (0 events):
No events

Classes redefined (0 events):
No events

Internal exceptions (20 events):
Event: 0.188 Thread 0x0000000000335be0 Exception <a 'sun/nio/fs/WindowsException'{0x00000000c52321d8}> (0x00000000c52321d8) 
thrown [t:\workspace\open\src\hotspot\share\prims\jni.cpp, line 516]
Event: 0.189 Thread 0x0000000000335be0 Exception <a 'sun/nio/fs/WindowsException'{0x00000000c52326d0}> (0x00000000c52326d0) 
thrown [t:\workspace\open\src\hotspot\share\prims\jni.cpp, line 516]
Event: 0.194 Thread 0x0000000000335be0 Exception <a 'sun/nio/fs/WindowsException'{0x00000000c52348b8}> (0x00000000c52348b8) 
thrown [t:\workspace\open\src\hotspot\share\prims\jni.cpp, line 516]
Event: 0.195 Thread 0x0000000000335be0 Exception <a 'sun/nio/fs/WindowsException'{0x00000000c52352b0}> (0x00000000c52352b0) 
thrown [t:\workspace\open\src\hotspot\share\prims\jni.cpp, line 516]
Event: 0.462 Thread 0x0000000000335be0 Exception <a 'java/lang/ClassNotFoundException'{0x00000000c52d56c0}: sun/awt/resources/spi/awtProvider> (0x00000000c52d56c0) 
thrown [t:\workspace\open\src\hotspot\share\classfile\systemDictionary.cpp, line 256]
Event: 0.533 Thread 0x0000000000335be0 Exception <a 'java/io/FileNotFoundException'{0x00000000c5128e28}> (0x00000000c5128e28) 
thrown [t:\workspace\open\src\hotspot\share\prims\jni.cpp, line 516]
Event: 0.562 Thread 0x0000000000335be0 Exception <a 'java/io/FileNotFoundException'{0x00000000c5156298}> (0x00000000c5156298) 
thrown [t:\workspace\open\src\hotspot\share\prims\jni.cpp, line 516]
Event: 0.830 Thread 0x0000000000335be0 Exception <a 'java/lang/NoSuchMethodError'{0x00000000c5188788}: 'java.lang.Object java.lang.invoke.DirectMethodHandle$Holder.invokeStaticInit(java.lang.Object)'> (0x00000000c5188788) 
thrown [t:\workspace\open\src\hotspot\share\interpreter\linkResolver.cpp, line 766]
Event: 0.951 Thread 0x00000000205cccf0 Exception <a 'java/lang/NoSuchMethodError'{0x00000000c508e3c8}: 'void java.lang.invoke.DirectMethodHandle$Holder.invokeSpecial(java.lang.Object, java.lang.Object, java.lang.Object)'> (0x00000000c508e3c8) 
thrown [t:\workspace\open\src\hotspot\share\interpreter\linkResolver.cpp, line 766]
Event: 0.985 Thread 0x00000000205cccf0 Exception <a 'java/lang/NoSuchMethodError'{0x00000000c50b85a8}: 'java.lang.Object java.lang.invoke.DirectMethodHandle$Holder.newInvokeSpecial(java.lang.Object, java.lang.Object, java.lang.Object, java.lang.Object, java.lang.Object)'> (0x00000000c50b85a8) 
thrown [t:\workspace\open\src\hotspot\share\interpreter\linkResolver.cpp, line 766]
Event: 0.992 Thread 0x00000000205cccf0 Exception <a 'java/lang/NoSuchMethodError'{0x00000000c50c3f70}: 'java.lang.Object java.lang.invoke.DirectMethodHandle$Holder.invokeStatic(java.lang.Object, int, java.lang.Object, java.lang.Object, java.lang.Object, java.lang.Object)'> (0x00000000c50c3f70) 
thrown [t:\workspace\open\src\hotspot\share\interpreter\linkResolver.cpp, line 766]
Event: 1.025 Thread 0x00000000205cccf0 Exception <a 'java/lang/NoSuchMethodError'{0x00000000c50e9a00}: 'java.lang.Object java.lang.invoke.DirectMethodHandle$Holder.invokeStatic(java.lang.Object, int, java.lang.Object)'> (0x00000000c50e9a00) 
thrown [t:\workspace\open\src\hotspot\share\interpreter\linkResolver.cpp, line 766]
Event: 1.241 Thread 0x00000000205cccf0 Exception <a 'java/lang/ClassNotFoundException'{0x00000000c4fa1de8}: com/sun/swing/internal/plaf/metal/resources/spi/metalProvider> (0x00000000c4fa1de8) 
thrown [t:\workspace\open\src\hotspot\share\classfile\systemDictionary.cpp, line 256]
Event: 1.244 Thread 0x00000000205cccf0 Exception <a 'java/lang/ClassNotFoundException'{0x00000000c4fa5bf0}: com/sun/swing/internal/plaf/basic/resources/spi/basicProvider> (0x00000000c4fa5bf0) 
thrown [t:\workspace\open\src\hotspot\share\classfile\systemDictionary.cpp, line 256]
Event: 1.446 Thread 0x00000000205c4540 Exception <a 'java/lang/NoSuchMethodError'{0x00000000c51d7ca8}: 'void java.lang.invoke.DirectMethodHandle$Holder.invokeVirtual(java.lang.Object, java.lang.Object)'> (0x00000000c51d7ca8) 
thrown [t:\workspace\open\src\hotspot\share\interpreter\linkResolver.cpp, line 766]
Event: 1.578 Thread 0x00000000205cccf0 Exception <a 'java/lang/NoSuchMethodError'{0x00000000c4e06d58}: 'void java.lang.invoke.DirectMethodHandle$Holder.invokeStaticInit(java.lang.Object)'> (0x00000000c4e06d58) 
thrown [t:\workspace\open\src\hotspot\share\interpreter\linkResolver.cpp, line 766]
Event: 22.785 Thread 0x00000000226b4f90 Implicit null exception at 0x0000000016b68d95 to 0x0000000016b691c4
Event: 22.785 Thread 0x00000000226b4f90 Implicit null exception at 0x0000000016b67c2d to 0x0000000016b68092
Event: 22.870 Thread 0x00000000205cccf0 Implicit null exception at 0x0000000016b5c073 to 0x0000000016b5c10c
Event: 22.927 Thread 0x00000000205cccf0 Implicit null exception at 0x0000000016b5766f to 0x0000000016b576f8

VM Operations (20 events):
Event: 23.714 Executing VM operation: G1CollectForAllocation done
Event: 23.726 Executing VM operation: G1TryInitiateConcMark
Event: 23.747 Executing VM operation: G1TryInitiateConcMark done
Event: 23.784 Executing VM operation: G1Concurrent
Event: 23.796 Executing VM operation: G1Concurrent done
Event: 23.847 Executing VM operation: G1Concurrent
Event: 23.849 Executing VM operation: G1Concurrent done
Event: 24.117 Executing VM operation: G1CollectForAllocation
Event: 24.211 Executing VM operation: G1CollectForAllocation done
Event: 24.234 Executing VM operation: G1CollectForAllocation
Event: 24.284 Executing VM operation: G1CollectForAllocation done
Event: 24.318 Executing VM operation: G1CollectForAllocation
Event: 24.372 Executing VM operation: G1CollectForAllocation done
Event: 24.711 Executing VM operation: G1CollectForAllocation
Event: 24.956 Executing VM operation: G1CollectForAllocation done
Event: 25.186 Executing VM operation: G1CollectForAllocation
Event: 25.327 Executing VM operation: G1CollectForAllocation done
Event: 25.486 Executing VM operation: G1CollectForAllocation
Event: 25.635 Executing VM operation: G1CollectForAllocation done
Event: 25.663 Executing VM operation: G1TryInitiateConcMark

Events (20 events):
Event: 22.962 loading class sun/swing/text/UndoableEditLockSupport done
Event: 22.963 loading class javax/swing/text/AbstractDocument$DefaultDocumentEventUndoableWrapper done
Event: 22.963 loading class javax/swing/event/UndoableEditListener
Event: 22.963 loading class javax/swing/event/UndoableEditListener done
Event: 22.969 loading class jdk/internal/math/FormattedFloatingDecimal$Form
Event: 22.969 loading class jdk/internal/math/FormattedFloatingDecimal$Form done
Event: 22.969 loading class jdk/internal/math/FormattedFloatingDecimal
Event: 22.969 loading class jdk/internal/math/FormattedFloatingDecimal done
Event: 22.970 loading class jdk/internal/math/FormattedFloatingDecimal$1
Event: 22.970 loading class jdk/internal/math/FormattedFloatingDecimal$1 done
Event: 22.971 loading class jdk/internal/math/FDBigInteger
Event: 22.971 loading class jdk/internal/math/FDBigInteger done
Event: 22.978 loading class jdk/internal/math/FormattedFloatingDecimal$2
Event: 22.978 loading class jdk/internal/math/FormattedFloatingDecimal$2 done
Event: 23.288 loading class javax/swing/RepaintManager$3
Event: 23.289 loading class javax/swing/RepaintManager$3 done
Event: 23.629 loading class javax/swing/text/GapContent$RemoveUndo
Event: 23.629 loading class javax/swing/text/GapContent$RemoveUndo done
Event: 23.630 loading class javax/swing/text/GapContent$UndoPosRef
Event: 23.630 loading class javax/swing/text/GapContent$UndoPosRef done


Dynamic libraries:
0x000000013f540000 - 0x000000013f550000 	C:\_bmv\download\jdk-17_windows-x64_bin\jdk-17.0.1\bin\java.exe
0x0000000077910000 - 0x0000000077ab9000 	C:\Windows\SYSTEM32\ntdll.dll
0x00000000777f0000 - 0x000000007790f000 	C:\Windows\system32\kernel32.dll
0x000007fefd780000 - 0x000007fefd7eb000 	C:\Windows\system32\KERNELBASE.dll
0x000007fef0c70000 - 0x000007fef0c88000 	C:\_bmv\download\jdk-17_windows-x64_bin\jdk-17.0.1\bin\jli.dll
0x000007feff6d0000 - 0x000007feff7ab000 	C:\Windows\system32\ADVAPI32.dll
0x000007fefe8a0000 - 0x000007fefe93f000 	C:\Windows\system32\msvcrt.dll
0x000007fefe880000 - 0x000007fefe89f000 	C:\Windows\SYSTEM32\sechost.dll
0x000007fefeba0000 - 0x000007fefeccd000 	C:\Windows\system32\RPCRT4.dll
0x000007fefce90000 - 0x000007fefd084000 	C:\Windows\WinSxS\amd64_microsoft.windows.common-controls_6595b64144ccf1df_6.0.7601.17514_none_fa396087175ac9ac\COMCTL32.dll
0x000007fefe9d0000 - 0x000007fefea37000 	C:\Windows\system32\GDI32.dll
0x00000000776f0000 - 0x00000000777ea000 	C:\Windows\system32\USER32.dll
0x000007feff660000 - 0x000007feff66e000 	C:\Windows\system32\LPK.dll
0x000007feffb50000 - 0x000007feffc19000 	C:\Windows\system32\USP10.dll
0x000007feff500000 - 0x000007feff571000 	C:\Windows\system32\SHLWAPI.dll
0x000007fefd670000 - 0x000007fefd67c000 	C:\Windows\system32\VERSION.dll
0x000007fef5ca0000 - 0x000007fef5cba000 	C:\_bmv\download\jdk-17_windows-x64_bin\jdk-17.0.1\bin\VCRUNTIME140.dll
0x000007fef6d20000 - 0x000007fef6d24000 	C:\_bmv\download\jdk-17_windows-x64_bin\jdk-17.0.1\bin\api-ms-win-crt-runtime-l1-1-0.dll
0x000007fede420000 - 0x000007fede51a000 	C:\_bmv\download\jdk-17_windows-x64_bin\jdk-17.0.1\bin\ucrtbase.DLL
0x000007feed300000 - 0x000007feed303000 	C:\_bmv\download\jdk-17_windows-x64_bin\jdk-17.0.1\bin\api-ms-win-core-localization-l1-2-0.dll
0x000007feec870000 - 0x000007feec873000 	C:\_bmv\download\jdk-17_windows-x64_bin\jdk-17.0.1\bin\api-ms-win-core-processthreads-l1-1-1.dll
0x000007feec860000 - 0x000007feec863000 	C:\_bmv\download\jdk-17_windows-x64_bin\jdk-17.0.1\bin\api-ms-win-core-file-l1-2-0.dll
0x000007feec610000 - 0x000007feec613000 	C:\_bmv\download\jdk-17_windows-x64_bin\jdk-17.0.1\bin\api-ms-win-core-timezone-l1-1-0.dll
0x000007feec600000 - 0x000007feec603000 	C:\_bmv\download\jdk-17_windows-x64_bin\jdk-17.0.1\bin\api-ms-win-core-file-l2-1-0.dll
0x000007feec5c0000 - 0x000007feec5c3000 	C:\_bmv\download\jdk-17_windows-x64_bin\jdk-17.0.1\bin\api-ms-win-core-synch-l1-2-0.dll
0x000007fef65e0000 - 0x000007fef65e3000 	C:\_bmv\download\jdk-17_windows-x64_bin\jdk-17.0.1\bin\api-ms-win-crt-heap-l1-1-0.dll
0x000007fef6350000 - 0x000007fef6354000 	C:\_bmv\download\jdk-17_windows-x64_bin\jdk-17.0.1\bin\api-ms-win-crt-string-l1-1-0.dll
0x000007fef6220000 - 0x000007fef6224000 	C:\_bmv\download\jdk-17_windows-x64_bin\jdk-17.0.1\bin\api-ms-win-crt-stdio-l1-1-0.dll
0x000007fef6190000 - 0x000007fef6194000 	C:\_bmv\download\jdk-17_windows-x64_bin\jdk-17.0.1\bin\api-ms-win-crt-convert-l1-1-0.dll
0x000007fef5c90000 - 0x000007fef5c93000 	C:\_bmv\download\jdk-17_windows-x64_bin\jdk-17.0.1\bin\api-ms-win-crt-environment-l1-1-0.dll
0x000007fef5c60000 - 0x000007fef5c63000 	C:\_bmv\download\jdk-17_windows-x64_bin\jdk-17.0.1\bin\api-ms-win-crt-filesystem-l1-1-0.dll
0x000007fef5cc0000 - 0x000007fef5cc5000 	C:\_bmv\download\jdk-17_windows-x64_bin\jdk-17.0.1\bin\api-ms-win-crt-math-l1-1-0.dll
0x000007fef3270000 - 0x000007fef3273000 	C:\_bmv\download\jdk-17_windows-x64_bin\jdk-17.0.1\bin\api-ms-win-crt-locale-l1-1-0.dll
0x000007feff010000 - 0x000007feff03e000 	C:\Windows\system32\IMM32.DLL
0x000007fefef00000 - 0x000007feff009000 	C:\Windows\system32\MSCTF.dll
0x000007fefd680000 - 0x000007fefd6b1000 	C:\Windows\system32\nvinitx.dll
0x000000000f000000 - 0x000000000f006000 	C:\Program Files\NVIDIA Corporation\CoProcManager\detoured.dll
0x000007fefad00000 - 0x000007fefad31000 	C:\Program Files\NVIDIA Corporation\CoProcManager\nvd3d9wrapx.dll
0x000007fefed20000 - 0x000007fefeef7000 	C:\Windows\system32\SETUPAPI.dll
0x000007fefd8e0000 - 0x000007fefd916000 	C:\Windows\system32\CFGMGR32.dll
0x000007feff580000 - 0x000007feff657000 	C:\Windows\system32\OLEAUT32.dll
0x000007feff040000 - 0x000007feff243000 	C:\Windows\system32\ole32.dll
0x000007fefd800000 - 0x000007fefd81a000 	C:\Windows\system32\DEVOBJ.dll
0x000007fefacd0000 - 0x000007fefacf2000 	C:\Program Files\NVIDIA Corporation\CoProcManager\nvdxgiwrapx.dll
0x000007fef5cd0000 - 0x000007fef5cdc000 	C:\_bmv\download\jdk-17_windows-x64_bin\jdk-17.0.1\bin\vcruntime140_1.dll
0x000007fedfb70000 - 0x000007fedfbfd000 	C:\_bmv\download\jdk-17_windows-x64_bin\jdk-17.0.1\bin\msvcp140.dll
0x000007fef5c70000 - 0x000007fef5c73000 	C:\_bmv\download\jdk-17_windows-x64_bin\jdk-17.0.1\bin\api-ms-win-crt-time-l1-1-0.dll
0x000007fef5c80000 - 0x000007fef5c83000 	C:\_bmv\download\jdk-17_windows-x64_bin\jdk-17.0.1\bin\api-ms-win-crt-utility-l1-1-0.dll
0x000007fede520000 - 0x000007fedf0de000 	C:\_bmv\download\jdk-17_windows-x64_bin\jdk-17.0.1\bin\server\jvm.dll
0x000007fef6bd0000 - 0x000007fef6bd9000 	C:\Windows\system32\WSOCK32.dll
0x000007fefecd0000 - 0x000007fefed1d000 	C:\Windows\system32\WS2_32.dll
0x000007fefe940000 - 0x000007fefe948000 	C:\Windows\system32\NSI.dll
0x000007fefad50000 - 0x000007fefad8b000 	C:\Windows\system32\WINMM.dll
0x0000000077ae0000 - 0x0000000077ae7000 	C:\Windows\system32\PSAPI.DLL
0x000007fef5bb0000 - 0x000007fef5bba000 	C:\_bmv\download\jdk-17_windows-x64_bin\jdk-17.0.1\bin\jimage.dll
0x000007fef4f10000 - 0x000007fef5035000 	C:\Windows\system32\DBGHELP.DLL
0x000007fef5c30000 - 0x000007fef5c55000 	C:\_bmv\download\jdk-17_windows-x64_bin\jdk-17.0.1\bin\java.dll
0x000007feec8c0000 - 0x000007feec996000 	C:\_bmv\download\jdk-17_windows-x64_bin\jdk-17.0.1\bin\svml.dll
0x000007fefdaf0000 - 0x000007fefe878000 	C:\Windows\system32\SHELL32.dll
0x000007fefd6c0000 - 0x000007fefd6cf000 	C:\Windows\system32\profapi.dll
0x000007fef5580000 - 0x000007fef5599000 	C:\_bmv\download\jdk-17_windows-x64_bin\jdk-17.0.1\bin\net.dll
0x000007fef6740000 - 0x000007fef67b1000 	C:\Windows\system32\WINHTTP.dll
0x000007fef66d0000 - 0x000007fef6734000 	C:\Windows\system32\webio.dll
0x000007fefcba0000 - 0x000007fefcbf5000 	C:\Windows\system32\mswsock.dll
0x000007fefcb90000 - 0x000007fefcb97000 	C:\Windows\System32\wship6.dll
0x000007fef50e0000 - 0x000007fef50f5000 	C:\_bmv\download\jdk-17_windows-x64_bin\jdk-17.0.1\bin\nio.dll
0x000007fedfc00000 - 0x000007fedfd8f000 	C:\_bmv\download\jdk-17_windows-x64_bin\jdk-17.0.1\bin\awt.dll
0x000007fefb990000 - 0x000007fefb9e6000 	C:\Windows\system32\uxtheme.dll
0x000007fefb560000 - 0x000007fefb578000 	C:\Windows\system32\dwmapi.dll
0x000007fefd560000 - 0x000007fefd56f000 	C:\Windows\system32\CRYPTBASE.dll
0x000007fedfa50000 - 0x000007fedfb6d000 	C:\Windows\system32\opengl32.dll
0x000007feee010000 - 0x000007feee03d000 	C:\Windows\system32\GLU32.dll
0x000007feefa50000 - 0x000007feefb41000 	C:\Windows\system32\DDRAW.dll
0x000007feefa40000 - 0x000007feefa48000 	C:\Windows\system32\DCIMAN32.dll
0x000007fedf9c0000 - 0x000007fedfa49000 	C:\_bmv\download\jdk-17_windows-x64_bin\jdk-17.0.1\bin\freetype.dll
0x000007fedf910000 - 0x000007fedf9b8000 	C:\_bmv\download\jdk-17_windows-x64_bin\jdk-17.0.1\bin\fontmanager.dll
0x000007fefea60000 - 0x000007fefeaf9000 	C:\Windows\system32\CLBCatQ.DLL
0x000007fefc620000 - 0x000007fefc781000 	C:\Windows\system32\WindowsCodecs.dll
0x000007fefd500000 - 0x000007fefd557000 	C:\Windows\system32\apphelp.dll
0x000007fef83e0000 - 0x000007fef85f5000 	C:\PROGRA~1\MICROS~3\Office16\GROOVEEX.DLL
0x000007fef7de0000 - 0x000007fef80f7000 	C:\Windows\system32\msi.dll
0x000007fef7370000 - 0x000007fef7bf6000 	C:\PROGRA~1\MICROS~3\Office16\1049\GrooveIntlResource.dll
0x000007fef7330000 - 0x000007fef7365000 	C:\Windows\system32\EhStorShell.dll
0x000007fefb9f0000 - 0x000007fefbb1c000 	C:\Windows\system32\PROPSYS.dll
0x000007fef72b0000 - 0x000007fef732e000 	C:\Windows\System32\cscui.dll
0x000007fef72a0000 - 0x000007fef72ac000 	C:\Windows\System32\CSCDLL.dll
0x000007fef7240000 - 0x000007fef724f000 	C:\Windows\system32\CSCAPI.dll
0x000007fefdae0000 - 0x000007fefdae5000 	C:\Windows\system32\api-ms-win-downlevel-advapi32-l1-1-0.dll
0x000007fef5050000 - 0x000007fef50d0000 	C:\Windows\system32\ntshrui.dll
0x000007fefd400000 - 0x000007fefd423000 	C:\Windows\system32\srvcli.dll
0x000007fefb2c0000 - 0x000007fefb2cb000 	C:\Windows\system32\slc.dll

dbghelp: loaded successfully - version: 4.0.5 - missing functions: none
symbol engine: initialized successfully - sym options: 0x614 - pdb path: .;C:\_bmv\download\jdk-17_windows-x64_bin\jdk-17.0.1\bin;C:\Windows\SYSTEM32;C:\Windows\WinSxS\amd64_microsoft.windows.common-controls_6595b64144ccf1df_6.0.7601.17514_none_fa396087175ac9ac;C:\Program Files\NVIDIA Corporation\CoProcManager;C:\_bmv\download\jdk-17_windows-x64_bin\jdk-17.0.1\bin\server;C:\PROGRA~1\MICROS~3\Office16;C:\PROGRA~1\MICROS~3\Office16\1049

VM Arguments:
jvm_args: -Dfile.encoding=UTF-8 --module-path=C:\_bmv\nb-learn\java\GUI for some projects\build\classes 
java_command: gui.pkgfor.some.projects.GUIForSomeProjects
java_class_path (initial): C:\_bmv\nb-learn\java\GUI for some projects\build\classes
Launcher Type: SUN_STANDARD

[Global flags]
     intx CICompilerCount                          = 3                                         {product} {ergonomic}
     uint ConcGCThreads                            = 1                                         {product} {ergonomic}
     uint G1ConcRefinementThreads                  = 4                                         {product} {ergonomic}
   size_t G1HeapRegionSize                         = 1048576                                   {product} {ergonomic}
    uintx GCDrainStackTargetSize                   = 64                                        {product} {ergonomic}
   size_t InitialHeapSize                          = 67108864                                  {product} {ergonomic}
   size_t MarkStackSize                            = 4194304                                   {product} {ergonomic}
   size_t MaxHeapSize                              = 1052770304                                {product} {ergonomic}
   size_t MaxNewSize                               = 631242752                                 {product} {ergonomic}
   size_t MinHeapDeltaBytes                        = 1048576                                   {product} {ergonomic}
   size_t MinHeapSize                              = 8388608                                   {product} {ergonomic}
    uintx NonNMethodCodeHeapSize                   = 5832780                                {pd product} {ergonomic}
    uintx NonProfiledCodeHeapSize                  = 122912730                              {pd product} {ergonomic}
    uintx ProfiledCodeHeapSize                     = 122912730                              {pd product} {ergonomic}
    uintx ReservedCodeCacheSize                    = 251658240                              {pd product} {ergonomic}
     bool SegmentedCodeCache                       = true                                      {product} {ergonomic}
   size_t SoftMaxHeapSize                          = 1052770304                             {manageable} {ergonomic}
     bool UseCompressedClassPointers               = true                           {product lp64_product} {ergonomic}
     bool UseCompressedOops                        = true                           {product lp64_product} {ergonomic}
     bool UseG1GC                                  = true                                      {product} {ergonomic}
     bool UseLargePagesIndividualAllocation        = false                                  {pd product} {ergonomic}

Logging:
Log output configuration:
 #0: stdout all=warning uptime,level,tags
 #1: stderr all=off uptime,level,tags

Environment Variables:
PATH=C:\Program Files\Common Files\Oracle\Java\javapath;C:\Program Files (x86)\Common Files\Oracle\Java\javapath;C:\ProgramData\Oracle\Java\javapath;C:\Windows\system32;C:\Windows;C:\Windows\System32\Wbem;C:\Windows\System32\WindowsPowerShell\v1.0\;C:\Program Files (x86)\NVIDIA Corporation\PhysX\Common;C:\Program Files\LLVM\bin
USERNAME=Администратор
OS=Windows_NT
PROCESSOR_IDENTIFIER=Intel64 Family 6 Model 42 Stepping 7, GenuineIntel



---------------  S Y S T E M  ---------------

OS:
 Windows 7 , 64 bit Build 7601 (6.1.7601.18229)
OS uptime: 4 days 10:39 hours

CPU: total 4 (initial active 4) (2 cores per cpu, 2 threads per core) family 6 model 42 stepping 7 microcode 0x0, cx8, cmov, fxsr, ht, mmx, sse, sse2, sse3, ssse3, sse4.1, sse4.2, popcnt, tsc, tscinvbit, avx, clmul, vzeroupper, clflush

Memory: 4k page, system-wide physical 4009M (818M free)
TotalPageFile size 7007M (AvailPageFile size 54M)
current process WorkingSet (physical memory assigned to process): 297M, peak: 297M
current process commit charge ("private bytes"): 512M, peak: 758M

vm_info: Java HotSpot(TM) 64-Bit Server VM (17.0.1+12-LTS-39) for windows-amd64 JRE (17.0.1+12-LTS-39), built on Sep 27 2021 18:41:35 by "mach5one" with MS VC++ 16.8 (VS2019)

END.
