[TIME]2021-12-21T00:51:10.364810200[MSG][INFO]Log file created
[TIME]2021-12-21T00:51:10.181799700[MSG][INFO][APPNOW]Application start in GUI mode[APPNEXTWAYVAR]Gui create JPanel for main frame
[THREAD][COUNT]3[THREADGROUPNAME]main[ACTIVE][COUNT]3[ACTIVE][GROUP][COUNT]0
[CLASSLOADER][CANONICALNAME]jdk.internal.loader.ClassLoaders.AppClassLoader
[THREAD][TOSTRING]Thread[pool-1-thread-1,5,main]
[THREAD][NAME]pool-1-thread-1
[THREAD][CANONICALNAME]java.lang.Thread
[THREAD][ID]19
[THREAD][STATE][NAME]RUNNABLE
[ELEMENTNUM]0[FILENAME]Thread.java[CLASSNAME]java.lang.Thread[METHODNAME]getStackTrace[LINENUM]1610
[ELEMENTNUM]1[FILENAME]ZPINcAppHelper.java[CLASSNAME]gui.pkgfor.some.projects.ZPINcAppHelper[METHODNAME]outMessageToAppLogFile[LINENUM]304
[ELEMENTNUM]2[FILENAME]ZPINcAppHelper.java[CLASSNAME]gui.pkgfor.some.projects.ZPINcAppHelper[METHODNAME]outMessage[LINENUM]258
[ELEMENTNUM]3[FILENAME]GUIinterfaceNamesFA.java[CLASSNAME]gui.pkgfor.some.projects.GUIinterfaceNamesFA$OldGUIReconstruction[METHODNAME]toLALRcreateGui[LINENUM]184
[ELEMENTNUM]4[FILENAME]GUIinterfaceNamesFA.java[CLASSNAME]gui.pkgfor.some.projects.GUIinterfaceNamesFA$OldGUIReconstruction[METHODNAME]createGui[LINENUM]143
[ELEMENTNUM]5[FILENAME]GUIinterfaceNamesFA.java[CLASSNAME]gui.pkgfor.some.projects.GUIinterfaceNamesFA$OldGUIReconstruction[METHODNAME]ZPINcRunSIMAchanged[LINENUM]95
[ELEMENTNUM]6[FILENAME]GUIinterfaceNamesFA.java[CLASSNAME]gui.pkgfor.some.projects.GUIinterfaceNamesFA$OldGUIReconstruction$2[METHODNAME]call[LINENUM]212
[ELEMENTNUM]7[FILENAME]FutureTask.java[CLASSNAME]java.util.concurrent.FutureTask[METHODNAME]run[LINENUM]264
[ELEMENTNUM]8[FILENAME]ThreadPoolExecutor.java[CLASSNAME]java.util.concurrent.ThreadPoolExecutor[METHODNAME]runWorker[LINENUM]1136
[ELEMENTNUM]9[FILENAME]ThreadPoolExecutor.java[CLASSNAME]java.util.concurrent.ThreadPoolExecutor$Worker[METHODNAME]run[LINENUM]635
[ELEMENTNUM]10[FILENAME]Thread.java[CLASSNAME]java.lang.Thread[METHODNAME]run[LINENUM]833
