[TIME]2022-02-11T23:26:41.893276500[MSG][INFO]Log file created
[TIME]2022-02-11T23:26:41.873275300[MSG][INFO][APPNOW][LA_CFG_WORK_GENERATE_ZERO]
[THREAD][COUNT]61[THREADGROUPNAME]main[ACTIVE][COUNT]61[ACTIVE][GROUP][COUNT]0
[CLASSLOADER][CANONICALNAME]jdk.internal.loader.ClassLoaders.AppClassLoader
[THREAD][TOSTRING]Thread[pool-4-thread-1,5,main]
[THREAD][NAME]pool-4-thread-1
[THREAD][CANONICALNAME]java.lang.Thread
[THREAD][ID]35
[THREAD][STATE][NAME]RUNNABLE
[ELEMENTNUM]0[FILENAME]Thread.java[CLASSNAME]java.lang.Thread[METHODNAME]getStackTrace[LINENUM]1610
[ELEMENTNUM]1[FILENAME]ZPINcAppHelper.java[CLASSNAME]gui.pkgfor.some.projects.ZPINcAppHelper[METHODNAME]outMessageToAppLogFile[LINENUM]304
[ELEMENTNUM]2[FILENAME]ZPINcAppHelper.java[CLASSNAME]gui.pkgfor.some.projects.ZPINcAppHelper[METHODNAME]outMessage[LINENUM]258
[ELEMENTNUM]3[FILENAME]ZPINcLogLogicCfg.java[CLASSNAME]gui.pkgfor.some.projects.ZPINcLogLogicCfg[METHODNAME]NcParamFvReaderReadDataGenerate[LINENUM]48
[ELEMENTNUM]4[FILENAME]ZPINcParamFvReader.java[CLASSNAME]gui.pkgfor.some.projects.ZPINcParamFvReader[METHODNAME]readDataFromWorkCfg[LINENUM]56
[ELEMENTNUM]5[FILENAME]ZPINcManageCfg.java[CLASSNAME]gui.pkgfor.some.projects.ZPINcManageCfg[METHODNAME]<init>[LINENUM]132
[ELEMENTNUM]6[FILENAME]ZPINcIMinFS.java[CLASSNAME]gui.pkgfor.some.projects.ZPINcIMinFS[METHODNAME]<init>[LINENUM]56
[ELEMENTNUM]7[FILENAME]ZPINcSearchInIndex.java[CLASSNAME]gui.pkgfor.some.projects.ZPINcSearchInIndex[METHODNAME]<init>[LINENUM]39
[ELEMENTNUM]8[FILENAME]ZPINcSIMASearchResultTableModel.java[CLASSNAME]gui.pkgfor.some.projects.ZPINcSIMASearchResultTableModel[METHODNAME]<init>[LINENUM]64
[ELEMENTNUM]9[FILENAME]ZPINcSwPanelCenter.java[CLASSNAME]gui.pkgfor.some.projects.ZPINcSwPanelCenter[METHODNAME]getPanel[LINENUM]48
[ELEMENTNUM]10[FILENAME]GUIinterfaceNamesFA.java[CLASSNAME]gui.pkgfor.some.projects.GUIinterfaceNamesFA$OldGUIReconstruction[METHODNAME]createGui[LINENUM]161
[ELEMENTNUM]11[FILENAME]GUIinterfaceNamesFA.java[CLASSNAME]gui.pkgfor.some.projects.GUIinterfaceNamesFA$OldGUIReconstruction[METHODNAME]ZPINcRunSIMAchanged[LINENUM]101
[ELEMENTNUM]12[FILENAME]GUIinterfaceNamesFA.java[CLASSNAME]gui.pkgfor.some.projects.GUIinterfaceNamesFA$OldGUIReconstruction$3[METHODNAME]call[LINENUM]218
[ELEMENTNUM]13[FILENAME]FutureTask.java[CLASSNAME]java.util.concurrent.FutureTask[METHODNAME]run[LINENUM]264
[ELEMENTNUM]14[FILENAME]ThreadPoolExecutor.java[CLASSNAME]java.util.concurrent.ThreadPoolExecutor[METHODNAME]runWorker[LINENUM]1136
[ELEMENTNUM]15[FILENAME]ThreadPoolExecutor.java[CLASSNAME]java.util.concurrent.ThreadPoolExecutor$Worker[METHODNAME]run[LINENUM]635
[ELEMENTNUM]16[FILENAME]Thread.java[CLASSNAME]java.lang.Thread[METHODNAME]run[LINENUM]833
