[TIME]2021-12-21T00:51:11.785891400[MSG][INFO]Log file created
[TIME]2021-12-21T00:51:11.465873100[MSG][ERROR][CRITICAL]For run application in the path: C:\_bmv\nb-learn\java\GUI-for-some-projects\1640022670881
 application must have permission on read, write on the file system
 for use functions of this application your must have run it in the
 system administrator privilegies, this application, read files on
 your file system, create some files in your file system, for more
 information about use this application read manual or contact to
 your system administrator
[THREAD][COUNT]342[THREADGROUPNAME]main[ACTIVE][COUNT]342[ACTIVE][GROUP][COUNT]0
[CLASSLOADER][CANONICALNAME]jdk.internal.loader.ClassLoaders.AppClassLoader
[THREAD][TOSTRING]Thread[pool-90-thread-1,5,main]
[THREAD][NAME]pool-90-thread-1
[THREAD][CANONICALNAME]java.lang.Thread
[THREAD][ID]187
[THREAD][STATE][NAME]RUNNABLE
[ELEMENTNUM]0[FILENAME]Thread.java[CLASSNAME]java.lang.Thread[METHODNAME]getStackTrace[LINENUM]1610
[ELEMENTNUM]1[FILENAME]ZPINcAppHelper.java[CLASSNAME]gui.pkgfor.some.projects.ZPINcAppHelper[METHODNAME]outMessageToAppLogFile[LINENUM]304
[ELEMENTNUM]2[FILENAME]ZPINcAppHelper.java[CLASSNAME]gui.pkgfor.some.projects.ZPINcAppHelper[METHODNAME]outMessage[LINENUM]258
[ELEMENTNUM]3[FILENAME]ZPINcAppHelper.java[CLASSNAME]gui.pkgfor.some.projects.ZPINcAppHelper[METHODNAME]appExitWithMessageFSAccess[LINENUM]110
[ELEMENTNUM]4[FILENAME]ZPINcIdxFileManager.java[CLASSNAME]gui.pkgfor.some.projects.ZPINcIdxFileManager[METHODNAME]getOrCreateAppDataSubDir[LINENUM]284
[ELEMENTNUM]5[FILENAME]ZPINcLogFileManager.java[CLASSNAME]gui.pkgfor.some.projects.ZPINcLogFileManager[METHODNAME]getLogFile[LINENUM]43
[ELEMENTNUM]6[FILENAME]ZPINcLogFileManager.java[CLASSNAME]gui.pkgfor.some.projects.ZPINcLogFileManager[METHODNAME]readFromLog[LINENUM]145
[ELEMENTNUM]7[FILENAME]ZPINcLogFileManager.java[CLASSNAME]gui.pkgfor.some.projects.ZPINcLogFileManager[METHODNAME]putToLog[LINENUM]115
[ELEMENTNUM]8[FILENAME]ZPINcAppHelper.java[CLASSNAME]gui.pkgfor.some.projects.ZPINcAppHelper[METHODNAME]outMessageToAppLogFile[LINENUM]379
[ELEMENTNUM]9[FILENAME]ZPINcAppHelper.java[CLASSNAME]gui.pkgfor.some.projects.ZPINcAppHelper[METHODNAME]outMessage[LINENUM]258
[ELEMENTNUM]10[FILENAME]ZPINcIdxFileManager.java[CLASSNAME]gui.pkgfor.some.projects.ZPINcIdxFileManager[METHODNAME]getStrCanPathFromFile[LINENUM]868
[ELEMENTNUM]11[FILENAME]ZPINcIdxFileManager.java[CLASSNAME]gui.pkgfor.some.projects.ZPINcIdxFileManager[METHODNAME]getAppWorkDirStrPath[LINENUM]314
[ELEMENTNUM]12[FILENAME]ZPINcIdxFileManager.java[CLASSNAME]gui.pkgfor.some.projects.ZPINcIdxFileManager[METHODNAME]lambda$getOrCreateAppDataSubDir$0[LINENUM]262
[ELEMENTNUM]13[FILENAME]ThreadPoolExecutor.java[CLASSNAME]java.util.concurrent.ThreadPoolExecutor[METHODNAME]runWorker[LINENUM]1136
[ELEMENTNUM]14[FILENAME]ThreadPoolExecutor.java[CLASSNAME]java.util.concurrent.ThreadPoolExecutor$Worker[METHODNAME]run[LINENUM]635
[ELEMENTNUM]15[FILENAME]Thread.java[CLASSNAME]java.lang.Thread[METHODNAME]run[LINENUM]833
