[TIME]2021-12-20T21:55:57.945546400[MSG][INFO]Log file created
[TIME]2021-12-20T21:55:57.716533300[MSG][ERROR]Can not File.getCanonicalPath() for: C:\_bmv\doc\java_examples\poi-bin-5.1.0-20211024\poi-bin-5.1.0;C:\_bmv\doc\java_examples\poi-bin-5.1.0-20211024\poi-bin-5.1.0\poi-5.1.0.jar;C:\Program Files\NetBeans-12.6\netbeans\enterprise\modules\ext\jakarta.jakartaee-api-9.0.0.jar;C:\_bmv\nb-learn\java\GUI-for-some-projects\build
[THREAD][COUNT]261[THREADGROUPNAME]main[ACTIVE][COUNT]261[ACTIVE][GROUP][COUNT]0
[CLASSLOADER][CANONICALNAME]jdk.internal.loader.ClassLoaders.AppClassLoader
[THREAD][TOSTRING]Thread[pool-72-thread-1,5,main]
[THREAD][NAME]pool-72-thread-1
[THREAD][CANONICALNAME]java.lang.Thread
[THREAD][ID]126
[THREAD][STATE][NAME]RUNNABLE
[ELEMENTNUM]0[FILENAME]Thread.java[CLASSNAME]java.lang.Thread[METHODNAME]getStackTrace[LINENUM]1610
[ELEMENTNUM]1[FILENAME]ZPINcAppHelper.java[CLASSNAME]gui.pkgfor.some.projects.ZPINcAppHelper[METHODNAME]outMessageToAppLogFile[LINENUM]304
[ELEMENTNUM]2[FILENAME]ZPINcAppHelper.java[CLASSNAME]gui.pkgfor.some.projects.ZPINcAppHelper[METHODNAME]outMessage[LINENUM]258
[ELEMENTNUM]3[FILENAME]ZPINcIdxFileManager.java[CLASSNAME]gui.pkgfor.some.projects.ZPINcIdxFileManager[METHODNAME]getStrCanPathFromFile[LINENUM]868
[ELEMENTNUM]4[FILENAME]ZPINcIdxFileManager.java[CLASSNAME]gui.pkgfor.some.projects.ZPINcIdxFileManager[METHODNAME]getAppWorkDirStrPath[LINENUM]314
[ELEMENTNUM]5[FILENAME]ZPINcIdxFileManager.java[CLASSNAME]gui.pkgfor.some.projects.ZPINcIdxFileManager[METHODNAME]lambda$getOrCreateAppDataSubDir$0[LINENUM]262
[ELEMENTNUM]6[FILENAME]ThreadPoolExecutor.java[CLASSNAME]java.util.concurrent.ThreadPoolExecutor[METHODNAME]runWorker[LINENUM]1136
[ELEMENTNUM]7[FILENAME]ThreadPoolExecutor.java[CLASSNAME]java.util.concurrent.ThreadPoolExecutor$Worker[METHODNAME]run[LINENUM]635
[ELEMENTNUM]8[FILENAME]Thread.java[CLASSNAME]java.lang.Thread[METHODNAME]run[LINENUM]833
[TIME]2021-12-20T21:55:57.945546400[MSG][ERROR][CLASSNAME]gui.pkgfor.some.projects.ZPINcIdxFileManager[EXCEPTION_MSG]Синтаксическая ошибка в имени файла, имени папки или метке тома
[THREAD][COUNT]343[THREADGROUPNAME]main[ACTIVE][COUNT]343[ACTIVE][GROUP][COUNT]0
[CLASSLOADER][CANONICALNAME]jdk.internal.loader.ClassLoaders.AppClassLoader
[THREAD][TOSTRING]Thread[pool-25-thread-1,5,main]
[THREAD][NAME]pool-25-thread-1
[THREAD][CANONICALNAME]java.lang.Thread
[THREAD][ID]58
[THREAD][STATE][NAME]RUNNABLE
[ELEMENTNUM]0[FILENAME]Thread.java[CLASSNAME]java.lang.Thread[METHODNAME]getStackTrace[LINENUM]1610
[ELEMENTNUM]1[FILENAME]ZPINcAppHelper.java[CLASSNAME]gui.pkgfor.some.projects.ZPINcAppHelper[METHODNAME]outMessageToAppLogFile[LINENUM]304
[ELEMENTNUM]2[FILENAME]ZPINcAppHelper.java[CLASSNAME]gui.pkgfor.some.projects.ZPINcAppHelper[METHODNAME]outMessage[LINENUM]258
[ELEMENTNUM]3[FILENAME]ZPINcAppHelper.java[CLASSNAME]gui.pkgfor.some.projects.ZPINcAppHelper[METHODNAME]logException[LINENUM]262
[ELEMENTNUM]4[FILENAME]ZPINcIdxFileManager.java[CLASSNAME]gui.pkgfor.some.projects.ZPINcIdxFileManager[METHODNAME]getStrCanPathFromFile[LINENUM]871
[ELEMENTNUM]5[FILENAME]ZPINcIdxFileManager.java[CLASSNAME]gui.pkgfor.some.projects.ZPINcIdxFileManager[METHODNAME]getAppWorkDirStrPath[LINENUM]314
[ELEMENTNUM]6[FILENAME]ZPINcIdxFileManager.java[CLASSNAME]gui.pkgfor.some.projects.ZPINcIdxFileManager[METHODNAME]lambda$getOrCreateAppDataSubDir$0[LINENUM]262
[ELEMENTNUM]7[FILENAME]ThreadPoolExecutor.java[CLASSNAME]java.util.concurrent.ThreadPoolExecutor[METHODNAME]runWorker[LINENUM]1136
[ELEMENTNUM]8[FILENAME]ThreadPoolExecutor.java[CLASSNAME]java.util.concurrent.ThreadPoolExecutor$Worker[METHODNAME]run[LINENUM]635
[ELEMENTNUM]9[FILENAME]Thread.java[CLASSNAME]java.lang.Thread[METHODNAME]run[LINENUM]833
